[0.207s] Invoking command in '/root/oxbot/src/ros2_ws/build/motion_control': CMAKE_PREFIX_PATH=/root/oxbot/src/ros2_ws/install/oxbot_interfaces:/root/oxbot/src/ros2_ws/install/oxbot_startup:/root/oxbot/src/ros2_ws/install/motion_control:/root/oxbot/src/ros2_ws/install/oxbot_config:/root/oxbot/src/ros2_ws/install/oxbot_bringup:/opt/ros/humble/install LD_LIBRARY_PATH=/root/oxbot/src/ros2_ws/install/oxbot_interfaces/lib:/opt/ros/humble/install/opt/rviz_ogre_vendor/lib:/opt/ros/humble/install/lib:/usr/local/cuda-10.2/targets/aarch64-linux/lib /usr/local/bin/cmake --build /root/oxbot/src/ros2_ws/build/motion_control -- -j4 -l4
[0.439s] -- Found ament_cmake: 1.3.5 (/opt/ros/humble/install/share/ament_cmake/cmake)
[1.724s] -- Found rclcpp: 16.0.5 (/opt/ros/humble/install/share/rclcpp/cmake)
[1.944s] -- Found rosidl_generator_c: 3.1.5 (/opt/ros/humble/install/share/rosidl_generator_c/cmake)
[1.967s] -- Found rosidl_adapter: 3.1.5 (/opt/ros/humble/install/share/rosidl_adapter/cmake)
[2.016s] -- Found rosidl_generator_cpp: 3.1.5 (/opt/ros/humble/install/share/rosidl_generator_cpp/cmake)
[2.108s] -- Using all available rosidl_typesupport_c: rosidl_typesupport_fastrtps_c;rosidl_typesupport_introspection_c
[2.245s] -- Using all available rosidl_typesupport_cpp: rosidl_typesupport_fastrtps_cpp;rosidl_typesupport_introspection_cpp
[2.690s] -- Found rmw_implementation_cmake: 6.1.1 (/opt/ros/humble/install/share/rmw_implementation_cmake/cmake)
[2.702s] -- Found rmw_cyclonedds_cpp: 1.3.4 (/opt/ros/humble/install/share/rmw_cyclonedds_cpp/cmake)
[2.928s] -- Using RMW implementation 'rmw_cyclonedds_cpp' as default
[4.017s] -- Found oxbot_interfaces: 0.0.0 (/root/oxbot/src/ros2_ws/install/oxbot_interfaces/share/oxbot_interfaces/cmake)
[4.159s] -- Found geometry_msgs: 4.2.3 (/opt/ros/humble/install/share/geometry_msgs/cmake)
[4.445s] -- Found oxbot_config: 0.0.0 (/root/oxbot/src/ros2_ws/install/oxbot_config/share/oxbot_config/cmake)
[4.459s] -- Found ament_lint_auto: 0.12.7 (/opt/ros/humble/install/share/ament_lint_auto/cmake)
[5.048s] -- Added test 'cppcheck' to perform static code analysis on C / C++ code
[5.050s] -- Configured cppcheck include dirs: /root/oxbot/src/ros2_ws/src/motion_control/include/motion_control
[5.051s] -- Configured cppcheck exclude dirs and/or files: 
[5.056s] -- Added test 'lint_cmake' to check CMake code style
[5.062s] -- Added test 'uncrustify' to check C / C++ code style
[5.063s] -- Configured uncrustify additional arguments: 
[5.065s] -- Added test 'xmllint' to check XML markup files
[5.072s] -- Configuring done (4.7s)
[5.149s] -- Generating done (0.1s)
[5.157s] -- Build files have been written to: /root/oxbot/src/ros2_ws/build/motion_control
[5.298s] [ 20%] [32mBuilding CXX object CMakeFiles/motion_controller.dir/src/motion_controller.cpp.o[0m
[5.299s] [ 40%] [32mBuilding CXX object CMakeFiles/motion_controller.dir/src/MotionControllerNode.cpp.o[0m
[5.300s] [ 60%] [32mBuilding CXX object CMakeFiles/motion_controller.dir/src/SerialCommunicator.cpp.o[0m
[5.303s] [ 80%] [32mBuilding CXX object CMakeFiles/motion_controller.dir/src/FeedbackFrame.cpp.o[0m
[18.792s] [01m[K/root/oxbot/src/ros2_ws/src/motion_control/src/SerialCommunicator.cpp:[m[K In member function ‘[01m[Kvoid SerialCommunicator::convert_int16_to_uchar_(int16_t, unsigned char*, int)[m[K’:
[18.797s] [01m[K/root/oxbot/src/ros2_ws/src/motion_control/src/SerialCommunicator.cpp:271:99:[m[K [01;35m[Kwarning: [m[Kunused parameter ‘[01m[Knum_bytes_cmd_array[m[K’ [[01;35m[K-Wunused-parameter[m[K]
[18.800s]  void SerialCommunicator::convert_int16_to_uchar_(int16_t int16_cmd, unsigned char* cmd_bytes, int [01;35m[Knum_bytes_cmd_array[m[K)
[18.801s]                                                                                                    [01;35m[K^~~~~~~~~~~~~~~~~~~[m[K
[43.288s] [100%] [32m[1mLinking CXX executable motion_controller[0m
[45.480s] [100%] Built target motion_controller
[45.517s] Invoked command in '/root/oxbot/src/ros2_ws/build/motion_control' returned '0': CMAKE_PREFIX_PATH=/root/oxbot/src/ros2_ws/install/oxbot_interfaces:/root/oxbot/src/ros2_ws/install/oxbot_startup:/root/oxbot/src/ros2_ws/install/motion_control:/root/oxbot/src/ros2_ws/install/oxbot_config:/root/oxbot/src/ros2_ws/install/oxbot_bringup:/opt/ros/humble/install LD_LIBRARY_PATH=/root/oxbot/src/ros2_ws/install/oxbot_interfaces/lib:/opt/ros/humble/install/opt/rviz_ogre_vendor/lib:/opt/ros/humble/install/lib:/usr/local/cuda-10.2/targets/aarch64-linux/lib /usr/local/bin/cmake --build /root/oxbot/src/ros2_ws/build/motion_control -- -j4 -l4
[45.985s] Invoking command in '/root/oxbot/src/ros2_ws/build/motion_control': CMAKE_PREFIX_PATH=/root/oxbot/src/ros2_ws/install/oxbot_interfaces:/root/oxbot/src/ros2_ws/install/oxbot_startup:/root/oxbot/src/ros2_ws/install/motion_control:/root/oxbot/src/ros2_ws/install/oxbot_config:/root/oxbot/src/ros2_ws/install/oxbot_bringup:/opt/ros/humble/install LD_LIBRARY_PATH=/root/oxbot/src/ros2_ws/install/oxbot_interfaces/lib:/opt/ros/humble/install/opt/rviz_ogre_vendor/lib:/opt/ros/humble/install/lib:/usr/local/cuda-10.2/targets/aarch64-linux/lib /usr/local/bin/cmake --install /root/oxbot/src/ros2_ws/build/motion_control
[46.131s] -- Install configuration: ""
[46.136s] -- Installing: /root/oxbot/src/ros2_ws/install/motion_control/lib/motion_control/motion_controller
[46.159s] -- Set runtime path of "/root/oxbot/src/ros2_ws/install/motion_control/lib/motion_control/motion_controller" to ""
[46.164s] -- Installing: /root/oxbot/src/ros2_ws/install/motion_control/share/ament_index/resource_index/package_run_dependencies/motion_control
[46.166s] -- Installing: /root/oxbot/src/ros2_ws/install/motion_control/share/ament_index/resource_index/parent_prefix_path/motion_control
[46.168s] -- Up-to-date: /root/oxbot/src/ros2_ws/install/motion_control/share/motion_control/environment/ament_prefix_path.sh
[46.169s] -- Installing: /root/oxbot/src/ros2_ws/install/motion_control/share/motion_control/environment/ament_prefix_path.dsv
[46.170s] -- Up-to-date: /root/oxbot/src/ros2_ws/install/motion_control/share/motion_control/environment/path.sh
[46.171s] -- Installing: /root/oxbot/src/ros2_ws/install/motion_control/share/motion_control/environment/path.dsv
[46.172s] -- Up-to-date: /root/oxbot/src/ros2_ws/install/motion_control/share/motion_control/local_setup.bash
[46.173s] -- Up-to-date: /root/oxbot/src/ros2_ws/install/motion_control/share/motion_control/local_setup.sh
[46.174s] -- Up-to-date: /root/oxbot/src/ros2_ws/install/motion_control/share/motion_control/local_setup.zsh
[46.174s] -- Installing: /root/oxbot/src/ros2_ws/install/motion_control/share/motion_control/local_setup.dsv
[46.178s] -- Installing: /root/oxbot/src/ros2_ws/install/motion_control/share/motion_control/package.dsv
[46.180s] -- Up-to-date: /root/oxbot/src/ros2_ws/install/motion_control/share/ament_index/resource_index/packages/motion_control
[46.181s] -- Up-to-date: /root/oxbot/src/ros2_ws/install/motion_control/share/motion_control/cmake/motion_controlConfig.cmake
[46.182s] -- Up-to-date: /root/oxbot/src/ros2_ws/install/motion_control/share/motion_control/cmake/motion_controlConfig-version.cmake
[46.182s] -- Installing: /root/oxbot/src/ros2_ws/install/motion_control/share/motion_control/package.xml
[46.216s] Invoked command in '/root/oxbot/src/ros2_ws/build/motion_control' returned '0': CMAKE_PREFIX_PATH=/root/oxbot/src/ros2_ws/install/oxbot_interfaces:/root/oxbot/src/ros2_ws/install/oxbot_startup:/root/oxbot/src/ros2_ws/install/motion_control:/root/oxbot/src/ros2_ws/install/oxbot_config:/root/oxbot/src/ros2_ws/install/oxbot_bringup:/opt/ros/humble/install LD_LIBRARY_PATH=/root/oxbot/src/ros2_ws/install/oxbot_interfaces/lib:/opt/ros/humble/install/opt/rviz_ogre_vendor/lib:/opt/ros/humble/install/lib:/usr/local/cuda-10.2/targets/aarch64-linux/lib /usr/local/bin/cmake --install /root/oxbot/src/ros2_ws/build/motion_control
