-- The C compiler identification is GNU 7.5.0
-- The CXX compiler identification is GNU 7.5.0
-- Detecting C compiler ABI info
-- Detecting C compiler ABI info - done
-- Check for working C compiler: /usr/bin/cc - skipped
-- Detecting C compile features
-- Detecting C compile features - done
-- Detecting CXX compiler ABI info
-- Detecting CXX compiler ABI info - done
-- Check for working CXX compiler: /usr/bin/c++ - skipped
-- Detecting CXX compile features
-- Detecting CXX compile features - done
-- Found ament_cmake: 1.3.5 (/opt/ros/humble/install/share/ament_cmake/cmake)
-- Found Python3: /usr/bin/python3.6 (found version "3.6.9") found components: Interpreter 
-- Found ament_lint_auto: 0.12.7 (/opt/ros/humble/install/share/ament_lint_auto/cmake)
-- Added test 'flake8' to check Python code syntax and style conventions
-- Added test 'lint_cmake' to check CMake code style
-- Added test 'pep257' to check Python code against some of the docstring style conventions in PEP 257
-- Added test 'xmllint' to check XML markup files
-- Configuring done (7.3s)
-- Generating done (0.0s)
-- Build files have been written to: /root/oxbot/src/ros2_ws/build/oxbot_startup
-- Install configuration: ""
-- Installing: /root/oxbot/src/ros2_ws/install/oxbot_startup/share/ament_index/resource_index/package_run_dependencies/oxbot_startup
-- Installing: /root/oxbot/src/ros2_ws/install/oxbot_startup/share/ament_index/resource_index/parent_prefix_path/oxbot_startup
-- Installing: /root/oxbot/src/ros2_ws/install/oxbot_startup/share/oxbot_startup/environment/ament_prefix_path.sh
-- Installing: /root/oxbot/src/ros2_ws/install/oxbot_startup/share/oxbot_startup/environment/ament_prefix_path.dsv
-- Installing: /root/oxbot/src/ros2_ws/install/oxbot_startup/share/oxbot_startup/environment/path.sh
-- Installing: /root/oxbot/src/ros2_ws/install/oxbot_startup/share/oxbot_startup/environment/path.dsv
-- Installing: /root/oxbot/src/ros2_ws/install/oxbot_startup/share/oxbot_startup/local_setup.bash
-- Installing: /root/oxbot/src/ros2_ws/install/oxbot_startup/share/oxbot_startup/local_setup.sh
-- Installing: /root/oxbot/src/ros2_ws/install/oxbot_startup/share/oxbot_startup/local_setup.zsh
-- Installing: /root/oxbot/src/ros2_ws/install/oxbot_startup/share/oxbot_startup/local_setup.dsv
-- Installing: /root/oxbot/src/ros2_ws/install/oxbot_startup/share/oxbot_startup/package.dsv
-- Installing: /root/oxbot/src/ros2_ws/install/oxbot_startup/share/ament_index/resource_index/packages/oxbot_startup
-- Installing: /root/oxbot/src/ros2_ws/install/oxbot_startup/share/oxbot_startup/cmake/oxbot_startupConfig.cmake
-- Installing: /root/oxbot/src/ros2_ws/install/oxbot_startup/share/oxbot_startup/cmake/oxbot_startupConfig-version.cmake
-- Installing: /root/oxbot/src/ros2_ws/install/oxbot_startup/share/oxbot_startup/package.xml
