[4.092s] DEBUG:colcon:Command line arguments: ['/usr/bin/colcon', 'build', '--packages-select', 'oxbot_interfaces']
[4.092s] DEBUG:colcon:Parsed command line arguments: Namespace(ament_cmake_args=None, base_paths=['.'], build_base='build', catkin_cmake_args=None, catkin_skip_building_tests=False, cmake_args=None, cmake_clean_cache=False, cmake_clean_first=False, cmake_force_configure=False, cmake_target=None, cmake_target_skip_unavailable=False, continue_on_error=False, event_handlers=None, executor='parallel', ignore_user_meta=False, install_base='install', log_base=None, log_level=None, main=<bound method BuildVerb.main of <colcon_core.verb.build.BuildVerb object at 0x7fafb9de48>>, merge_install=False, metas=['./colcon.meta'], packages_above=None, packages_above_and_dependencies=None, packages_above_depth=None, packages_end=None, packages_ignore=None, packages_ignore_regex=None, packages_select=['oxbot_interfaces'], packages_select_build_failed=False, packages_select_by_dep=None, packages_select_regex=None, packages_select_test_failures=False, packages_skip=None, packages_skip_build_finished=False, packages_skip_by_dep=None, packages_skip_regex=None, packages_skip_test_passed=False, packages_skip_up_to=None, packages_start=None, packages_up_to=None, packages_up_to_regex=None, parallel_workers=4, paths=None, symlink_install=False, test_result_base=None, verb_extension=<colcon_core.verb.build.BuildVerb object at 0x7fafb9de48>, verb_name='build', verb_parser=<colcon_defaults.argument_parser.defaults.DefaultArgumentsDecorator object at 0x7faface748>)
[4.473s] Level 1:colcon.colcon_core.package_discovery:discover_packages(colcon_meta) check parameters
[4.473s] Level 1:colcon.colcon_core.package_discovery:discover_packages(recursive) check parameters
[4.478s] Level 1:colcon.colcon_core.package_discovery:discover_packages(ignore) check parameters
[4.479s] Level 1:colcon.colcon_core.package_discovery:discover_packages(path) check parameters
[4.479s] Level 1:colcon.colcon_core.package_discovery:discover_packages(colcon_meta) discover
[4.481s] Level 1:colcon.colcon_core.package_discovery:discover_packages(recursive) discover
[4.481s] INFO:colcon.colcon_core.package_discovery:Crawling recursively for packages in '/root/oxbot/src/ros2_ws'
[4.482s] Level 1:colcon.colcon_core.package_identification:_identify(.) by extensions ['ignore', 'ignore_ament_install']
[4.483s] Level 1:colcon.colcon_core.package_identification:_identify(.) by extension 'ignore'
[4.483s] Level 1:colcon.colcon_core.package_identification:_identify(.) by extension 'ignore_ament_install'
[4.484s] Level 1:colcon.colcon_core.package_identification:_identify(.) by extensions ['colcon_pkg']
[4.484s] Level 1:colcon.colcon_core.package_identification:_identify(.) by extension 'colcon_pkg'
[4.484s] Level 1:colcon.colcon_core.package_identification:_identify(.) by extensions ['colcon_meta']
[4.484s] Level 1:colcon.colcon_core.package_identification:_identify(.) by extension 'colcon_meta'
[4.485s] Level 1:colcon.colcon_core.package_identification:_identify(.) by extensions ['ros']
[4.485s] Level 1:colcon.colcon_core.package_identification:_identify(.) by extension 'ros'
[4.728s] Level 1:colcon.colcon_core.package_identification:_identify(.) by extensions ['cmake', 'python']
[4.728s] Level 1:colcon.colcon_core.package_identification:_identify(.) by extension 'cmake'
[4.729s] Level 1:colcon.colcon_core.package_identification:_identify(.) by extension 'python'
[4.729s] Level 1:colcon.colcon_core.package_identification:_identify(.) by extensions ['python_setup_py']
[4.729s] Level 1:colcon.colcon_core.package_identification:_identify(.) by extension 'python_setup_py'
[4.730s] Level 1:colcon.colcon_core.package_identification:_identify(build) by extensions ['ignore', 'ignore_ament_install']
[4.730s] Level 1:colcon.colcon_core.package_identification:_identify(build) by extension 'ignore'
[4.730s] Level 1:colcon.colcon_core.package_identification:_identify(build) ignored
[4.732s] Level 1:colcon.colcon_core.package_identification:_identify(install) by extensions ['ignore', 'ignore_ament_install']
[4.733s] Level 1:colcon.colcon_core.package_identification:_identify(install) by extension 'ignore'
[4.733s] Level 1:colcon.colcon_core.package_identification:_identify(install) ignored
[4.733s] Level 1:colcon.colcon_core.package_identification:_identify(log) by extensions ['ignore', 'ignore_ament_install']
[4.734s] Level 1:colcon.colcon_core.package_identification:_identify(log) by extension 'ignore'
[4.734s] Level 1:colcon.colcon_core.package_identification:_identify(log) ignored
[4.734s] Level 1:colcon.colcon_core.package_identification:_identify(src) by extensions ['ignore', 'ignore_ament_install']
[4.735s] Level 1:colcon.colcon_core.package_identification:_identify(src) by extension 'ignore'
[4.735s] Level 1:colcon.colcon_core.package_identification:_identify(src) by extension 'ignore_ament_install'
[4.735s] Level 1:colcon.colcon_core.package_identification:_identify(src) by extensions ['colcon_pkg']
[4.736s] Level 1:colcon.colcon_core.package_identification:_identify(src) by extension 'colcon_pkg'
[4.736s] Level 1:colcon.colcon_core.package_identification:_identify(src) by extensions ['colcon_meta']
[4.736s] Level 1:colcon.colcon_core.package_identification:_identify(src) by extension 'colcon_meta'
[4.736s] Level 1:colcon.colcon_core.package_identification:_identify(src) by extensions ['ros']
[4.736s] Level 1:colcon.colcon_core.package_identification:_identify(src) by extension 'ros'
[4.737s] Level 1:colcon.colcon_core.package_identification:_identify(src) by extensions ['cmake', 'python']
[4.737s] Level 1:colcon.colcon_core.package_identification:_identify(src) by extension 'cmake'
[4.737s] Level 1:colcon.colcon_core.package_identification:_identify(src) by extension 'python'
[4.738s] Level 1:colcon.colcon_core.package_identification:_identify(src) by extensions ['python_setup_py']
[4.738s] Level 1:colcon.colcon_core.package_identification:_identify(src) by extension 'python_setup_py'
[4.738s] Level 1:colcon.colcon_core.package_identification:_identify(src/motion_control) by extensions ['ignore', 'ignore_ament_install']
[4.739s] Level 1:colcon.colcon_core.package_identification:_identify(src/motion_control) by extension 'ignore'
[4.739s] Level 1:colcon.colcon_core.package_identification:_identify(src/motion_control) by extension 'ignore_ament_install'
[4.739s] Level 1:colcon.colcon_core.package_identification:_identify(src/motion_control) by extensions ['colcon_pkg']
[4.739s] Level 1:colcon.colcon_core.package_identification:_identify(src/motion_control) by extension 'colcon_pkg'
[4.740s] Level 1:colcon.colcon_core.package_identification:_identify(src/motion_control) by extensions ['colcon_meta']
[4.740s] Level 1:colcon.colcon_core.package_identification:_identify(src/motion_control) by extension 'colcon_meta'
[4.740s] Level 1:colcon.colcon_core.package_identification:_identify(src/motion_control) by extensions ['ros']
[4.740s] Level 1:colcon.colcon_core.package_identification:_identify(src/motion_control) by extension 'ros'
[4.768s] DEBUG:colcon.colcon_core.package_identification:Package 'src/motion_control' with type 'ros.ament_cmake' and name 'motion_control'
[4.768s] Level 1:colcon.colcon_core.package_identification:_identify(src/oxbot_interfaces) by extensions ['ignore', 'ignore_ament_install']
[4.769s] Level 1:colcon.colcon_core.package_identification:_identify(src/oxbot_interfaces) by extension 'ignore'
[4.769s] Level 1:colcon.colcon_core.package_identification:_identify(src/oxbot_interfaces) by extension 'ignore_ament_install'
[4.769s] Level 1:colcon.colcon_core.package_identification:_identify(src/oxbot_interfaces) by extensions ['colcon_pkg']
[4.770s] Level 1:colcon.colcon_core.package_identification:_identify(src/oxbot_interfaces) by extension 'colcon_pkg'
[4.770s] Level 1:colcon.colcon_core.package_identification:_identify(src/oxbot_interfaces) by extensions ['colcon_meta']
[4.770s] Level 1:colcon.colcon_core.package_identification:_identify(src/oxbot_interfaces) by extension 'colcon_meta'
[4.770s] Level 1:colcon.colcon_core.package_identification:_identify(src/oxbot_interfaces) by extensions ['ros']
[4.771s] Level 1:colcon.colcon_core.package_identification:_identify(src/oxbot_interfaces) by extension 'ros'
[4.773s] DEBUG:colcon.colcon_core.package_identification:Package 'src/oxbot_interfaces' with type 'ros.ament_cmake' and name 'oxbot_interfaces'
[4.773s] Level 1:colcon.colcon_core.package_discovery:discover_packages(recursive) using defaults
[4.775s] Level 1:colcon.colcon_core.package_discovery:discover_packages(ignore) discover
[4.775s] Level 1:colcon.colcon_core.package_discovery:discover_packages(ignore) using defaults
[4.775s] Level 1:colcon.colcon_core.package_discovery:discover_packages(path) discover
[4.775s] Level 1:colcon.colcon_core.package_discovery:discover_packages(path) using defaults
[5.073s] INFO:colcon.colcon_core.package_selection:Skipping not selected package 'motion_control' in 'src/motion_control'
[5.090s] Level 5:colcon.colcon_core.verb:set package 'oxbot_interfaces' build argument 'cmake_args' from command line to 'None'
[5.091s] Level 5:colcon.colcon_core.verb:set package 'oxbot_interfaces' build argument 'cmake_target' from command line to 'None'
[5.091s] Level 5:colcon.colcon_core.verb:set package 'oxbot_interfaces' build argument 'cmake_target_skip_unavailable' from command line to 'False'
[5.091s] Level 5:colcon.colcon_core.verb:set package 'oxbot_interfaces' build argument 'cmake_clean_cache' from command line to 'False'
[5.091s] Level 5:colcon.colcon_core.verb:set package 'oxbot_interfaces' build argument 'cmake_clean_first' from command line to 'False'
[5.091s] Level 5:colcon.colcon_core.verb:set package 'oxbot_interfaces' build argument 'cmake_force_configure' from command line to 'False'
[5.091s] Level 5:colcon.colcon_core.verb:set package 'oxbot_interfaces' build argument 'ament_cmake_args' from command line to 'None'
[5.092s] Level 5:colcon.colcon_core.verb:set package 'oxbot_interfaces' build argument 'catkin_cmake_args' from command line to 'None'
[5.092s] Level 5:colcon.colcon_core.verb:set package 'oxbot_interfaces' build argument 'catkin_skip_building_tests' from command line to 'False'
[5.092s] DEBUG:colcon.colcon_core.verb:Building package 'oxbot_interfaces' with the following arguments: {'ament_cmake_args': None, 'build_base': '/root/oxbot/src/ros2_ws/build/oxbot_interfaces', 'catkin_cmake_args': None, 'catkin_skip_building_tests': False, 'cmake_args': None, 'cmake_clean_cache': False, 'cmake_clean_first': False, 'cmake_force_configure': False, 'cmake_target': None, 'cmake_target_skip_unavailable': False, 'install_base': '/root/oxbot/src/ros2_ws/install/oxbot_interfaces', 'merge_install': False, 'path': '/root/oxbot/src/ros2_ws/src/oxbot_interfaces', 'symlink_install': False, 'test_result_base': None}
[5.107s] INFO:colcon.colcon_core.executor:Executing jobs using 'parallel' executor
[5.187s] DEBUG:colcon.colcon_parallel_executor.executor.parallel:run_until_complete
[5.189s] INFO:colcon.colcon_ros.task.ament_cmake.build:Building ROS package in '/root/oxbot/src/ros2_ws/src/oxbot_interfaces' with build type 'ament_cmake'
[5.190s] INFO:colcon.colcon_cmake.task.cmake.build:Building CMake package in '/root/oxbot/src/ros2_ws/src/oxbot_interfaces'
[5.290s] INFO:colcon.colcon_core.plugin_system:Skipping extension 'colcon_core.shell.bat': Not used on non-Windows systems
[5.293s] INFO:colcon.colcon_core.shell:Skip shell extension 'powershell' for command environment: Not usable outside of PowerShell
[5.294s] DEBUG:colcon.colcon_core.shell:Skip shell extension 'dsv' for command environment
[5.446s] DEBUG:colcon.colcon_core.event_handler.log_command:Invoking command in '/root/oxbot/src/ros2_ws/build/oxbot_interfaces': /usr/local/bin/cmake --build /root/oxbot/src/ros2_ws/build/oxbot_interfaces -- -j4 -l4
[29.138s] DEBUG:colcon.colcon_core.event_handler.log_command:Invoked command in '/root/oxbot/src/ros2_ws/build/oxbot_interfaces' returned '0': /usr/local/bin/cmake --build /root/oxbot/src/ros2_ws/build/oxbot_interfaces -- -j4 -l4
[29.672s] DEBUG:colcon.colcon_core.event_handler.log_command:Invoking command in '/root/oxbot/src/ros2_ws/build/oxbot_interfaces': /usr/local/bin/cmake --install /root/oxbot/src/ros2_ws/build/oxbot_interfaces
[30.124s] Level 1:colcon.colcon_core.environment:create_environment_scripts_only(oxbot_interfaces)
[30.135s] DEBUG:colcon.colcon_core.event_handler.log_command:Invoked command in '/root/oxbot/src/ros2_ws/build/oxbot_interfaces' returned '0': /usr/local/bin/cmake --install /root/oxbot/src/ros2_ws/build/oxbot_interfaces
[30.217s] Level 1:colcon.colcon_core.environment:checking '/root/oxbot/src/ros2_ws/install/oxbot_interfaces' for CMake module files
[30.222s] Level 1:colcon.colcon_core.environment:checking '/root/oxbot/src/ros2_ws/install/oxbot_interfaces' for CMake config files
[30.226s] Level 1:colcon.colcon_core.shell:create_environment_hook('oxbot_interfaces', 'cmake_prefix_path')
[30.264s] INFO:colcon.colcon_core.shell:Creating environment hook '/root/oxbot/src/ros2_ws/install/oxbot_interfaces/share/oxbot_interfaces/hook/cmake_prefix_path.ps1'
[30.272s] INFO:colcon.colcon_core.shell:Creating environment descriptor '/root/oxbot/src/ros2_ws/install/oxbot_interfaces/share/oxbot_interfaces/hook/cmake_prefix_path.dsv'
[30.275s] INFO:colcon.colcon_core.shell:Creating environment hook '/root/oxbot/src/ros2_ws/install/oxbot_interfaces/share/oxbot_interfaces/hook/cmake_prefix_path.sh'
[30.282s] Level 1:colcon.colcon_core.environment:checking '/root/oxbot/src/ros2_ws/install/oxbot_interfaces/lib'
[30.283s] Level 1:colcon.colcon_core.shell:create_environment_hook('oxbot_interfaces', 'ld_library_path_lib')
[30.319s] INFO:colcon.colcon_core.shell:Creating environment hook '/root/oxbot/src/ros2_ws/install/oxbot_interfaces/share/oxbot_interfaces/hook/ld_library_path_lib.ps1'
[30.321s] INFO:colcon.colcon_core.shell:Creating environment descriptor '/root/oxbot/src/ros2_ws/install/oxbot_interfaces/share/oxbot_interfaces/hook/ld_library_path_lib.dsv'
[30.322s] INFO:colcon.colcon_core.shell:Creating environment hook '/root/oxbot/src/ros2_ws/install/oxbot_interfaces/share/oxbot_interfaces/hook/ld_library_path_lib.sh'
[30.323s] Level 1:colcon.colcon_core.environment:checking '/root/oxbot/src/ros2_ws/install/oxbot_interfaces/bin'
[30.324s] Level 1:colcon.colcon_core.environment:checking '/root/oxbot/src/ros2_ws/install/oxbot_interfaces/lib/pkgconfig/oxbot_interfaces.pc'
[30.325s] Level 1:colcon.colcon_core.environment:checking '/root/oxbot/src/ros2_ws/install/oxbot_interfaces/lib/python3.6/site-packages'
[30.325s] Level 1:colcon.colcon_core.shell:create_environment_hook('oxbot_interfaces', 'pythonpath')
[30.362s] INFO:colcon.colcon_core.shell:Creating environment hook '/root/oxbot/src/ros2_ws/install/oxbot_interfaces/share/oxbot_interfaces/hook/pythonpath.ps1'
[30.363s] INFO:colcon.colcon_core.shell:Creating environment descriptor '/root/oxbot/src/ros2_ws/install/oxbot_interfaces/share/oxbot_interfaces/hook/pythonpath.dsv'
[30.365s] INFO:colcon.colcon_core.shell:Creating environment hook '/root/oxbot/src/ros2_ws/install/oxbot_interfaces/share/oxbot_interfaces/hook/pythonpath.sh'
[30.367s] Level 1:colcon.colcon_core.environment:checking '/root/oxbot/src/ros2_ws/install/oxbot_interfaces/bin'
[30.403s] INFO:colcon.colcon_core.shell:Creating package script '/root/oxbot/src/ros2_ws/install/oxbot_interfaces/share/oxbot_interfaces/package.ps1'
[30.411s] INFO:colcon.colcon_core.shell:Creating package descriptor '/root/oxbot/src/ros2_ws/install/oxbot_interfaces/share/oxbot_interfaces/package.dsv'
[30.415s] INFO:colcon.colcon_core.shell:Creating package script '/root/oxbot/src/ros2_ws/install/oxbot_interfaces/share/oxbot_interfaces/package.sh'
[30.421s] INFO:colcon.colcon_core.shell:Creating package script '/root/oxbot/src/ros2_ws/install/oxbot_interfaces/share/oxbot_interfaces/package.bash'
[30.428s] INFO:colcon.colcon_core.shell:Creating package script '/root/oxbot/src/ros2_ws/install/oxbot_interfaces/share/oxbot_interfaces/package.zsh'
[30.436s] Level 1:colcon.colcon_core.environment:create_file_with_runtime_dependencies(/root/oxbot/src/ros2_ws/install/oxbot_interfaces/share/colcon-core/packages/oxbot_interfaces)
[30.847s] Level 1:colcon.colcon_core.environment:create_environment_scripts_only(oxbot_interfaces)
[30.899s] Level 1:colcon.colcon_core.environment:checking '/root/oxbot/src/ros2_ws/install/oxbot_interfaces' for CMake module files
[30.904s] Level 1:colcon.colcon_core.environment:checking '/root/oxbot/src/ros2_ws/install/oxbot_interfaces' for CMake config files
[30.908s] Level 1:colcon.colcon_core.shell:create_environment_hook('oxbot_interfaces', 'cmake_prefix_path')
[30.943s] INFO:colcon.colcon_core.shell:Creating environment hook '/root/oxbot/src/ros2_ws/install/oxbot_interfaces/share/oxbot_interfaces/hook/cmake_prefix_path.ps1'
[30.945s] INFO:colcon.colcon_core.shell:Creating environment descriptor '/root/oxbot/src/ros2_ws/install/oxbot_interfaces/share/oxbot_interfaces/hook/cmake_prefix_path.dsv'
[30.946s] INFO:colcon.colcon_core.shell:Creating environment hook '/root/oxbot/src/ros2_ws/install/oxbot_interfaces/share/oxbot_interfaces/hook/cmake_prefix_path.sh'
[30.949s] Level 1:colcon.colcon_core.environment:checking '/root/oxbot/src/ros2_ws/install/oxbot_interfaces/lib'
[30.950s] Level 1:colcon.colcon_core.shell:create_environment_hook('oxbot_interfaces', 'ld_library_path_lib')
[30.991s] INFO:colcon.colcon_core.shell:Creating environment hook '/root/oxbot/src/ros2_ws/install/oxbot_interfaces/share/oxbot_interfaces/hook/ld_library_path_lib.ps1'
[30.992s] INFO:colcon.colcon_core.shell:Creating environment descriptor '/root/oxbot/src/ros2_ws/install/oxbot_interfaces/share/oxbot_interfaces/hook/ld_library_path_lib.dsv'
[30.994s] INFO:colcon.colcon_core.shell:Creating environment hook '/root/oxbot/src/ros2_ws/install/oxbot_interfaces/share/oxbot_interfaces/hook/ld_library_path_lib.sh'
[30.995s] Level 1:colcon.colcon_core.environment:checking '/root/oxbot/src/ros2_ws/install/oxbot_interfaces/bin'
[30.996s] Level 1:colcon.colcon_core.environment:checking '/root/oxbot/src/ros2_ws/install/oxbot_interfaces/lib/pkgconfig/oxbot_interfaces.pc'
[30.997s] Level 1:colcon.colcon_core.environment:checking '/root/oxbot/src/ros2_ws/install/oxbot_interfaces/lib/python3.6/site-packages'
[30.997s] Level 1:colcon.colcon_core.shell:create_environment_hook('oxbot_interfaces', 'pythonpath')
[31.032s] INFO:colcon.colcon_core.shell:Creating environment hook '/root/oxbot/src/ros2_ws/install/oxbot_interfaces/share/oxbot_interfaces/hook/pythonpath.ps1'
[31.035s] INFO:colcon.colcon_core.shell:Creating environment descriptor '/root/oxbot/src/ros2_ws/install/oxbot_interfaces/share/oxbot_interfaces/hook/pythonpath.dsv'
[31.036s] INFO:colcon.colcon_core.shell:Creating environment hook '/root/oxbot/src/ros2_ws/install/oxbot_interfaces/share/oxbot_interfaces/hook/pythonpath.sh'
[31.038s] Level 1:colcon.colcon_core.environment:checking '/root/oxbot/src/ros2_ws/install/oxbot_interfaces/bin'
[31.075s] INFO:colcon.colcon_core.shell:Creating package script '/root/oxbot/src/ros2_ws/install/oxbot_interfaces/share/oxbot_interfaces/package.ps1'
[31.079s] INFO:colcon.colcon_core.shell:Creating package descriptor '/root/oxbot/src/ros2_ws/install/oxbot_interfaces/share/oxbot_interfaces/package.dsv'
[31.082s] INFO:colcon.colcon_core.shell:Creating package script '/root/oxbot/src/ros2_ws/install/oxbot_interfaces/share/oxbot_interfaces/package.sh'
[31.084s] INFO:colcon.colcon_core.shell:Creating package script '/root/oxbot/src/ros2_ws/install/oxbot_interfaces/share/oxbot_interfaces/package.bash'
[31.086s] INFO:colcon.colcon_core.shell:Creating package script '/root/oxbot/src/ros2_ws/install/oxbot_interfaces/share/oxbot_interfaces/package.zsh'
[31.088s] Level 1:colcon.colcon_core.environment:create_file_with_runtime_dependencies(/root/oxbot/src/ros2_ws/install/oxbot_interfaces/share/colcon-core/packages/oxbot_interfaces)
[31.089s] DEBUG:colcon.colcon_parallel_executor.executor.parallel:closing loop
[31.091s] DEBUG:colcon.colcon_parallel_executor.executor.parallel:loop closed
[31.092s] DEBUG:colcon.colcon_parallel_executor.executor.parallel:run_until_complete finished with '0'
[31.092s] DEBUG:colcon.colcon_core.event_reactor:joining thread
[31.163s] INFO:colcon.colcon_core.plugin_system:Skipping extension 'colcon_notification.desktop_notification.notify_send': Could not find 'notify-send'
[31.163s] INFO:colcon.colcon_core.plugin_system:Skipping extension 'colcon_notification.desktop_notification.terminal_notifier': Not used on non-Darwin systems
[31.164s] INFO:colcon.colcon_core.plugin_system:Skipping extension 'colcon_notification.desktop_notification.win32': Not used on non-Windows systems
[31.164s] INFO:colcon.colcon_notification.desktop_notification:Sending desktop notification using 'notify2'
[31.164s] DEBUG:colcon.colcon_notification.desktop_notification.notify2:Failed to initialize notify2: org.freedesktop.DBus.Error.NotSupported: Unable to autolaunch a dbus-daemon without a $DISPLAY for X11
[31.165s] DEBUG:colcon.colcon_core.event_reactor:joined thread
[31.201s] INFO:colcon.colcon_core.shell:Creating prefix script '/root/oxbot/src/ros2_ws/install/local_setup.ps1'
[31.211s] INFO:colcon.colcon_core.shell:Creating prefix util module '/root/oxbot/src/ros2_ws/install/_local_setup_util_ps1.py'
[31.223s] INFO:colcon.colcon_core.shell:Creating prefix chain script '/root/oxbot/src/ros2_ws/install/setup.ps1'
[31.237s] INFO:colcon.colcon_core.shell:Creating prefix script '/root/oxbot/src/ros2_ws/install/local_setup.sh'
[31.244s] INFO:colcon.colcon_core.shell:Creating prefix util module '/root/oxbot/src/ros2_ws/install/_local_setup_util_sh.py'
[31.246s] INFO:colcon.colcon_core.shell:Creating prefix chain script '/root/oxbot/src/ros2_ws/install/setup.sh'
[31.262s] INFO:colcon.colcon_core.shell:Creating prefix script '/root/oxbot/src/ros2_ws/install/local_setup.bash'
[31.268s] INFO:colcon.colcon_core.shell:Creating prefix chain script '/root/oxbot/src/ros2_ws/install/setup.bash'
[31.285s] INFO:colcon.colcon_core.shell:Creating prefix script '/root/oxbot/src/ros2_ws/install/local_setup.zsh'
[31.292s] INFO:colcon.colcon_core.shell:Creating prefix chain script '/root/oxbot/src/ros2_ws/install/setup.zsh'
