-- The C compiler identification is GNU 7.5.0
-- The CXX compiler identification is GNU 7.5.0
-- Detecting C compiler ABI info
-- Detecting C compiler ABI info - done
-- Check for working C compiler: /usr/bin/cc - skipped
-- Detecting C compile features
-- Detecting C compile features - done
-- Detecting CXX compiler ABI info
-- Detecting CXX compiler ABI info - done
-- Check for working CXX compiler: /usr/bin/c++ - skipped
-- Detecting CXX compile features
-- Detecting CXX compile features - done
-- Found ament_cmake: 1.3.5 (/opt/ros/humble/install/share/ament_cmake/cmake)
-- Found Python3: /usr/bin/python3.6 (found version "3.6.9") found components: Interpreter 
-- Configuring done (8.1s)
-- Generating done (0.0s)
-- Build files have been written to: /root/oxbot/src/ros2_ws/build/oxbot_bringup
-- Install configuration: ""
-- Up-to-date: /root/oxbot/src/ros2_ws/install/oxbot_bringup/share/oxbot_bringup/launch
-- Installing: /root/oxbot/src/ros2_ws/install/oxbot_bringup/share/oxbot_bringup/package.dsv
