[0.321s] Invoking command in '/root/oxbot/src/ros2_ws/build/oxbot_bringup': /usr/local/bin/cmake /root/oxbot/src/ros2_ws/src/oxbot_bringup -DCMAKE_INSTALL_PREFIX=/root/oxbot/src/ros2_ws/install/oxbot_bringup
[0.839s] -- The C compiler identification is GNU 7.5.0
[1.108s] -- The CXX compiler identification is GNU 7.5.0
[1.214s] -- Detecting C compiler ABI info
[1.515s] -- Detecting C compiler ABI info - done
[1.591s] -- Check for working C compiler: /usr/bin/cc - skipped
[1.592s] -- Detecting C compile features
[1.594s] -- Detecting C compile features - done
[1.648s] -- Detecting CXX compiler ABI info
[1.934s] -- Detecting CXX compiler ABI info - done
[1.991s] -- Check for working CXX compiler: /usr/bin/c++ - skipped
[1.993s] -- Detecting CXX compile features
[1.996s] -- Detecting CXX compile features - done
[2.017s] -- Found ament_cmake: 1.3.5 (/opt/ros/humble/install/share/ament_cmake/cmake)
[7.340s] -- Found Python3: /usr/bin/python3.6 (found version "3.6.9") found components: Interpreter 
[8.603s] -- Configuring done (8.1s)
[8.615s] -- Generating done (0.0s)
[8.621s] -- Build files have been written to: /root/oxbot/src/ros2_ws/build/oxbot_bringup
[8.671s] Invoked command in '/root/oxbot/src/ros2_ws/build/oxbot_bringup' returned '0': /usr/local/bin/cmake /root/oxbot/src/ros2_ws/src/oxbot_bringup -DCMAKE_INSTALL_PREFIX=/root/oxbot/src/ros2_ws/install/oxbot_bringup
[8.684s] Invoking command in '/root/oxbot/src/ros2_ws/build/oxbot_bringup': /usr/local/bin/cmake --build /root/oxbot/src/ros2_ws/build/oxbot_bringup -- -j4 -l4
[8.929s] Invoked command in '/root/oxbot/src/ros2_ws/build/oxbot_bringup' returned '0': /usr/local/bin/cmake --build /root/oxbot/src/ros2_ws/build/oxbot_bringup -- -j4 -l4
[9.364s] Invoking command in '/root/oxbot/src/ros2_ws/build/oxbot_bringup': /usr/local/bin/cmake --install /root/oxbot/src/ros2_ws/build/oxbot_bringup
[9.536s] -- Install configuration: ""
[9.537s] -- Up-to-date: /root/oxbot/src/ros2_ws/install/oxbot_bringup/share/oxbot_bringup/launch
[9.537s] -- Installing: /root/oxbot/src/ros2_ws/install/oxbot_bringup/share/oxbot_bringup/package.dsv
[9.570s] Invoked command in '/root/oxbot/src/ros2_ws/build/oxbot_bringup' returned '0': /usr/local/bin/cmake --install /root/oxbot/src/ros2_ws/build/oxbot_bringup
