[0.479s] Invoking command in '/root/oxbot/src/ros2_ws/build/oxbot_interfaces': /usr/local/bin/cmake --build /root/oxbot/src/ros2_ws/build/oxbot_interfaces -- -j4 -l4
[0.776s] [  1%] Built target oxbot_interfaces__cpp
[0.800s] [ 12%] Built target oxbot_interfaces__rosidl_generator_c
[0.822s] [ 12%] Built target ament_cmake_python_copy_oxbot_interfaces
[0.875s] [ 23%] Built target oxbot_interfaces__rosidl_typesupport_introspection_cpp
[0.921s] [ 34%] Built target oxbot_interfaces__rosidl_typesupport_cpp
[0.929s] [ 45%] Built target oxbot_interfaces__rosidl_typesupport_fastrtps_cpp
[0.957s] [ 56%] Built target oxbot_interfaces__rosidl_typesupport_fastrtps_c
[1.005s] [ 67%] Built target oxbot_interfaces__rosidl_typesupport_introspection_c
[1.036s] [ 78%] Built target oxbot_interfaces__rosidl_typesupport_c
[1.079s] [ 78%] Built target oxbot_interfaces
[1.132s] [ 80%] Built target oxbot_interfaces__py
[1.192s] [ 89%] Built target oxbot_interfaces__rosidl_generator_py
[1.262s] [ 92%] Built target oxbot_interfaces__rosidl_typesupport_c__pyext
[1.268s] [ 96%] Built target oxbot_interfaces__rosidl_typesupport_fastrtps_c__pyext
[1.278s] [100%] Built target oxbot_interfaces__rosidl_typesupport_introspection_c__pyext
[2.859s] running egg_info
[2.863s] writing oxbot_interfaces.egg-info/PKG-INFO
[2.867s] writing dependency_links to oxbot_interfaces.egg-info/dependency_links.txt
[2.871s] writing top-level names to oxbot_interfaces.egg-info/top_level.txt
[2.889s] reading manifest file 'oxbot_interfaces.egg-info/SOURCES.txt'
[2.897s] writing manifest file 'oxbot_interfaces.egg-info/SOURCES.txt'
[3.011s] [100%] Built target ament_cmake_python_build_oxbot_interfaces_egg
[3.052s] Invoked command in '/root/oxbot/src/ros2_ws/build/oxbot_interfaces' returned '0': /usr/local/bin/cmake --build /root/oxbot/src/ros2_ws/build/oxbot_interfaces -- -j4 -l4
[3.616s] Invoking command in '/root/oxbot/src/ros2_ws/build/oxbot_interfaces': /usr/local/bin/cmake --install /root/oxbot/src/ros2_ws/build/oxbot_interfaces
[3.785s] -- Install configuration: ""
[3.787s] -- Up-to-date: /root/oxbot/src/ros2_ws/install/oxbot_interfaces/share/ament_index/resource_index/rosidl_interfaces/oxbot_interfaces
[3.792s] -- Up-to-date: /root/oxbot/src/ros2_ws/install/oxbot_interfaces/include/oxbot_interfaces/oxbot_interfaces
[3.794s] -- Up-to-date: /root/oxbot/src/ros2_ws/install/oxbot_interfaces/include/oxbot_interfaces/oxbot_interfaces/srv
[3.796s] -- Up-to-date: /root/oxbot/src/ros2_ws/install/oxbot_interfaces/include/oxbot_interfaces/oxbot_interfaces/srv/compute_rectangle_area.h
[3.797s] -- Up-to-date: /root/oxbot/src/ros2_ws/install/oxbot_interfaces/include/oxbot_interfaces/oxbot_interfaces/srv/detail
[3.800s] -- Up-to-date: /root/oxbot/src/ros2_ws/install/oxbot_interfaces/include/oxbot_interfaces/oxbot_interfaces/srv/detail/compute_rectangle_area__type_support.h
[3.802s] -- Up-to-date: /root/oxbot/src/ros2_ws/install/oxbot_interfaces/include/oxbot_interfaces/oxbot_interfaces/srv/detail/compute_rectangle_area__functions.h
[3.804s] -- Up-to-date: /root/oxbot/src/ros2_ws/install/oxbot_interfaces/include/oxbot_interfaces/oxbot_interfaces/srv/detail/compute_rectangle_area__struct.h
[3.805s] -- Up-to-date: /root/oxbot/src/ros2_ws/install/oxbot_interfaces/include/oxbot_interfaces/oxbot_interfaces/srv/detail/compute_rectangle_area__functions.c
[3.807s] -- Up-to-date: /root/oxbot/src/ros2_ws/install/oxbot_interfaces/include/oxbot_interfaces/oxbot_interfaces/msg
[3.810s] -- Up-to-date: /root/oxbot/src/ros2_ws/install/oxbot_interfaces/include/oxbot_interfaces/oxbot_interfaces/msg/hoverboard_feedback.h
[3.812s] -- Up-to-date: /root/oxbot/src/ros2_ws/install/oxbot_interfaces/include/oxbot_interfaces/oxbot_interfaces/msg/hoverboard_command.h
[3.814s] -- Up-to-date: /root/oxbot/src/ros2_ws/install/oxbot_interfaces/include/oxbot_interfaces/oxbot_interfaces/msg/motion_control_output.h
[3.816s] -- Up-to-date: /root/oxbot/src/ros2_ws/install/oxbot_interfaces/include/oxbot_interfaces/oxbot_interfaces/msg/detail
[3.817s] -- Up-to-date: /root/oxbot/src/ros2_ws/install/oxbot_interfaces/include/oxbot_interfaces/oxbot_interfaces/msg/detail/hoverboard_feedback__type_support.h
[3.817s] -- Up-to-date: /root/oxbot/src/ros2_ws/install/oxbot_interfaces/include/oxbot_interfaces/oxbot_interfaces/msg/detail/hoverboard_feedback__functions.h
[3.818s] -- Up-to-date: /root/oxbot/src/ros2_ws/install/oxbot_interfaces/include/oxbot_interfaces/oxbot_interfaces/msg/detail/motion_control_output__functions.c
[3.819s] -- Up-to-date: /root/oxbot/src/ros2_ws/install/oxbot_interfaces/include/oxbot_interfaces/oxbot_interfaces/msg/detail/hoverboard_command__struct.h
[3.819s] -- Up-to-date: /root/oxbot/src/ros2_ws/install/oxbot_interfaces/include/oxbot_interfaces/oxbot_interfaces/msg/detail/hoverboard_feedback__struct.h
[3.820s] -- Up-to-date: /root/oxbot/src/ros2_ws/install/oxbot_interfaces/include/oxbot_interfaces/oxbot_interfaces/msg/detail/hoverboard_command__functions.h
[3.821s] -- Up-to-date: /root/oxbot/src/ros2_ws/install/oxbot_interfaces/include/oxbot_interfaces/oxbot_interfaces/msg/detail/motion_control_output__functions.h
[3.821s] -- Up-to-date: /root/oxbot/src/ros2_ws/install/oxbot_interfaces/include/oxbot_interfaces/oxbot_interfaces/msg/detail/motion_control_output__struct.h
[3.822s] -- Up-to-date: /root/oxbot/src/ros2_ws/install/oxbot_interfaces/include/oxbot_interfaces/oxbot_interfaces/msg/detail/hoverboard_feedback__functions.c
[3.823s] -- Up-to-date: /root/oxbot/src/ros2_ws/install/oxbot_interfaces/include/oxbot_interfaces/oxbot_interfaces/msg/detail/motion_control_output__type_support.h
[3.823s] -- Up-to-date: /root/oxbot/src/ros2_ws/install/oxbot_interfaces/include/oxbot_interfaces/oxbot_interfaces/msg/detail/hoverboard_command__type_support.h
[3.824s] -- Up-to-date: /root/oxbot/src/ros2_ws/install/oxbot_interfaces/include/oxbot_interfaces/oxbot_interfaces/msg/detail/hoverboard_command__functions.c
[3.825s] -- Up-to-date: /root/oxbot/src/ros2_ws/install/oxbot_interfaces/include/oxbot_interfaces/oxbot_interfaces/msg/rosidl_generator_c__visibility_control.h
[3.825s] -- Up-to-date: /root/oxbot/src/ros2_ws/install/oxbot_interfaces/share/oxbot_interfaces/environment/library_path.sh
[3.826s] -- Up-to-date: /root/oxbot/src/ros2_ws/install/oxbot_interfaces/share/oxbot_interfaces/environment/library_path.dsv
[3.827s] -- Up-to-date: /root/oxbot/src/ros2_ws/install/oxbot_interfaces/lib/liboxbot_interfaces__rosidl_generator_c.so
[3.828s] -- Up-to-date: /root/oxbot/src/ros2_ws/install/oxbot_interfaces/include/oxbot_interfaces/oxbot_interfaces
[3.829s] -- Up-to-date: /root/oxbot/src/ros2_ws/install/oxbot_interfaces/include/oxbot_interfaces/oxbot_interfaces/srv
[3.829s] -- Up-to-date: /root/oxbot/src/ros2_ws/install/oxbot_interfaces/include/oxbot_interfaces/oxbot_interfaces/srv/detail
[3.830s] -- Up-to-date: /root/oxbot/src/ros2_ws/install/oxbot_interfaces/include/oxbot_interfaces/oxbot_interfaces/srv/detail/compute_rectangle_area__rosidl_typesupport_fastrtps_c.h
[3.831s] -- Up-to-date: /root/oxbot/src/ros2_ws/install/oxbot_interfaces/include/oxbot_interfaces/oxbot_interfaces/msg
[3.831s] -- Up-to-date: /root/oxbot/src/ros2_ws/install/oxbot_interfaces/include/oxbot_interfaces/oxbot_interfaces/msg/rosidl_typesupport_fastrtps_c__visibility_control.h
[3.832s] -- Up-to-date: /root/oxbot/src/ros2_ws/install/oxbot_interfaces/include/oxbot_interfaces/oxbot_interfaces/msg/detail
[3.833s] -- Up-to-date: /root/oxbot/src/ros2_ws/install/oxbot_interfaces/include/oxbot_interfaces/oxbot_interfaces/msg/detail/hoverboard_command__rosidl_typesupport_fastrtps_c.h
[3.833s] -- Up-to-date: /root/oxbot/src/ros2_ws/install/oxbot_interfaces/include/oxbot_interfaces/oxbot_interfaces/msg/detail/hoverboard_feedback__rosidl_typesupport_fastrtps_c.h
[3.834s] -- Up-to-date: /root/oxbot/src/ros2_ws/install/oxbot_interfaces/include/oxbot_interfaces/oxbot_interfaces/msg/detail/motion_control_output__rosidl_typesupport_fastrtps_c.h
[3.835s] -- Up-to-date: /root/oxbot/src/ros2_ws/install/oxbot_interfaces/lib/liboxbot_interfaces__rosidl_typesupport_fastrtps_c.so
[3.835s] -- Up-to-date: /root/oxbot/src/ros2_ws/install/oxbot_interfaces/include/oxbot_interfaces/oxbot_interfaces
[3.836s] -- Up-to-date: /root/oxbot/src/ros2_ws/install/oxbot_interfaces/include/oxbot_interfaces/oxbot_interfaces/srv
[3.837s] -- Up-to-date: /root/oxbot/src/ros2_ws/install/oxbot_interfaces/include/oxbot_interfaces/oxbot_interfaces/srv/detail
[3.838s] -- Up-to-date: /root/oxbot/src/ros2_ws/install/oxbot_interfaces/include/oxbot_interfaces/oxbot_interfaces/srv/detail/compute_rectangle_area__rosidl_typesupport_introspection_c.h
[3.838s] -- Up-to-date: /root/oxbot/src/ros2_ws/install/oxbot_interfaces/include/oxbot_interfaces/oxbot_interfaces/srv/detail/compute_rectangle_area__type_support.c
[3.839s] -- Up-to-date: /root/oxbot/src/ros2_ws/install/oxbot_interfaces/include/oxbot_interfaces/oxbot_interfaces/msg
[3.840s] -- Up-to-date: /root/oxbot/src/ros2_ws/install/oxbot_interfaces/include/oxbot_interfaces/oxbot_interfaces/msg/detail
[3.840s] -- Up-to-date: /root/oxbot/src/ros2_ws/install/oxbot_interfaces/include/oxbot_interfaces/oxbot_interfaces/msg/detail/motion_control_output__type_support.c
[3.841s] -- Up-to-date: /root/oxbot/src/ros2_ws/install/oxbot_interfaces/include/oxbot_interfaces/oxbot_interfaces/msg/detail/hoverboard_feedback__type_support.c
[3.842s] -- Up-to-date: /root/oxbot/src/ros2_ws/install/oxbot_interfaces/include/oxbot_interfaces/oxbot_interfaces/msg/detail/hoverboard_command__rosidl_typesupport_introspection_c.h
[3.843s] -- Up-to-date: /root/oxbot/src/ros2_ws/install/oxbot_interfaces/include/oxbot_interfaces/oxbot_interfaces/msg/detail/hoverboard_command__type_support.c
[3.844s] -- Up-to-date: /root/oxbot/src/ros2_ws/install/oxbot_interfaces/include/oxbot_interfaces/oxbot_interfaces/msg/detail/hoverboard_feedback__rosidl_typesupport_introspection_c.h
[3.845s] -- Up-to-date: /root/oxbot/src/ros2_ws/install/oxbot_interfaces/include/oxbot_interfaces/oxbot_interfaces/msg/detail/motion_control_output__rosidl_typesupport_introspection_c.h
[3.846s] -- Up-to-date: /root/oxbot/src/ros2_ws/install/oxbot_interfaces/include/oxbot_interfaces/oxbot_interfaces/msg/rosidl_typesupport_introspection_c__visibility_control.h
[3.847s] -- Up-to-date: /root/oxbot/src/ros2_ws/install/oxbot_interfaces/lib/liboxbot_interfaces__rosidl_typesupport_introspection_c.so
[3.847s] -- Up-to-date: /root/oxbot/src/ros2_ws/install/oxbot_interfaces/lib/liboxbot_interfaces__rosidl_typesupport_c.so
[3.848s] -- Up-to-date: /root/oxbot/src/ros2_ws/install/oxbot_interfaces/include/oxbot_interfaces/oxbot_interfaces
[3.849s] -- Up-to-date: /root/oxbot/src/ros2_ws/install/oxbot_interfaces/include/oxbot_interfaces/oxbot_interfaces/srv
[3.850s] -- Up-to-date: /root/oxbot/src/ros2_ws/install/oxbot_interfaces/include/oxbot_interfaces/oxbot_interfaces/srv/compute_rectangle_area.hpp
[3.850s] -- Up-to-date: /root/oxbot/src/ros2_ws/install/oxbot_interfaces/include/oxbot_interfaces/oxbot_interfaces/srv/detail
[3.851s] -- Up-to-date: /root/oxbot/src/ros2_ws/install/oxbot_interfaces/include/oxbot_interfaces/oxbot_interfaces/srv/detail/compute_rectangle_area__struct.hpp
[3.851s] -- Up-to-date: /root/oxbot/src/ros2_ws/install/oxbot_interfaces/include/oxbot_interfaces/oxbot_interfaces/srv/detail/compute_rectangle_area__traits.hpp
[3.852s] -- Up-to-date: /root/oxbot/src/ros2_ws/install/oxbot_interfaces/include/oxbot_interfaces/oxbot_interfaces/srv/detail/compute_rectangle_area__builder.hpp
[3.853s] -- Up-to-date: /root/oxbot/src/ros2_ws/install/oxbot_interfaces/include/oxbot_interfaces/oxbot_interfaces/msg
[3.853s] -- Up-to-date: /root/oxbot/src/ros2_ws/install/oxbot_interfaces/include/oxbot_interfaces/oxbot_interfaces/msg/motion_control_output.hpp
[3.854s] -- Up-to-date: /root/oxbot/src/ros2_ws/install/oxbot_interfaces/include/oxbot_interfaces/oxbot_interfaces/msg/hoverboard_command.hpp
[3.854s] -- Up-to-date: /root/oxbot/src/ros2_ws/install/oxbot_interfaces/include/oxbot_interfaces/oxbot_interfaces/msg/hoverboard_feedback.hpp
[3.855s] -- Up-to-date: /root/oxbot/src/ros2_ws/install/oxbot_interfaces/include/oxbot_interfaces/oxbot_interfaces/msg/detail
[3.855s] -- Up-to-date: /root/oxbot/src/ros2_ws/install/oxbot_interfaces/include/oxbot_interfaces/oxbot_interfaces/msg/detail/hoverboard_command__traits.hpp
[3.856s] -- Up-to-date: /root/oxbot/src/ros2_ws/install/oxbot_interfaces/include/oxbot_interfaces/oxbot_interfaces/msg/detail/hoverboard_feedback__builder.hpp
[3.857s] -- Up-to-date: /root/oxbot/src/ros2_ws/install/oxbot_interfaces/include/oxbot_interfaces/oxbot_interfaces/msg/detail/motion_control_output__struct.hpp
[3.857s] -- Up-to-date: /root/oxbot/src/ros2_ws/install/oxbot_interfaces/include/oxbot_interfaces/oxbot_interfaces/msg/detail/hoverboard_feedback__struct.hpp
[3.858s] -- Up-to-date: /root/oxbot/src/ros2_ws/install/oxbot_interfaces/include/oxbot_interfaces/oxbot_interfaces/msg/detail/motion_control_output__traits.hpp
[3.858s] -- Up-to-date: /root/oxbot/src/ros2_ws/install/oxbot_interfaces/include/oxbot_interfaces/oxbot_interfaces/msg/detail/hoverboard_command__struct.hpp
[3.859s] -- Up-to-date: /root/oxbot/src/ros2_ws/install/oxbot_interfaces/include/oxbot_interfaces/oxbot_interfaces/msg/detail/motion_control_output__builder.hpp
[3.859s] -- Up-to-date: /root/oxbot/src/ros2_ws/install/oxbot_interfaces/include/oxbot_interfaces/oxbot_interfaces/msg/detail/hoverboard_command__builder.hpp
[3.860s] -- Up-to-date: /root/oxbot/src/ros2_ws/install/oxbot_interfaces/include/oxbot_interfaces/oxbot_interfaces/msg/detail/hoverboard_feedback__traits.hpp
[3.861s] -- Up-to-date: /root/oxbot/src/ros2_ws/install/oxbot_interfaces/include/oxbot_interfaces/oxbot_interfaces
[3.861s] -- Up-to-date: /root/oxbot/src/ros2_ws/install/oxbot_interfaces/include/oxbot_interfaces/oxbot_interfaces/srv
[3.862s] -- Up-to-date: /root/oxbot/src/ros2_ws/install/oxbot_interfaces/include/oxbot_interfaces/oxbot_interfaces/srv/detail
[3.862s] -- Up-to-date: /root/oxbot/src/ros2_ws/install/oxbot_interfaces/include/oxbot_interfaces/oxbot_interfaces/srv/detail/compute_rectangle_area__rosidl_typesupport_fastrtps_cpp.hpp
[3.863s] -- Up-to-date: /root/oxbot/src/ros2_ws/install/oxbot_interfaces/include/oxbot_interfaces/oxbot_interfaces/srv/detail/dds_fastrtps
[3.863s] -- Up-to-date: /root/oxbot/src/ros2_ws/install/oxbot_interfaces/include/oxbot_interfaces/oxbot_interfaces/msg
[3.864s] -- Up-to-date: /root/oxbot/src/ros2_ws/install/oxbot_interfaces/include/oxbot_interfaces/oxbot_interfaces/msg/rosidl_typesupport_fastrtps_cpp__visibility_control.h
[3.865s] -- Up-to-date: /root/oxbot/src/ros2_ws/install/oxbot_interfaces/include/oxbot_interfaces/oxbot_interfaces/msg/detail
[3.865s] -- Up-to-date: /root/oxbot/src/ros2_ws/install/oxbot_interfaces/include/oxbot_interfaces/oxbot_interfaces/msg/detail/hoverboard_feedback__rosidl_typesupport_fastrtps_cpp.hpp
[3.866s] -- Up-to-date: /root/oxbot/src/ros2_ws/install/oxbot_interfaces/include/oxbot_interfaces/oxbot_interfaces/msg/detail/motion_control_output__rosidl_typesupport_fastrtps_cpp.hpp
[3.866s] -- Up-to-date: /root/oxbot/src/ros2_ws/install/oxbot_interfaces/include/oxbot_interfaces/oxbot_interfaces/msg/detail/hoverboard_command__rosidl_typesupport_fastrtps_cpp.hpp
[3.867s] -- Up-to-date: /root/oxbot/src/ros2_ws/install/oxbot_interfaces/include/oxbot_interfaces/oxbot_interfaces/msg/detail/dds_fastrtps
[3.867s] -- Up-to-date: /root/oxbot/src/ros2_ws/install/oxbot_interfaces/lib/liboxbot_interfaces__rosidl_typesupport_fastrtps_cpp.so
[3.868s] -- Up-to-date: /root/oxbot/src/ros2_ws/install/oxbot_interfaces/include/oxbot_interfaces/oxbot_interfaces
[3.868s] -- Up-to-date: /root/oxbot/src/ros2_ws/install/oxbot_interfaces/include/oxbot_interfaces/oxbot_interfaces/srv
[3.869s] -- Up-to-date: /root/oxbot/src/ros2_ws/install/oxbot_interfaces/include/oxbot_interfaces/oxbot_interfaces/srv/detail
[3.870s] -- Up-to-date: /root/oxbot/src/ros2_ws/install/oxbot_interfaces/include/oxbot_interfaces/oxbot_interfaces/srv/detail/compute_rectangle_area__rosidl_typesupport_introspection_cpp.hpp
[3.870s] -- Up-to-date: /root/oxbot/src/ros2_ws/install/oxbot_interfaces/include/oxbot_interfaces/oxbot_interfaces/srv/detail/compute_rectangle_area__type_support.cpp
[3.871s] -- Up-to-date: /root/oxbot/src/ros2_ws/install/oxbot_interfaces/include/oxbot_interfaces/oxbot_interfaces/msg
[3.871s] -- Up-to-date: /root/oxbot/src/ros2_ws/install/oxbot_interfaces/include/oxbot_interfaces/oxbot_interfaces/msg/detail
[3.872s] -- Up-to-date: /root/oxbot/src/ros2_ws/install/oxbot_interfaces/include/oxbot_interfaces/oxbot_interfaces/msg/detail/hoverboard_feedback__type_support.cpp
[3.873s] -- Up-to-date: /root/oxbot/src/ros2_ws/install/oxbot_interfaces/include/oxbot_interfaces/oxbot_interfaces/msg/detail/hoverboard_command__type_support.cpp
[3.873s] -- Up-to-date: /root/oxbot/src/ros2_ws/install/oxbot_interfaces/include/oxbot_interfaces/oxbot_interfaces/msg/detail/motion_control_output__rosidl_typesupport_introspection_cpp.hpp
[3.874s] -- Up-to-date: /root/oxbot/src/ros2_ws/install/oxbot_interfaces/include/oxbot_interfaces/oxbot_interfaces/msg/detail/hoverboard_command__rosidl_typesupport_introspection_cpp.hpp
[3.874s] -- Up-to-date: /root/oxbot/src/ros2_ws/install/oxbot_interfaces/include/oxbot_interfaces/oxbot_interfaces/msg/detail/hoverboard_feedback__rosidl_typesupport_introspection_cpp.hpp
[3.875s] -- Up-to-date: /root/oxbot/src/ros2_ws/install/oxbot_interfaces/include/oxbot_interfaces/oxbot_interfaces/msg/detail/motion_control_output__type_support.cpp
[3.875s] -- Up-to-date: /root/oxbot/src/ros2_ws/install/oxbot_interfaces/lib/liboxbot_interfaces__rosidl_typesupport_introspection_cpp.so
[3.876s] -- Up-to-date: /root/oxbot/src/ros2_ws/install/oxbot_interfaces/lib/liboxbot_interfaces__rosidl_typesupport_cpp.so
[3.876s] -- Up-to-date: /root/oxbot/src/ros2_ws/install/oxbot_interfaces/share/oxbot_interfaces/environment/pythonpath.sh
[3.877s] -- Up-to-date: /root/oxbot/src/ros2_ws/install/oxbot_interfaces/share/oxbot_interfaces/environment/pythonpath.dsv
[3.878s] -- Up-to-date: /root/oxbot/src/ros2_ws/install/oxbot_interfaces/lib/python3.6/site-packages/oxbot_interfaces-0.0.0-py3.6.egg-info
[3.878s] -- Installing: /root/oxbot/src/ros2_ws/install/oxbot_interfaces/lib/python3.6/site-packages/oxbot_interfaces-0.0.0-py3.6.egg-info/SOURCES.txt
[3.879s] -- Installing: /root/oxbot/src/ros2_ws/install/oxbot_interfaces/lib/python3.6/site-packages/oxbot_interfaces-0.0.0-py3.6.egg-info/dependency_links.txt
[3.879s] -- Installing: /root/oxbot/src/ros2_ws/install/oxbot_interfaces/lib/python3.6/site-packages/oxbot_interfaces-0.0.0-py3.6.egg-info/top_level.txt
[3.880s] -- Installing: /root/oxbot/src/ros2_ws/install/oxbot_interfaces/lib/python3.6/site-packages/oxbot_interfaces-0.0.0-py3.6.egg-info/PKG-INFO
[3.880s] -- Up-to-date: /root/oxbot/src/ros2_ws/install/oxbot_interfaces/lib/python3.6/site-packages/oxbot_interfaces
[3.881s] -- Up-to-date: /root/oxbot/src/ros2_ws/install/oxbot_interfaces/lib/python3.6/site-packages/oxbot_interfaces/srv
[3.881s] -- Up-to-date: /root/oxbot/src/ros2_ws/install/oxbot_interfaces/lib/python3.6/site-packages/oxbot_interfaces/srv/__init__.py
[3.882s] -- Up-to-date: /root/oxbot/src/ros2_ws/install/oxbot_interfaces/lib/python3.6/site-packages/oxbot_interfaces/srv/_compute_rectangle_area_s.c
[3.883s] -- Up-to-date: /root/oxbot/src/ros2_ws/install/oxbot_interfaces/lib/python3.6/site-packages/oxbot_interfaces/srv/_compute_rectangle_area.py
[3.883s] -- Up-to-date: /root/oxbot/src/ros2_ws/install/oxbot_interfaces/lib/python3.6/site-packages/oxbot_interfaces/__init__.py
[3.884s] -- Up-to-date: /root/oxbot/src/ros2_ws/install/oxbot_interfaces/lib/python3.6/site-packages/oxbot_interfaces/oxbot_interfaces_s__rosidl_typesupport_c.cpython-36m-aarch64-linux-gnu.so
[3.884s] -- Up-to-date: /root/oxbot/src/ros2_ws/install/oxbot_interfaces/lib/python3.6/site-packages/oxbot_interfaces/oxbot_interfaces_s__rosidl_typesupport_introspection_c.cpython-36m-aarch64-linux-gnu.so
[3.885s] -- Up-to-date: /root/oxbot/src/ros2_ws/install/oxbot_interfaces/lib/python3.6/site-packages/oxbot_interfaces/msg
[3.885s] -- Up-to-date: /root/oxbot/src/ros2_ws/install/oxbot_interfaces/lib/python3.6/site-packages/oxbot_interfaces/msg/_hoverboard_feedback.py
[3.886s] -- Up-to-date: /root/oxbot/src/ros2_ws/install/oxbot_interfaces/lib/python3.6/site-packages/oxbot_interfaces/msg/_hoverboard_feedback_s.c
[3.887s] -- Up-to-date: /root/oxbot/src/ros2_ws/install/oxbot_interfaces/lib/python3.6/site-packages/oxbot_interfaces/msg/__init__.py
[3.887s] -- Up-to-date: /root/oxbot/src/ros2_ws/install/oxbot_interfaces/lib/python3.6/site-packages/oxbot_interfaces/msg/_hoverboard_command_s.c
[3.888s] -- Up-to-date: /root/oxbot/src/ros2_ws/install/oxbot_interfaces/lib/python3.6/site-packages/oxbot_interfaces/msg/_motion_control_output.py
[3.888s] -- Up-to-date: /root/oxbot/src/ros2_ws/install/oxbot_interfaces/lib/python3.6/site-packages/oxbot_interfaces/msg/_motion_control_output_s.c
[3.889s] -- Up-to-date: /root/oxbot/src/ros2_ws/install/oxbot_interfaces/lib/python3.6/site-packages/oxbot_interfaces/msg/_hoverboard_command.py
[3.890s] -- Up-to-date: /root/oxbot/src/ros2_ws/install/oxbot_interfaces/lib/python3.6/site-packages/oxbot_interfaces/oxbot_interfaces_s__rosidl_typesupport_fastrtps_c.cpython-36m-aarch64-linux-gnu.so
[3.890s] -- Up-to-date: /root/oxbot/src/ros2_ws/install/oxbot_interfaces/lib/python3.6/site-packages/oxbot_interfaces/liboxbot_interfaces__rosidl_generator_py.so
[3.891s] -- Up-to-date: /root/oxbot/src/ros2_ws/install/oxbot_interfaces/lib/python3.6/site-packages/oxbot_interfaces/_oxbot_interfaces_s.ep.rosidl_typesupport_introspection_c.c
[3.892s] -- Up-to-date: /root/oxbot/src/ros2_ws/install/oxbot_interfaces/lib/python3.6/site-packages/oxbot_interfaces/_oxbot_interfaces_s.ep.rosidl_typesupport_c.c
[3.892s] -- Up-to-date: /root/oxbot/src/ros2_ws/install/oxbot_interfaces/lib/python3.6/site-packages/oxbot_interfaces/_oxbot_interfaces_s.ep.rosidl_typesupport_fastrtps_c.c
[4.001s] Listing '/root/oxbot/src/ros2_ws/install/oxbot_interfaces/lib/python3.6/site-packages/oxbot_interfaces'...
[4.001s] Listing '/root/oxbot/src/ros2_ws/install/oxbot_interfaces/lib/python3.6/site-packages/oxbot_interfaces/msg'...
[4.002s] Listing '/root/oxbot/src/ros2_ws/install/oxbot_interfaces/lib/python3.6/site-packages/oxbot_interfaces/srv'...
[4.023s] -- Up-to-date: /root/oxbot/src/ros2_ws/install/oxbot_interfaces/lib/python3.6/site-packages/oxbot_interfaces/oxbot_interfaces_s__rosidl_typesupport_fastrtps_c.cpython-36m-aarch64-linux-gnu.so
[4.025s] -- Up-to-date: /root/oxbot/src/ros2_ws/install/oxbot_interfaces/lib/python3.6/site-packages/oxbot_interfaces/oxbot_interfaces_s__rosidl_typesupport_introspection_c.cpython-36m-aarch64-linux-gnu.so
[4.026s] -- Up-to-date: /root/oxbot/src/ros2_ws/install/oxbot_interfaces/lib/python3.6/site-packages/oxbot_interfaces/oxbot_interfaces_s__rosidl_typesupport_c.cpython-36m-aarch64-linux-gnu.so
[4.027s] -- Up-to-date: /root/oxbot/src/ros2_ws/install/oxbot_interfaces/lib/liboxbot_interfaces__rosidl_generator_py.so
[4.028s] -- Up-to-date: /root/oxbot/src/ros2_ws/install/oxbot_interfaces/share/oxbot_interfaces/msg/HoverboardFeedback.idl
[4.030s] -- Up-to-date: /root/oxbot/src/ros2_ws/install/oxbot_interfaces/share/oxbot_interfaces/msg/HoverboardCommand.idl
[4.031s] -- Up-to-date: /root/oxbot/src/ros2_ws/install/oxbot_interfaces/share/oxbot_interfaces/msg/MotionControlOutput.idl
[4.032s] -- Up-to-date: /root/oxbot/src/ros2_ws/install/oxbot_interfaces/share/oxbot_interfaces/srv/ComputeRectangleArea.idl
[4.033s] -- Up-to-date: /root/oxbot/src/ros2_ws/install/oxbot_interfaces/share/oxbot_interfaces/msg/HoverboardFeedback.msg
[4.034s] -- Up-to-date: /root/oxbot/src/ros2_ws/install/oxbot_interfaces/share/oxbot_interfaces/msg/HoverboardCommand.msg
[4.035s] -- Up-to-date: /root/oxbot/src/ros2_ws/install/oxbot_interfaces/share/oxbot_interfaces/msg/MotionControlOutput.msg
[4.036s] -- Up-to-date: /root/oxbot/src/ros2_ws/install/oxbot_interfaces/share/oxbot_interfaces/srv/ComputeRectangleArea.srv
[4.037s] -- Up-to-date: /root/oxbot/src/ros2_ws/install/oxbot_interfaces/share/oxbot_interfaces/srv/ComputeRectangleArea_Request.msg
[4.038s] -- Up-to-date: /root/oxbot/src/ros2_ws/install/oxbot_interfaces/share/oxbot_interfaces/srv/ComputeRectangleArea_Response.msg
[4.039s] -- Up-to-date: /root/oxbot/src/ros2_ws/install/oxbot_interfaces/share/ament_index/resource_index/package_run_dependencies/oxbot_interfaces
[4.040s] -- Up-to-date: /root/oxbot/src/ros2_ws/install/oxbot_interfaces/share/ament_index/resource_index/parent_prefix_path/oxbot_interfaces
[4.040s] -- Up-to-date: /root/oxbot/src/ros2_ws/install/oxbot_interfaces/share/oxbot_interfaces/environment/ament_prefix_path.sh
[4.041s] -- Up-to-date: /root/oxbot/src/ros2_ws/install/oxbot_interfaces/share/oxbot_interfaces/environment/ament_prefix_path.dsv
[4.042s] -- Up-to-date: /root/oxbot/src/ros2_ws/install/oxbot_interfaces/share/oxbot_interfaces/environment/path.sh
[4.043s] -- Up-to-date: /root/oxbot/src/ros2_ws/install/oxbot_interfaces/share/oxbot_interfaces/environment/path.dsv
[4.044s] -- Up-to-date: /root/oxbot/src/ros2_ws/install/oxbot_interfaces/share/oxbot_interfaces/local_setup.bash
[4.045s] -- Up-to-date: /root/oxbot/src/ros2_ws/install/oxbot_interfaces/share/oxbot_interfaces/local_setup.sh
[4.046s] -- Up-to-date: /root/oxbot/src/ros2_ws/install/oxbot_interfaces/share/oxbot_interfaces/local_setup.zsh
[4.046s] -- Up-to-date: /root/oxbot/src/ros2_ws/install/oxbot_interfaces/share/oxbot_interfaces/local_setup.dsv
[4.047s] -- Installing: /root/oxbot/src/ros2_ws/install/oxbot_interfaces/share/oxbot_interfaces/package.dsv
[4.048s] -- Up-to-date: /root/oxbot/src/ros2_ws/install/oxbot_interfaces/share/ament_index/resource_index/packages/oxbot_interfaces
[4.048s] -- Up-to-date: /root/oxbot/src/ros2_ws/install/oxbot_interfaces/share/oxbot_interfaces/cmake/export_oxbot_interfaces__rosidl_generator_cExport.cmake
[4.049s] -- Up-to-date: /root/oxbot/src/ros2_ws/install/oxbot_interfaces/share/oxbot_interfaces/cmake/export_oxbot_interfaces__rosidl_generator_cExport-noconfig.cmake
[4.050s] -- Up-to-date: /root/oxbot/src/ros2_ws/install/oxbot_interfaces/share/oxbot_interfaces/cmake/export_oxbot_interfaces__rosidl_typesupport_fastrtps_cExport.cmake
[4.050s] -- Up-to-date: /root/oxbot/src/ros2_ws/install/oxbot_interfaces/share/oxbot_interfaces/cmake/export_oxbot_interfaces__rosidl_typesupport_fastrtps_cExport-noconfig.cmake
[4.051s] -- Up-to-date: /root/oxbot/src/ros2_ws/install/oxbot_interfaces/share/oxbot_interfaces/cmake/oxbot_interfaces__rosidl_typesupport_introspection_cExport.cmake
[4.052s] -- Up-to-date: /root/oxbot/src/ros2_ws/install/oxbot_interfaces/share/oxbot_interfaces/cmake/oxbot_interfaces__rosidl_typesupport_introspection_cExport-noconfig.cmake
[4.052s] -- Up-to-date: /root/oxbot/src/ros2_ws/install/oxbot_interfaces/share/oxbot_interfaces/cmake/oxbot_interfaces__rosidl_typesupport_cExport.cmake
[4.053s] -- Up-to-date: /root/oxbot/src/ros2_ws/install/oxbot_interfaces/share/oxbot_interfaces/cmake/oxbot_interfaces__rosidl_typesupport_cExport-noconfig.cmake
[4.054s] -- Up-to-date: /root/oxbot/src/ros2_ws/install/oxbot_interfaces/share/oxbot_interfaces/cmake/export_oxbot_interfaces__rosidl_generator_cppExport.cmake
[4.054s] -- Up-to-date: /root/oxbot/src/ros2_ws/install/oxbot_interfaces/share/oxbot_interfaces/cmake/export_oxbot_interfaces__rosidl_typesupport_fastrtps_cppExport.cmake
[4.055s] -- Up-to-date: /root/oxbot/src/ros2_ws/install/oxbot_interfaces/share/oxbot_interfaces/cmake/export_oxbot_interfaces__rosidl_typesupport_fastrtps_cppExport-noconfig.cmake
[4.056s] -- Up-to-date: /root/oxbot/src/ros2_ws/install/oxbot_interfaces/share/oxbot_interfaces/cmake/oxbot_interfaces__rosidl_typesupport_introspection_cppExport.cmake
[4.056s] -- Up-to-date: /root/oxbot/src/ros2_ws/install/oxbot_interfaces/share/oxbot_interfaces/cmake/oxbot_interfaces__rosidl_typesupport_introspection_cppExport-noconfig.cmake
[4.057s] -- Up-to-date: /root/oxbot/src/ros2_ws/install/oxbot_interfaces/share/oxbot_interfaces/cmake/oxbot_interfaces__rosidl_typesupport_cppExport.cmake
[4.058s] -- Up-to-date: /root/oxbot/src/ros2_ws/install/oxbot_interfaces/share/oxbot_interfaces/cmake/oxbot_interfaces__rosidl_typesupport_cppExport-noconfig.cmake
[4.058s] -- Up-to-date: /root/oxbot/src/ros2_ws/install/oxbot_interfaces/share/oxbot_interfaces/cmake/export_oxbot_interfaces__rosidl_generator_pyExport.cmake
[4.059s] -- Up-to-date: /root/oxbot/src/ros2_ws/install/oxbot_interfaces/share/oxbot_interfaces/cmake/export_oxbot_interfaces__rosidl_generator_pyExport-noconfig.cmake
[4.060s] -- Up-to-date: /root/oxbot/src/ros2_ws/install/oxbot_interfaces/share/oxbot_interfaces/cmake/rosidl_cmake-extras.cmake
[4.061s] -- Up-to-date: /root/oxbot/src/ros2_ws/install/oxbot_interfaces/share/oxbot_interfaces/cmake/ament_cmake_export_include_directories-extras.cmake
[4.061s] -- Up-to-date: /root/oxbot/src/ros2_ws/install/oxbot_interfaces/share/oxbot_interfaces/cmake/ament_cmake_export_libraries-extras.cmake
[4.062s] -- Up-to-date: /root/oxbot/src/ros2_ws/install/oxbot_interfaces/share/oxbot_interfaces/cmake/ament_cmake_export_targets-extras.cmake
[4.062s] -- Up-to-date: /root/oxbot/src/ros2_ws/install/oxbot_interfaces/share/oxbot_interfaces/cmake/rosidl_cmake_export_typesupport_targets-extras.cmake
[4.063s] -- Up-to-date: /root/oxbot/src/ros2_ws/install/oxbot_interfaces/share/oxbot_interfaces/cmake/ament_cmake_export_dependencies-extras.cmake
[4.064s] -- Up-to-date: /root/oxbot/src/ros2_ws/install/oxbot_interfaces/share/oxbot_interfaces/cmake/rosidl_cmake_export_typesupport_libraries-extras.cmake
[4.065s] -- Up-to-date: /root/oxbot/src/ros2_ws/install/oxbot_interfaces/share/oxbot_interfaces/cmake/oxbot_interfacesConfig.cmake
[4.065s] -- Up-to-date: /root/oxbot/src/ros2_ws/install/oxbot_interfaces/share/oxbot_interfaces/cmake/oxbot_interfacesConfig-version.cmake
[4.066s] -- Up-to-date: /root/oxbot/src/ros2_ws/install/oxbot_interfaces/share/oxbot_interfaces/package.xml
[4.085s] Invoked command in '/root/oxbot/src/ros2_ws/build/oxbot_interfaces' returned '0': /usr/local/bin/cmake --install /root/oxbot/src/ros2_ws/build/oxbot_interfaces
