[0.265s] Invoking command in '/root/oxbot/src/ros2_ws/build/oxbot_bringup': /usr/local/bin/cmake /root/oxbot/src/ros2_ws/src/oxbot_bringup -DCMAKE_INSTALL_PREFIX=/root/oxbot/src/ros2_ws/install/oxbot_bringup
[0.641s] -- The C compiler identification is GNU 7.5.0
[0.962s] -- The CXX compiler identification is GNU 7.5.0
[1.074s] -- Detecting C compiler ABI info
[1.491s] -- Detecting C compiler ABI info - done
[1.592s] -- Check for working C compiler: /usr/bin/cc - skipped
[1.595s] -- Detecting C compile features
[1.599s] -- Detecting C compile features - done
[1.649s] -- Detecting CXX compiler ABI info
[2.208s] -- Detecting CXX compiler ABI info - done
[2.346s] -- Check for working CXX compiler: /usr/bin/c++ - skipped
[2.348s] -- Detecting CXX compile features
[2.351s] -- Detecting CXX compile features - done
[2.378s] -- Found ament_cmake: 1.3.5 (/opt/ros/humble/install/share/ament_cmake/cmake)
[8.100s] -- Found Python3: /usr/bin/python3.6 (found version "3.6.9") found components: Interpreter 
[9.579s] -- Configuring done (9.2s)
[9.616s] -- Generating done (0.0s)
[9.623s] -- Build files have been written to: /root/oxbot/src/ros2_ws/build/oxbot_bringup
[9.684s] Invoked command in '/root/oxbot/src/ros2_ws/build/oxbot_bringup' returned '0': /usr/local/bin/cmake /root/oxbot/src/ros2_ws/src/oxbot_bringup -DCMAKE_INSTALL_PREFIX=/root/oxbot/src/ros2_ws/install/oxbot_bringup
[9.700s] Invoking command in '/root/oxbot/src/ros2_ws/build/oxbot_bringup': /usr/local/bin/cmake --build /root/oxbot/src/ros2_ws/build/oxbot_bringup -- -j4 -l4
[10.047s] Invoked command in '/root/oxbot/src/ros2_ws/build/oxbot_bringup' returned '0': /usr/local/bin/cmake --build /root/oxbot/src/ros2_ws/build/oxbot_bringup -- -j4 -l4
[10.923s] Invoking command in '/root/oxbot/src/ros2_ws/build/oxbot_bringup': /usr/local/bin/cmake --install /root/oxbot/src/ros2_ws/build/oxbot_bringup
[11.106s] -- Install configuration: ""
[11.107s] -- Up-to-date: /root/oxbot/src/ros2_ws/install/oxbot_bringup/share/oxbot_bringup/launch
[11.128s] -- Installing: /root/oxbot/src/ros2_ws/install/oxbot_bringup/share/oxbot_bringup/package.dsv
[11.180s] Invoked command in '/root/oxbot/src/ros2_ws/build/oxbot_bringup' returned '0': /usr/local/bin/cmake --install /root/oxbot/src/ros2_ws/build/oxbot_bringup
