[0.188s] Invoking command in '/root/oxbot/src/ros2_ws/build/motion_control': AMENT_PREFIX_PATH=/root/oxbot/src/ros2_ws/install/oxbot_interfaces:${AMENT_PREFIX_PATH} CMAKE_PREFIX_PATH=/root/oxbot/src/ros2_ws/install/oxbot_interfaces:${CMAKE_PREFIX_PATH} LD_LIBRARY_PATH=/root/oxbot/src/ros2_ws/install/oxbot_interfaces/lib:/opt/ros/humble/install/opt/rviz_ogre_vendor/lib:/opt/ros/humble/install/lib:/usr/local/cuda-10.2/targets/aarch64-linux/lib PYTHONPATH=/root/oxbot/src/ros2_ws/install/oxbot_interfaces/lib/python3.6/site-packages:${PYTHONPATH} /usr/local/bin/cmake --build /root/oxbot/src/ros2_ws/build/motion_control -- -j4 -l4
[0.411s] -- Found ament_cmake: 1.3.5 (/opt/ros/humble/install/share/ament_cmake/cmake)
[1.815s] -- Found rclcpp: 16.0.5 (/opt/ros/humble/install/share/rclcpp/cmake)
[2.065s] -- Found rosidl_generator_c: 3.1.5 (/opt/ros/humble/install/share/rosidl_generator_c/cmake)
[2.089s] -- Found rosidl_adapter: 3.1.5 (/opt/ros/humble/install/share/rosidl_adapter/cmake)
[2.141s] -- Found rosidl_generator_cpp: 3.1.5 (/opt/ros/humble/install/share/rosidl_generator_cpp/cmake)
[2.241s] -- Using all available rosidl_typesupport_c: rosidl_typesupport_fastrtps_c;rosidl_typesupport_introspection_c
[2.377s] -- Using all available rosidl_typesupport_cpp: rosidl_typesupport_fastrtps_cpp;rosidl_typesupport_introspection_cpp
[2.898s] -- Found rmw_implementation_cmake: 6.1.1 (/opt/ros/humble/install/share/rmw_implementation_cmake/cmake)
[2.912s] -- Found rmw_cyclonedds_cpp: 1.3.4 (/opt/ros/humble/install/share/rmw_cyclonedds_cpp/cmake)
[3.184s] -- Using RMW implementation 'rmw_cyclonedds_cpp' as default
[4.302s] -- Found oxbot_interfaces: 0.0.0 (/root/oxbot/src/ros2_ws/install/oxbot_interfaces/share/oxbot_interfaces/cmake)
[4.441s] -- Found ament_lint_auto: 0.12.7 (/opt/ros/humble/install/share/ament_lint_auto/cmake)
[5.106s] -- Added test 'cppcheck' to perform static code analysis on C / C++ code
[5.106s] -- Configured cppcheck include dirs: 
[5.107s] -- Configured cppcheck exclude dirs and/or files: 
[5.113s] -- Added test 'lint_cmake' to check CMake code style
[5.120s] -- Added test 'uncrustify' to check C / C++ code style
[5.121s] -- Configured uncrustify additional arguments: 
[5.126s] -- Added test 'xmllint' to check XML markup files
[5.135s] -- Configuring done (4.7s)
[5.208s] -- Generating done (0.0s)
[5.215s] -- Build files have been written to: /root/oxbot/src/ros2_ws/build/motion_control
[5.314s] [ 50%] [32m[1mLinking CXX executable motion_controller[0m
[5.795s] CMakeFiles/motion_controller.dir/src/motion_controller.cpp.o: In function `void __gnu_cxx::new_allocator<MotionControllerNode>::construct<MotionControllerNode>(MotionControllerNode*)':
[5.796s] motion_controller.cpp:(.text._ZN9__gnu_cxx13new_allocatorI20MotionControllerNodeE9constructIS1_JEEEvPT_DpOT0_[_ZN9__gnu_cxx13new_allocatorI20MotionControllerNodeE9constructIS1_JEEEvPT_DpOT0_]+0x30): undefined reference to `MotionControllerNode::MotionControllerNode()'
[5.800s] collect2: error: ld returned 1 exit status
[5.804s] CMakeFiles/motion_controller.dir/build.make:158: recipe for target 'motion_controller' failed
[5.805s] CMakeFiles/Makefile2:136: recipe for target 'CMakeFiles/motion_controller.dir/all' failed
[5.808s] Makefile:145: recipe for target 'all' failed
[5.808s] make[2]: *** [motion_controller] Error 1
[5.809s] make[1]: *** [CMakeFiles/motion_controller.dir/all] Error 2
[5.810s] make: *** [all] Error 2
[5.836s] Invoked command in '/root/oxbot/src/ros2_ws/build/motion_control' returned '2': AMENT_PREFIX_PATH=/root/oxbot/src/ros2_ws/install/oxbot_interfaces:${AMENT_PREFIX_PATH} CMAKE_PREFIX_PATH=/root/oxbot/src/ros2_ws/install/oxbot_interfaces:${CMAKE_PREFIX_PATH} LD_LIBRARY_PATH=/root/oxbot/src/ros2_ws/install/oxbot_interfaces/lib:/opt/ros/humble/install/opt/rviz_ogre_vendor/lib:/opt/ros/humble/install/lib:/usr/local/cuda-10.2/targets/aarch64-linux/lib PYTHONPATH=/root/oxbot/src/ros2_ws/install/oxbot_interfaces/lib/python3.6/site-packages:${PYTHONPATH} /usr/local/bin/cmake --build /root/oxbot/src/ros2_ws/build/motion_control -- -j4 -l4
