[23.937s] DEBUG:colcon:Command line arguments: ['/usr/bin/colcon', 'build', '--packages-select', 'oxbot_config', 'motion_control']
[23.937s] DEBUG:colcon:Parsed command line arguments: Namespace(ament_cmake_args=None, base_paths=['.'], build_base='build', catkin_cmake_args=None, catkin_skip_building_tests=False, cmake_args=None, cmake_clean_cache=False, cmake_clean_first=False, cmake_force_configure=False, cmake_target=None, cmake_target_skip_unavailable=False, continue_on_error=False, event_handlers=None, executor='parallel', ignore_user_meta=False, install_base='install', log_base=None, log_level=None, main=<bound method BuildVerb.main of <colcon_core.verb.build.BuildVerb object at 0x7fa8da9e10>>, merge_install=False, metas=['./colcon.meta'], packages_above=None, packages_above_and_dependencies=None, packages_above_depth=None, packages_end=None, packages_ignore=None, packages_ignore_regex=None, packages_select=['oxbot_config', 'motion_control'], packages_select_build_failed=False, packages_select_by_dep=None, packages_select_regex=None, packages_select_test_failures=False, packages_skip=None, packages_skip_build_finished=False, packages_skip_by_dep=None, packages_skip_regex=None, packages_skip_test_passed=False, packages_skip_up_to=None, packages_start=None, packages_up_to=None, packages_up_to_regex=None, parallel_workers=4, paths=None, symlink_install=False, test_result_base=None, verb_extension=<colcon_core.verb.build.BuildVerb object at 0x7fa8da9e10>, verb_name='build', verb_parser=<colcon_defaults.argument_parser.defaults.DefaultArgumentsDecorator object at 0x7fa8d226d8>)
[25.621s] Level 1:colcon.colcon_core.package_discovery:discover_packages(colcon_meta) check parameters
[25.622s] Level 1:colcon.colcon_core.package_discovery:discover_packages(recursive) check parameters
[25.622s] Level 1:colcon.colcon_core.package_discovery:discover_packages(ignore) check parameters
[25.622s] Level 1:colcon.colcon_core.package_discovery:discover_packages(path) check parameters
[25.623s] Level 1:colcon.colcon_core.package_discovery:discover_packages(colcon_meta) discover
[25.624s] Level 1:colcon.colcon_core.package_discovery:discover_packages(recursive) discover
[25.625s] INFO:colcon.colcon_core.package_discovery:Crawling recursively for packages in '/root/oxbot'
[25.625s] Level 1:colcon.colcon_core.package_identification:_identify(.) by extensions ['ignore', 'ignore_ament_install']
[25.626s] Level 1:colcon.colcon_core.package_identification:_identify(.) by extension 'ignore'
[25.626s] Level 1:colcon.colcon_core.package_identification:_identify(.) by extension 'ignore_ament_install'
[25.627s] Level 1:colcon.colcon_core.package_identification:_identify(.) by extensions ['colcon_pkg']
[25.627s] Level 1:colcon.colcon_core.package_identification:_identify(.) by extension 'colcon_pkg'
[25.627s] Level 1:colcon.colcon_core.package_identification:_identify(.) by extensions ['colcon_meta']
[25.628s] Level 1:colcon.colcon_core.package_identification:_identify(.) by extension 'colcon_meta'
[25.628s] Level 1:colcon.colcon_core.package_identification:_identify(.) by extensions ['ros']
[25.628s] Level 1:colcon.colcon_core.package_identification:_identify(.) by extension 'ros'
[25.940s] Level 1:colcon.colcon_core.package_identification:_identify(.) by extensions ['cmake', 'python']
[25.941s] Level 1:colcon.colcon_core.package_identification:_identify(.) by extension 'cmake'
[25.941s] Level 1:colcon.colcon_core.package_identification:_identify(.) by extension 'python'
[25.941s] Level 1:colcon.colcon_core.package_identification:_identify(.) by extensions ['python_setup_py']
[25.942s] Level 1:colcon.colcon_core.package_identification:_identify(.) by extension 'python_setup_py'
[25.942s] Level 1:colcon.colcon_core.package_identification:_identify(build) by extensions ['ignore', 'ignore_ament_install']
[25.943s] Level 1:colcon.colcon_core.package_identification:_identify(build) by extension 'ignore'
[25.943s] Level 1:colcon.colcon_core.package_identification:_identify(build) ignored
[25.950s] Level 1:colcon.colcon_core.package_identification:_identify(cad) by extensions ['ignore', 'ignore_ament_install']
[25.951s] Level 1:colcon.colcon_core.package_identification:_identify(cad) by extension 'ignore'
[25.951s] Level 1:colcon.colcon_core.package_identification:_identify(cad) by extension 'ignore_ament_install'
[25.952s] Level 1:colcon.colcon_core.package_identification:_identify(cad) by extensions ['colcon_pkg']
[25.952s] Level 1:colcon.colcon_core.package_identification:_identify(cad) by extension 'colcon_pkg'
[25.952s] Level 1:colcon.colcon_core.package_identification:_identify(cad) by extensions ['colcon_meta']
[25.953s] Level 1:colcon.colcon_core.package_identification:_identify(cad) by extension 'colcon_meta'
[25.953s] Level 1:colcon.colcon_core.package_identification:_identify(cad) by extensions ['ros']
[25.953s] Level 1:colcon.colcon_core.package_identification:_identify(cad) by extension 'ros'
[25.954s] Level 1:colcon.colcon_core.package_identification:_identify(cad) by extensions ['cmake', 'python']
[25.954s] Level 1:colcon.colcon_core.package_identification:_identify(cad) by extension 'cmake'
[25.954s] Level 1:colcon.colcon_core.package_identification:_identify(cad) by extension 'python'
[25.954s] Level 1:colcon.colcon_core.package_identification:_identify(cad) by extensions ['python_setup_py']
[25.955s] Level 1:colcon.colcon_core.package_identification:_identify(cad) by extension 'python_setup_py'
[25.955s] Level 1:colcon.colcon_core.package_identification:_identify(install) by extensions ['ignore', 'ignore_ament_install']
[25.956s] Level 1:colcon.colcon_core.package_identification:_identify(install) by extension 'ignore'
[25.956s] Level 1:colcon.colcon_core.package_identification:_identify(install) ignored
[25.957s] Level 1:colcon.colcon_core.package_identification:_identify(log) by extensions ['ignore', 'ignore_ament_install']
[25.957s] Level 1:colcon.colcon_core.package_identification:_identify(log) by extension 'ignore'
[25.958s] Level 1:colcon.colcon_core.package_identification:_identify(log) ignored
[25.958s] Level 1:colcon.colcon_core.package_identification:_identify(prompts) by extensions ['ignore', 'ignore_ament_install']
[25.959s] Level 1:colcon.colcon_core.package_identification:_identify(prompts) by extension 'ignore'
[25.959s] Level 1:colcon.colcon_core.package_identification:_identify(prompts) by extension 'ignore_ament_install'
[25.959s] Level 1:colcon.colcon_core.package_identification:_identify(prompts) by extensions ['colcon_pkg']
[25.959s] Level 1:colcon.colcon_core.package_identification:_identify(prompts) by extension 'colcon_pkg'
[25.960s] Level 1:colcon.colcon_core.package_identification:_identify(prompts) by extensions ['colcon_meta']
[25.960s] Level 1:colcon.colcon_core.package_identification:_identify(prompts) by extension 'colcon_meta'
[25.960s] Level 1:colcon.colcon_core.package_identification:_identify(prompts) by extensions ['ros']
[25.961s] Level 1:colcon.colcon_core.package_identification:_identify(prompts) by extension 'ros'
[25.968s] Level 1:colcon.colcon_core.package_identification:_identify(prompts) by extensions ['cmake', 'python']
[25.968s] Level 1:colcon.colcon_core.package_identification:_identify(prompts) by extension 'cmake'
[25.969s] Level 1:colcon.colcon_core.package_identification:_identify(prompts) by extension 'python'
[25.969s] Level 1:colcon.colcon_core.package_identification:_identify(prompts) by extensions ['python_setup_py']
[25.969s] Level 1:colcon.colcon_core.package_identification:_identify(prompts) by extension 'python_setup_py'
[25.970s] Level 1:colcon.colcon_core.package_identification:_identify(prompts/joystick_control) by extensions ['ignore', 'ignore_ament_install']
[25.970s] Level 1:colcon.colcon_core.package_identification:_identify(prompts/joystick_control) by extension 'ignore'
[25.971s] Level 1:colcon.colcon_core.package_identification:_identify(prompts/joystick_control) by extension 'ignore_ament_install'
[25.971s] Level 1:colcon.colcon_core.package_identification:_identify(prompts/joystick_control) by extensions ['colcon_pkg']
[25.971s] Level 1:colcon.colcon_core.package_identification:_identify(prompts/joystick_control) by extension 'colcon_pkg'
[25.972s] Level 1:colcon.colcon_core.package_identification:_identify(prompts/joystick_control) by extensions ['colcon_meta']
[25.972s] Level 1:colcon.colcon_core.package_identification:_identify(prompts/joystick_control) by extension 'colcon_meta'
[25.972s] Level 1:colcon.colcon_core.package_identification:_identify(prompts/joystick_control) by extensions ['ros']
[25.972s] Level 1:colcon.colcon_core.package_identification:_identify(prompts/joystick_control) by extension 'ros'
[25.973s] Level 1:colcon.colcon_core.package_identification:_identify(prompts/joystick_control) by extensions ['cmake', 'python']
[25.973s] Level 1:colcon.colcon_core.package_identification:_identify(prompts/joystick_control) by extension 'cmake'
[25.974s] Level 1:colcon.colcon_core.package_identification:_identify(prompts/joystick_control) by extension 'python'
[25.975s] Level 1:colcon.colcon_core.package_identification:_identify(prompts/joystick_control) by extensions ['python_setup_py']
[25.975s] Level 1:colcon.colcon_core.package_identification:_identify(prompts/joystick_control) by extension 'python_setup_py'
[25.976s] Level 1:colcon.colcon_core.package_identification:_identify(scripts) by extensions ['ignore', 'ignore_ament_install']
[25.977s] Level 1:colcon.colcon_core.package_identification:_identify(scripts) by extension 'ignore'
[25.978s] Level 1:colcon.colcon_core.package_identification:_identify(scripts) by extension 'ignore_ament_install'
[25.978s] Level 1:colcon.colcon_core.package_identification:_identify(scripts) by extensions ['colcon_pkg']
[25.978s] Level 1:colcon.colcon_core.package_identification:_identify(scripts) by extension 'colcon_pkg'
[25.979s] Level 1:colcon.colcon_core.package_identification:_identify(scripts) by extensions ['colcon_meta']
[25.979s] Level 1:colcon.colcon_core.package_identification:_identify(scripts) by extension 'colcon_meta'
[25.983s] Level 1:colcon.colcon_core.package_identification:_identify(scripts) by extensions ['ros']
[25.984s] Level 1:colcon.colcon_core.package_identification:_identify(scripts) by extension 'ros'
[25.984s] Level 1:colcon.colcon_core.package_identification:_identify(scripts) by extensions ['cmake', 'python']
[25.984s] Level 1:colcon.colcon_core.package_identification:_identify(scripts) by extension 'cmake'
[25.985s] Level 1:colcon.colcon_core.package_identification:_identify(scripts) by extension 'python'
[25.985s] Level 1:colcon.colcon_core.package_identification:_identify(scripts) by extensions ['python_setup_py']
[25.985s] Level 1:colcon.colcon_core.package_identification:_identify(scripts) by extension 'python_setup_py'
[25.986s] Level 1:colcon.colcon_core.package_identification:_identify(scripts/HoverSerial) by extensions ['ignore', 'ignore_ament_install']
[25.986s] Level 1:colcon.colcon_core.package_identification:_identify(scripts/HoverSerial) by extension 'ignore'
[25.987s] Level 1:colcon.colcon_core.package_identification:_identify(scripts/HoverSerial) by extension 'ignore_ament_install'
[25.987s] Level 1:colcon.colcon_core.package_identification:_identify(scripts/HoverSerial) by extensions ['colcon_pkg']
[25.988s] Level 1:colcon.colcon_core.package_identification:_identify(scripts/HoverSerial) by extension 'colcon_pkg'
[25.988s] Level 1:colcon.colcon_core.package_identification:_identify(scripts/HoverSerial) by extensions ['colcon_meta']
[25.988s] Level 1:colcon.colcon_core.package_identification:_identify(scripts/HoverSerial) by extension 'colcon_meta'
[25.989s] Level 1:colcon.colcon_core.package_identification:_identify(scripts/HoverSerial) by extensions ['ros']
[25.989s] Level 1:colcon.colcon_core.package_identification:_identify(scripts/HoverSerial) by extension 'ros'
[25.989s] Level 1:colcon.colcon_core.package_identification:_identify(scripts/HoverSerial) by extensions ['cmake', 'python']
[25.990s] Level 1:colcon.colcon_core.package_identification:_identify(scripts/HoverSerial) by extension 'cmake'
[25.990s] Level 1:colcon.colcon_core.package_identification:_identify(scripts/HoverSerial) by extension 'python'
[25.990s] Level 1:colcon.colcon_core.package_identification:_identify(scripts/HoverSerial) by extensions ['python_setup_py']
[25.990s] Level 1:colcon.colcon_core.package_identification:_identify(scripts/HoverSerial) by extension 'python_setup_py'
[25.991s] Level 1:colcon.colcon_core.package_identification:_identify(scripts/HoverSerial/__pycache__) by extensions ['ignore', 'ignore_ament_install']
[25.992s] Level 1:colcon.colcon_core.package_identification:_identify(scripts/HoverSerial/__pycache__) by extension 'ignore'
[25.992s] Level 1:colcon.colcon_core.package_identification:_identify(scripts/HoverSerial/__pycache__) by extension 'ignore_ament_install'
[25.993s] Level 1:colcon.colcon_core.package_identification:_identify(scripts/HoverSerial/__pycache__) by extensions ['colcon_pkg']
[25.993s] Level 1:colcon.colcon_core.package_identification:_identify(scripts/HoverSerial/__pycache__) by extension 'colcon_pkg'
[25.993s] Level 1:colcon.colcon_core.package_identification:_identify(scripts/HoverSerial/__pycache__) by extensions ['colcon_meta']
[25.993s] Level 1:colcon.colcon_core.package_identification:_identify(scripts/HoverSerial/__pycache__) by extension 'colcon_meta'
[25.994s] Level 1:colcon.colcon_core.package_identification:_identify(scripts/HoverSerial/__pycache__) by extensions ['ros']
[25.994s] Level 1:colcon.colcon_core.package_identification:_identify(scripts/HoverSerial/__pycache__) by extension 'ros'
[25.994s] Level 1:colcon.colcon_core.package_identification:_identify(scripts/HoverSerial/__pycache__) by extensions ['cmake', 'python']
[25.995s] Level 1:colcon.colcon_core.package_identification:_identify(scripts/HoverSerial/__pycache__) by extension 'cmake'
[25.995s] Level 1:colcon.colcon_core.package_identification:_identify(scripts/HoverSerial/__pycache__) by extension 'python'
[25.995s] Level 1:colcon.colcon_core.package_identification:_identify(scripts/HoverSerial/__pycache__) by extensions ['python_setup_py']
[25.996s] Level 1:colcon.colcon_core.package_identification:_identify(scripts/HoverSerial/__pycache__) by extension 'python_setup_py'
[25.996s] Level 1:colcon.colcon_core.package_identification:_identify(src) by extensions ['ignore', 'ignore_ament_install']
[25.997s] Level 1:colcon.colcon_core.package_identification:_identify(src) by extension 'ignore'
[25.997s] Level 1:colcon.colcon_core.package_identification:_identify(src) by extension 'ignore_ament_install'
[25.998s] Level 1:colcon.colcon_core.package_identification:_identify(src) by extensions ['colcon_pkg']
[25.998s] Level 1:colcon.colcon_core.package_identification:_identify(src) by extension 'colcon_pkg'
[25.999s] Level 1:colcon.colcon_core.package_identification:_identify(src) by extensions ['colcon_meta']
[25.999s] Level 1:colcon.colcon_core.package_identification:_identify(src) by extension 'colcon_meta'
[25.999s] Level 1:colcon.colcon_core.package_identification:_identify(src) by extensions ['ros']
[26.000s] Level 1:colcon.colcon_core.package_identification:_identify(src) by extension 'ros'
[26.000s] Level 1:colcon.colcon_core.package_identification:_identify(src) by extensions ['cmake', 'python']
[26.000s] Level 1:colcon.colcon_core.package_identification:_identify(src) by extension 'cmake'
[26.001s] Level 1:colcon.colcon_core.package_identification:_identify(src) by extension 'python'
[26.001s] Level 1:colcon.colcon_core.package_identification:_identify(src) by extensions ['python_setup_py']
[26.001s] Level 1:colcon.colcon_core.package_identification:_identify(src) by extension 'python_setup_py'
[26.002s] Level 1:colcon.colcon_core.package_identification:_identify(src/ros2_ws) by extensions ['ignore', 'ignore_ament_install']
[26.002s] Level 1:colcon.colcon_core.package_identification:_identify(src/ros2_ws) by extension 'ignore'
[26.003s] Level 1:colcon.colcon_core.package_identification:_identify(src/ros2_ws) by extension 'ignore_ament_install'
[26.003s] Level 1:colcon.colcon_core.package_identification:_identify(src/ros2_ws) by extensions ['colcon_pkg']
[26.003s] Level 1:colcon.colcon_core.package_identification:_identify(src/ros2_ws) by extension 'colcon_pkg'
[26.004s] Level 1:colcon.colcon_core.package_identification:_identify(src/ros2_ws) by extensions ['colcon_meta']
[26.004s] Level 1:colcon.colcon_core.package_identification:_identify(src/ros2_ws) by extension 'colcon_meta'
[26.004s] Level 1:colcon.colcon_core.package_identification:_identify(src/ros2_ws) by extensions ['ros']
[26.005s] Level 1:colcon.colcon_core.package_identification:_identify(src/ros2_ws) by extension 'ros'
[26.005s] Level 1:colcon.colcon_core.package_identification:_identify(src/ros2_ws) by extensions ['cmake', 'python']
[26.006s] Level 1:colcon.colcon_core.package_identification:_identify(src/ros2_ws) by extension 'cmake'
[26.006s] Level 1:colcon.colcon_core.package_identification:_identify(src/ros2_ws) by extension 'python'
[26.006s] Level 1:colcon.colcon_core.package_identification:_identify(src/ros2_ws) by extensions ['python_setup_py']
[26.006s] Level 1:colcon.colcon_core.package_identification:_identify(src/ros2_ws) by extension 'python_setup_py'
[26.007s] Level 1:colcon.colcon_core.package_identification:_identify(src/ros2_ws/build) by extensions ['ignore', 'ignore_ament_install']
[26.008s] Level 1:colcon.colcon_core.package_identification:_identify(src/ros2_ws/build) by extension 'ignore'
[26.008s] Level 1:colcon.colcon_core.package_identification:_identify(src/ros2_ws/build) ignored
[26.009s] Level 1:colcon.colcon_core.package_identification:_identify(src/ros2_ws/install) by extensions ['ignore', 'ignore_ament_install']
[26.010s] Level 1:colcon.colcon_core.package_identification:_identify(src/ros2_ws/install) by extension 'ignore'
[26.010s] Level 1:colcon.colcon_core.package_identification:_identify(src/ros2_ws/install) ignored
[26.011s] Level 1:colcon.colcon_core.package_identification:_identify(src/ros2_ws/log) by extensions ['ignore', 'ignore_ament_install']
[26.011s] Level 1:colcon.colcon_core.package_identification:_identify(src/ros2_ws/log) by extension 'ignore'
[26.012s] Level 1:colcon.colcon_core.package_identification:_identify(src/ros2_ws/log) ignored
[26.012s] Level 1:colcon.colcon_core.package_identification:_identify(src/ros2_ws/src) by extensions ['ignore', 'ignore_ament_install']
[26.013s] Level 1:colcon.colcon_core.package_identification:_identify(src/ros2_ws/src) by extension 'ignore'
[26.013s] Level 1:colcon.colcon_core.package_identification:_identify(src/ros2_ws/src) by extension 'ignore_ament_install'
[26.014s] Level 1:colcon.colcon_core.package_identification:_identify(src/ros2_ws/src) by extensions ['colcon_pkg']
[26.014s] Level 1:colcon.colcon_core.package_identification:_identify(src/ros2_ws/src) by extension 'colcon_pkg'
[26.014s] Level 1:colcon.colcon_core.package_identification:_identify(src/ros2_ws/src) by extensions ['colcon_meta']
[26.014s] Level 1:colcon.colcon_core.package_identification:_identify(src/ros2_ws/src) by extension 'colcon_meta'
[26.015s] Level 1:colcon.colcon_core.package_identification:_identify(src/ros2_ws/src) by extensions ['ros']
[26.015s] Level 1:colcon.colcon_core.package_identification:_identify(src/ros2_ws/src) by extension 'ros'
[26.016s] Level 1:colcon.colcon_core.package_identification:_identify(src/ros2_ws/src) by extensions ['cmake', 'python']
[26.016s] Level 1:colcon.colcon_core.package_identification:_identify(src/ros2_ws/src) by extension 'cmake'
[26.016s] Level 1:colcon.colcon_core.package_identification:_identify(src/ros2_ws/src) by extension 'python'
[26.017s] Level 1:colcon.colcon_core.package_identification:_identify(src/ros2_ws/src) by extensions ['python_setup_py']
[26.017s] Level 1:colcon.colcon_core.package_identification:_identify(src/ros2_ws/src) by extension 'python_setup_py'
[26.018s] Level 1:colcon.colcon_core.package_identification:_identify(src/ros2_ws/src/motion_control) by extensions ['ignore', 'ignore_ament_install']
[26.018s] Level 1:colcon.colcon_core.package_identification:_identify(src/ros2_ws/src/motion_control) by extension 'ignore'
[26.018s] Level 1:colcon.colcon_core.package_identification:_identify(src/ros2_ws/src/motion_control) by extension 'ignore_ament_install'
[26.019s] Level 1:colcon.colcon_core.package_identification:_identify(src/ros2_ws/src/motion_control) by extensions ['colcon_pkg']
[26.019s] Level 1:colcon.colcon_core.package_identification:_identify(src/ros2_ws/src/motion_control) by extension 'colcon_pkg'
[26.020s] Level 1:colcon.colcon_core.package_identification:_identify(src/ros2_ws/src/motion_control) by extensions ['colcon_meta']
[26.020s] Level 1:colcon.colcon_core.package_identification:_identify(src/ros2_ws/src/motion_control) by extension 'colcon_meta'
[26.020s] Level 1:colcon.colcon_core.package_identification:_identify(src/ros2_ws/src/motion_control) by extensions ['ros']
[26.021s] Level 1:colcon.colcon_core.package_identification:_identify(src/ros2_ws/src/motion_control) by extension 'ros'
[26.053s] DEBUG:colcon.colcon_core.package_identification:Package 'src/ros2_ws/src/motion_control' with type 'ros.ament_cmake' and name 'motion_control'
[26.054s] Level 1:colcon.colcon_core.package_identification:_identify(src/ros2_ws/src/oxbot_bringup) by extensions ['ignore', 'ignore_ament_install']
[26.054s] Level 1:colcon.colcon_core.package_identification:_identify(src/ros2_ws/src/oxbot_bringup) by extension 'ignore'
[26.055s] Level 1:colcon.colcon_core.package_identification:_identify(src/ros2_ws/src/oxbot_bringup) by extension 'ignore_ament_install'
[26.055s] Level 1:colcon.colcon_core.package_identification:_identify(src/ros2_ws/src/oxbot_bringup) by extensions ['colcon_pkg']
[26.056s] Level 1:colcon.colcon_core.package_identification:_identify(src/ros2_ws/src/oxbot_bringup) by extension 'colcon_pkg'
[26.056s] Level 1:colcon.colcon_core.package_identification:_identify(src/ros2_ws/src/oxbot_bringup) by extensions ['colcon_meta']
[26.056s] Level 1:colcon.colcon_core.package_identification:_identify(src/ros2_ws/src/oxbot_bringup) by extension 'colcon_meta'
[26.057s] Level 1:colcon.colcon_core.package_identification:_identify(src/ros2_ws/src/oxbot_bringup) by extensions ['ros']
[26.057s] Level 1:colcon.colcon_core.package_identification:_identify(src/ros2_ws/src/oxbot_bringup) by extension 'ros'
[26.069s] DEBUG:colcon.colcon_core.package_identification:Package 'src/ros2_ws/src/oxbot_bringup' with type 'ros.ament_cmake' and name 'oxbot_bringup'
[26.092s] Level 1:colcon.colcon_core.package_identification:_identify(src/ros2_ws/src/oxbot_config) by extensions ['ignore', 'ignore_ament_install']
[26.092s] Level 1:colcon.colcon_core.package_identification:_identify(src/ros2_ws/src/oxbot_config) by extension 'ignore'
[26.093s] Level 1:colcon.colcon_core.package_identification:_identify(src/ros2_ws/src/oxbot_config) by extension 'ignore_ament_install'
[26.093s] Level 1:colcon.colcon_core.package_identification:_identify(src/ros2_ws/src/oxbot_config) by extensions ['colcon_pkg']
[26.093s] Level 1:colcon.colcon_core.package_identification:_identify(src/ros2_ws/src/oxbot_config) by extension 'colcon_pkg'
[26.094s] Level 1:colcon.colcon_core.package_identification:_identify(src/ros2_ws/src/oxbot_config) by extensions ['colcon_meta']
[26.094s] Level 1:colcon.colcon_core.package_identification:_identify(src/ros2_ws/src/oxbot_config) by extension 'colcon_meta'
[26.094s] Level 1:colcon.colcon_core.package_identification:_identify(src/ros2_ws/src/oxbot_config) by extensions ['ros']
[26.095s] Level 1:colcon.colcon_core.package_identification:_identify(src/ros2_ws/src/oxbot_config) by extension 'ros'
[26.100s] DEBUG:colcon.colcon_core.package_identification:Package 'src/ros2_ws/src/oxbot_config' with type 'ros.ament_cmake' and name 'oxbot_config'
[26.101s] Level 1:colcon.colcon_core.package_identification:_identify(src/ros2_ws/src/oxbot_interfaces) by extensions ['ignore', 'ignore_ament_install']
[26.102s] Level 1:colcon.colcon_core.package_identification:_identify(src/ros2_ws/src/oxbot_interfaces) by extension 'ignore'
[26.102s] Level 1:colcon.colcon_core.package_identification:_identify(src/ros2_ws/src/oxbot_interfaces) by extension 'ignore_ament_install'
[26.102s] Level 1:colcon.colcon_core.package_identification:_identify(src/ros2_ws/src/oxbot_interfaces) by extensions ['colcon_pkg']
[26.103s] Level 1:colcon.colcon_core.package_identification:_identify(src/ros2_ws/src/oxbot_interfaces) by extension 'colcon_pkg'
[26.103s] Level 1:colcon.colcon_core.package_identification:_identify(src/ros2_ws/src/oxbot_interfaces) by extensions ['colcon_meta']
[26.103s] Level 1:colcon.colcon_core.package_identification:_identify(src/ros2_ws/src/oxbot_interfaces) by extension 'colcon_meta'
[26.104s] Level 1:colcon.colcon_core.package_identification:_identify(src/ros2_ws/src/oxbot_interfaces) by extensions ['ros']
[26.104s] Level 1:colcon.colcon_core.package_identification:_identify(src/ros2_ws/src/oxbot_interfaces) by extension 'ros'
[26.111s] DEBUG:colcon.colcon_core.package_identification:Package 'src/ros2_ws/src/oxbot_interfaces' with type 'ros.ament_cmake' and name 'oxbot_interfaces'
[26.112s] Level 1:colcon.colcon_core.package_identification:_identify(src/ros2_ws/src/oxbot_testing) by extensions ['ignore', 'ignore_ament_install']
[26.113s] Level 1:colcon.colcon_core.package_identification:_identify(src/ros2_ws/src/oxbot_testing) by extension 'ignore'
[26.113s] Level 1:colcon.colcon_core.package_identification:_identify(src/ros2_ws/src/oxbot_testing) by extension 'ignore_ament_install'
[26.114s] Level 1:colcon.colcon_core.package_identification:_identify(src/ros2_ws/src/oxbot_testing) by extensions ['colcon_pkg']
[26.114s] Level 1:colcon.colcon_core.package_identification:_identify(src/ros2_ws/src/oxbot_testing) by extension 'colcon_pkg'
[26.115s] Level 1:colcon.colcon_core.package_identification:_identify(src/ros2_ws/src/oxbot_testing) by extensions ['colcon_meta']
[26.115s] Level 1:colcon.colcon_core.package_identification:_identify(src/ros2_ws/src/oxbot_testing) by extension 'colcon_meta'
[26.115s] Level 1:colcon.colcon_core.package_identification:_identify(src/ros2_ws/src/oxbot_testing) by extensions ['ros']
[26.115s] Level 1:colcon.colcon_core.package_identification:_identify(src/ros2_ws/src/oxbot_testing) by extension 'ros'
[26.122s] DEBUG:colcon.colcon_core.package_identification:Package 'src/ros2_ws/src/oxbot_testing' with type 'ros.ament_cmake' and name 'oxbot_testing'
[26.124s] Level 1:colcon.colcon_core.package_identification:_identify(src/ros2_ws/src/realsense-ros) by extensions ['ignore', 'ignore_ament_install']
[26.124s] Level 1:colcon.colcon_core.package_identification:_identify(src/ros2_ws/src/realsense-ros) by extension 'ignore'
[26.125s] Level 1:colcon.colcon_core.package_identification:_identify(src/ros2_ws/src/realsense-ros) by extension 'ignore_ament_install'
[26.125s] Level 1:colcon.colcon_core.package_identification:_identify(src/ros2_ws/src/realsense-ros) by extensions ['colcon_pkg']
[26.125s] Level 1:colcon.colcon_core.package_identification:_identify(src/ros2_ws/src/realsense-ros) by extension 'colcon_pkg'
[26.126s] Level 1:colcon.colcon_core.package_identification:_identify(src/ros2_ws/src/realsense-ros) by extensions ['colcon_meta']
[26.126s] Level 1:colcon.colcon_core.package_identification:_identify(src/ros2_ws/src/realsense-ros) by extension 'colcon_meta'
[26.126s] Level 1:colcon.colcon_core.package_identification:_identify(src/ros2_ws/src/realsense-ros) by extensions ['ros']
[26.126s] Level 1:colcon.colcon_core.package_identification:_identify(src/ros2_ws/src/realsense-ros) by extension 'ros'
[26.127s] Level 1:colcon.colcon_core.package_identification:_identify(src/ros2_ws/src/realsense-ros) by extensions ['cmake', 'python']
[26.135s] Level 1:colcon.colcon_core.package_identification:_identify(src/ros2_ws/src/realsense-ros) by extension 'cmake'
[26.136s] Level 1:colcon.colcon_core.package_identification:_identify(src/ros2_ws/src/realsense-ros) by extension 'python'
[26.136s] Level 1:colcon.colcon_core.package_identification:_identify(src/ros2_ws/src/realsense-ros) by extensions ['python_setup_py']
[26.136s] Level 1:colcon.colcon_core.package_identification:_identify(src/ros2_ws/src/realsense-ros) by extension 'python_setup_py'
[26.137s] Level 1:colcon.colcon_core.package_identification:_identify(src/ros2_ws/src/realsense-ros/realsense2_camera) by extensions ['ignore', 'ignore_ament_install']
[26.138s] Level 1:colcon.colcon_core.package_identification:_identify(src/ros2_ws/src/realsense-ros/realsense2_camera) by extension 'ignore'
[26.138s] Level 1:colcon.colcon_core.package_identification:_identify(src/ros2_ws/src/realsense-ros/realsense2_camera) by extension 'ignore_ament_install'
[26.138s] Level 1:colcon.colcon_core.package_identification:_identify(src/ros2_ws/src/realsense-ros/realsense2_camera) by extensions ['colcon_pkg']
[26.139s] Level 1:colcon.colcon_core.package_identification:_identify(src/ros2_ws/src/realsense-ros/realsense2_camera) by extension 'colcon_pkg'
[26.139s] Level 1:colcon.colcon_core.package_identification:_identify(src/ros2_ws/src/realsense-ros/realsense2_camera) by extensions ['colcon_meta']
[26.139s] Level 1:colcon.colcon_core.package_identification:_identify(src/ros2_ws/src/realsense-ros/realsense2_camera) by extension 'colcon_meta'
[26.140s] Level 1:colcon.colcon_core.package_identification:_identify(src/ros2_ws/src/realsense-ros/realsense2_camera) by extensions ['ros']
[26.140s] Level 1:colcon.colcon_core.package_identification:_identify(src/ros2_ws/src/realsense-ros/realsense2_camera) by extension 'ros'
[26.220s] DEBUG:colcon.colcon_core.package_identification:Package 'src/ros2_ws/src/realsense-ros/realsense2_camera' with type 'ros.ament_cmake' and name 'realsense2_camera'
[26.222s] Level 1:colcon.colcon_core.package_identification:_identify(src/ros2_ws/src/realsense-ros/realsense2_camera_msgs) by extensions ['ignore', 'ignore_ament_install']
[26.223s] Level 1:colcon.colcon_core.package_identification:_identify(src/ros2_ws/src/realsense-ros/realsense2_camera_msgs) by extension 'ignore'
[26.223s] Level 1:colcon.colcon_core.package_identification:_identify(src/ros2_ws/src/realsense-ros/realsense2_camera_msgs) by extension 'ignore_ament_install'
[26.224s] Level 1:colcon.colcon_core.package_identification:_identify(src/ros2_ws/src/realsense-ros/realsense2_camera_msgs) by extensions ['colcon_pkg']
[26.224s] Level 1:colcon.colcon_core.package_identification:_identify(src/ros2_ws/src/realsense-ros/realsense2_camera_msgs) by extension 'colcon_pkg'
[26.224s] Level 1:colcon.colcon_core.package_identification:_identify(src/ros2_ws/src/realsense-ros/realsense2_camera_msgs) by extensions ['colcon_meta']
[26.224s] Level 1:colcon.colcon_core.package_identification:_identify(src/ros2_ws/src/realsense-ros/realsense2_camera_msgs) by extension 'colcon_meta'
[26.225s] Level 1:colcon.colcon_core.package_identification:_identify(src/ros2_ws/src/realsense-ros/realsense2_camera_msgs) by extensions ['ros']
[26.225s] Level 1:colcon.colcon_core.package_identification:_identify(src/ros2_ws/src/realsense-ros/realsense2_camera_msgs) by extension 'ros'
[26.233s] DEBUG:colcon.colcon_core.package_identification:Package 'src/ros2_ws/src/realsense-ros/realsense2_camera_msgs' with type 'ros.ament_cmake' and name 'realsense2_camera_msgs'
[26.234s] Level 1:colcon.colcon_core.package_identification:_identify(src/ros2_ws/src/realsense-ros/realsense2_description) by extensions ['ignore', 'ignore_ament_install']
[26.234s] Level 1:colcon.colcon_core.package_identification:_identify(src/ros2_ws/src/realsense-ros/realsense2_description) by extension 'ignore'
[26.235s] Level 1:colcon.colcon_core.package_identification:_identify(src/ros2_ws/src/realsense-ros/realsense2_description) by extension 'ignore_ament_install'
[26.235s] Level 1:colcon.colcon_core.package_identification:_identify(src/ros2_ws/src/realsense-ros/realsense2_description) by extensions ['colcon_pkg']
[26.236s] Level 1:colcon.colcon_core.package_identification:_identify(src/ros2_ws/src/realsense-ros/realsense2_description) by extension 'colcon_pkg'
[26.236s] Level 1:colcon.colcon_core.package_identification:_identify(src/ros2_ws/src/realsense-ros/realsense2_description) by extensions ['colcon_meta']
[26.236s] Level 1:colcon.colcon_core.package_identification:_identify(src/ros2_ws/src/realsense-ros/realsense2_description) by extension 'colcon_meta'
[26.236s] Level 1:colcon.colcon_core.package_identification:_identify(src/ros2_ws/src/realsense-ros/realsense2_description) by extensions ['ros']
[26.237s] Level 1:colcon.colcon_core.package_identification:_identify(src/ros2_ws/src/realsense-ros/realsense2_description) by extension 'ros'
[26.247s] DEBUG:colcon.colcon_core.package_identification:Package 'src/ros2_ws/src/realsense-ros/realsense2_description' with type 'ros.ament_cmake' and name 'realsense2_description'
[26.248s] Level 1:colcon.colcon_core.package_identification:_identify(src/ros2_ws/src/realsense-ros/scripts) by extensions ['ignore', 'ignore_ament_install']
[26.249s] Level 1:colcon.colcon_core.package_identification:_identify(src/ros2_ws/src/realsense-ros/scripts) by extension 'ignore'
[26.249s] Level 1:colcon.colcon_core.package_identification:_identify(src/ros2_ws/src/realsense-ros/scripts) by extension 'ignore_ament_install'
[26.250s] Level 1:colcon.colcon_core.package_identification:_identify(src/ros2_ws/src/realsense-ros/scripts) by extensions ['colcon_pkg']
[26.250s] Level 1:colcon.colcon_core.package_identification:_identify(src/ros2_ws/src/realsense-ros/scripts) by extension 'colcon_pkg'
[26.250s] Level 1:colcon.colcon_core.package_identification:_identify(src/ros2_ws/src/realsense-ros/scripts) by extensions ['colcon_meta']
[26.250s] Level 1:colcon.colcon_core.package_identification:_identify(src/ros2_ws/src/realsense-ros/scripts) by extension 'colcon_meta'
[26.251s] Level 1:colcon.colcon_core.package_identification:_identify(src/ros2_ws/src/realsense-ros/scripts) by extensions ['ros']
[26.251s] Level 1:colcon.colcon_core.package_identification:_identify(src/ros2_ws/src/realsense-ros/scripts) by extension 'ros'
[26.252s] Level 1:colcon.colcon_core.package_identification:_identify(src/ros2_ws/src/realsense-ros/scripts) by extensions ['cmake', 'python']
[26.252s] Level 1:colcon.colcon_core.package_identification:_identify(src/ros2_ws/src/realsense-ros/scripts) by extension 'cmake'
[26.252s] Level 1:colcon.colcon_core.package_identification:_identify(src/ros2_ws/src/realsense-ros/scripts) by extension 'python'
[26.253s] Level 1:colcon.colcon_core.package_identification:_identify(src/ros2_ws/src/realsense-ros/scripts) by extensions ['python_setup_py']
[26.253s] Level 1:colcon.colcon_core.package_identification:_identify(src/ros2_ws/src/realsense-ros/scripts) by extension 'python_setup_py'
[26.254s] Level 1:colcon.colcon_core.package_identification:_identify(src/ros2_ws/src/rplidar_ros) by extensions ['ignore', 'ignore_ament_install']
[26.255s] Level 1:colcon.colcon_core.package_identification:_identify(src/ros2_ws/src/rplidar_ros) by extension 'ignore'
[26.255s] Level 1:colcon.colcon_core.package_identification:_identify(src/ros2_ws/src/rplidar_ros) by extension 'ignore_ament_install'
[26.256s] Level 1:colcon.colcon_core.package_identification:_identify(src/ros2_ws/src/rplidar_ros) by extensions ['colcon_pkg']
[26.256s] Level 1:colcon.colcon_core.package_identification:_identify(src/ros2_ws/src/rplidar_ros) by extension 'colcon_pkg'
[26.256s] Level 1:colcon.colcon_core.package_identification:_identify(src/ros2_ws/src/rplidar_ros) by extensions ['colcon_meta']
[26.256s] Level 1:colcon.colcon_core.package_identification:_identify(src/ros2_ws/src/rplidar_ros) by extension 'colcon_meta'
[26.257s] Level 1:colcon.colcon_core.package_identification:_identify(src/ros2_ws/src/rplidar_ros) by extensions ['ros']
[26.257s] Level 1:colcon.colcon_core.package_identification:_identify(src/ros2_ws/src/rplidar_ros) by extension 'ros'
[26.267s] DEBUG:colcon.colcon_core.package_identification:Package 'src/ros2_ws/src/rplidar_ros' with type 'ros.ament_cmake' and name 'rplidar_ros'
[26.268s] Level 1:colcon.colcon_core.package_discovery:discover_packages(recursive) using defaults
[26.269s] Level 1:colcon.colcon_core.package_discovery:discover_packages(ignore) discover
[26.270s] Level 1:colcon.colcon_core.package_discovery:discover_packages(ignore) using defaults
[26.270s] Level 1:colcon.colcon_core.package_discovery:discover_packages(path) discover
[26.270s] Level 1:colcon.colcon_core.package_discovery:discover_packages(path) using defaults
[26.661s] INFO:colcon.colcon_core.package_selection:Skipping not selected package 'oxbot_bringup' in 'src/ros2_ws/src/oxbot_bringup'
[26.661s] INFO:colcon.colcon_core.package_selection:Skipping not selected package 'oxbot_interfaces' in 'src/ros2_ws/src/oxbot_interfaces'
[26.661s] INFO:colcon.colcon_core.package_selection:Skipping not selected package 'oxbot_testing' in 'src/ros2_ws/src/oxbot_testing'
[26.662s] INFO:colcon.colcon_core.package_selection:Skipping not selected package 'realsense2_camera_msgs' in 'src/ros2_ws/src/realsense-ros/realsense2_camera_msgs'
[26.662s] INFO:colcon.colcon_core.package_selection:Skipping not selected package 'rplidar_ros' in 'src/ros2_ws/src/rplidar_ros'
[26.662s] INFO:colcon.colcon_core.package_selection:Skipping not selected package 'realsense2_camera' in 'src/ros2_ws/src/realsense-ros/realsense2_camera'
[26.662s] INFO:colcon.colcon_core.package_selection:Skipping not selected package 'realsense2_description' in 'src/ros2_ws/src/realsense-ros/realsense2_description'
[26.683s] Level 5:colcon.colcon_core.verb:set package 'oxbot_config' build argument 'cmake_args' from command line to 'None'
[26.683s] Level 5:colcon.colcon_core.verb:set package 'oxbot_config' build argument 'cmake_target' from command line to 'None'
[26.684s] Level 5:colcon.colcon_core.verb:set package 'oxbot_config' build argument 'cmake_target_skip_unavailable' from command line to 'False'
[26.684s] Level 5:colcon.colcon_core.verb:set package 'oxbot_config' build argument 'cmake_clean_cache' from command line to 'False'
[26.684s] Level 5:colcon.colcon_core.verb:set package 'oxbot_config' build argument 'cmake_clean_first' from command line to 'False'
[26.684s] Level 5:colcon.colcon_core.verb:set package 'oxbot_config' build argument 'cmake_force_configure' from command line to 'False'
[26.685s] Level 5:colcon.colcon_core.verb:set package 'oxbot_config' build argument 'ament_cmake_args' from command line to 'None'
[26.685s] Level 5:colcon.colcon_core.verb:set package 'oxbot_config' build argument 'catkin_cmake_args' from command line to 'None'
[26.685s] Level 5:colcon.colcon_core.verb:set package 'oxbot_config' build argument 'catkin_skip_building_tests' from command line to 'False'
[26.685s] DEBUG:colcon.colcon_core.verb:Building package 'oxbot_config' with the following arguments: {'ament_cmake_args': None, 'build_base': '/root/oxbot/build/oxbot_config', 'catkin_cmake_args': None, 'catkin_skip_building_tests': False, 'cmake_args': None, 'cmake_clean_cache': False, 'cmake_clean_first': False, 'cmake_force_configure': False, 'cmake_target': None, 'cmake_target_skip_unavailable': False, 'install_base': '/root/oxbot/install/oxbot_config', 'merge_install': False, 'path': '/root/oxbot/src/ros2_ws/src/oxbot_config', 'symlink_install': False, 'test_result_base': None}
[26.707s] Level 5:colcon.colcon_core.verb:set package 'motion_control' build argument 'cmake_args' from command line to 'None'
[26.707s] Level 5:colcon.colcon_core.verb:set package 'motion_control' build argument 'cmake_target' from command line to 'None'
[26.707s] Level 5:colcon.colcon_core.verb:set package 'motion_control' build argument 'cmake_target_skip_unavailable' from command line to 'False'
[26.708s] Level 5:colcon.colcon_core.verb:set package 'motion_control' build argument 'cmake_clean_cache' from command line to 'False'
[26.708s] Level 5:colcon.colcon_core.verb:set package 'motion_control' build argument 'cmake_clean_first' from command line to 'False'
[26.708s] Level 5:colcon.colcon_core.verb:set package 'motion_control' build argument 'cmake_force_configure' from command line to 'False'
[26.708s] Level 5:colcon.colcon_core.verb:set package 'motion_control' build argument 'ament_cmake_args' from command line to 'None'
[26.709s] Level 5:colcon.colcon_core.verb:set package 'motion_control' build argument 'catkin_cmake_args' from command line to 'None'
[26.709s] Level 5:colcon.colcon_core.verb:set package 'motion_control' build argument 'catkin_skip_building_tests' from command line to 'False'
[26.709s] DEBUG:colcon.colcon_core.verb:Building package 'motion_control' with the following arguments: {'ament_cmake_args': None, 'build_base': '/root/oxbot/build/motion_control', 'catkin_cmake_args': None, 'catkin_skip_building_tests': False, 'cmake_args': None, 'cmake_clean_cache': False, 'cmake_clean_first': False, 'cmake_force_configure': False, 'cmake_target': None, 'cmake_target_skip_unavailable': False, 'install_base': '/root/oxbot/install/motion_control', 'merge_install': False, 'path': '/root/oxbot/src/ros2_ws/src/motion_control', 'symlink_install': False, 'test_result_base': None}
[26.730s] INFO:colcon.colcon_core.executor:Executing jobs using 'parallel' executor
[26.831s] DEBUG:colcon.colcon_parallel_executor.executor.parallel:run_until_complete
[26.832s] INFO:colcon.colcon_ros.task.ament_cmake.build:Building ROS package in '/root/oxbot/src/ros2_ws/src/oxbot_config' with build type 'ament_cmake'
[26.833s] INFO:colcon.colcon_cmake.task.cmake.build:Building CMake package in '/root/oxbot/src/ros2_ws/src/oxbot_config'
[26.941s] INFO:colcon.colcon_core.plugin_system:Skipping extension 'colcon_core.shell.bat': Not used on non-Windows systems
[26.942s] INFO:colcon.colcon_core.shell:Skip shell extension 'powershell' for command environment: Not usable outside of PowerShell
[26.943s] DEBUG:colcon.colcon_core.shell:Skip shell extension 'dsv' for command environment
[27.093s] INFO:colcon.colcon_ros.task.ament_cmake.build:Building ROS package in '/root/oxbot/src/ros2_ws/src/motion_control' with build type 'ament_cmake'
[27.095s] INFO:colcon.colcon_cmake.task.cmake.build:Building CMake package in '/root/oxbot/src/ros2_ws/src/motion_control'
[27.146s] INFO:colcon.colcon_core.shell:Skip shell extension 'powershell' for command environment: Not usable outside of PowerShell
[27.147s] DEBUG:colcon.colcon_core.shell:Skip shell extension 'dsv' for command environment
[27.249s] WARNING:colcon.colcon_core.shell:The following packages are in the workspace but haven't been built:
- oxbot_interfaces
They are being used from the following locations instead:
- /root/oxbot/src/ros2_ws/install/oxbot_interfaces
To suppress this warning ignore these packages in the workspace:
--packages-ignore oxbot_interfaces
[27.289s] DEBUG:colcon.colcon_core.event_handler.log_command:Invoking command in '/root/oxbot/build/oxbot_config': /usr/local/bin/cmake /root/oxbot/src/ros2_ws/src/oxbot_config -DCMAKE_INSTALL_PREFIX=/root/oxbot/install/oxbot_config
[27.350s] DEBUG:colcon.colcon_core.event_handler.log_command:Invoking command in '/root/oxbot/build/motion_control': /usr/local/bin/cmake /root/oxbot/src/ros2_ws/src/motion_control -DCMAKE_INSTALL_PREFIX=/root/oxbot/install/motion_control
[50.951s] DEBUG:colcon.colcon_core.event_handler.log_command:Invoked command in '/root/oxbot/build/oxbot_config' returned '0': /usr/local/bin/cmake /root/oxbot/src/ros2_ws/src/oxbot_config -DCMAKE_INSTALL_PREFIX=/root/oxbot/install/oxbot_config
[50.953s] DEBUG:colcon.colcon_core.event_handler.log_command:Invoking command in '/root/oxbot/build/oxbot_config': /usr/local/bin/cmake --build /root/oxbot/build/oxbot_config -- -j4 -l4
[51.323s] DEBUG:colcon.colcon_core.event_handler.log_command:Invoked command in '/root/oxbot/build/oxbot_config' returned '0': /usr/local/bin/cmake --build /root/oxbot/build/oxbot_config -- -j4 -l4
[51.861s] DEBUG:colcon.colcon_core.event_handler.log_command:Invoking command in '/root/oxbot/build/oxbot_config': /usr/local/bin/cmake --install /root/oxbot/build/oxbot_config
[52.144s] Level 1:colcon.colcon_core.environment:create_environment_scripts_only(oxbot_config)
[52.154s] DEBUG:colcon.colcon_core.event_handler.log_command:Invoked command in '/root/oxbot/build/oxbot_config' returned '0': /usr/local/bin/cmake --install /root/oxbot/build/oxbot_config
[52.346s] Level 1:colcon.colcon_core.environment:checking '/root/oxbot/install/oxbot_config' for CMake module files
[52.349s] Level 1:colcon.colcon_core.environment:checking '/root/oxbot/install/oxbot_config' for CMake config files
[52.358s] Level 1:colcon.colcon_core.shell:create_environment_hook('oxbot_config', 'cmake_prefix_path')
[52.429s] INFO:colcon.colcon_core.shell:Creating environment hook '/root/oxbot/install/oxbot_config/share/oxbot_config/hook/cmake_prefix_path.ps1'
[52.432s] INFO:colcon.colcon_core.shell:Creating environment descriptor '/root/oxbot/install/oxbot_config/share/oxbot_config/hook/cmake_prefix_path.dsv'
[52.435s] INFO:colcon.colcon_core.shell:Creating environment hook '/root/oxbot/install/oxbot_config/share/oxbot_config/hook/cmake_prefix_path.sh'
[52.449s] Level 1:colcon.colcon_core.environment:checking '/root/oxbot/install/oxbot_config/bin'
[52.450s] Level 1:colcon.colcon_core.environment:checking '/root/oxbot/install/oxbot_config/lib/pkgconfig/oxbot_config.pc'
[52.451s] Level 1:colcon.colcon_core.environment:checking '/root/oxbot/install/oxbot_config/lib/python3.6/site-packages'
[52.452s] Level 1:colcon.colcon_core.environment:checking '/root/oxbot/install/oxbot_config/bin'
[52.498s] INFO:colcon.colcon_core.shell:Creating package script '/root/oxbot/install/oxbot_config/share/oxbot_config/package.ps1'
[52.503s] INFO:colcon.colcon_core.shell:Creating package descriptor '/root/oxbot/install/oxbot_config/share/oxbot_config/package.dsv'
[52.506s] INFO:colcon.colcon_core.shell:Creating package script '/root/oxbot/install/oxbot_config/share/oxbot_config/package.sh'
[52.511s] INFO:colcon.colcon_core.shell:Creating package script '/root/oxbot/install/oxbot_config/share/oxbot_config/package.bash'
[52.516s] INFO:colcon.colcon_core.shell:Creating package script '/root/oxbot/install/oxbot_config/share/oxbot_config/package.zsh'
[52.521s] Level 1:colcon.colcon_core.environment:create_file_with_runtime_dependencies(/root/oxbot/install/oxbot_config/share/colcon-core/packages/oxbot_config)
[52.969s] Level 1:colcon.colcon_core.environment:create_environment_scripts_only(oxbot_config)
[53.033s] Level 1:colcon.colcon_core.environment:checking '/root/oxbot/install/oxbot_config' for CMake module files
[53.036s] Level 1:colcon.colcon_core.environment:checking '/root/oxbot/install/oxbot_config' for CMake config files
[53.038s] Level 1:colcon.colcon_core.shell:create_environment_hook('oxbot_config', 'cmake_prefix_path')
[53.099s] INFO:colcon.colcon_core.shell:Creating environment hook '/root/oxbot/install/oxbot_config/share/oxbot_config/hook/cmake_prefix_path.ps1'
[53.102s] INFO:colcon.colcon_core.shell:Creating environment descriptor '/root/oxbot/install/oxbot_config/share/oxbot_config/hook/cmake_prefix_path.dsv'
[53.104s] INFO:colcon.colcon_core.shell:Creating environment hook '/root/oxbot/install/oxbot_config/share/oxbot_config/hook/cmake_prefix_path.sh'
[53.119s] Level 1:colcon.colcon_core.environment:checking '/root/oxbot/install/oxbot_config/bin'
[53.120s] Level 1:colcon.colcon_core.environment:checking '/root/oxbot/install/oxbot_config/lib/pkgconfig/oxbot_config.pc'
[53.121s] Level 1:colcon.colcon_core.environment:checking '/root/oxbot/install/oxbot_config/lib/python3.6/site-packages'
[53.122s] Level 1:colcon.colcon_core.environment:checking '/root/oxbot/install/oxbot_config/bin'
[53.171s] INFO:colcon.colcon_core.shell:Creating package script '/root/oxbot/install/oxbot_config/share/oxbot_config/package.ps1'
[53.175s] INFO:colcon.colcon_core.shell:Creating package descriptor '/root/oxbot/install/oxbot_config/share/oxbot_config/package.dsv'
[53.178s] INFO:colcon.colcon_core.shell:Creating package script '/root/oxbot/install/oxbot_config/share/oxbot_config/package.sh'
[53.188s] INFO:colcon.colcon_core.shell:Creating package script '/root/oxbot/install/oxbot_config/share/oxbot_config/package.bash'
[53.190s] INFO:colcon.colcon_core.shell:Creating package script '/root/oxbot/install/oxbot_config/share/oxbot_config/package.zsh'
[53.192s] Level 1:colcon.colcon_core.environment:create_file_with_runtime_dependencies(/root/oxbot/install/oxbot_config/share/colcon-core/packages/oxbot_config)
[57.299s] DEBUG:colcon.colcon_core.event_handler.log_command:Invoked command in '/root/oxbot/build/motion_control' returned '0': /usr/local/bin/cmake /root/oxbot/src/ros2_ws/src/motion_control -DCMAKE_INSTALL_PREFIX=/root/oxbot/install/motion_control
[57.301s] DEBUG:colcon.colcon_core.event_handler.log_command:Invoking command in '/root/oxbot/build/motion_control': /usr/local/bin/cmake --build /root/oxbot/build/motion_control -- -j4 -l4
[235.703s] DEBUG:colcon.colcon_core.event_handler.log_command:Invoked command in '/root/oxbot/build/motion_control' returned '0': /usr/local/bin/cmake --build /root/oxbot/build/motion_control -- -j4 -l4
[236.079s] DEBUG:colcon.colcon_core.event_handler.log_command:Invoking command in '/root/oxbot/build/motion_control': /usr/local/bin/cmake --install /root/oxbot/build/motion_control
[236.364s] Level 1:colcon.colcon_core.environment:create_environment_scripts_only(motion_control)
[236.383s] DEBUG:colcon.colcon_core.event_handler.log_command:Invoked command in '/root/oxbot/build/motion_control' returned '0': /usr/local/bin/cmake --install /root/oxbot/build/motion_control
[236.452s] Level 1:colcon.colcon_core.environment:checking '/root/oxbot/install/motion_control' for CMake module files
[236.455s] Level 1:colcon.colcon_core.environment:checking '/root/oxbot/install/motion_control' for CMake config files
[236.457s] Level 1:colcon.colcon_core.shell:create_environment_hook('motion_control', 'cmake_prefix_path')
[236.500s] INFO:colcon.colcon_core.shell:Creating environment hook '/root/oxbot/install/motion_control/share/motion_control/hook/cmake_prefix_path.ps1'
[236.504s] INFO:colcon.colcon_core.shell:Creating environment descriptor '/root/oxbot/install/motion_control/share/motion_control/hook/cmake_prefix_path.dsv'
[236.506s] INFO:colcon.colcon_core.shell:Creating environment hook '/root/oxbot/install/motion_control/share/motion_control/hook/cmake_prefix_path.sh'
[236.511s] Level 1:colcon.colcon_core.environment:checking '/root/oxbot/install/motion_control/lib'
[236.513s] Level 1:colcon.colcon_core.environment:checking '/root/oxbot/install/motion_control/bin'
[236.513s] Level 1:colcon.colcon_core.environment:checking '/root/oxbot/install/motion_control/lib/pkgconfig/motion_control.pc'
[236.515s] Level 1:colcon.colcon_core.environment:checking '/root/oxbot/install/motion_control/lib/python3.6/site-packages'
[236.516s] Level 1:colcon.colcon_core.environment:checking '/root/oxbot/install/motion_control/bin'
[236.559s] INFO:colcon.colcon_core.shell:Creating package script '/root/oxbot/install/motion_control/share/motion_control/package.ps1'
[236.561s] INFO:colcon.colcon_core.shell:Creating package descriptor '/root/oxbot/install/motion_control/share/motion_control/package.dsv'
[236.563s] INFO:colcon.colcon_core.shell:Creating package script '/root/oxbot/install/motion_control/share/motion_control/package.sh'
[236.566s] INFO:colcon.colcon_core.shell:Creating package script '/root/oxbot/install/motion_control/share/motion_control/package.bash'
[236.568s] INFO:colcon.colcon_core.shell:Creating package script '/root/oxbot/install/motion_control/share/motion_control/package.zsh'
[236.570s] Level 1:colcon.colcon_core.environment:create_file_with_runtime_dependencies(/root/oxbot/install/motion_control/share/colcon-core/packages/motion_control)
[236.953s] Level 1:colcon.colcon_core.environment:create_environment_scripts_only(motion_control)
[237.015s] Level 1:colcon.colcon_core.environment:checking '/root/oxbot/install/motion_control' for CMake module files
[237.019s] Level 1:colcon.colcon_core.environment:checking '/root/oxbot/install/motion_control' for CMake config files
[237.021s] Level 1:colcon.colcon_core.shell:create_environment_hook('motion_control', 'cmake_prefix_path')
[237.065s] INFO:colcon.colcon_core.shell:Creating environment hook '/root/oxbot/install/motion_control/share/motion_control/hook/cmake_prefix_path.ps1'
[237.069s] INFO:colcon.colcon_core.shell:Creating environment descriptor '/root/oxbot/install/motion_control/share/motion_control/hook/cmake_prefix_path.dsv'
[237.071s] INFO:colcon.colcon_core.shell:Creating environment hook '/root/oxbot/install/motion_control/share/motion_control/hook/cmake_prefix_path.sh'
[237.076s] Level 1:colcon.colcon_core.environment:checking '/root/oxbot/install/motion_control/lib'
[237.077s] Level 1:colcon.colcon_core.environment:checking '/root/oxbot/install/motion_control/bin'
[237.077s] Level 1:colcon.colcon_core.environment:checking '/root/oxbot/install/motion_control/lib/pkgconfig/motion_control.pc'
[237.078s] Level 1:colcon.colcon_core.environment:checking '/root/oxbot/install/motion_control/lib/python3.6/site-packages'
[237.079s] Level 1:colcon.colcon_core.environment:checking '/root/oxbot/install/motion_control/bin'
[237.128s] INFO:colcon.colcon_core.shell:Creating package script '/root/oxbot/install/motion_control/share/motion_control/package.ps1'
[237.131s] INFO:colcon.colcon_core.shell:Creating package descriptor '/root/oxbot/install/motion_control/share/motion_control/package.dsv'
[237.134s] INFO:colcon.colcon_core.shell:Creating package script '/root/oxbot/install/motion_control/share/motion_control/package.sh'
[237.137s] INFO:colcon.colcon_core.shell:Creating package script '/root/oxbot/install/motion_control/share/motion_control/package.bash'
[237.140s] INFO:colcon.colcon_core.shell:Creating package script '/root/oxbot/install/motion_control/share/motion_control/package.zsh'
[237.142s] Level 1:colcon.colcon_core.environment:create_file_with_runtime_dependencies(/root/oxbot/install/motion_control/share/colcon-core/packages/motion_control)
[237.144s] DEBUG:colcon.colcon_parallel_executor.executor.parallel:closing loop
[237.151s] DEBUG:colcon.colcon_parallel_executor.executor.parallel:loop closed
[237.152s] DEBUG:colcon.colcon_parallel_executor.executor.parallel:run_until_complete finished with '0'
[237.152s] DEBUG:colcon.colcon_core.event_reactor:joining thread
[237.195s] INFO:colcon.colcon_core.plugin_system:Skipping extension 'colcon_notification.desktop_notification.notify_send': Could not find 'notify-send'
[237.197s] INFO:colcon.colcon_core.plugin_system:Skipping extension 'colcon_notification.desktop_notification.terminal_notifier': Not used on non-Darwin systems
[237.197s] INFO:colcon.colcon_core.plugin_system:Skipping extension 'colcon_notification.desktop_notification.win32': Not used on non-Windows systems
[237.198s] INFO:colcon.colcon_notification.desktop_notification:Sending desktop notification using 'notify2'
[237.209s] DEBUG:colcon.colcon_notification.desktop_notification.notify2:Failed to initialize notify2: org.freedesktop.DBus.Error.Spawn.ExecFailed: /usr/bin/dbus-launch terminated abnormally without any error message
[237.210s] DEBUG:colcon.colcon_core.event_reactor:joined thread
[237.255s] INFO:colcon.colcon_core.shell:Creating prefix script '/root/oxbot/install/local_setup.ps1'
[237.262s] INFO:colcon.colcon_core.shell:Creating prefix util module '/root/oxbot/install/_local_setup_util_ps1.py'
[237.272s] INFO:colcon.colcon_core.shell:Creating prefix chain script '/root/oxbot/install/setup.ps1'
[237.294s] INFO:colcon.colcon_core.shell:Creating prefix script '/root/oxbot/install/local_setup.sh'
[237.298s] INFO:colcon.colcon_core.shell:Creating prefix util module '/root/oxbot/install/_local_setup_util_sh.py'
[237.300s] INFO:colcon.colcon_core.shell:Creating prefix chain script '/root/oxbot/install/setup.sh'
[237.317s] INFO:colcon.colcon_core.shell:Creating prefix script '/root/oxbot/install/local_setup.bash'
[237.322s] INFO:colcon.colcon_core.shell:Creating prefix chain script '/root/oxbot/install/setup.bash'
[237.339s] INFO:colcon.colcon_core.shell:Creating prefix script '/root/oxbot/install/local_setup.zsh'
[237.342s] INFO:colcon.colcon_core.shell:Creating prefix chain script '/root/oxbot/install/setup.zsh'
