[0.098s] Invoking command in '/root/oxbot/src/ros2_ws/build/motion_control': AMENT_PREFIX_PATH=/root/oxbot/src/ros2_ws/install/oxbot_interfaces CMAKE_PREFIX_PATH=/root/oxbot/src/ros2_ws/install/oxbot_interfaces LD_LIBRARY_PATH=/root/oxbot/src/ros2_ws/install/oxbot_interfaces/lib:/usr/local/cuda-10.2/targets/aarch64-linux/lib PYTHONPATH=/root/oxbot/src/ros2_ws/install/oxbot_interfaces/lib/python3.6/site-packages /usr/local/bin/cmake --build /root/oxbot/src/ros2_ws/build/motion_control -- -j4 -l4
[0.296s] -- Found ament_cmake: 1.3.5 (/opt/ros/humble/install/share/ament_cmake/cmake)
[1.141s] Traceback (most recent call last):
[1.141s]   File "/opt/ros/humble/install/share/ament_cmake_core/cmake/package_templates/templates_2_cmake.py", line 21, in <module>
[1.142s]     from ament_package.templates import get_environment_hook_template_path
[1.143s] ModuleNotFoundError: No module named 'ament_package'
[1.159s] [31mCMake Error at /opt/ros/humble/install/share/ament_cmake_core/cmake/ament_cmake_package_templates-extras.cmake:41 (message):
[1.159s]   execute_process(/usr/bin/python3.6
[1.161s]   /opt/ros/humble/install/share/ament_cmake_core/cmake/package_templates/templates_2_cmake.py
[1.162s]   /root/oxbot/src/ros2_ws/build/motion_control/ament_cmake_package_templates/templates.cmake)
[1.163s]   returned error code 1
[1.163s] Call Stack (most recent call first):
[1.164s]   /opt/ros/humble/install/share/ament_cmake_core/cmake/ament_cmake_coreConfig.cmake:41 (include)
[1.165s]   /opt/ros/humble/install/share/ament_cmake/cmake/ament_cmake_export_dependencies-extras.cmake:15 (find_package)
[1.165s]   /opt/ros/humble/install/share/ament_cmake/cmake/ament_cmakeConfig.cmake:41 (include)
[1.166s]   CMakeLists.txt:9 (find_package)
[1.166s] 
[1.167s] [0m
[1.167s] -- Configuring incomplete, errors occurred!
[1.170s] Makefile:267: recipe for target 'cmake_check_build_system' failed
[1.171s] make: *** [cmake_check_build_system] Error 1
[1.194s] Invoked command in '/root/oxbot/src/ros2_ws/build/motion_control' returned '2': AMENT_PREFIX_PATH=/root/oxbot/src/ros2_ws/install/oxbot_interfaces CMAKE_PREFIX_PATH=/root/oxbot/src/ros2_ws/install/oxbot_interfaces LD_LIBRARY_PATH=/root/oxbot/src/ros2_ws/install/oxbot_interfaces/lib:/usr/local/cuda-10.2/targets/aarch64-linux/lib PYTHONPATH=/root/oxbot/src/ros2_ws/install/oxbot_interfaces/lib/python3.6/site-packages /usr/local/bin/cmake --build /root/oxbot/src/ros2_ws/build/motion_control -- -j4 -l4
