[0.224s] Invoking command in '/root/oxbot/src/ros2_ws/build/motion_control': CMAKE_PREFIX_PATH=/root/oxbot/src/ros2_ws/install/oxbot_interfaces:/root/oxbot/src/ros2_ws/install/oxbot_startup:/root/oxbot/src/ros2_ws/install/motion_control:/root/oxbot/src/ros2_ws/install/oxbot_config:/root/oxbot/src/ros2_ws/install/oxbot_bringup:/opt/ros/humble/install LD_LIBRARY_PATH=/root/oxbot/src/ros2_ws/install/oxbot_interfaces/lib:/opt/ros/humble/install/opt/rviz_ogre_vendor/lib:/opt/ros/humble/install/lib:/usr/local/cuda-10.2/targets/aarch64-linux/lib /usr/local/bin/cmake --build /root/oxbot/src/ros2_ws/build/motion_control -- -j4 -l4
[0.842s] [ 20%] [32mBuilding CXX object CMakeFiles/motion_controller.dir/src/SerialCommunicator.cpp.o[0m
[13.768s] [01m[K/root/oxbot/src/ros2_ws/src/motion_control/src/SerialCommunicator.cpp:[m[K In member function ‘[01m[Kvoid SerialCommunicator::convert_int16_to_uchar_(int16_t, unsigned char*, int)[m[K’:
[13.769s] [01m[K/root/oxbot/src/ros2_ws/src/motion_control/src/SerialCommunicator.cpp:381:99:[m[K [01;35m[Kwarning: [m[Kunused parameter ‘[01m[Knum_bytes_cmd_array[m[K’ [[01;35m[K-Wunused-parameter[m[K]
[13.770s]  void SerialCommunicator::convert_int16_to_uchar_(int16_t int16_cmd, unsigned char* cmd_bytes, int [01;35m[Knum_bytes_cmd_array[m[K)
[13.770s]                                                                                                    [01;35m[K^~~~~~~~~~~~~~~~~~~[m[K
[17.002s] [ 40%] [32m[1mLinking CXX executable motion_controller[0m
[19.447s] [100%] Built target motion_controller
[19.492s] Invoked command in '/root/oxbot/src/ros2_ws/build/motion_control' returned '0': CMAKE_PREFIX_PATH=/root/oxbot/src/ros2_ws/install/oxbot_interfaces:/root/oxbot/src/ros2_ws/install/oxbot_startup:/root/oxbot/src/ros2_ws/install/motion_control:/root/oxbot/src/ros2_ws/install/oxbot_config:/root/oxbot/src/ros2_ws/install/oxbot_bringup:/opt/ros/humble/install LD_LIBRARY_PATH=/root/oxbot/src/ros2_ws/install/oxbot_interfaces/lib:/opt/ros/humble/install/opt/rviz_ogre_vendor/lib:/opt/ros/humble/install/lib:/usr/local/cuda-10.2/targets/aarch64-linux/lib /usr/local/bin/cmake --build /root/oxbot/src/ros2_ws/build/motion_control -- -j4 -l4
[19.990s] Invoking command in '/root/oxbot/src/ros2_ws/build/motion_control': CMAKE_PREFIX_PATH=/root/oxbot/src/ros2_ws/install/oxbot_interfaces:/root/oxbot/src/ros2_ws/install/oxbot_startup:/root/oxbot/src/ros2_ws/install/motion_control:/root/oxbot/src/ros2_ws/install/oxbot_config:/root/oxbot/src/ros2_ws/install/oxbot_bringup:/opt/ros/humble/install LD_LIBRARY_PATH=/root/oxbot/src/ros2_ws/install/oxbot_interfaces/lib:/opt/ros/humble/install/opt/rviz_ogre_vendor/lib:/opt/ros/humble/install/lib:/usr/local/cuda-10.2/targets/aarch64-linux/lib /usr/local/bin/cmake --install /root/oxbot/src/ros2_ws/build/motion_control
[20.201s] -- Install configuration: ""
[20.213s] -- Installing: /root/oxbot/src/ros2_ws/install/motion_control/lib/motion_control/motion_controller
[20.232s] -- Set runtime path of "/root/oxbot/src/ros2_ws/install/motion_control/lib/motion_control/motion_controller" to ""
[20.233s] -- Up-to-date: /root/oxbot/src/ros2_ws/install/motion_control/share/ament_index/resource_index/package_run_dependencies/motion_control
[20.237s] -- Up-to-date: /root/oxbot/src/ros2_ws/install/motion_control/share/ament_index/resource_index/parent_prefix_path/motion_control
[20.239s] -- Up-to-date: /root/oxbot/src/ros2_ws/install/motion_control/share/motion_control/environment/ament_prefix_path.sh
[20.239s] -- Up-to-date: /root/oxbot/src/ros2_ws/install/motion_control/share/motion_control/environment/ament_prefix_path.dsv
[20.240s] -- Up-to-date: /root/oxbot/src/ros2_ws/install/motion_control/share/motion_control/environment/path.sh
[20.240s] -- Up-to-date: /root/oxbot/src/ros2_ws/install/motion_control/share/motion_control/environment/path.dsv
[20.241s] -- Up-to-date: /root/oxbot/src/ros2_ws/install/motion_control/share/motion_control/local_setup.bash
[20.242s] -- Up-to-date: /root/oxbot/src/ros2_ws/install/motion_control/share/motion_control/local_setup.sh
[20.242s] -- Up-to-date: /root/oxbot/src/ros2_ws/install/motion_control/share/motion_control/local_setup.zsh
[20.243s] -- Up-to-date: /root/oxbot/src/ros2_ws/install/motion_control/share/motion_control/local_setup.dsv
[20.244s] -- Installing: /root/oxbot/src/ros2_ws/install/motion_control/share/motion_control/package.dsv
[20.244s] -- Up-to-date: /root/oxbot/src/ros2_ws/install/motion_control/share/ament_index/resource_index/packages/motion_control
[20.245s] -- Up-to-date: /root/oxbot/src/ros2_ws/install/motion_control/share/motion_control/cmake/motion_controlConfig.cmake
[20.254s] -- Up-to-date: /root/oxbot/src/ros2_ws/install/motion_control/share/motion_control/cmake/motion_controlConfig-version.cmake
[20.255s] -- Up-to-date: /root/oxbot/src/ros2_ws/install/motion_control/share/motion_control/package.xml
[20.278s] Invoked command in '/root/oxbot/src/ros2_ws/build/motion_control' returned '0': CMAKE_PREFIX_PATH=/root/oxbot/src/ros2_ws/install/oxbot_interfaces:/root/oxbot/src/ros2_ws/install/oxbot_startup:/root/oxbot/src/ros2_ws/install/motion_control:/root/oxbot/src/ros2_ws/install/oxbot_config:/root/oxbot/src/ros2_ws/install/oxbot_bringup:/opt/ros/humble/install LD_LIBRARY_PATH=/root/oxbot/src/ros2_ws/install/oxbot_interfaces/lib:/opt/ros/humble/install/opt/rviz_ogre_vendor/lib:/opt/ros/humble/install/lib:/usr/local/cuda-10.2/targets/aarch64-linux/lib /usr/local/bin/cmake --install /root/oxbot/src/ros2_ws/build/motion_control
