[0.148s] Invoking command in '/root/oxbot/src/ros2_ws/build/motion_control': AMENT_PREFIX_PATH=/root/oxbot/src/ros2_ws/install/oxbot_interfaces CMAKE_PREFIX_PATH=/root/oxbot/src/ros2_ws/install/oxbot_interfaces LD_LIBRARY_PATH=/root/oxbot/src/ros2_ws/install/oxbot_interfaces/lib:/usr/local/cuda-10.2/targets/aarch64-linux/lib PYTHONPATH=/root/oxbot/src/ros2_ws/install/oxbot_interfaces/lib/python3.6/site-packages /usr/local/bin/cmake --build /root/oxbot/src/ros2_ws/build/motion_control -- -j4 -l4
[0.802s] [ 25%] [32mBuilding CXX object CMakeFiles/motion_controller.dir/src/motion_controller.cpp.o[0m
[0.809s] [ 75%] [32mBuilding CXX object CMakeFiles/motion_controller.dir/src/MotionControllerNode.cpp.o[0m
[0.811s] [ 75%] [32mBuilding CXX object CMakeFiles/motion_controller.dir/src/serial_communicator.cpp.o[0m
[0.817s] [01m[Kc++:[m[K [01;31m[Kerror: [m[K/root/oxbot/src/ros2_ws/src/motion_control/src/serial_communicator.cpp: No such file or directory
[0.818s] [01m[Kc++:[m[K [01;31m[Kfatal error: [m[Kno input files
[0.819s] compilation terminated.
[0.820s] CMakeFiles/motion_controller.dir/build.make:103: recipe for target 'CMakeFiles/motion_controller.dir/src/serial_communicator.cpp.o' failed
[0.821s] make[2]: *** [CMakeFiles/motion_controller.dir/src/serial_communicator.cpp.o] Error 1
[0.821s] make[2]: *** Waiting for unfinished jobs....
[1.919s] [01m[K/root/oxbot/src/ros2_ws/src/motion_control/src/MotionControllerNode.cpp:5:10:[m[K [01;31m[Kfatal error: [m[Kmotion_control_config.hpp: No such file or directory
[1.920s]  #include [01;31m[K"motion_control_config.hpp"[m[K
[1.923s]           [01;31m[K^~~~~~~~~~~~~~~~~~~~~~~~~~~[m[K
[1.924s] compilation terminated.
[1.937s] CMakeFiles/motion_controller.dir/build.make:89: recipe for target 'CMakeFiles/motion_controller.dir/src/MotionControllerNode.cpp.o' failed
[1.938s] make[2]: *** [CMakeFiles/motion_controller.dir/src/MotionControllerNode.cpp.o] Error 1
[13.309s] [01m[K/root/oxbot/src/ros2_ws/src/motion_control/src/motion_controller.cpp:[m[K In function ‘[01m[Kint main(int, char**)[m[K’:
[13.310s] [01m[K/root/oxbot/src/ros2_ws/src/motion_control/src/motion_controller.cpp:19:18:[m[K [01;31m[Kerror: [m[K‘[01m[Knode[m[K’ was not declared in this scope
[13.311s]      rclcpp::spin([01;31m[Knode[m[K);
[13.312s]                   [01;31m[K^~~~[m[K
[13.313s] [01m[K/root/oxbot/src/ros2_ws/src/motion_control/src/motion_controller.cpp:19:18:[m[K [01;36m[Knote: [m[Ksuggested alternative: ‘[01m[Kmodf[m[K’
[13.313s]      rclcpp::spin([01;36m[Knode[m[K);
[13.314s]                   [01;36m[K^~~~[m[K
[13.315s]                   [32m[Kmodf[m[K
[15.994s] make[2]: *** [CMakeFiles/motion_controller.dir/src/motion_controller.cpp.o] Error 1
[15.996s] CMakeFiles/motion_controller.dir/build.make:75: recipe for target 'CMakeFiles/motion_controller.dir/src/motion_controller.cpp.o' failed
[15.997s] CMakeFiles/Makefile2:136: recipe for target 'CMakeFiles/motion_controller.dir/all' failed
[15.998s] make[1]: *** [CMakeFiles/motion_controller.dir/all] Error 2
[15.998s] make: *** [all] Error 2
[16.000s] Makefile:145: recipe for target 'all' failed
[16.027s] Invoked command in '/root/oxbot/src/ros2_ws/build/motion_control' returned '2': AMENT_PREFIX_PATH=/root/oxbot/src/ros2_ws/install/oxbot_interfaces CMAKE_PREFIX_PATH=/root/oxbot/src/ros2_ws/install/oxbot_interfaces LD_LIBRARY_PATH=/root/oxbot/src/ros2_ws/install/oxbot_interfaces/lib:/usr/local/cuda-10.2/targets/aarch64-linux/lib PYTHONPATH=/root/oxbot/src/ros2_ws/install/oxbot_interfaces/lib/python3.6/site-packages /usr/local/bin/cmake --build /root/oxbot/src/ros2_ws/build/motion_control -- -j4 -l4
