[0.080s] Invoking command in '/root/oxbot/src/ros2_ws/build/motion_control': AMENT_PREFIX_PATH=/root/oxbot/src/ros2_ws/install/oxbot_interfaces CMAKE_PREFIX_PATH=/root/oxbot/src/ros2_ws/install/oxbot_interfaces LD_LIBRARY_PATH=/root/oxbot/src/ros2_ws/install/oxbot_interfaces/lib:/usr/local/cuda-10.2/targets/aarch64-linux/lib PYTHONPATH=/root/oxbot/src/ros2_ws/install/oxbot_interfaces/lib/python3.6/site-packages /usr/local/bin/cmake /root/oxbot/src/ros2_ws/src/motion_control -DCMAKE_INSTALL_PREFIX=/root/oxbot/src/ros2_ws/install/motion_control
[0.570s] -- The C compiler identification is GNU 7.5.0
[0.819s] -- The CXX compiler identification is GNU 7.5.0
[0.897s] -- Detecting C compiler ABI info
[1.118s] -- Detecting C compiler ABI info - done
[1.168s] -- Check for working C compiler: /usr/bin/cc - skipped
[1.173s] -- Detecting C compile features
[1.176s] -- Detecting C compile features - done
[1.221s] -- Detecting CXX compiler ABI info
[1.479s] -- Detecting CXX compiler ABI info - done
[1.534s] -- Check for working CXX compiler: /usr/bin/c++ - skipped
[1.535s] -- Detecting CXX compile features
[1.538s] -- Detecting CXX compile features - done
[1.645s] [31mCMake Error at CMakeLists.txt:12 (find_package):
[1.646s]   By not providing "Findament_cmake.cmake" in CMAKE_MODULE_PATH this project
[1.647s]   has asked CMake to find a package configuration file provided by
[1.647s]   "ament_cmake", but CMake did not find one.
[1.648s] 
[1.648s]   Could not find a package configuration file provided by "ament_cmake" with
[1.649s]   any of the following names:
[1.649s] 
[1.649s]     ament_cmakeConfig.cmake
[1.650s]     ament_cmake-config.cmake
[1.650s] 
[1.651s]   Add the installation prefix of "ament_cmake" to CMAKE_PREFIX_PATH or set
[1.651s]   "ament_cmake_DIR" to a directory containing one of the above files.  If
[1.652s]   "ament_cmake" provides a separate development package or SDK, be sure it
[1.652s]   has been installed.
[1.653s] 
[1.653s] [0m
[1.654s] -- Configuring incomplete, errors occurred!
[1.683s] Invoked command in '/root/oxbot/src/ros2_ws/build/motion_control' returned '1': AMENT_PREFIX_PATH=/root/oxbot/src/ros2_ws/install/oxbot_interfaces CMAKE_PREFIX_PATH=/root/oxbot/src/ros2_ws/install/oxbot_interfaces LD_LIBRARY_PATH=/root/oxbot/src/ros2_ws/install/oxbot_interfaces/lib:/usr/local/cuda-10.2/targets/aarch64-linux/lib PYTHONPATH=/root/oxbot/src/ros2_ws/install/oxbot_interfaces/lib/python3.6/site-packages /usr/local/bin/cmake /root/oxbot/src/ros2_ws/src/motion_control -DCMAKE_INSTALL_PREFIX=/root/oxbot/src/ros2_ws/install/motion_control
