[0.177s] Invoking command in '/root/oxbot/src/ros2_ws/build/motion_control': AMENT_PREFIX_PATH=/root/oxbot/src/ros2_ws/install/oxbot_interfaces:${AMENT_PREFIX_PATH} CMAKE_PREFIX_PATH=/root/oxbot/src/ros2_ws/install/oxbot_interfaces:${CMAKE_PREFIX_PATH} LD_LIBRARY_PATH=/root/oxbot/src/ros2_ws/install/oxbot_interfaces/lib:/opt/ros/humble/install/opt/rviz_ogre_vendor/lib:/opt/ros/humble/install/lib:/usr/local/cuda-10.2/targets/aarch64-linux/lib PYTHONPATH=/root/oxbot/src/ros2_ws/install/oxbot_interfaces/lib/python3.6/site-packages:${PYTHONPATH} /usr/local/bin/cmake --build /root/oxbot/src/ros2_ws/build/motion_control -- -j4 -l4
[0.469s] [ 25%] [32mBuilding CXX object CMakeFiles/motion_controller.dir/src/motion_controller.cpp.o[0m
[0.473s] [ 50%] [32mBuilding CXX object CMakeFiles/motion_controller.dir/src/MotionControllerNode.cpp.o[0m
[0.474s] [ 75%] [32mBuilding CXX object CMakeFiles/motion_controller.dir/src/SerialCommunicator.cpp.o[0m
[15.397s] [01m[K/root/oxbot/src/ros2_ws/src/motion_control/src/SerialCommunicator.cpp:[m[K In constructor ‘[01m[KSerialCommunicator::SerialCommunicator()[m[K’:
[15.398s] [01m[K/root/oxbot/src/ros2_ws/src/motion_control/src/SerialCommunicator.cpp:17:69:[m[K [01;31m[Kerror: [m[K‘[01m[KMC_FRONT_WHEELS_SERIAL_PATH[m[K’ was not declared in this scope
[15.399s]  SerialCommunicator::SerialCommunicator(): front_wheels_serial_path_([01;31m[KMC_FRONT_WHEELS_SERIAL_PATH[m[K), rear_wheels_serial_path_(MC_REAR_WHEELS_SERIAL_PATH), front_wheels_serial_fh_(0), rear_wheels_serial_fh_(0)
[15.399s]                                                                      [01;31m[K^~~~~~~~~~~~~~~~~~~~~~~~~~~[m[K
[15.428s] [01m[K/root/oxbot/src/ros2_ws/src/motion_control/src/SerialCommunicator.cpp:17:69:[m[K [01;36m[Knote: [m[Ksuggested alternative: ‘[01m[KFRONT_WHEELS_SERIAL_PATH[m[K’
[15.431s]  SerialCommunicator::SerialCommunicator(): front_wheels_serial_path_([01;36m[KMC_FRONT_WHEELS_SERIAL_PATH[m[K), rear_wheels_serial_path_(MC_REAR_WHEELS_SERIAL_PATH), front_wheels_serial_fh_(0), rear_wheels_serial_fh_(0)
[15.433s]                                                                      [01;36m[K^~~~~~~~~~~~~~~~~~~~~~~~~~~[m[K
[15.435s]                                                                      [32m[KFRONT_WHEELS_SERIAL_PATH[m[K
[15.438s] [01m[K/root/oxbot/src/ros2_ws/src/motion_control/src/SerialCommunicator.cpp:17:124:[m[K [01;31m[Kerror: [m[K‘[01m[KMC_REAR_WHEELS_SERIAL_PATH[m[K’ was not declared in this scope
[15.440s]  SerialCommunicator::SerialCommunicator(): front_wheels_serial_path_(MC_FRONT_WHEELS_SERIAL_PATH), rear_wheels_serial_path_([01;31m[KMC_REAR_WHEELS_SERIAL_PATH[m[K), front_wheels_serial_fh_(0), rear_wheels_serial_fh_(0)
[15.443s]                                                                                                                             [01;31m[K^~~~~~~~~~~~~~~~~~~~~~~~~~[m[K
[15.459s] [01m[K/root/oxbot/src/ros2_ws/src/motion_control/src/MotionControllerNode.cpp:[m[K In constructor ‘[01m[KMotionControllerNode::MotionControllerNode()[m[K’:
[15.463s] [01m[K/root/oxbot/src/ros2_ws/src/motion_control/src/MotionControllerNode.cpp:12:63:[m[K [01;31m[Kerror: [m[K‘[01m[KMC_SERIAL_POLLING_FREQUENCY[m[K’ was not declared in this scope
[15.465s]      int query_timer_period_micros       = int(1000000* (1.0 / [01;31m[KMC_SERIAL_POLLING_FREQUENCY[m[K));
[15.468s]                                                                [01;31m[K^~~~~~~~~~~~~~~~~~~~~~~~~~~[m[K
[15.485s] [01m[K/root/oxbot/src/ros2_ws/src/motion_control/src/SerialCommunicator.cpp:17:124:[m[K [01;36m[Knote: [m[Ksuggested alternative: ‘[01m[KREAR_WHEELS_SERIAL_PATH[m[K’
[15.486s]  SerialCommunicator::SerialCommunicator(): front_wheels_serial_path_(MC_FRONT_WHEELS_SERIAL_PATH), rear_wheels_serial_path_([01;36m[KMC_REAR_WHEELS_SERIAL_PATH[m[K), front_wheels_serial_fh_(0), rear_wheels_serial_fh_(0)
[15.487s]                                                                                                                             [01;36m[K^~~~~~~~~~~~~~~~~~~~~~~~~~[m[K
[15.488s]                                                                                                                             [32m[KREAR_WHEELS_SERIAL_PATH[m[K
[15.490s] [01m[K/root/oxbot/src/ros2_ws/src/motion_control/src/SerialCommunicator.cpp:30:35:[m[K [01;35m[Kwarning: [m[Kconverting to non-pointer type ‘[01m[Kint[m[K’ from NULL [[01;35m[K-Wconversion-null[m[K]
[15.491s]          front_wheels_serial_fh_ = [01;35m[KNULL[m[K;
[15.492s]                                    [01;35m[K^~~~[m[K
[15.496s] [01m[K/root/oxbot/src/ros2_ws/src/motion_control/src/SerialCommunicator.cpp:35:35:[m[K [01;35m[Kwarning: [m[Kconverting to non-pointer type ‘[01m[Kint[m[K’ from NULL [[01;35m[K-Wconversion-null[m[K]
[15.498s]          front_wheels_serial_fh_ = [01;35m[KNULL[m[K;
[15.499s]                                    [01;35m[K^~~~[m[K
[15.517s] [01m[K/root/oxbot/src/ros2_ws/src/motion_control/src/MotionControllerNode.cpp:12:63:[m[K [01;36m[Knote: [m[Ksuggested alternative: ‘[01m[KSERIAL_POLLING_FREQUENCY[m[K’
[15.518s]      int query_timer_period_micros       = int(1000000* (1.0 / [01;36m[KMC_SERIAL_POLLING_FREQUENCY[m[K));
[15.519s]                                                                [01;36m[K^~~~~~~~~~~~~~~~~~~~~~~~~~~[m[K
[15.519s]                                                                [32m[KSERIAL_POLLING_FREQUENCY[m[K
[15.520s] [01m[K/root/oxbot/src/ros2_ws/src/motion_control/src/MotionControllerNode.cpp:13:63:[m[K [01;31m[Kerror: [m[K‘[01m[KMC_OUTPUT_FREQUENCY[m[K’ was not declared in this scope
[15.520s]      int feedback_timer_period_micros    = int(1000000* (1.0 / [01;31m[KMC_OUTPUT_FREQUENCY[m[K));
[15.521s]                                                                [01;31m[K^~~~~~~~~~~~~~~~~~~[m[K
[15.524s] [01m[K/root/oxbot/src/ros2_ws/src/motion_control/src/SerialCommunicator.cpp:[m[K In member function ‘[01m[Kconst std::vector<unsigned char, std::allocator<unsigned char> > SerialCommunicator::sc_read()[m[K’:
[15.525s] [01m[K/root/oxbot/src/ros2_ws/src/motion_control/src/SerialCommunicator.cpp:95:29:[m[K [01;31m[Kerror: [m[K‘[01m[KMC_SERIAL_FEEDBACK_MESSAGE_SIZE[m[K’ was not declared in this scope
[15.526s]      unsigned char read_buf [[01;31m[KMC_SERIAL_FEEDBACK_MESSAGE_SIZE[m[K];
[15.528s]                              [01;31m[K^~~~~~~~~~~~~~~~~~~~~~~~~~~~~~~[m[K
[15.554s] [01m[K/root/oxbot/src/ros2_ws/src/motion_control/src/MotionControllerNode.cpp:13:63:[m[K [01;36m[Knote: [m[Ksuggested alternative: ‘[01m[KOUTPUT_FREQUENCY[m[K’
[15.555s]      int feedback_timer_period_micros    = int(1000000* (1.0 / [01;36m[KMC_OUTPUT_FREQUENCY[m[K));
[15.556s]                                                                [01;36m[K^~~~~~~~~~~~~~~~~~~[m[K
[15.556s]                                                                [32m[KOUTPUT_FREQUENCY[m[K
[15.575s] [01m[K/root/oxbot/src/ros2_ws/src/motion_control/src/SerialCommunicator.cpp:95:29:[m[K [01;36m[Knote: [m[Ksuggested alternative: ‘[01m[KSERIAL_FEEDBACK_MESSAGE_SIZE[m[K’
[15.576s]      unsigned char read_buf [[01;36m[KMC_SERIAL_FEEDBACK_MESSAGE_SIZE[m[K];
[15.577s]                              [01;36m[K^~~~~~~~~~~~~~~~~~~~~~~~~~~~~~~[m[K
[15.578s]                              [32m[KSERIAL_FEEDBACK_MESSAGE_SIZE[m[K
[15.580s] [01m[K/root/oxbot/src/ros2_ws/src/motion_control/src/SerialCommunicator.cpp:98:63:[m[K [01;31m[Kerror: [m[K‘[01m[Kread_buf[m[K’ was not declared in this scope
[15.581s]          int bytes_read = read(this->front_wheels_serial_fh_, &[01;31m[Kread_buf[m[K, sizeof(read_buf));
[15.582s]                                                                [01;31m[K^~~~~~~~[m[K
[15.591s] [01m[K/root/oxbot/src/ros2_ws/src/motion_control/src/SerialCommunicator.cpp:98:63:[m[K [01;36m[Knote: [m[Ksuggested alternative: ‘[01m[Kser_buf[m[K’
[15.592s]          int bytes_read = read(this->front_wheels_serial_fh_, &[01;36m[Kread_buf[m[K, sizeof(read_buf));
[15.593s]                                                                [01;36m[K^~~~~~~~[m[K
[15.594s]                                                                [32m[Kser_buf[m[K
[15.599s] [01m[K/root/oxbot/src/ros2_ws/src/motion_control/src/SerialCommunicator.cpp:[m[K In member function ‘[01m[Kint SerialCommunicator::sc_write(std::vector<unsigned char, std::allocator<unsigned char> >)[m[K’:
[15.601s] [01m[K/root/oxbot/src/ros2_ws/src/motion_control/src/SerialCommunicator.cpp:112:61:[m[K [01;35m[Kwarning: [m[Kunused parameter ‘[01m[Kwrite_buf[m[K’ [[01;35m[K-Wunused-parameter[m[K]
[15.602s]  int SerialCommunicator::sc_write(std::vector<unsigned char> [01;35m[Kwrite_buf[m[K)
[15.603s]                                                              [01;35m[K^~~~~~~~~[m[K
[15.715s] [01m[K/root/oxbot/src/ros2_ws/src/motion_control/src/MotionControllerNode.cpp:23:43:[m[K [01;31m[Kerror: [m[K‘[01m[KMC_FRONT_WHEELS_SERIAL_PATH[m[K’ was not declared in this scope
[15.716s]          serial_comm_ = SerialCommunicator([01;31m[KMC_FRONT_WHEELS_SERIAL_PATH[m[K, MC_REAR_WHEELS_SERIAL_PATH);
[15.717s]                                            [01;31m[K^~~~~~~~~~~~~~~~~~~~~~~~~~~[m[K
[15.753s] [01m[K/root/oxbot/src/ros2_ws/src/motion_control/src/MotionControllerNode.cpp:23:43:[m[K [01;36m[Knote: [m[Ksuggested alternative: ‘[01m[KFRONT_WHEELS_SERIAL_PATH[m[K’
[15.754s]          serial_comm_ = SerialCommunicator([01;36m[KMC_FRONT_WHEELS_SERIAL_PATH[m[K, MC_REAR_WHEELS_SERIAL_PATH);
[15.755s]                                            [01;36m[K^~~~~~~~~~~~~~~~~~~~~~~~~~~[m[K
[15.755s]                                            [32m[KFRONT_WHEELS_SERIAL_PATH[m[K
[15.756s] [01m[K/root/oxbot/src/ros2_ws/src/motion_control/src/MotionControllerNode.cpp:23:72:[m[K [01;31m[Kerror: [m[K‘[01m[KMC_REAR_WHEELS_SERIAL_PATH[m[K’ was not declared in this scope
[15.757s]          serial_comm_ = SerialCommunicator(MC_FRONT_WHEELS_SERIAL_PATH, [01;31m[KMC_REAR_WHEELS_SERIAL_PATH[m[K);
[15.757s]                                                                         [01;31m[K^~~~~~~~~~~~~~~~~~~~~~~~~~[m[K
[15.789s] [01m[K/root/oxbot/src/ros2_ws/src/motion_control/src/MotionControllerNode.cpp:23:72:[m[K [01;36m[Knote: [m[Ksuggested alternative: ‘[01m[KREAR_WHEELS_SERIAL_PATH[m[K’
[15.791s]          serial_comm_ = SerialCommunicator(MC_FRONT_WHEELS_SERIAL_PATH, [01;36m[KMC_REAR_WHEELS_SERIAL_PATH[m[K);
[15.792s]                                                                         [01;36m[K^~~~~~~~~~~~~~~~~~~~~~~~~~[m[K
[15.793s]                                                                         [32m[KREAR_WHEELS_SERIAL_PATH[m[K
[15.794s] [01m[K/root/oxbot/src/ros2_ws/src/motion_control/src/MotionControllerNode.cpp:24:26:[m[K [01;31m[Kerror: [m[K‘[01m[Kint SerialCommunicator::front_wheels_serial_fh_[m[K’ is private within this context
[15.794s]          if (serial_comm_.[01;31m[Kfront_wheels_serial_fh_[m[K == NULL)
[15.795s]                           [01;31m[K^~~~~~~~~~~~~~~~~~~~~~~[m[K
[15.796s] In file included from [01m[K/root/oxbot/src/ros2_ws/src/motion_control/include/motion_control/MotionControllerNode.hpp:3:0[m[K,
[15.797s]                  from [01m[K/root/oxbot/src/ros2_ws/src/motion_control/src/MotionControllerNode.cpp:3[m[K:
[15.806s] [01m[K/root/oxbot/src/ros2_ws/src/motion_control/include/motion_control/SerialCommunicator.hpp:47:9:[m[K [01;36m[Knote: [m[Kdeclared private here
[15.806s]      int [01;36m[Kfront_wheels_serial_fh_[m[K;
[15.807s]          [01;36m[K^~~~~~~~~~~~~~~~~~~~~~~[m[K
[15.808s] [01m[K/root/oxbot/src/ros2_ws/src/motion_control/src/MotionControllerNode.cpp:24:53:[m[K [01;35m[Kwarning: [m[KNULL used in arithmetic [[01;35m[K-Wpointer-arith[m[K]
[15.809s]          if (serial_comm_.front_wheels_serial_fh_ == [01;35m[KNULL[m[K)
[15.809s]                                                      [01;35m[K^~~~[m[K
[18.612s] CMakeFiles/motion_controller.dir/build.make:103: recipe for target 'CMakeFiles/motion_controller.dir/src/SerialCommunicator.cpp.o' failed
[18.615s] make[2]: *** [CMakeFiles/motion_controller.dir/src/SerialCommunicator.cpp.o] Error 1
[18.616s] make[2]: *** Waiting for unfinished jobs....
[22.398s] CMakeFiles/motion_controller.dir/build.make:89: recipe for target 'CMakeFiles/motion_controller.dir/src/MotionControllerNode.cpp.o' failed
[22.399s] make[2]: *** [CMakeFiles/motion_controller.dir/src/MotionControllerNode.cpp.o] Error 1
[22.400s] make[1]: *** [CMakeFiles/motion_controller.dir/all] Error 2
[22.401s] make: *** [all] Error 2
[22.401s] CMakeFiles/Makefile2:136: recipe for target 'CMakeFiles/motion_controller.dir/all' failed
[22.403s] Makefile:145: recipe for target 'all' failed
[22.448s] Invoked command in '/root/oxbot/src/ros2_ws/build/motion_control' returned '2': AMENT_PREFIX_PATH=/root/oxbot/src/ros2_ws/install/oxbot_interfaces:${AMENT_PREFIX_PATH} CMAKE_PREFIX_PATH=/root/oxbot/src/ros2_ws/install/oxbot_interfaces:${CMAKE_PREFIX_PATH} LD_LIBRARY_PATH=/root/oxbot/src/ros2_ws/install/oxbot_interfaces/lib:/opt/ros/humble/install/opt/rviz_ogre_vendor/lib:/opt/ros/humble/install/lib:/usr/local/cuda-10.2/targets/aarch64-linux/lib PYTHONPATH=/root/oxbot/src/ros2_ws/install/oxbot_interfaces/lib/python3.6/site-packages:${PYTHONPATH} /usr/local/bin/cmake --build /root/oxbot/src/ros2_ws/build/motion_control -- -j4 -l4
