-- The C compiler identification is GNU 7.5.0
-- The CXX compiler identification is GNU 7.5.0
-- Detecting C compiler ABI info
-- Detecting C compiler ABI info - done
-- Check for working C compiler: /usr/bin/cc - skipped
-- Detecting C compile features
-- Detecting C compile features - done
-- Detecting CXX compiler ABI info
-- Detecting CXX compiler ABI info - done
-- Check for working CXX compiler: /usr/bin/c++ - skipped
-- Detecting CXX compile features
-- Detecting CXX compile features - done
-- Found ament_cmake: 1.3.5 (/opt/ros/humble/install/share/ament_cmake/cmake)
-- Found Python3: /usr/bin/python3.6 (found version "3.6.9") found components: Interpreter 
-- Found rclcpp: 16.0.5 (/opt/ros/humble/install/share/rclcpp/cmake)
-- Found rosidl_generator_c: 3.1.5 (/opt/ros/humble/install/share/rosidl_generator_c/cmake)
-- Found rosidl_adapter: 3.1.5 (/opt/ros/humble/install/share/rosidl_adapter/cmake)
-- Found rosidl_generator_cpp: 3.1.5 (/opt/ros/humble/install/share/rosidl_generator_cpp/cmake)
-- Using all available rosidl_typesupport_c: rosidl_typesupport_fastrtps_c;rosidl_typesupport_introspection_c
-- Using all available rosidl_typesupport_cpp: rosidl_typesupport_fastrtps_cpp;rosidl_typesupport_introspection_cpp
-- Found rmw_implementation_cmake: 6.1.1 (/opt/ros/humble/install/share/rmw_implementation_cmake/cmake)
-- Found rmw_cyclonedds_cpp: 1.3.4 (/opt/ros/humble/install/share/rmw_cyclonedds_cpp/cmake)
-- Using RMW implementation 'rmw_cyclonedds_cpp' as default
-- Performing Test CMAKE_HAVE_LIBC_PTHREAD
-- Performing Test CMAKE_HAVE_LIBC_PTHREAD - Failed
-- Looking for pthread_create in pthreads
-- Looking for pthread_create in pthreads - not found
-- Looking for pthread_create in pthread
-- Looking for pthread_create in pthread - found
-- Found Threads: TRUE  
-- Found oxbot_interfaces: 0.0.0 (/root/oxbot/src/ros2_ws/install/oxbot_interfaces/share/oxbot_interfaces/cmake)
-- Found geometry_msgs: 4.2.3 (/opt/ros/humble/install/share/geometry_msgs/cmake)
-- Found sensor_msgs: 4.2.3 (/opt/ros/humble/install/share/sensor_msgs/cmake)
-- Found oxbot_config: 0.0.0 (/root/oxbot/src/ros2_ws/install/oxbot_config/share/oxbot_config/cmake)
-- Found ament_lint_auto: 0.12.7 (/opt/ros/humble/install/share/ament_lint_auto/cmake)
-- Found ament_cmake_gtest: 1.3.5 (/opt/ros/humble/install/share/ament_cmake_gtest/cmake)
-- Found gtest sources under '/opt/ros/humble/install/src/gtest_vendor': C++ tests using 'Google Test' will be built
-- Check if compiler accepts -pthread
-- Check if compiler accepts -pthread - yes
-- Added test 'cppcheck' to perform static code analysis on C / C++ code
-- Configured cppcheck include dirs: /root/oxbot/src/ros2_ws/src/motion_control/include/motion_control;$<BUILD_INTERFACE:/root/oxbot/src/ros2_ws/src/motion_control/include>
-- Configured cppcheck exclude dirs and/or files: 
-- Added test 'lint_cmake' to check CMake code style
-- Added test 'uncrustify' to check C / C++ code style
-- Configured uncrustify additional arguments: 
-- Added test 'xmllint' to check XML markup files
-- Configuring done (29.5s)
-- Generating done (0.1s)
-- Build files have been written to: /root/oxbot/build/motion_control
[  7%] [32mBuilding CXX object CMakeFiles/motion_controller.dir/src/motion_controller.cpp.o[0m
[ 14%] [32mBuilding CXX object CMakeFiles/motion_controller.dir/src/MotionControllerNode.cpp.o[0m
[ 21%] [32mBuilding CXX object CMakeFiles/motion_controller.dir/src/SerialCommunicator.cpp.o[0m
[ 28%] [32mBuilding CXX object CMakeFiles/motion_controller.dir/src/FeedbackFrame.cpp.o[0m
[ 35%] [32m[1mLinking CXX executable motion_controller[0m
[ 35%] Built target motion_controller
[ 42%] [32mBuilding CXX object gtest/CMakeFiles/gtest.dir/src/gtest-all.cc.o[0m
[ 50%] [32m[1mLinking CXX static library libgtest.a[0m
[ 50%] Built target gtest
[ 57%] [32mBuilding CXX object gtest/CMakeFiles/gtest_main.dir/src/gtest_main.cc.o[0m
[ 64%] [32m[1mLinking CXX static library libgtest_main.a[0m
[ 64%] Built target gtest_main
[ 71%] [32mBuilding CXX object CMakeFiles/oxbot_teleop.dir/src/oxbot_teleop.cpp.o[0m
[ 78%] [32mBuilding CXX object CMakeFiles/oxbot_teleop.dir/src/OxbotTeleopNode.cpp.o[0m
[ 85%] [32m[1mLinking CXX executable oxbot_teleop[0m
[ 85%] Built target oxbot_teleop
[ 92%] [32mBuilding CXX object CMakeFiles/motion_control_motion_controller_node_test.dir/test/MotionControllerNodeTest.cpp.o[0m
[100%] [32m[1mLinking CXX executable motion_control_motion_controller_node_test[0m
[100%] Built target motion_control_motion_controller_node_test
-- Install configuration: ""
-- Installing: /root/oxbot/install/motion_control/lib/motion_control/motion_controller
-- Set runtime path of "/root/oxbot/install/motion_control/lib/motion_control/motion_controller" to ""
-- Installing: /root/oxbot/install/motion_control/lib/motion_control/oxbot_teleop
-- Set runtime path of "/root/oxbot/install/motion_control/lib/motion_control/oxbot_teleop" to ""
-- Installing: /root/oxbot/install/motion_control/share/ament_index/resource_index/package_run_dependencies/motion_control
-- Installing: /root/oxbot/install/motion_control/share/ament_index/resource_index/parent_prefix_path/motion_control
-- Installing: /root/oxbot/install/motion_control/share/motion_control/environment/ament_prefix_path.sh
-- Installing: /root/oxbot/install/motion_control/share/motion_control/environment/ament_prefix_path.dsv
-- Installing: /root/oxbot/install/motion_control/share/motion_control/environment/path.sh
-- Installing: /root/oxbot/install/motion_control/share/motion_control/environment/path.dsv
-- Installing: /root/oxbot/install/motion_control/share/motion_control/local_setup.bash
-- Installing: /root/oxbot/install/motion_control/share/motion_control/local_setup.sh
-- Installing: /root/oxbot/install/motion_control/share/motion_control/local_setup.zsh
-- Installing: /root/oxbot/install/motion_control/share/motion_control/local_setup.dsv
-- Installing: /root/oxbot/install/motion_control/share/motion_control/package.dsv
-- Installing: /root/oxbot/install/motion_control/share/ament_index/resource_index/packages/motion_control
-- Installing: /root/oxbot/install/motion_control/share/motion_control/cmake/motion_controlConfig.cmake
-- Installing: /root/oxbot/install/motion_control/share/motion_control/cmake/motion_controlConfig-version.cmake
-- Installing: /root/oxbot/install/motion_control/share/motion_control/package.xml
