[0.249s] Invoking command in '/root/oxbot/build/motion_control': /usr/local/bin/cmake /root/oxbot/src/ros2_ws/src/motion_control -DCMAKE_INSTALL_PREFIX=/root/oxbot/install/motion_control
[1.341s] -- The C compiler identification is GNU 7.5.0
[1.917s] -- The CXX compiler identification is GNU 7.5.0
[3.430s] -- Detecting C compiler ABI info
[6.993s] -- Detecting C compiler ABI info - done
[7.056s] -- Check for working C compiler: /usr/bin/cc - skipped
[7.106s] -- Detecting C compile features
[7.169s] -- Detecting C compile features - done
[8.639s] -- Detecting CXX compiler ABI info
[11.051s] -- Detecting CXX compiler ABI info - done
[11.135s] -- Check for working CXX compiler: /usr/bin/c++ - skipped
[11.136s] -- Detecting CXX compile features
[11.138s] -- Detecting CXX compile features - done
[11.218s] -- Found ament_cmake: 1.3.5 (/opt/ros/humble/install/share/ament_cmake/cmake)
[18.759s] -- Found Python3: /usr/bin/python3.6 (found version "3.6.9") found components: Interpreter 
[20.193s] -- Found rclcpp: 16.0.5 (/opt/ros/humble/install/share/rclcpp/cmake)
[21.565s] -- Found rosidl_generator_c: 3.1.5 (/opt/ros/humble/install/share/rosidl_generator_c/cmake)
[21.676s] -- Found rosidl_adapter: 3.1.5 (/opt/ros/humble/install/share/rosidl_adapter/cmake)
[21.837s] -- Found rosidl_generator_cpp: 3.1.5 (/opt/ros/humble/install/share/rosidl_generator_cpp/cmake)
[22.153s] -- Using all available rosidl_typesupport_c: rosidl_typesupport_fastrtps_c;rosidl_typesupport_introspection_c
[22.321s] -- Using all available rosidl_typesupport_cpp: rosidl_typesupport_fastrtps_cpp;rosidl_typesupport_introspection_cpp
[23.246s] -- Found rmw_implementation_cmake: 6.1.1 (/opt/ros/humble/install/share/rmw_implementation_cmake/cmake)
[23.340s] -- Found rmw_cyclonedds_cpp: 1.3.4 (/opt/ros/humble/install/share/rmw_cyclonedds_cpp/cmake)
[23.786s] -- Using RMW implementation 'rmw_cyclonedds_cpp' as default
[24.006s] -- Performing Test CMAKE_HAVE_LIBC_PTHREAD
[24.447s] -- Performing Test CMAKE_HAVE_LIBC_PTHREAD - Failed
[24.459s] -- Looking for pthread_create in pthreads
[24.940s] -- Looking for pthread_create in pthreads - not found
[24.956s] -- Looking for pthread_create in pthread
[25.380s] -- Looking for pthread_create in pthread - found
[25.380s] -- Found Threads: TRUE  
[26.967s] -- Found oxbot_interfaces: 0.0.0 (/root/oxbot/src/ros2_ws/install/oxbot_interfaces/share/oxbot_interfaces/cmake)
[27.179s] -- Found geometry_msgs: 4.2.3 (/opt/ros/humble/install/share/geometry_msgs/cmake)
[27.731s] -- Found sensor_msgs: 4.2.3 (/opt/ros/humble/install/share/sensor_msgs/cmake)
[28.665s] -- Found oxbot_config: 0.0.0 (/root/oxbot/src/ros2_ws/install/oxbot_config/share/oxbot_config/cmake)
[28.703s] -- Found ament_lint_auto: 0.12.7 (/opt/ros/humble/install/share/ament_lint_auto/cmake)
[28.731s] -- Found ament_cmake_gtest: 1.3.5 (/opt/ros/humble/install/share/ament_cmake_gtest/cmake)
[28.756s] -- Found gtest sources under '/opt/ros/humble/install/src/gtest_vendor': C++ tests using 'Google Test' will be built
[28.778s] -- Check if compiler accepts -pthread
[29.119s] -- Check if compiler accepts -pthread - yes
[29.948s] -- Added test 'cppcheck' to perform static code analysis on C / C++ code
[29.949s] -- Configured cppcheck include dirs: /root/oxbot/src/ros2_ws/src/motion_control/include/motion_control;$<BUILD_INTERFACE:/root/oxbot/src/ros2_ws/src/motion_control/include>
[29.950s] -- Configured cppcheck exclude dirs and/or files: 
[29.955s] -- Added test 'lint_cmake' to check CMake code style
[29.961s] -- Added test 'uncrustify' to check C / C++ code style
[29.962s] -- Configured uncrustify additional arguments: 
[29.965s] -- Added test 'xmllint' to check XML markup files
[29.974s] -- Configuring done (29.5s)
[30.097s] -- Generating done (0.1s)
[30.108s] -- Build files have been written to: /root/oxbot/build/motion_control
[30.198s] Invoked command in '/root/oxbot/build/motion_control' returned '0': /usr/local/bin/cmake /root/oxbot/src/ros2_ws/src/motion_control -DCMAKE_INSTALL_PREFIX=/root/oxbot/install/motion_control
[30.200s] Invoking command in '/root/oxbot/build/motion_control': /usr/local/bin/cmake --build /root/oxbot/build/motion_control -- -j4 -l4
[30.553s] [  7%] [32mBuilding CXX object CMakeFiles/motion_controller.dir/src/motion_controller.cpp.o[0m
[50.069s] [ 14%] [32mBuilding CXX object CMakeFiles/motion_controller.dir/src/MotionControllerNode.cpp.o[0m
[98.071s] [ 21%] [32mBuilding CXX object CMakeFiles/motion_controller.dir/src/SerialCommunicator.cpp.o[0m
[116.173s] [ 28%] [32mBuilding CXX object CMakeFiles/motion_controller.dir/src/FeedbackFrame.cpp.o[0m
[116.894s] [ 35%] [32m[1mLinking CXX executable motion_controller[0m
[118.987s] [ 35%] Built target motion_controller
[119.025s] [ 42%] [32mBuilding CXX object gtest/CMakeFiles/gtest.dir/src/gtest-all.cc.o[0m
[141.823s] [ 50%] [32m[1mLinking CXX static library libgtest.a[0m
[142.388s] [ 50%] Built target gtest
[142.468s] [ 57%] [32mBuilding CXX object gtest/CMakeFiles/gtest_main.dir/src/gtest_main.cc.o[0m
[145.112s] [ 64%] [32m[1mLinking CXX static library libgtest_main.a[0m
[145.183s] [ 64%] Built target gtest_main
[145.236s] [ 71%] [32mBuilding CXX object CMakeFiles/oxbot_teleop.dir/src/oxbot_teleop.cpp.o[0m
[161.659s] [ 78%] [32mBuilding CXX object CMakeFiles/oxbot_teleop.dir/src/OxbotTeleopNode.cpp.o[0m
[201.782s] [ 85%] [32m[1mLinking CXX executable oxbot_teleop[0m
[203.726s] [ 85%] Built target oxbot_teleop
[203.786s] [ 92%] [32mBuilding CXX object CMakeFiles/motion_control_motion_controller_node_test.dir/test/MotionControllerNodeTest.cpp.o[0m
[207.507s] [100%] [32m[1mLinking CXX executable motion_control_motion_controller_node_test[0m
[208.562s] [100%] Built target motion_control_motion_controller_node_test
[208.602s] Invoked command in '/root/oxbot/build/motion_control' returned '0': /usr/local/bin/cmake --build /root/oxbot/build/motion_control -- -j4 -l4
[208.977s] Invoking command in '/root/oxbot/build/motion_control': /usr/local/bin/cmake --install /root/oxbot/build/motion_control
[209.171s] -- Install configuration: ""
[209.173s] -- Installing: /root/oxbot/install/motion_control/lib/motion_control/motion_controller
[209.199s] -- Set runtime path of "/root/oxbot/install/motion_control/lib/motion_control/motion_controller" to ""
[209.199s] -- Installing: /root/oxbot/install/motion_control/lib/motion_control/oxbot_teleop
[209.218s] -- Set runtime path of "/root/oxbot/install/motion_control/lib/motion_control/oxbot_teleop" to ""
[209.219s] -- Installing: /root/oxbot/install/motion_control/share/ament_index/resource_index/package_run_dependencies/motion_control
[209.222s] -- Installing: /root/oxbot/install/motion_control/share/ament_index/resource_index/parent_prefix_path/motion_control
[209.225s] -- Installing: /root/oxbot/install/motion_control/share/motion_control/environment/ament_prefix_path.sh
[209.227s] -- Installing: /root/oxbot/install/motion_control/share/motion_control/environment/ament_prefix_path.dsv
[209.228s] -- Installing: /root/oxbot/install/motion_control/share/motion_control/environment/path.sh
[209.229s] -- Installing: /root/oxbot/install/motion_control/share/motion_control/environment/path.dsv
[209.229s] -- Installing: /root/oxbot/install/motion_control/share/motion_control/local_setup.bash
[209.234s] -- Installing: /root/oxbot/install/motion_control/share/motion_control/local_setup.sh
[209.237s] -- Installing: /root/oxbot/install/motion_control/share/motion_control/local_setup.zsh
[209.238s] -- Installing: /root/oxbot/install/motion_control/share/motion_control/local_setup.dsv
[209.239s] -- Installing: /root/oxbot/install/motion_control/share/motion_control/package.dsv
[209.240s] -- Installing: /root/oxbot/install/motion_control/share/ament_index/resource_index/packages/motion_control
[209.240s] -- Installing: /root/oxbot/install/motion_control/share/motion_control/cmake/motion_controlConfig.cmake
[209.241s] -- Installing: /root/oxbot/install/motion_control/share/motion_control/cmake/motion_controlConfig-version.cmake
[209.241s] -- Installing: /root/oxbot/install/motion_control/share/motion_control/package.xml
[209.277s] Invoked command in '/root/oxbot/build/motion_control' returned '0': /usr/local/bin/cmake --install /root/oxbot/build/motion_control
