[2.984s] DEBUG:colcon:Command line arguments: ['/usr/bin/colcon', 'build', '--packages-select', 'motion_control']
[2.984s] DEBUG:colcon:Parsed command line arguments: Namespace(ament_cmake_args=None, base_paths=['.'], build_base='build', catkin_cmake_args=None, catkin_skip_building_tests=False, cmake_args=None, cmake_clean_cache=False, cmake_clean_first=False, cmake_force_configure=False, cmake_target=None, cmake_target_skip_unavailable=False, continue_on_error=False, event_handlers=None, executor='parallel', ignore_user_meta=False, install_base='install', log_base=None, log_level=None, main=<bound method BuildVerb.main of <colcon_core.verb.build.BuildVerb object at 0x7fb0061f98>>, merge_install=False, metas=['./colcon.meta'], packages_above=None, packages_above_and_dependencies=None, packages_above_depth=None, packages_end=None, packages_ignore=None, packages_ignore_regex=None, packages_select=['motion_control'], packages_select_build_failed=False, packages_select_by_dep=None, packages_select_regex=None, packages_select_test_failures=False, packages_skip=None, packages_skip_build_finished=False, packages_skip_by_dep=None, packages_skip_regex=None, packages_skip_test_passed=False, packages_skip_up_to=None, packages_start=None, packages_up_to=None, packages_up_to_regex=None, parallel_workers=4, paths=None, symlink_install=False, test_result_base=None, verb_extension=<colcon_core.verb.build.BuildVerb object at 0x7fb0061f98>, verb_name='build', verb_parser=<colcon_defaults.argument_parser.defaults.DefaultArgumentsDecorator object at 0x7faffe1ef0>)
[3.182s] Level 1:colcon.colcon_core.package_discovery:discover_packages(colcon_meta) check parameters
[3.182s] Level 1:colcon.colcon_core.package_discovery:discover_packages(recursive) check parameters
[3.182s] Level 1:colcon.colcon_core.package_discovery:discover_packages(ignore) check parameters
[3.183s] Level 1:colcon.colcon_core.package_discovery:discover_packages(path) check parameters
[3.183s] Level 1:colcon.colcon_core.package_discovery:discover_packages(colcon_meta) discover
[3.185s] Level 1:colcon.colcon_core.package_discovery:discover_packages(recursive) discover
[3.185s] INFO:colcon.colcon_core.package_discovery:Crawling recursively for packages in '/root/oxbot/src/ros2_ws'
[3.185s] Level 1:colcon.colcon_core.package_identification:_identify(.) by extensions ['ignore', 'ignore_ament_install']
[3.186s] Level 1:colcon.colcon_core.package_identification:_identify(.) by extension 'ignore'
[3.186s] Level 1:colcon.colcon_core.package_identification:_identify(.) by extension 'ignore_ament_install'
[3.187s] Level 1:colcon.colcon_core.package_identification:_identify(.) by extensions ['colcon_pkg']
[3.187s] Level 1:colcon.colcon_core.package_identification:_identify(.) by extension 'colcon_pkg'
[3.187s] Level 1:colcon.colcon_core.package_identification:_identify(.) by extensions ['colcon_meta']
[3.187s] Level 1:colcon.colcon_core.package_identification:_identify(.) by extension 'colcon_meta'
[3.187s] Level 1:colcon.colcon_core.package_identification:_identify(.) by extensions ['ros']
[3.188s] Level 1:colcon.colcon_core.package_identification:_identify(.) by extension 'ros'
[3.375s] Level 1:colcon.colcon_core.package_identification:_identify(.) by extensions ['cmake', 'python']
[3.375s] Level 1:colcon.colcon_core.package_identification:_identify(.) by extension 'cmake'
[3.375s] Level 1:colcon.colcon_core.package_identification:_identify(.) by extension 'python'
[3.376s] Level 1:colcon.colcon_core.package_identification:_identify(.) by extensions ['python_setup_py']
[3.376s] Level 1:colcon.colcon_core.package_identification:_identify(.) by extension 'python_setup_py'
[3.377s] Level 1:colcon.colcon_core.package_identification:_identify(build) by extensions ['ignore', 'ignore_ament_install']
[3.377s] Level 1:colcon.colcon_core.package_identification:_identify(build) by extension 'ignore'
[3.377s] Level 1:colcon.colcon_core.package_identification:_identify(build) ignored
[3.379s] Level 1:colcon.colcon_core.package_identification:_identify(install) by extensions ['ignore', 'ignore_ament_install']
[3.380s] Level 1:colcon.colcon_core.package_identification:_identify(install) by extension 'ignore'
[3.380s] Level 1:colcon.colcon_core.package_identification:_identify(install) ignored
[3.381s] Level 1:colcon.colcon_core.package_identification:_identify(log) by extensions ['ignore', 'ignore_ament_install']
[3.381s] Level 1:colcon.colcon_core.package_identification:_identify(log) by extension 'ignore'
[3.381s] Level 1:colcon.colcon_core.package_identification:_identify(log) ignored
[3.382s] Level 1:colcon.colcon_core.package_identification:_identify(src) by extensions ['ignore', 'ignore_ament_install']
[3.382s] Level 1:colcon.colcon_core.package_identification:_identify(src) by extension 'ignore'
[3.382s] Level 1:colcon.colcon_core.package_identification:_identify(src) by extension 'ignore_ament_install'
[3.383s] Level 1:colcon.colcon_core.package_identification:_identify(src) by extensions ['colcon_pkg']
[3.383s] Level 1:colcon.colcon_core.package_identification:_identify(src) by extension 'colcon_pkg'
[3.383s] Level 1:colcon.colcon_core.package_identification:_identify(src) by extensions ['colcon_meta']
[3.383s] Level 1:colcon.colcon_core.package_identification:_identify(src) by extension 'colcon_meta'
[3.384s] Level 1:colcon.colcon_core.package_identification:_identify(src) by extensions ['ros']
[3.384s] Level 1:colcon.colcon_core.package_identification:_identify(src) by extension 'ros'
[3.384s] Level 1:colcon.colcon_core.package_identification:_identify(src) by extensions ['cmake', 'python']
[3.385s] Level 1:colcon.colcon_core.package_identification:_identify(src) by extension 'cmake'
[3.385s] Level 1:colcon.colcon_core.package_identification:_identify(src) by extension 'python'
[3.385s] Level 1:colcon.colcon_core.package_identification:_identify(src) by extensions ['python_setup_py']
[3.385s] Level 1:colcon.colcon_core.package_identification:_identify(src) by extension 'python_setup_py'
[3.386s] Level 1:colcon.colcon_core.package_identification:_identify(src/motion_control) by extensions ['ignore', 'ignore_ament_install']
[3.386s] Level 1:colcon.colcon_core.package_identification:_identify(src/motion_control) by extension 'ignore'
[3.387s] Level 1:colcon.colcon_core.package_identification:_identify(src/motion_control) by extension 'ignore_ament_install'
[3.387s] Level 1:colcon.colcon_core.package_identification:_identify(src/motion_control) by extensions ['colcon_pkg']
[3.387s] Level 1:colcon.colcon_core.package_identification:_identify(src/motion_control) by extension 'colcon_pkg'
[3.387s] Level 1:colcon.colcon_core.package_identification:_identify(src/motion_control) by extensions ['colcon_meta']
[3.387s] Level 1:colcon.colcon_core.package_identification:_identify(src/motion_control) by extension 'colcon_meta'
[3.388s] Level 1:colcon.colcon_core.package_identification:_identify(src/motion_control) by extensions ['ros']
[3.388s] Level 1:colcon.colcon_core.package_identification:_identify(src/motion_control) by extension 'ros'
[3.401s] DEBUG:colcon.colcon_core.package_identification:Package 'src/motion_control' with type 'ros.ament_cmake' and name 'motion_control'
[3.401s] Level 1:colcon.colcon_core.package_identification:_identify(src/oxbot_bringup) by extensions ['ignore', 'ignore_ament_install']
[3.402s] Level 1:colcon.colcon_core.package_identification:_identify(src/oxbot_bringup) by extension 'ignore'
[3.402s] Level 1:colcon.colcon_core.package_identification:_identify(src/oxbot_bringup) by extension 'ignore_ament_install'
[3.403s] Level 1:colcon.colcon_core.package_identification:_identify(src/oxbot_bringup) by extensions ['colcon_pkg']
[3.403s] Level 1:colcon.colcon_core.package_identification:_identify(src/oxbot_bringup) by extension 'colcon_pkg'
[3.403s] Level 1:colcon.colcon_core.package_identification:_identify(src/oxbot_bringup) by extensions ['colcon_meta']
[3.403s] Level 1:colcon.colcon_core.package_identification:_identify(src/oxbot_bringup) by extension 'colcon_meta'
[3.403s] Level 1:colcon.colcon_core.package_identification:_identify(src/oxbot_bringup) by extensions ['ros']
[3.404s] Level 1:colcon.colcon_core.package_identification:_identify(src/oxbot_bringup) by extension 'ros'
[3.406s] DEBUG:colcon.colcon_core.package_identification:Package 'src/oxbot_bringup' with type 'ros.ament_cmake' and name 'oxbot_bringup'
[3.407s] Level 1:colcon.colcon_core.package_identification:_identify(src/oxbot_config) by extensions ['ignore', 'ignore_ament_install']
[3.407s] Level 1:colcon.colcon_core.package_identification:_identify(src/oxbot_config) by extension 'ignore'
[3.407s] Level 1:colcon.colcon_core.package_identification:_identify(src/oxbot_config) by extension 'ignore_ament_install'
[3.408s] Level 1:colcon.colcon_core.package_identification:_identify(src/oxbot_config) by extensions ['colcon_pkg']
[3.408s] Level 1:colcon.colcon_core.package_identification:_identify(src/oxbot_config) by extension 'colcon_pkg'
[3.408s] Level 1:colcon.colcon_core.package_identification:_identify(src/oxbot_config) by extensions ['colcon_meta']
[3.408s] Level 1:colcon.colcon_core.package_identification:_identify(src/oxbot_config) by extension 'colcon_meta'
[3.409s] Level 1:colcon.colcon_core.package_identification:_identify(src/oxbot_config) by extensions ['ros']
[3.409s] Level 1:colcon.colcon_core.package_identification:_identify(src/oxbot_config) by extension 'ros'
[3.411s] DEBUG:colcon.colcon_core.package_identification:Package 'src/oxbot_config' with type 'ros.ament_cmake' and name 'oxbot_config'
[3.412s] Level 1:colcon.colcon_core.package_identification:_identify(src/oxbot_interfaces) by extensions ['ignore', 'ignore_ament_install']
[3.412s] Level 1:colcon.colcon_core.package_identification:_identify(src/oxbot_interfaces) by extension 'ignore'
[3.412s] Level 1:colcon.colcon_core.package_identification:_identify(src/oxbot_interfaces) by extension 'ignore_ament_install'
[3.413s] Level 1:colcon.colcon_core.package_identification:_identify(src/oxbot_interfaces) by extensions ['colcon_pkg']
[3.413s] Level 1:colcon.colcon_core.package_identification:_identify(src/oxbot_interfaces) by extension 'colcon_pkg'
[3.413s] Level 1:colcon.colcon_core.package_identification:_identify(src/oxbot_interfaces) by extensions ['colcon_meta']
[3.413s] Level 1:colcon.colcon_core.package_identification:_identify(src/oxbot_interfaces) by extension 'colcon_meta'
[3.414s] Level 1:colcon.colcon_core.package_identification:_identify(src/oxbot_interfaces) by extensions ['ros']
[3.414s] Level 1:colcon.colcon_core.package_identification:_identify(src/oxbot_interfaces) by extension 'ros'
[3.416s] DEBUG:colcon.colcon_core.package_identification:Package 'src/oxbot_interfaces' with type 'ros.ament_cmake' and name 'oxbot_interfaces'
[3.417s] Level 1:colcon.colcon_core.package_discovery:discover_packages(recursive) using defaults
[3.418s] Level 1:colcon.colcon_core.package_discovery:discover_packages(ignore) discover
[3.418s] Level 1:colcon.colcon_core.package_discovery:discover_packages(ignore) using defaults
[3.418s] Level 1:colcon.colcon_core.package_discovery:discover_packages(path) discover
[3.418s] Level 1:colcon.colcon_core.package_discovery:discover_packages(path) using defaults
[3.609s] INFO:colcon.colcon_core.package_selection:Skipping not selected package 'oxbot_bringup' in 'src/oxbot_bringup'
[3.609s] INFO:colcon.colcon_core.package_selection:Skipping not selected package 'oxbot_config' in 'src/oxbot_config'
[3.609s] INFO:colcon.colcon_core.package_selection:Skipping not selected package 'oxbot_interfaces' in 'src/oxbot_interfaces'
[3.627s] Level 5:colcon.colcon_core.verb:set package 'motion_control' build argument 'cmake_args' from command line to 'None'
[3.627s] Level 5:colcon.colcon_core.verb:set package 'motion_control' build argument 'cmake_target' from command line to 'None'
[3.628s] Level 5:colcon.colcon_core.verb:set package 'motion_control' build argument 'cmake_target_skip_unavailable' from command line to 'False'
[3.628s] Level 5:colcon.colcon_core.verb:set package 'motion_control' build argument 'cmake_clean_cache' from command line to 'False'
[3.628s] Level 5:colcon.colcon_core.verb:set package 'motion_control' build argument 'cmake_clean_first' from command line to 'False'
[3.628s] Level 5:colcon.colcon_core.verb:set package 'motion_control' build argument 'cmake_force_configure' from command line to 'False'
[3.628s] Level 5:colcon.colcon_core.verb:set package 'motion_control' build argument 'ament_cmake_args' from command line to 'None'
[3.629s] Level 5:colcon.colcon_core.verb:set package 'motion_control' build argument 'catkin_cmake_args' from command line to 'None'
[3.629s] Level 5:colcon.colcon_core.verb:set package 'motion_control' build argument 'catkin_skip_building_tests' from command line to 'False'
[3.629s] DEBUG:colcon.colcon_core.verb:Building package 'motion_control' with the following arguments: {'ament_cmake_args': None, 'build_base': '/root/oxbot/src/ros2_ws/build/motion_control', 'catkin_cmake_args': None, 'catkin_skip_building_tests': False, 'cmake_args': None, 'cmake_clean_cache': False, 'cmake_clean_first': False, 'cmake_force_configure': False, 'cmake_target': None, 'cmake_target_skip_unavailable': False, 'install_base': '/root/oxbot/src/ros2_ws/install/motion_control', 'merge_install': False, 'path': '/root/oxbot/src/ros2_ws/src/motion_control', 'symlink_install': False, 'test_result_base': None}
[3.644s] INFO:colcon.colcon_core.executor:Executing jobs using 'parallel' executor
[3.729s] DEBUG:colcon.colcon_parallel_executor.executor.parallel:run_until_complete
[3.730s] INFO:colcon.colcon_ros.task.ament_cmake.build:Building ROS package in '/root/oxbot/src/ros2_ws/src/motion_control' with build type 'ament_cmake'
[3.731s] INFO:colcon.colcon_cmake.task.cmake.build:Building CMake package in '/root/oxbot/src/ros2_ws/src/motion_control'
[3.790s] INFO:colcon.colcon_core.plugin_system:Skipping extension 'colcon_core.shell.bat': Not used on non-Windows systems
[3.792s] INFO:colcon.colcon_core.shell:Skip shell extension 'powershell' for command environment: Not usable outside of PowerShell
[3.793s] DEBUG:colcon.colcon_core.shell:Skip shell extension 'dsv' for command environment
[3.915s] DEBUG:colcon.colcon_core.event_handler.log_command:Invoking command in '/root/oxbot/src/ros2_ws/build/motion_control': AMENT_PREFIX_PATH=/root/oxbot/src/ros2_ws/install/oxbot_interfaces:${AMENT_PREFIX_PATH} CMAKE_PREFIX_PATH=/root/oxbot/src/ros2_ws/install/oxbot_interfaces:${CMAKE_PREFIX_PATH} LD_LIBRARY_PATH=/root/oxbot/src/ros2_ws/install/oxbot_interfaces/lib:/opt/ros/humble/install/opt/rviz_ogre_vendor/lib:/opt/ros/humble/install/lib:/usr/local/cuda-10.2/targets/aarch64-linux/lib PYTHONPATH=/root/oxbot/src/ros2_ws/install/oxbot_interfaces/lib/python3.6/site-packages:${PYTHONPATH} /usr/local/bin/cmake --build /root/oxbot/src/ros2_ws/build/motion_control -- -j4 -l4
[9.409s] DEBUG:colcon.colcon_core.event_handler.log_command:Invoked command in '/root/oxbot/src/ros2_ws/build/motion_control' returned '2': AMENT_PREFIX_PATH=/root/oxbot/src/ros2_ws/install/oxbot_interfaces:${AMENT_PREFIX_PATH} CMAKE_PREFIX_PATH=/root/oxbot/src/ros2_ws/install/oxbot_interfaces:${CMAKE_PREFIX_PATH} LD_LIBRARY_PATH=/root/oxbot/src/ros2_ws/install/oxbot_interfaces/lib:/opt/ros/humble/install/opt/rviz_ogre_vendor/lib:/opt/ros/humble/install/lib:/usr/local/cuda-10.2/targets/aarch64-linux/lib PYTHONPATH=/root/oxbot/src/ros2_ws/install/oxbot_interfaces/lib/python3.6/site-packages:${PYTHONPATH} /usr/local/bin/cmake --build /root/oxbot/src/ros2_ws/build/motion_control -- -j4 -l4
[9.676s] Level 1:colcon.colcon_core.environment:create_environment_scripts_only(motion_control)
[9.744s] Level 1:colcon.colcon_core.environment:checking '/root/oxbot/src/ros2_ws/install/motion_control' for CMake module files
[9.748s] Level 1:colcon.colcon_core.environment:checking '/root/oxbot/src/ros2_ws/install/motion_control' for CMake config files
[9.750s] Level 1:colcon.colcon_core.shell:create_environment_hook('motion_control', 'cmake_prefix_path')
[9.786s] INFO:colcon.colcon_core.shell:Creating environment hook '/root/oxbot/src/ros2_ws/install/motion_control/share/motion_control/hook/cmake_prefix_path.ps1'
[9.791s] INFO:colcon.colcon_core.shell:Creating environment descriptor '/root/oxbot/src/ros2_ws/install/motion_control/share/motion_control/hook/cmake_prefix_path.dsv'
[9.793s] INFO:colcon.colcon_core.shell:Creating environment hook '/root/oxbot/src/ros2_ws/install/motion_control/share/motion_control/hook/cmake_prefix_path.sh'
[9.800s] Level 1:colcon.colcon_core.environment:checking '/root/oxbot/src/ros2_ws/install/motion_control/lib'
[9.800s] Level 1:colcon.colcon_core.environment:checking '/root/oxbot/src/ros2_ws/install/motion_control/bin'
[9.801s] Level 1:colcon.colcon_core.environment:checking '/root/oxbot/src/ros2_ws/install/motion_control/lib/pkgconfig/motion_control.pc'
[9.802s] Level 1:colcon.colcon_core.environment:checking '/root/oxbot/src/ros2_ws/install/motion_control/lib/python3.6/site-packages'
[9.803s] Level 1:colcon.colcon_core.environment:checking '/root/oxbot/src/ros2_ws/install/motion_control/bin'
[9.840s] INFO:colcon.colcon_core.shell:Creating package script '/root/oxbot/src/ros2_ws/install/motion_control/share/motion_control/package.ps1'
[9.845s] INFO:colcon.colcon_core.shell:Creating package descriptor '/root/oxbot/src/ros2_ws/install/motion_control/share/motion_control/package.dsv'
[9.848s] INFO:colcon.colcon_core.shell:Creating package script '/root/oxbot/src/ros2_ws/install/motion_control/share/motion_control/package.sh'
[9.853s] INFO:colcon.colcon_core.shell:Creating package script '/root/oxbot/src/ros2_ws/install/motion_control/share/motion_control/package.bash'
[9.857s] INFO:colcon.colcon_core.shell:Creating package script '/root/oxbot/src/ros2_ws/install/motion_control/share/motion_control/package.zsh'
[9.861s] Level 1:colcon.colcon_core.environment:create_file_with_runtime_dependencies(/root/oxbot/src/ros2_ws/install/motion_control/share/colcon-core/packages/motion_control)
[9.874s] DEBUG:colcon.colcon_parallel_executor.executor.parallel:closing loop
[9.876s] DEBUG:colcon.colcon_parallel_executor.executor.parallel:loop closed
[9.876s] DEBUG:colcon.colcon_parallel_executor.executor.parallel:run_until_complete finished with '2'
[9.877s] DEBUG:colcon.colcon_core.event_reactor:joining thread
[9.902s] INFO:colcon.colcon_core.plugin_system:Skipping extension 'colcon_notification.desktop_notification.notify_send': Could not find 'notify-send'
[9.903s] INFO:colcon.colcon_core.plugin_system:Skipping extension 'colcon_notification.desktop_notification.terminal_notifier': Not used on non-Darwin systems
[9.904s] INFO:colcon.colcon_core.plugin_system:Skipping extension 'colcon_notification.desktop_notification.win32': Not used on non-Windows systems
[9.904s] INFO:colcon.colcon_notification.desktop_notification:Sending desktop notification using 'notify2'
[9.910s] DEBUG:colcon.colcon_notification.desktop_notification.notify2:Failed to initialize notify2: org.freedesktop.DBus.Error.Spawn.ExecFailed: /usr/bin/dbus-launch terminated abnormally without any error message
[9.911s] DEBUG:colcon.colcon_core.event_reactor:joined thread
[9.948s] INFO:colcon.colcon_core.shell:Creating prefix script '/root/oxbot/src/ros2_ws/install/local_setup.ps1'
[9.954s] INFO:colcon.colcon_core.shell:Creating prefix util module '/root/oxbot/src/ros2_ws/install/_local_setup_util_ps1.py'
[9.963s] INFO:colcon.colcon_core.shell:Creating prefix chain script '/root/oxbot/src/ros2_ws/install/setup.ps1'
[9.976s] INFO:colcon.colcon_core.shell:Creating prefix script '/root/oxbot/src/ros2_ws/install/local_setup.sh'
[9.979s] INFO:colcon.colcon_core.shell:Creating prefix util module '/root/oxbot/src/ros2_ws/install/_local_setup_util_sh.py'
[9.981s] INFO:colcon.colcon_core.shell:Creating prefix chain script '/root/oxbot/src/ros2_ws/install/setup.sh'
[9.995s] INFO:colcon.colcon_core.shell:Creating prefix script '/root/oxbot/src/ros2_ws/install/local_setup.bash'
[9.997s] INFO:colcon.colcon_core.shell:Creating prefix chain script '/root/oxbot/src/ros2_ws/install/setup.bash'
[10.010s] INFO:colcon.colcon_core.shell:Creating prefix script '/root/oxbot/src/ros2_ws/install/local_setup.zsh'
[10.013s] INFO:colcon.colcon_core.shell:Creating prefix chain script '/root/oxbot/src/ros2_ws/install/setup.zsh'
