[3.071s] DEBUG:colcon:Command line arguments: ['/usr/bin/colcon', 'build', '--packages-select', 'oxbot_testing']
[3.072s] DEBUG:colcon:Parsed command line arguments: Namespace(ament_cmake_args=None, base_paths=['.'], build_base='build', catkin_cmake_args=None, catkin_skip_building_tests=False, cmake_args=None, cmake_clean_cache=False, cmake_clean_first=False, cmake_force_configure=False, cmake_target=None, cmake_target_skip_unavailable=False, continue_on_error=False, event_handlers=None, executor='parallel', ignore_user_meta=False, install_base='install', log_base=None, log_level=None, main=<bound method BuildVerb.main of <colcon_core.verb.build.BuildVerb object at 0x7f90e42780>>, merge_install=False, metas=['./colcon.meta'], packages_above=None, packages_above_and_dependencies=None, packages_above_depth=None, packages_end=None, packages_ignore=None, packages_ignore_regex=None, packages_select=['oxbot_testing'], packages_select_build_failed=False, packages_select_by_dep=None, packages_select_regex=None, packages_select_test_failures=False, packages_skip=None, packages_skip_build_finished=False, packages_skip_by_dep=None, packages_skip_regex=None, packages_skip_test_passed=False, packages_skip_up_to=None, packages_start=None, packages_up_to=None, packages_up_to_regex=None, parallel_workers=4, paths=None, symlink_install=False, test_result_base=None, verb_extension=<colcon_core.verb.build.BuildVerb object at 0x7f90e42780>, verb_name='build', verb_parser=<colcon_defaults.argument_parser.defaults.DefaultArgumentsDecorator object at 0x7f90ddc0b8>)
[3.278s] Level 1:colcon.colcon_core.package_discovery:discover_packages(colcon_meta) check parameters
[3.279s] Level 1:colcon.colcon_core.package_discovery:discover_packages(recursive) check parameters
[3.279s] Level 1:colcon.colcon_core.package_discovery:discover_packages(ignore) check parameters
[3.279s] Level 1:colcon.colcon_core.package_discovery:discover_packages(path) check parameters
[3.280s] Level 1:colcon.colcon_core.package_discovery:discover_packages(colcon_meta) discover
[3.281s] Level 1:colcon.colcon_core.package_discovery:discover_packages(recursive) discover
[3.281s] INFO:colcon.colcon_core.package_discovery:Crawling recursively for packages in '/root/oxbot/src/ros2_ws'
[3.282s] Level 1:colcon.colcon_core.package_identification:_identify(.) by extensions ['ignore', 'ignore_ament_install']
[3.282s] Level 1:colcon.colcon_core.package_identification:_identify(.) by extension 'ignore'
[3.283s] Level 1:colcon.colcon_core.package_identification:_identify(.) by extension 'ignore_ament_install'
[3.283s] Level 1:colcon.colcon_core.package_identification:_identify(.) by extensions ['colcon_pkg']
[3.283s] Level 1:colcon.colcon_core.package_identification:_identify(.) by extension 'colcon_pkg'
[3.283s] Level 1:colcon.colcon_core.package_identification:_identify(.) by extensions ['colcon_meta']
[3.284s] Level 1:colcon.colcon_core.package_identification:_identify(.) by extension 'colcon_meta'
[3.284s] Level 1:colcon.colcon_core.package_identification:_identify(.) by extensions ['ros']
[3.284s] Level 1:colcon.colcon_core.package_identification:_identify(.) by extension 'ros'
[3.495s] Level 1:colcon.colcon_core.package_identification:_identify(.) by extensions ['cmake', 'python']
[3.495s] Level 1:colcon.colcon_core.package_identification:_identify(.) by extension 'cmake'
[3.496s] Level 1:colcon.colcon_core.package_identification:_identify(.) by extension 'python'
[3.496s] Level 1:colcon.colcon_core.package_identification:_identify(.) by extensions ['python_setup_py']
[3.496s] Level 1:colcon.colcon_core.package_identification:_identify(.) by extension 'python_setup_py'
[3.497s] Level 1:colcon.colcon_core.package_identification:_identify(build) by extensions ['ignore', 'ignore_ament_install']
[3.498s] Level 1:colcon.colcon_core.package_identification:_identify(build) by extension 'ignore'
[3.498s] Level 1:colcon.colcon_core.package_identification:_identify(build) ignored
[3.500s] Level 1:colcon.colcon_core.package_identification:_identify(install) by extensions ['ignore', 'ignore_ament_install']
[3.501s] Level 1:colcon.colcon_core.package_identification:_identify(install) by extension 'ignore'
[3.501s] Level 1:colcon.colcon_core.package_identification:_identify(install) ignored
[3.502s] Level 1:colcon.colcon_core.package_identification:_identify(log) by extensions ['ignore', 'ignore_ament_install']
[3.502s] Level 1:colcon.colcon_core.package_identification:_identify(log) by extension 'ignore'
[3.503s] Level 1:colcon.colcon_core.package_identification:_identify(log) ignored
[3.503s] Level 1:colcon.colcon_core.package_identification:_identify(src) by extensions ['ignore', 'ignore_ament_install']
[3.504s] Level 1:colcon.colcon_core.package_identification:_identify(src) by extension 'ignore'
[3.504s] Level 1:colcon.colcon_core.package_identification:_identify(src) by extension 'ignore_ament_install'
[3.504s] Level 1:colcon.colcon_core.package_identification:_identify(src) by extensions ['colcon_pkg']
[3.505s] Level 1:colcon.colcon_core.package_identification:_identify(src) by extension 'colcon_pkg'
[3.505s] Level 1:colcon.colcon_core.package_identification:_identify(src) by extensions ['colcon_meta']
[3.505s] Level 1:colcon.colcon_core.package_identification:_identify(src) by extension 'colcon_meta'
[3.505s] Level 1:colcon.colcon_core.package_identification:_identify(src) by extensions ['ros']
[3.506s] Level 1:colcon.colcon_core.package_identification:_identify(src) by extension 'ros'
[3.506s] Level 1:colcon.colcon_core.package_identification:_identify(src) by extensions ['cmake', 'python']
[3.506s] Level 1:colcon.colcon_core.package_identification:_identify(src) by extension 'cmake'
[3.507s] Level 1:colcon.colcon_core.package_identification:_identify(src) by extension 'python'
[3.507s] Level 1:colcon.colcon_core.package_identification:_identify(src) by extensions ['python_setup_py']
[3.507s] Level 1:colcon.colcon_core.package_identification:_identify(src) by extension 'python_setup_py'
[3.508s] Level 1:colcon.colcon_core.package_identification:_identify(src/motion_control) by extensions ['ignore', 'ignore_ament_install']
[3.509s] Level 1:colcon.colcon_core.package_identification:_identify(src/motion_control) by extension 'ignore'
[3.509s] Level 1:colcon.colcon_core.package_identification:_identify(src/motion_control) by extension 'ignore_ament_install'
[3.509s] Level 1:colcon.colcon_core.package_identification:_identify(src/motion_control) by extensions ['colcon_pkg']
[3.510s] Level 1:colcon.colcon_core.package_identification:_identify(src/motion_control) by extension 'colcon_pkg'
[3.510s] Level 1:colcon.colcon_core.package_identification:_identify(src/motion_control) by extensions ['colcon_meta']
[3.510s] Level 1:colcon.colcon_core.package_identification:_identify(src/motion_control) by extension 'colcon_meta'
[3.510s] Level 1:colcon.colcon_core.package_identification:_identify(src/motion_control) by extensions ['ros']
[3.511s] Level 1:colcon.colcon_core.package_identification:_identify(src/motion_control) by extension 'ros'
[3.526s] DEBUG:colcon.colcon_core.package_identification:Package 'src/motion_control' with type 'ros.ament_cmake' and name 'motion_control'
[3.527s] Level 1:colcon.colcon_core.package_identification:_identify(src/oxbot_bringup) by extensions ['ignore', 'ignore_ament_install']
[3.527s] Level 1:colcon.colcon_core.package_identification:_identify(src/oxbot_bringup) by extension 'ignore'
[3.528s] Level 1:colcon.colcon_core.package_identification:_identify(src/oxbot_bringup) by extension 'ignore_ament_install'
[3.528s] Level 1:colcon.colcon_core.package_identification:_identify(src/oxbot_bringup) by extensions ['colcon_pkg']
[3.528s] Level 1:colcon.colcon_core.package_identification:_identify(src/oxbot_bringup) by extension 'colcon_pkg'
[3.529s] Level 1:colcon.colcon_core.package_identification:_identify(src/oxbot_bringup) by extensions ['colcon_meta']
[3.529s] Level 1:colcon.colcon_core.package_identification:_identify(src/oxbot_bringup) by extension 'colcon_meta'
[3.529s] Level 1:colcon.colcon_core.package_identification:_identify(src/oxbot_bringup) by extensions ['ros']
[3.529s] Level 1:colcon.colcon_core.package_identification:_identify(src/oxbot_bringup) by extension 'ros'
[3.532s] DEBUG:colcon.colcon_core.package_identification:Package 'src/oxbot_bringup' with type 'ros.ament_cmake' and name 'oxbot_bringup'
[3.533s] Level 1:colcon.colcon_core.package_identification:_identify(src/oxbot_config) by extensions ['ignore', 'ignore_ament_install']
[3.533s] Level 1:colcon.colcon_core.package_identification:_identify(src/oxbot_config) by extension 'ignore'
[3.533s] Level 1:colcon.colcon_core.package_identification:_identify(src/oxbot_config) by extension 'ignore_ament_install'
[3.534s] Level 1:colcon.colcon_core.package_identification:_identify(src/oxbot_config) by extensions ['colcon_pkg']
[3.534s] Level 1:colcon.colcon_core.package_identification:_identify(src/oxbot_config) by extension 'colcon_pkg'
[3.534s] Level 1:colcon.colcon_core.package_identification:_identify(src/oxbot_config) by extensions ['colcon_meta']
[3.534s] Level 1:colcon.colcon_core.package_identification:_identify(src/oxbot_config) by extension 'colcon_meta'
[3.535s] Level 1:colcon.colcon_core.package_identification:_identify(src/oxbot_config) by extensions ['ros']
[3.535s] Level 1:colcon.colcon_core.package_identification:_identify(src/oxbot_config) by extension 'ros'
[3.537s] DEBUG:colcon.colcon_core.package_identification:Package 'src/oxbot_config' with type 'ros.ament_cmake' and name 'oxbot_config'
[3.538s] Level 1:colcon.colcon_core.package_identification:_identify(src/oxbot_interfaces) by extensions ['ignore', 'ignore_ament_install']
[3.538s] Level 1:colcon.colcon_core.package_identification:_identify(src/oxbot_interfaces) by extension 'ignore'
[3.539s] Level 1:colcon.colcon_core.package_identification:_identify(src/oxbot_interfaces) by extension 'ignore_ament_install'
[3.539s] Level 1:colcon.colcon_core.package_identification:_identify(src/oxbot_interfaces) by extensions ['colcon_pkg']
[3.539s] Level 1:colcon.colcon_core.package_identification:_identify(src/oxbot_interfaces) by extension 'colcon_pkg'
[3.540s] Level 1:colcon.colcon_core.package_identification:_identify(src/oxbot_interfaces) by extensions ['colcon_meta']
[3.540s] Level 1:colcon.colcon_core.package_identification:_identify(src/oxbot_interfaces) by extension 'colcon_meta'
[3.540s] Level 1:colcon.colcon_core.package_identification:_identify(src/oxbot_interfaces) by extensions ['ros']
[3.540s] Level 1:colcon.colcon_core.package_identification:_identify(src/oxbot_interfaces) by extension 'ros'
[3.543s] DEBUG:colcon.colcon_core.package_identification:Package 'src/oxbot_interfaces' with type 'ros.ament_cmake' and name 'oxbot_interfaces'
[3.543s] Level 1:colcon.colcon_core.package_identification:_identify(src/oxbot_testing) by extensions ['ignore', 'ignore_ament_install']
[3.544s] Level 1:colcon.colcon_core.package_identification:_identify(src/oxbot_testing) by extension 'ignore'
[3.544s] Level 1:colcon.colcon_core.package_identification:_identify(src/oxbot_testing) by extension 'ignore_ament_install'
[3.545s] Level 1:colcon.colcon_core.package_identification:_identify(src/oxbot_testing) by extensions ['colcon_pkg']
[3.545s] Level 1:colcon.colcon_core.package_identification:_identify(src/oxbot_testing) by extension 'colcon_pkg'
[3.545s] Level 1:colcon.colcon_core.package_identification:_identify(src/oxbot_testing) by extensions ['colcon_meta']
[3.545s] Level 1:colcon.colcon_core.package_identification:_identify(src/oxbot_testing) by extension 'colcon_meta'
[3.546s] Level 1:colcon.colcon_core.package_identification:_identify(src/oxbot_testing) by extensions ['ros']
[3.546s] Level 1:colcon.colcon_core.package_identification:_identify(src/oxbot_testing) by extension 'ros'
[3.549s] DEBUG:colcon.colcon_core.package_identification:Package 'src/oxbot_testing' with type 'ros.ament_cmake' and name 'oxbot_testing'
[3.549s] Level 1:colcon.colcon_core.package_discovery:discover_packages(recursive) using defaults
[3.551s] Level 1:colcon.colcon_core.package_discovery:discover_packages(ignore) discover
[3.551s] Level 1:colcon.colcon_core.package_discovery:discover_packages(ignore) using defaults
[3.551s] Level 1:colcon.colcon_core.package_discovery:discover_packages(path) discover
[3.552s] Level 1:colcon.colcon_core.package_discovery:discover_packages(path) using defaults
[3.751s] INFO:colcon.colcon_core.package_selection:Skipping not selected package 'oxbot_bringup' in 'src/oxbot_bringup'
[3.751s] INFO:colcon.colcon_core.package_selection:Skipping not selected package 'oxbot_config' in 'src/oxbot_config'
[3.751s] INFO:colcon.colcon_core.package_selection:Skipping not selected package 'oxbot_interfaces' in 'src/oxbot_interfaces'
[3.751s] INFO:colcon.colcon_core.package_selection:Skipping not selected package 'motion_control' in 'src/motion_control'
[3.769s] Level 5:colcon.colcon_core.verb:set package 'oxbot_testing' build argument 'cmake_args' from command line to 'None'
[3.769s] Level 5:colcon.colcon_core.verb:set package 'oxbot_testing' build argument 'cmake_target' from command line to 'None'
[3.770s] Level 5:colcon.colcon_core.verb:set package 'oxbot_testing' build argument 'cmake_target_skip_unavailable' from command line to 'False'
[3.770s] Level 5:colcon.colcon_core.verb:set package 'oxbot_testing' build argument 'cmake_clean_cache' from command line to 'False'
[3.770s] Level 5:colcon.colcon_core.verb:set package 'oxbot_testing' build argument 'cmake_clean_first' from command line to 'False'
[3.770s] Level 5:colcon.colcon_core.verb:set package 'oxbot_testing' build argument 'cmake_force_configure' from command line to 'False'
[3.770s] Level 5:colcon.colcon_core.verb:set package 'oxbot_testing' build argument 'ament_cmake_args' from command line to 'None'
[3.771s] Level 5:colcon.colcon_core.verb:set package 'oxbot_testing' build argument 'catkin_cmake_args' from command line to 'None'
[3.771s] Level 5:colcon.colcon_core.verb:set package 'oxbot_testing' build argument 'catkin_skip_building_tests' from command line to 'False'
[3.771s] DEBUG:colcon.colcon_core.verb:Building package 'oxbot_testing' with the following arguments: {'ament_cmake_args': None, 'build_base': '/root/oxbot/src/ros2_ws/build/oxbot_testing', 'catkin_cmake_args': None, 'catkin_skip_building_tests': False, 'cmake_args': None, 'cmake_clean_cache': False, 'cmake_clean_first': False, 'cmake_force_configure': False, 'cmake_target': None, 'cmake_target_skip_unavailable': False, 'install_base': '/root/oxbot/src/ros2_ws/install/oxbot_testing', 'merge_install': False, 'path': '/root/oxbot/src/ros2_ws/src/oxbot_testing', 'symlink_install': False, 'test_result_base': None}
[3.786s] INFO:colcon.colcon_core.executor:Executing jobs using 'parallel' executor
[3.871s] DEBUG:colcon.colcon_parallel_executor.executor.parallel:run_until_complete
[3.872s] INFO:colcon.colcon_ros.task.ament_cmake.build:Building ROS package in '/root/oxbot/src/ros2_ws/src/oxbot_testing' with build type 'ament_cmake'
[3.872s] INFO:colcon.colcon_cmake.task.cmake.build:Building CMake package in '/root/oxbot/src/ros2_ws/src/oxbot_testing'
[3.939s] INFO:colcon.colcon_core.plugin_system:Skipping extension 'colcon_core.shell.bat': Not used on non-Windows systems
[3.941s] INFO:colcon.colcon_core.shell:Skip shell extension 'powershell' for command environment: Not usable outside of PowerShell
[3.941s] DEBUG:colcon.colcon_core.shell:Skip shell extension 'dsv' for command environment
[4.079s] DEBUG:colcon.colcon_core.event_handler.log_command:Invoking command in '/root/oxbot/src/ros2_ws/build/oxbot_testing': /usr/local/bin/cmake --build /root/oxbot/src/ros2_ws/build/oxbot_testing -- -j4 -l4
[44.800s] DEBUG:colcon.colcon_core.event_handler.log_command:Invoked command in '/root/oxbot/src/ros2_ws/build/oxbot_testing' returned '0': /usr/local/bin/cmake --build /root/oxbot/src/ros2_ws/build/oxbot_testing -- -j4 -l4
[45.291s] DEBUG:colcon.colcon_core.event_handler.log_command:Invoking command in '/root/oxbot/src/ros2_ws/build/oxbot_testing': /usr/local/bin/cmake --install /root/oxbot/src/ros2_ws/build/oxbot_testing
[45.550s] Level 1:colcon.colcon_core.environment:create_environment_scripts_only(oxbot_testing)
[45.552s] DEBUG:colcon.colcon_core.event_handler.log_command:Invoked command in '/root/oxbot/src/ros2_ws/build/oxbot_testing' returned '0': /usr/local/bin/cmake --install /root/oxbot/src/ros2_ws/build/oxbot_testing
[45.626s] Level 1:colcon.colcon_core.environment:checking '/root/oxbot/src/ros2_ws/install/oxbot_testing' for CMake module files
[45.630s] Level 1:colcon.colcon_core.environment:checking '/root/oxbot/src/ros2_ws/install/oxbot_testing' for CMake config files
[45.632s] Level 1:colcon.colcon_core.shell:create_environment_hook('oxbot_testing', 'cmake_prefix_path')
[45.671s] INFO:colcon.colcon_core.shell:Creating environment hook '/root/oxbot/src/ros2_ws/install/oxbot_testing/share/oxbot_testing/hook/cmake_prefix_path.ps1'
[45.675s] INFO:colcon.colcon_core.shell:Creating environment descriptor '/root/oxbot/src/ros2_ws/install/oxbot_testing/share/oxbot_testing/hook/cmake_prefix_path.dsv'
[45.678s] INFO:colcon.colcon_core.shell:Creating environment hook '/root/oxbot/src/ros2_ws/install/oxbot_testing/share/oxbot_testing/hook/cmake_prefix_path.sh'
[45.684s] Level 1:colcon.colcon_core.environment:checking '/root/oxbot/src/ros2_ws/install/oxbot_testing/lib'
[45.685s] Level 1:colcon.colcon_core.environment:checking '/root/oxbot/src/ros2_ws/install/oxbot_testing/bin'
[45.686s] Level 1:colcon.colcon_core.environment:checking '/root/oxbot/src/ros2_ws/install/oxbot_testing/lib/pkgconfig/oxbot_testing.pc'
[45.687s] Level 1:colcon.colcon_core.environment:checking '/root/oxbot/src/ros2_ws/install/oxbot_testing/lib/python3.6/site-packages'
[45.688s] Level 1:colcon.colcon_core.environment:checking '/root/oxbot/src/ros2_ws/install/oxbot_testing/bin'
[45.729s] INFO:colcon.colcon_core.shell:Creating package script '/root/oxbot/src/ros2_ws/install/oxbot_testing/share/oxbot_testing/package.ps1'
[45.734s] INFO:colcon.colcon_core.shell:Creating package descriptor '/root/oxbot/src/ros2_ws/install/oxbot_testing/share/oxbot_testing/package.dsv'
[45.737s] INFO:colcon.colcon_core.shell:Creating package script '/root/oxbot/src/ros2_ws/install/oxbot_testing/share/oxbot_testing/package.sh'
[45.742s] INFO:colcon.colcon_core.shell:Creating package script '/root/oxbot/src/ros2_ws/install/oxbot_testing/share/oxbot_testing/package.bash'
[45.747s] INFO:colcon.colcon_core.shell:Creating package script '/root/oxbot/src/ros2_ws/install/oxbot_testing/share/oxbot_testing/package.zsh'
[45.751s] Level 1:colcon.colcon_core.environment:create_file_with_runtime_dependencies(/root/oxbot/src/ros2_ws/install/oxbot_testing/share/colcon-core/packages/oxbot_testing)
[46.038s] Level 1:colcon.colcon_core.environment:create_environment_scripts_only(oxbot_testing)
[46.096s] Level 1:colcon.colcon_core.environment:checking '/root/oxbot/src/ros2_ws/install/oxbot_testing' for CMake module files
[46.099s] Level 1:colcon.colcon_core.environment:checking '/root/oxbot/src/ros2_ws/install/oxbot_testing' for CMake config files
[46.101s] Level 1:colcon.colcon_core.shell:create_environment_hook('oxbot_testing', 'cmake_prefix_path')
[46.141s] INFO:colcon.colcon_core.shell:Creating environment hook '/root/oxbot/src/ros2_ws/install/oxbot_testing/share/oxbot_testing/hook/cmake_prefix_path.ps1'
[46.144s] INFO:colcon.colcon_core.shell:Creating environment descriptor '/root/oxbot/src/ros2_ws/install/oxbot_testing/share/oxbot_testing/hook/cmake_prefix_path.dsv'
[46.145s] INFO:colcon.colcon_core.shell:Creating environment hook '/root/oxbot/src/ros2_ws/install/oxbot_testing/share/oxbot_testing/hook/cmake_prefix_path.sh'
[46.149s] Level 1:colcon.colcon_core.environment:checking '/root/oxbot/src/ros2_ws/install/oxbot_testing/lib'
[46.150s] Level 1:colcon.colcon_core.environment:checking '/root/oxbot/src/ros2_ws/install/oxbot_testing/bin'
[46.150s] Level 1:colcon.colcon_core.environment:checking '/root/oxbot/src/ros2_ws/install/oxbot_testing/lib/pkgconfig/oxbot_testing.pc'
[46.151s] Level 1:colcon.colcon_core.environment:checking '/root/oxbot/src/ros2_ws/install/oxbot_testing/lib/python3.6/site-packages'
[46.152s] Level 1:colcon.colcon_core.environment:checking '/root/oxbot/src/ros2_ws/install/oxbot_testing/bin'
[46.194s] INFO:colcon.colcon_core.shell:Creating package script '/root/oxbot/src/ros2_ws/install/oxbot_testing/share/oxbot_testing/package.ps1'
[46.197s] INFO:colcon.colcon_core.shell:Creating package descriptor '/root/oxbot/src/ros2_ws/install/oxbot_testing/share/oxbot_testing/package.dsv'
[46.199s] INFO:colcon.colcon_core.shell:Creating package script '/root/oxbot/src/ros2_ws/install/oxbot_testing/share/oxbot_testing/package.sh'
[46.202s] INFO:colcon.colcon_core.shell:Creating package script '/root/oxbot/src/ros2_ws/install/oxbot_testing/share/oxbot_testing/package.bash'
[46.204s] INFO:colcon.colcon_core.shell:Creating package script '/root/oxbot/src/ros2_ws/install/oxbot_testing/share/oxbot_testing/package.zsh'
[46.206s] Level 1:colcon.colcon_core.environment:create_file_with_runtime_dependencies(/root/oxbot/src/ros2_ws/install/oxbot_testing/share/colcon-core/packages/oxbot_testing)
[46.208s] DEBUG:colcon.colcon_parallel_executor.executor.parallel:closing loop
[46.210s] DEBUG:colcon.colcon_parallel_executor.executor.parallel:loop closed
[46.210s] DEBUG:colcon.colcon_parallel_executor.executor.parallel:run_until_complete finished with '0'
[46.211s] DEBUG:colcon.colcon_core.event_reactor:joining thread
[46.240s] INFO:colcon.colcon_core.plugin_system:Skipping extension 'colcon_notification.desktop_notification.notify_send': Could not find 'notify-send'
[46.240s] INFO:colcon.colcon_core.plugin_system:Skipping extension 'colcon_notification.desktop_notification.terminal_notifier': Not used on non-Darwin systems
[46.241s] INFO:colcon.colcon_core.plugin_system:Skipping extension 'colcon_notification.desktop_notification.win32': Not used on non-Windows systems
[46.241s] INFO:colcon.colcon_notification.desktop_notification:Sending desktop notification using 'notify2'
[46.246s] DEBUG:colcon.colcon_notification.desktop_notification.notify2:Failed to initialize notify2: org.freedesktop.DBus.Error.Spawn.ExecFailed: /usr/bin/dbus-launch terminated abnormally without any error message
[46.247s] DEBUG:colcon.colcon_core.event_reactor:joined thread
[46.290s] INFO:colcon.colcon_core.shell:Creating prefix script '/root/oxbot/src/ros2_ws/install/local_setup.ps1'
[46.296s] INFO:colcon.colcon_core.shell:Creating prefix util module '/root/oxbot/src/ros2_ws/install/_local_setup_util_ps1.py'
[46.306s] INFO:colcon.colcon_core.shell:Creating prefix chain script '/root/oxbot/src/ros2_ws/install/setup.ps1'
[46.322s] INFO:colcon.colcon_core.shell:Creating prefix script '/root/oxbot/src/ros2_ws/install/local_setup.sh'
[46.325s] INFO:colcon.colcon_core.shell:Creating prefix util module '/root/oxbot/src/ros2_ws/install/_local_setup_util_sh.py'
[46.328s] INFO:colcon.colcon_core.shell:Creating prefix chain script '/root/oxbot/src/ros2_ws/install/setup.sh'
[46.344s] INFO:colcon.colcon_core.shell:Creating prefix script '/root/oxbot/src/ros2_ws/install/local_setup.bash'
[46.347s] INFO:colcon.colcon_core.shell:Creating prefix chain script '/root/oxbot/src/ros2_ws/install/setup.bash'
[46.362s] INFO:colcon.colcon_core.shell:Creating prefix script '/root/oxbot/src/ros2_ws/install/local_setup.zsh'
[46.365s] INFO:colcon.colcon_core.shell:Creating prefix chain script '/root/oxbot/src/ros2_ws/install/setup.zsh'
