[2.799s] DEBUG:colcon:Command line arguments: ['/usr/bin/colcon', 'build']
[2.800s] DEBUG:colcon:Parsed command line arguments: Namespace(ament_cmake_args=None, base_paths=['.'], build_base='build', catkin_cmake_args=None, catkin_skip_building_tests=False, cmake_args=None, cmake_clean_cache=False, cmake_clean_first=False, cmake_force_configure=False, cmake_target=None, cmake_target_skip_unavailable=False, continue_on_error=False, event_handlers=None, executor='parallel', ignore_user_meta=False, install_base='install', log_base=None, log_level=None, main=<bound method BuildVerb.main of <colcon_core.verb.build.BuildVerb object at 0x7f8573efd0>>, merge_install=False, metas=['./colcon.meta'], packages_above=None, packages_above_and_dependencies=None, packages_above_depth=None, packages_end=None, packages_ignore=None, packages_ignore_regex=None, packages_select=None, packages_select_build_failed=False, packages_select_by_dep=None, packages_select_regex=None, packages_select_test_failures=False, packages_skip=None, packages_skip_build_finished=False, packages_skip_by_dep=None, packages_skip_regex=None, packages_skip_test_passed=False, packages_skip_up_to=None, packages_start=None, packages_up_to=None, packages_up_to_regex=None, parallel_workers=4, paths=None, symlink_install=False, test_result_base=None, verb_extension=<colcon_core.verb.build.BuildVerb object at 0x7f8573efd0>, verb_name='build', verb_parser=<colcon_defaults.argument_parser.defaults.DefaultArgumentsDecorator object at 0x7f854c80f0>)
[2.999s] Level 1:colcon.colcon_core.package_discovery:discover_packages(colcon_meta) check parameters
[2.999s] Level 1:colcon.colcon_core.package_discovery:discover_packages(recursive) check parameters
[3.000s] Level 1:colcon.colcon_core.package_discovery:discover_packages(ignore) check parameters
[3.000s] Level 1:colcon.colcon_core.package_discovery:discover_packages(path) check parameters
[3.000s] Level 1:colcon.colcon_core.package_discovery:discover_packages(colcon_meta) discover
[3.002s] Level 1:colcon.colcon_core.package_discovery:discover_packages(recursive) discover
[3.002s] INFO:colcon.colcon_core.package_discovery:Crawling recursively for packages in '/root/oxbot/src/ros2_ws'
[3.002s] Level 1:colcon.colcon_core.package_identification:_identify(.) by extensions ['ignore', 'ignore_ament_install']
[3.003s] Level 1:colcon.colcon_core.package_identification:_identify(.) by extension 'ignore'
[3.003s] Level 1:colcon.colcon_core.package_identification:_identify(.) by extension 'ignore_ament_install'
[3.004s] Level 1:colcon.colcon_core.package_identification:_identify(.) by extensions ['colcon_pkg']
[3.004s] Level 1:colcon.colcon_core.package_identification:_identify(.) by extension 'colcon_pkg'
[3.004s] Level 1:colcon.colcon_core.package_identification:_identify(.) by extensions ['colcon_meta']
[3.004s] Level 1:colcon.colcon_core.package_identification:_identify(.) by extension 'colcon_meta'
[3.004s] Level 1:colcon.colcon_core.package_identification:_identify(.) by extensions ['ros']
[3.005s] Level 1:colcon.colcon_core.package_identification:_identify(.) by extension 'ros'
[3.194s] Level 1:colcon.colcon_core.package_identification:_identify(.) by extensions ['cmake', 'python']
[3.194s] Level 1:colcon.colcon_core.package_identification:_identify(.) by extension 'cmake'
[3.195s] Level 1:colcon.colcon_core.package_identification:_identify(.) by extension 'python'
[3.195s] Level 1:colcon.colcon_core.package_identification:_identify(.) by extensions ['python_setup_py']
[3.195s] Level 1:colcon.colcon_core.package_identification:_identify(.) by extension 'python_setup_py'
[3.196s] Level 1:colcon.colcon_core.package_identification:_identify(build) by extensions ['ignore', 'ignore_ament_install']
[3.196s] Level 1:colcon.colcon_core.package_identification:_identify(build) by extension 'ignore'
[3.197s] Level 1:colcon.colcon_core.package_identification:_identify(build) ignored
[3.198s] Level 1:colcon.colcon_core.package_identification:_identify(install) by extensions ['ignore', 'ignore_ament_install']
[3.199s] Level 1:colcon.colcon_core.package_identification:_identify(install) by extension 'ignore'
[3.199s] Level 1:colcon.colcon_core.package_identification:_identify(install) ignored
[3.200s] Level 1:colcon.colcon_core.package_identification:_identify(log) by extensions ['ignore', 'ignore_ament_install']
[3.200s] Level 1:colcon.colcon_core.package_identification:_identify(log) by extension 'ignore'
[3.201s] Level 1:colcon.colcon_core.package_identification:_identify(log) ignored
[3.201s] Level 1:colcon.colcon_core.package_identification:_identify(src) by extensions ['ignore', 'ignore_ament_install']
[3.201s] Level 1:colcon.colcon_core.package_identification:_identify(src) by extension 'ignore'
[3.202s] Level 1:colcon.colcon_core.package_identification:_identify(src) by extension 'ignore_ament_install'
[3.202s] Level 1:colcon.colcon_core.package_identification:_identify(src) by extensions ['colcon_pkg']
[3.202s] Level 1:colcon.colcon_core.package_identification:_identify(src) by extension 'colcon_pkg'
[3.203s] Level 1:colcon.colcon_core.package_identification:_identify(src) by extensions ['colcon_meta']
[3.203s] Level 1:colcon.colcon_core.package_identification:_identify(src) by extension 'colcon_meta'
[3.203s] Level 1:colcon.colcon_core.package_identification:_identify(src) by extensions ['ros']
[3.203s] Level 1:colcon.colcon_core.package_identification:_identify(src) by extension 'ros'
[3.204s] Level 1:colcon.colcon_core.package_identification:_identify(src) by extensions ['cmake', 'python']
[3.204s] Level 1:colcon.colcon_core.package_identification:_identify(src) by extension 'cmake'
[3.204s] Level 1:colcon.colcon_core.package_identification:_identify(src) by extension 'python'
[3.204s] Level 1:colcon.colcon_core.package_identification:_identify(src) by extensions ['python_setup_py']
[3.205s] Level 1:colcon.colcon_core.package_identification:_identify(src) by extension 'python_setup_py'
[3.205s] Level 1:colcon.colcon_core.package_identification:_identify(src/motion_control) by extensions ['ignore', 'ignore_ament_install']
[3.206s] Level 1:colcon.colcon_core.package_identification:_identify(src/motion_control) by extension 'ignore'
[3.206s] Level 1:colcon.colcon_core.package_identification:_identify(src/motion_control) by extension 'ignore_ament_install'
[3.206s] Level 1:colcon.colcon_core.package_identification:_identify(src/motion_control) by extensions ['colcon_pkg']
[3.206s] Level 1:colcon.colcon_core.package_identification:_identify(src/motion_control) by extension 'colcon_pkg'
[3.207s] Level 1:colcon.colcon_core.package_identification:_identify(src/motion_control) by extensions ['colcon_meta']
[3.207s] Level 1:colcon.colcon_core.package_identification:_identify(src/motion_control) by extension 'colcon_meta'
[3.207s] Level 1:colcon.colcon_core.package_identification:_identify(src/motion_control) by extensions ['ros']
[3.207s] Level 1:colcon.colcon_core.package_identification:_identify(src/motion_control) by extension 'ros'
[3.220s] DEBUG:colcon.colcon_core.package_identification:Package 'src/motion_control' with type 'ros.ament_cmake' and name 'motion_control'
[3.221s] Level 1:colcon.colcon_core.package_identification:_identify(src/oxbot_bringup) by extensions ['ignore', 'ignore_ament_install']
[3.222s] Level 1:colcon.colcon_core.package_identification:_identify(src/oxbot_bringup) by extension 'ignore'
[3.222s] Level 1:colcon.colcon_core.package_identification:_identify(src/oxbot_bringup) by extension 'ignore_ament_install'
[3.222s] Level 1:colcon.colcon_core.package_identification:_identify(src/oxbot_bringup) by extensions ['colcon_pkg']
[3.223s] Level 1:colcon.colcon_core.package_identification:_identify(src/oxbot_bringup) by extension 'colcon_pkg'
[3.223s] Level 1:colcon.colcon_core.package_identification:_identify(src/oxbot_bringup) by extensions ['colcon_meta']
[3.223s] Level 1:colcon.colcon_core.package_identification:_identify(src/oxbot_bringup) by extension 'colcon_meta'
[3.223s] Level 1:colcon.colcon_core.package_identification:_identify(src/oxbot_bringup) by extensions ['ros']
[3.223s] Level 1:colcon.colcon_core.package_identification:_identify(src/oxbot_bringup) by extension 'ros'
[3.226s] DEBUG:colcon.colcon_core.package_identification:Package 'src/oxbot_bringup' with type 'ros.ament_cmake' and name 'oxbot_bringup'
[3.227s] Level 1:colcon.colcon_core.package_identification:_identify(src/oxbot_config) by extensions ['ignore', 'ignore_ament_install']
[3.227s] Level 1:colcon.colcon_core.package_identification:_identify(src/oxbot_config) by extension 'ignore'
[3.227s] Level 1:colcon.colcon_core.package_identification:_identify(src/oxbot_config) by extension 'ignore_ament_install'
[3.228s] Level 1:colcon.colcon_core.package_identification:_identify(src/oxbot_config) by extensions ['colcon_pkg']
[3.228s] Level 1:colcon.colcon_core.package_identification:_identify(src/oxbot_config) by extension 'colcon_pkg'
[3.228s] Level 1:colcon.colcon_core.package_identification:_identify(src/oxbot_config) by extensions ['colcon_meta']
[3.228s] Level 1:colcon.colcon_core.package_identification:_identify(src/oxbot_config) by extension 'colcon_meta'
[3.229s] Level 1:colcon.colcon_core.package_identification:_identify(src/oxbot_config) by extensions ['ros']
[3.229s] Level 1:colcon.colcon_core.package_identification:_identify(src/oxbot_config) by extension 'ros'
[3.231s] DEBUG:colcon.colcon_core.package_identification:Package 'src/oxbot_config' with type 'ros.ament_cmake' and name 'oxbot_config'
[3.232s] Level 1:colcon.colcon_core.package_identification:_identify(src/oxbot_interfaces) by extensions ['ignore', 'ignore_ament_install']
[3.232s] Level 1:colcon.colcon_core.package_identification:_identify(src/oxbot_interfaces) by extension 'ignore'
[3.232s] Level 1:colcon.colcon_core.package_identification:_identify(src/oxbot_interfaces) by extension 'ignore_ament_install'
[3.233s] Level 1:colcon.colcon_core.package_identification:_identify(src/oxbot_interfaces) by extensions ['colcon_pkg']
[3.233s] Level 1:colcon.colcon_core.package_identification:_identify(src/oxbot_interfaces) by extension 'colcon_pkg'
[3.233s] Level 1:colcon.colcon_core.package_identification:_identify(src/oxbot_interfaces) by extensions ['colcon_meta']
[3.233s] Level 1:colcon.colcon_core.package_identification:_identify(src/oxbot_interfaces) by extension 'colcon_meta'
[3.234s] Level 1:colcon.colcon_core.package_identification:_identify(src/oxbot_interfaces) by extensions ['ros']
[3.234s] Level 1:colcon.colcon_core.package_identification:_identify(src/oxbot_interfaces) by extension 'ros'
[3.236s] DEBUG:colcon.colcon_core.package_identification:Package 'src/oxbot_interfaces' with type 'ros.ament_cmake' and name 'oxbot_interfaces'
[3.236s] Level 1:colcon.colcon_core.package_discovery:discover_packages(recursive) using defaults
[3.238s] Level 1:colcon.colcon_core.package_discovery:discover_packages(ignore) discover
[3.238s] Level 1:colcon.colcon_core.package_discovery:discover_packages(ignore) using defaults
[3.238s] Level 1:colcon.colcon_core.package_discovery:discover_packages(path) discover
[3.238s] Level 1:colcon.colcon_core.package_discovery:discover_packages(path) using defaults
[3.457s] Level 5:colcon.colcon_core.verb:set package 'oxbot_bringup' build argument 'cmake_args' from command line to 'None'
[3.458s] Level 5:colcon.colcon_core.verb:set package 'oxbot_bringup' build argument 'cmake_target' from command line to 'None'
[3.458s] Level 5:colcon.colcon_core.verb:set package 'oxbot_bringup' build argument 'cmake_target_skip_unavailable' from command line to 'False'
[3.459s] Level 5:colcon.colcon_core.verb:set package 'oxbot_bringup' build argument 'cmake_clean_cache' from command line to 'False'
[3.459s] Level 5:colcon.colcon_core.verb:set package 'oxbot_bringup' build argument 'cmake_clean_first' from command line to 'False'
[3.459s] Level 5:colcon.colcon_core.verb:set package 'oxbot_bringup' build argument 'cmake_force_configure' from command line to 'False'
[3.459s] Level 5:colcon.colcon_core.verb:set package 'oxbot_bringup' build argument 'ament_cmake_args' from command line to 'None'
[3.460s] Level 5:colcon.colcon_core.verb:set package 'oxbot_bringup' build argument 'catkin_cmake_args' from command line to 'None'
[3.460s] Level 5:colcon.colcon_core.verb:set package 'oxbot_bringup' build argument 'catkin_skip_building_tests' from command line to 'False'
[3.460s] DEBUG:colcon.colcon_core.verb:Building package 'oxbot_bringup' with the following arguments: {'ament_cmake_args': None, 'build_base': '/root/oxbot/src/ros2_ws/build/oxbot_bringup', 'catkin_cmake_args': None, 'catkin_skip_building_tests': False, 'cmake_args': None, 'cmake_clean_cache': False, 'cmake_clean_first': False, 'cmake_force_configure': False, 'cmake_target': None, 'cmake_target_skip_unavailable': False, 'install_base': '/root/oxbot/src/ros2_ws/install/oxbot_bringup', 'merge_install': False, 'path': '/root/oxbot/src/ros2_ws/src/oxbot_bringup', 'symlink_install': False, 'test_result_base': None}
[3.479s] Level 5:colcon.colcon_core.verb:set package 'oxbot_config' build argument 'cmake_args' from command line to 'None'
[3.480s] Level 5:colcon.colcon_core.verb:set package 'oxbot_config' build argument 'cmake_target' from command line to 'None'
[3.480s] Level 5:colcon.colcon_core.verb:set package 'oxbot_config' build argument 'cmake_target_skip_unavailable' from command line to 'False'
[3.480s] Level 5:colcon.colcon_core.verb:set package 'oxbot_config' build argument 'cmake_clean_cache' from command line to 'False'
[3.480s] Level 5:colcon.colcon_core.verb:set package 'oxbot_config' build argument 'cmake_clean_first' from command line to 'False'
[3.480s] Level 5:colcon.colcon_core.verb:set package 'oxbot_config' build argument 'cmake_force_configure' from command line to 'False'
[3.481s] Level 5:colcon.colcon_core.verb:set package 'oxbot_config' build argument 'ament_cmake_args' from command line to 'None'
[3.481s] Level 5:colcon.colcon_core.verb:set package 'oxbot_config' build argument 'catkin_cmake_args' from command line to 'None'
[3.481s] Level 5:colcon.colcon_core.verb:set package 'oxbot_config' build argument 'catkin_skip_building_tests' from command line to 'False'
[3.481s] DEBUG:colcon.colcon_core.verb:Building package 'oxbot_config' with the following arguments: {'ament_cmake_args': None, 'build_base': '/root/oxbot/src/ros2_ws/build/oxbot_config', 'catkin_cmake_args': None, 'catkin_skip_building_tests': False, 'cmake_args': None, 'cmake_clean_cache': False, 'cmake_clean_first': False, 'cmake_force_configure': False, 'cmake_target': None, 'cmake_target_skip_unavailable': False, 'install_base': '/root/oxbot/src/ros2_ws/install/oxbot_config', 'merge_install': False, 'path': '/root/oxbot/src/ros2_ws/src/oxbot_config', 'symlink_install': False, 'test_result_base': None}
[3.503s] Level 5:colcon.colcon_core.verb:set package 'oxbot_interfaces' build argument 'cmake_args' from command line to 'None'
[3.503s] Level 5:colcon.colcon_core.verb:set package 'oxbot_interfaces' build argument 'cmake_target' from command line to 'None'
[3.503s] Level 5:colcon.colcon_core.verb:set package 'oxbot_interfaces' build argument 'cmake_target_skip_unavailable' from command line to 'False'
[3.504s] Level 5:colcon.colcon_core.verb:set package 'oxbot_interfaces' build argument 'cmake_clean_cache' from command line to 'False'
[3.504s] Level 5:colcon.colcon_core.verb:set package 'oxbot_interfaces' build argument 'cmake_clean_first' from command line to 'False'
[3.504s] Level 5:colcon.colcon_core.verb:set package 'oxbot_interfaces' build argument 'cmake_force_configure' from command line to 'False'
[3.504s] Level 5:colcon.colcon_core.verb:set package 'oxbot_interfaces' build argument 'ament_cmake_args' from command line to 'None'
[3.504s] Level 5:colcon.colcon_core.verb:set package 'oxbot_interfaces' build argument 'catkin_cmake_args' from command line to 'None'
[3.504s] Level 5:colcon.colcon_core.verb:set package 'oxbot_interfaces' build argument 'catkin_skip_building_tests' from command line to 'False'
[3.505s] DEBUG:colcon.colcon_core.verb:Building package 'oxbot_interfaces' with the following arguments: {'ament_cmake_args': None, 'build_base': '/root/oxbot/src/ros2_ws/build/oxbot_interfaces', 'catkin_cmake_args': None, 'catkin_skip_building_tests': False, 'cmake_args': None, 'cmake_clean_cache': False, 'cmake_clean_first': False, 'cmake_force_configure': False, 'cmake_target': None, 'cmake_target_skip_unavailable': False, 'install_base': '/root/oxbot/src/ros2_ws/install/oxbot_interfaces', 'merge_install': False, 'path': '/root/oxbot/src/ros2_ws/src/oxbot_interfaces', 'symlink_install': False, 'test_result_base': None}
[3.525s] Level 5:colcon.colcon_core.verb:set package 'motion_control' build argument 'cmake_args' from command line to 'None'
[3.526s] Level 5:colcon.colcon_core.verb:set package 'motion_control' build argument 'cmake_target' from command line to 'None'
[3.526s] Level 5:colcon.colcon_core.verb:set package 'motion_control' build argument 'cmake_target_skip_unavailable' from command line to 'False'
[3.526s] Level 5:colcon.colcon_core.verb:set package 'motion_control' build argument 'cmake_clean_cache' from command line to 'False'
[3.526s] Level 5:colcon.colcon_core.verb:set package 'motion_control' build argument 'cmake_clean_first' from command line to 'False'
[3.526s] Level 5:colcon.colcon_core.verb:set package 'motion_control' build argument 'cmake_force_configure' from command line to 'False'
[3.527s] Level 5:colcon.colcon_core.verb:set package 'motion_control' build argument 'ament_cmake_args' from command line to 'None'
[3.527s] Level 5:colcon.colcon_core.verb:set package 'motion_control' build argument 'catkin_cmake_args' from command line to 'None'
[3.527s] Level 5:colcon.colcon_core.verb:set package 'motion_control' build argument 'catkin_skip_building_tests' from command line to 'False'
[3.527s] DEBUG:colcon.colcon_core.verb:Building package 'motion_control' with the following arguments: {'ament_cmake_args': None, 'build_base': '/root/oxbot/src/ros2_ws/build/motion_control', 'catkin_cmake_args': None, 'catkin_skip_building_tests': False, 'cmake_args': None, 'cmake_clean_cache': False, 'cmake_clean_first': False, 'cmake_force_configure': False, 'cmake_target': None, 'cmake_target_skip_unavailable': False, 'install_base': '/root/oxbot/src/ros2_ws/install/motion_control', 'merge_install': False, 'path': '/root/oxbot/src/ros2_ws/src/motion_control', 'symlink_install': False, 'test_result_base': None}
[3.543s] INFO:colcon.colcon_core.executor:Executing jobs using 'parallel' executor
[3.627s] DEBUG:colcon.colcon_parallel_executor.executor.parallel:run_until_complete
[3.628s] INFO:colcon.colcon_ros.task.ament_cmake.build:Building ROS package in '/root/oxbot/src/ros2_ws/src/oxbot_interfaces' with build type 'ament_cmake'
[3.629s] INFO:colcon.colcon_cmake.task.cmake.build:Building CMake package in '/root/oxbot/src/ros2_ws/src/oxbot_interfaces'
[3.684s] INFO:colcon.colcon_core.plugin_system:Skipping extension 'colcon_core.shell.bat': Not used on non-Windows systems
[3.686s] INFO:colcon.colcon_core.shell:Skip shell extension 'powershell' for command environment: Not usable outside of PowerShell
[3.686s] DEBUG:colcon.colcon_core.shell:Skip shell extension 'dsv' for command environment
[3.787s] INFO:colcon.colcon_ros.task.ament_cmake.build:Building ROS package in '/root/oxbot/src/ros2_ws/src/oxbot_bringup' with build type 'ament_cmake'
[3.788s] INFO:colcon.colcon_cmake.task.cmake.build:Building CMake package in '/root/oxbot/src/ros2_ws/src/oxbot_bringup'
[3.827s] INFO:colcon.colcon_core.shell:Skip shell extension 'powershell' for command environment: Not usable outside of PowerShell
[3.827s] DEBUG:colcon.colcon_core.shell:Skip shell extension 'dsv' for command environment
[3.925s] INFO:colcon.colcon_ros.task.ament_cmake.build:Building ROS package in '/root/oxbot/src/ros2_ws/src/oxbot_config' with build type 'ament_cmake'
[3.926s] INFO:colcon.colcon_cmake.task.cmake.build:Building CMake package in '/root/oxbot/src/ros2_ws/src/oxbot_config'
[3.970s] INFO:colcon.colcon_core.shell:Skip shell extension 'powershell' for command environment: Not usable outside of PowerShell
[3.970s] DEBUG:colcon.colcon_core.shell:Skip shell extension 'dsv' for command environment
[4.104s] DEBUG:colcon.colcon_core.event_handler.log_command:Invoking command in '/root/oxbot/src/ros2_ws/build/oxbot_interfaces': /usr/local/bin/cmake --build /root/oxbot/src/ros2_ws/build/oxbot_interfaces -- -j4 -l4
[4.131s] DEBUG:colcon.colcon_core.event_handler.log_command:Invoking command in '/root/oxbot/src/ros2_ws/build/oxbot_bringup': /usr/local/bin/cmake --build /root/oxbot/src/ros2_ws/build/oxbot_bringup -- -j4 -l4
[4.151s] DEBUG:colcon.colcon_core.event_handler.log_command:Invoking command in '/root/oxbot/src/ros2_ws/build/oxbot_config': /usr/local/bin/cmake --build /root/oxbot/src/ros2_ws/build/oxbot_config -- -j4 -l4
[4.469s] DEBUG:colcon.colcon_core.event_handler.log_command:Invoked command in '/root/oxbot/src/ros2_ws/build/oxbot_config' returned '0': /usr/local/bin/cmake --build /root/oxbot/src/ros2_ws/build/oxbot_config -- -j4 -l4
[4.510s] DEBUG:colcon.colcon_core.event_handler.log_command:Invoked command in '/root/oxbot/src/ros2_ws/build/oxbot_bringup' returned '0': /usr/local/bin/cmake --build /root/oxbot/src/ros2_ws/build/oxbot_bringup -- -j4 -l4
[5.162s] DEBUG:colcon.colcon_core.event_handler.log_command:Invoking command in '/root/oxbot/src/ros2_ws/build/oxbot_config': /usr/local/bin/cmake --install /root/oxbot/src/ros2_ws/build/oxbot_config
[5.245s] DEBUG:colcon.colcon_core.event_handler.log_command:Invoking command in '/root/oxbot/src/ros2_ws/build/oxbot_bringup': /usr/local/bin/cmake --install /root/oxbot/src/ros2_ws/build/oxbot_bringup
[5.468s] Level 1:colcon.colcon_core.environment:create_environment_scripts_only(oxbot_config)
[5.479s] DEBUG:colcon.colcon_core.event_handler.log_command:Invoked command in '/root/oxbot/src/ros2_ws/build/oxbot_config' returned '0': /usr/local/bin/cmake --install /root/oxbot/src/ros2_ws/build/oxbot_config
[5.558s] Level 1:colcon.colcon_core.environment:checking '/root/oxbot/src/ros2_ws/install/oxbot_config' for CMake module files
[5.563s] Level 1:colcon.colcon_core.environment:checking '/root/oxbot/src/ros2_ws/install/oxbot_config' for CMake config files
[5.565s] Level 1:colcon.colcon_core.shell:create_environment_hook('oxbot_config', 'cmake_prefix_path')
[5.611s] INFO:colcon.colcon_core.shell:Creating environment hook '/root/oxbot/src/ros2_ws/install/oxbot_config/share/oxbot_config/hook/cmake_prefix_path.ps1'
[5.615s] INFO:colcon.colcon_core.shell:Creating environment descriptor '/root/oxbot/src/ros2_ws/install/oxbot_config/share/oxbot_config/hook/cmake_prefix_path.dsv'
[5.617s] INFO:colcon.colcon_core.shell:Creating environment hook '/root/oxbot/src/ros2_ws/install/oxbot_config/share/oxbot_config/hook/cmake_prefix_path.sh'
[5.624s] Level 1:colcon.colcon_core.environment:checking '/root/oxbot/src/ros2_ws/install/oxbot_config/bin'
[5.625s] Level 1:colcon.colcon_core.environment:checking '/root/oxbot/src/ros2_ws/install/oxbot_config/lib/pkgconfig/oxbot_config.pc'
[5.626s] Level 1:colcon.colcon_core.environment:checking '/root/oxbot/src/ros2_ws/install/oxbot_config/lib/python3.6/site-packages'
[5.627s] Level 1:colcon.colcon_core.environment:checking '/root/oxbot/src/ros2_ws/install/oxbot_config/bin'
[5.688s] INFO:colcon.colcon_core.shell:Creating package script '/root/oxbot/src/ros2_ws/install/oxbot_config/share/oxbot_config/package.ps1'
[5.693s] INFO:colcon.colcon_core.shell:Creating package descriptor '/root/oxbot/src/ros2_ws/install/oxbot_config/share/oxbot_config/package.dsv'
[5.697s] INFO:colcon.colcon_core.shell:Creating package script '/root/oxbot/src/ros2_ws/install/oxbot_config/share/oxbot_config/package.sh'
[5.702s] INFO:colcon.colcon_core.shell:Creating package script '/root/oxbot/src/ros2_ws/install/oxbot_config/share/oxbot_config/package.bash'
[5.708s] INFO:colcon.colcon_core.shell:Creating package script '/root/oxbot/src/ros2_ws/install/oxbot_config/share/oxbot_config/package.zsh'
[5.712s] Level 1:colcon.colcon_core.environment:create_file_with_runtime_dependencies(/root/oxbot/src/ros2_ws/install/oxbot_config/share/colcon-core/packages/oxbot_config)
[5.731s] Level 1:colcon.colcon_core.environment:create_environment_scripts_only(oxbot_bringup)
[5.734s] DEBUG:colcon.colcon_core.event_handler.log_command:Invoked command in '/root/oxbot/src/ros2_ws/build/oxbot_bringup' returned '0': /usr/local/bin/cmake --install /root/oxbot/src/ros2_ws/build/oxbot_bringup
[5.879s] Level 1:colcon.colcon_core.environment:checking '/root/oxbot/src/ros2_ws/install/oxbot_bringup' for CMake module files
[5.883s] Level 1:colcon.colcon_core.environment:checking '/root/oxbot/src/ros2_ws/install/oxbot_bringup' for CMake config files
[5.898s] Level 1:colcon.colcon_core.shell:create_environment_hook('oxbot_bringup', 'cmake_prefix_path')
[5.996s] INFO:colcon.colcon_core.shell:Creating environment hook '/root/oxbot/src/ros2_ws/install/oxbot_bringup/share/oxbot_bringup/hook/cmake_prefix_path.ps1'
[6.001s] INFO:colcon.colcon_core.shell:Creating environment descriptor '/root/oxbot/src/ros2_ws/install/oxbot_bringup/share/oxbot_bringup/hook/cmake_prefix_path.dsv'
[6.006s] INFO:colcon.colcon_core.shell:Creating environment hook '/root/oxbot/src/ros2_ws/install/oxbot_bringup/share/oxbot_bringup/hook/cmake_prefix_path.sh'
[6.020s] Level 1:colcon.colcon_core.environment:checking '/root/oxbot/src/ros2_ws/install/oxbot_bringup/bin'
[6.023s] Level 1:colcon.colcon_core.environment:checking '/root/oxbot/src/ros2_ws/install/oxbot_bringup/lib/pkgconfig/oxbot_bringup.pc'
[6.026s] Level 1:colcon.colcon_core.environment:checking '/root/oxbot/src/ros2_ws/install/oxbot_bringup/lib/python3.6/site-packages'
[6.033s] Level 1:colcon.colcon_core.environment:checking '/root/oxbot/src/ros2_ws/install/oxbot_bringup/bin'
[6.121s] INFO:colcon.colcon_core.shell:Creating package script '/root/oxbot/src/ros2_ws/install/oxbot_bringup/share/oxbot_bringup/package.ps1'
[6.126s] INFO:colcon.colcon_core.shell:Creating package descriptor '/root/oxbot/src/ros2_ws/install/oxbot_bringup/share/oxbot_bringup/package.dsv'
[6.130s] INFO:colcon.colcon_core.shell:Creating package script '/root/oxbot/src/ros2_ws/install/oxbot_bringup/share/oxbot_bringup/package.sh'
[6.138s] INFO:colcon.colcon_core.shell:Creating package script '/root/oxbot/src/ros2_ws/install/oxbot_bringup/share/oxbot_bringup/package.bash'
[6.142s] INFO:colcon.colcon_core.shell:Creating package script '/root/oxbot/src/ros2_ws/install/oxbot_bringup/share/oxbot_bringup/package.zsh'
[6.150s] Level 1:colcon.colcon_core.environment:create_file_with_runtime_dependencies(/root/oxbot/src/ros2_ws/install/oxbot_bringup/share/colcon-core/packages/oxbot_bringup)
[6.383s] Level 1:colcon.colcon_core.environment:create_environment_scripts_only(oxbot_config)
[6.479s] Level 1:colcon.colcon_core.environment:checking '/root/oxbot/src/ros2_ws/install/oxbot_config' for CMake module files
[6.486s] Level 1:colcon.colcon_core.environment:checking '/root/oxbot/src/ros2_ws/install/oxbot_config' for CMake config files
[6.488s] Level 1:colcon.colcon_core.shell:create_environment_hook('oxbot_config', 'cmake_prefix_path')
[6.543s] INFO:colcon.colcon_core.shell:Creating environment hook '/root/oxbot/src/ros2_ws/install/oxbot_config/share/oxbot_config/hook/cmake_prefix_path.ps1'
[6.546s] INFO:colcon.colcon_core.shell:Creating environment descriptor '/root/oxbot/src/ros2_ws/install/oxbot_config/share/oxbot_config/hook/cmake_prefix_path.dsv'
[6.548s] INFO:colcon.colcon_core.shell:Creating environment hook '/root/oxbot/src/ros2_ws/install/oxbot_config/share/oxbot_config/hook/cmake_prefix_path.sh'
[6.552s] Level 1:colcon.colcon_core.environment:checking '/root/oxbot/src/ros2_ws/install/oxbot_config/bin'
[6.553s] Level 1:colcon.colcon_core.environment:checking '/root/oxbot/src/ros2_ws/install/oxbot_config/lib/pkgconfig/oxbot_config.pc'
[6.554s] Level 1:colcon.colcon_core.environment:checking '/root/oxbot/src/ros2_ws/install/oxbot_config/lib/python3.6/site-packages'
[6.556s] Level 1:colcon.colcon_core.environment:checking '/root/oxbot/src/ros2_ws/install/oxbot_config/bin'
[6.622s] INFO:colcon.colcon_core.shell:Creating package script '/root/oxbot/src/ros2_ws/install/oxbot_config/share/oxbot_config/package.ps1'
[6.626s] INFO:colcon.colcon_core.shell:Creating package descriptor '/root/oxbot/src/ros2_ws/install/oxbot_config/share/oxbot_config/package.dsv'
[6.629s] INFO:colcon.colcon_core.shell:Creating package script '/root/oxbot/src/ros2_ws/install/oxbot_config/share/oxbot_config/package.sh'
[6.632s] INFO:colcon.colcon_core.shell:Creating package script '/root/oxbot/src/ros2_ws/install/oxbot_config/share/oxbot_config/package.bash'
[6.634s] INFO:colcon.colcon_core.shell:Creating package script '/root/oxbot/src/ros2_ws/install/oxbot_config/share/oxbot_config/package.zsh'
[6.637s] Level 1:colcon.colcon_core.environment:create_file_with_runtime_dependencies(/root/oxbot/src/ros2_ws/install/oxbot_config/share/colcon-core/packages/oxbot_config)
[6.692s] Level 1:colcon.colcon_core.environment:create_environment_scripts_only(oxbot_bringup)
[6.751s] Level 1:colcon.colcon_core.environment:checking '/root/oxbot/src/ros2_ws/install/oxbot_bringup' for CMake module files
[6.755s] Level 1:colcon.colcon_core.environment:checking '/root/oxbot/src/ros2_ws/install/oxbot_bringup' for CMake config files
[6.757s] Level 1:colcon.colcon_core.shell:create_environment_hook('oxbot_bringup', 'cmake_prefix_path')
[6.797s] INFO:colcon.colcon_core.shell:Creating environment hook '/root/oxbot/src/ros2_ws/install/oxbot_bringup/share/oxbot_bringup/hook/cmake_prefix_path.ps1'
[6.799s] INFO:colcon.colcon_core.shell:Creating environment descriptor '/root/oxbot/src/ros2_ws/install/oxbot_bringup/share/oxbot_bringup/hook/cmake_prefix_path.dsv'
[6.801s] INFO:colcon.colcon_core.shell:Creating environment hook '/root/oxbot/src/ros2_ws/install/oxbot_bringup/share/oxbot_bringup/hook/cmake_prefix_path.sh'
[6.804s] Level 1:colcon.colcon_core.environment:checking '/root/oxbot/src/ros2_ws/install/oxbot_bringup/bin'
[6.805s] Level 1:colcon.colcon_core.environment:checking '/root/oxbot/src/ros2_ws/install/oxbot_bringup/lib/pkgconfig/oxbot_bringup.pc'
[6.806s] Level 1:colcon.colcon_core.environment:checking '/root/oxbot/src/ros2_ws/install/oxbot_bringup/lib/python3.6/site-packages'
[6.807s] Level 1:colcon.colcon_core.environment:checking '/root/oxbot/src/ros2_ws/install/oxbot_bringup/bin'
[6.848s] INFO:colcon.colcon_core.shell:Creating package script '/root/oxbot/src/ros2_ws/install/oxbot_bringup/share/oxbot_bringup/package.ps1'
[6.851s] INFO:colcon.colcon_core.shell:Creating package descriptor '/root/oxbot/src/ros2_ws/install/oxbot_bringup/share/oxbot_bringup/package.dsv'
[6.853s] INFO:colcon.colcon_core.shell:Creating package script '/root/oxbot/src/ros2_ws/install/oxbot_bringup/share/oxbot_bringup/package.sh'
[6.856s] INFO:colcon.colcon_core.shell:Creating package script '/root/oxbot/src/ros2_ws/install/oxbot_bringup/share/oxbot_bringup/package.bash'
[6.859s] INFO:colcon.colcon_core.shell:Creating package script '/root/oxbot/src/ros2_ws/install/oxbot_bringup/share/oxbot_bringup/package.zsh'
[6.861s] Level 1:colcon.colcon_core.environment:create_file_with_runtime_dependencies(/root/oxbot/src/ros2_ws/install/oxbot_bringup/share/colcon-core/packages/oxbot_bringup)
[6.877s] DEBUG:colcon.colcon_core.event_handler.log_command:Invoked command in '/root/oxbot/src/ros2_ws/build/oxbot_interfaces' returned '0': /usr/local/bin/cmake --build /root/oxbot/src/ros2_ws/build/oxbot_interfaces -- -j4 -l4
[7.570s] DEBUG:colcon.colcon_core.event_handler.log_command:Invoking command in '/root/oxbot/src/ros2_ws/build/oxbot_interfaces': /usr/local/bin/cmake --install /root/oxbot/src/ros2_ws/build/oxbot_interfaces
[8.055s] Level 1:colcon.colcon_core.environment:create_environment_scripts_only(oxbot_interfaces)
[8.069s] DEBUG:colcon.colcon_core.event_handler.log_command:Invoked command in '/root/oxbot/src/ros2_ws/build/oxbot_interfaces' returned '0': /usr/local/bin/cmake --install /root/oxbot/src/ros2_ws/build/oxbot_interfaces
[8.129s] Level 1:colcon.colcon_core.environment:checking '/root/oxbot/src/ros2_ws/install/oxbot_interfaces' for CMake module files
[8.134s] Level 1:colcon.colcon_core.environment:checking '/root/oxbot/src/ros2_ws/install/oxbot_interfaces' for CMake config files
[8.139s] Level 1:colcon.colcon_core.shell:create_environment_hook('oxbot_interfaces', 'cmake_prefix_path')
[8.182s] INFO:colcon.colcon_core.shell:Creating environment hook '/root/oxbot/src/ros2_ws/install/oxbot_interfaces/share/oxbot_interfaces/hook/cmake_prefix_path.ps1'
[8.184s] INFO:colcon.colcon_core.shell:Creating environment descriptor '/root/oxbot/src/ros2_ws/install/oxbot_interfaces/share/oxbot_interfaces/hook/cmake_prefix_path.dsv'
[8.186s] INFO:colcon.colcon_core.shell:Creating environment hook '/root/oxbot/src/ros2_ws/install/oxbot_interfaces/share/oxbot_interfaces/hook/cmake_prefix_path.sh'
[8.191s] Level 1:colcon.colcon_core.environment:checking '/root/oxbot/src/ros2_ws/install/oxbot_interfaces/lib'
[8.192s] Level 1:colcon.colcon_core.shell:create_environment_hook('oxbot_interfaces', 'ld_library_path_lib')
[8.234s] INFO:colcon.colcon_core.shell:Creating environment hook '/root/oxbot/src/ros2_ws/install/oxbot_interfaces/share/oxbot_interfaces/hook/ld_library_path_lib.ps1'
[8.237s] INFO:colcon.colcon_core.shell:Creating environment descriptor '/root/oxbot/src/ros2_ws/install/oxbot_interfaces/share/oxbot_interfaces/hook/ld_library_path_lib.dsv'
[8.239s] INFO:colcon.colcon_core.shell:Creating environment hook '/root/oxbot/src/ros2_ws/install/oxbot_interfaces/share/oxbot_interfaces/hook/ld_library_path_lib.sh'
[8.242s] Level 1:colcon.colcon_core.environment:checking '/root/oxbot/src/ros2_ws/install/oxbot_interfaces/bin'
[8.242s] Level 1:colcon.colcon_core.environment:checking '/root/oxbot/src/ros2_ws/install/oxbot_interfaces/lib/pkgconfig/oxbot_interfaces.pc'
[8.243s] Level 1:colcon.colcon_core.environment:checking '/root/oxbot/src/ros2_ws/install/oxbot_interfaces/lib/python3.6/site-packages'
[8.244s] Level 1:colcon.colcon_core.shell:create_environment_hook('oxbot_interfaces', 'pythonpath')
[8.287s] INFO:colcon.colcon_core.shell:Creating environment hook '/root/oxbot/src/ros2_ws/install/oxbot_interfaces/share/oxbot_interfaces/hook/pythonpath.ps1'
[8.289s] INFO:colcon.colcon_core.shell:Creating environment descriptor '/root/oxbot/src/ros2_ws/install/oxbot_interfaces/share/oxbot_interfaces/hook/pythonpath.dsv'
[8.291s] INFO:colcon.colcon_core.shell:Creating environment hook '/root/oxbot/src/ros2_ws/install/oxbot_interfaces/share/oxbot_interfaces/hook/pythonpath.sh'
[8.294s] Level 1:colcon.colcon_core.environment:checking '/root/oxbot/src/ros2_ws/install/oxbot_interfaces/bin'
[8.337s] INFO:colcon.colcon_core.shell:Creating package script '/root/oxbot/src/ros2_ws/install/oxbot_interfaces/share/oxbot_interfaces/package.ps1'
[8.341s] INFO:colcon.colcon_core.shell:Creating package descriptor '/root/oxbot/src/ros2_ws/install/oxbot_interfaces/share/oxbot_interfaces/package.dsv'
[8.344s] INFO:colcon.colcon_core.shell:Creating package script '/root/oxbot/src/ros2_ws/install/oxbot_interfaces/share/oxbot_interfaces/package.sh'
[8.347s] INFO:colcon.colcon_core.shell:Creating package script '/root/oxbot/src/ros2_ws/install/oxbot_interfaces/share/oxbot_interfaces/package.bash'
[8.349s] INFO:colcon.colcon_core.shell:Creating package script '/root/oxbot/src/ros2_ws/install/oxbot_interfaces/share/oxbot_interfaces/package.zsh'
[8.351s] Level 1:colcon.colcon_core.environment:create_file_with_runtime_dependencies(/root/oxbot/src/ros2_ws/install/oxbot_interfaces/share/colcon-core/packages/oxbot_interfaces)
[9.038s] Level 1:colcon.colcon_core.environment:create_environment_scripts_only(oxbot_interfaces)
[9.102s] Level 1:colcon.colcon_core.environment:checking '/root/oxbot/src/ros2_ws/install/oxbot_interfaces' for CMake module files
[9.109s] Level 1:colcon.colcon_core.environment:checking '/root/oxbot/src/ros2_ws/install/oxbot_interfaces' for CMake config files
[9.114s] Level 1:colcon.colcon_core.shell:create_environment_hook('oxbot_interfaces', 'cmake_prefix_path')
[9.157s] INFO:colcon.colcon_core.shell:Creating environment hook '/root/oxbot/src/ros2_ws/install/oxbot_interfaces/share/oxbot_interfaces/hook/cmake_prefix_path.ps1'
[9.161s] INFO:colcon.colcon_core.shell:Creating environment descriptor '/root/oxbot/src/ros2_ws/install/oxbot_interfaces/share/oxbot_interfaces/hook/cmake_prefix_path.dsv'
[9.163s] INFO:colcon.colcon_core.shell:Creating environment hook '/root/oxbot/src/ros2_ws/install/oxbot_interfaces/share/oxbot_interfaces/hook/cmake_prefix_path.sh'
[9.167s] Level 1:colcon.colcon_core.environment:checking '/root/oxbot/src/ros2_ws/install/oxbot_interfaces/lib'
[9.168s] Level 1:colcon.colcon_core.shell:create_environment_hook('oxbot_interfaces', 'ld_library_path_lib')
[9.209s] INFO:colcon.colcon_core.shell:Creating environment hook '/root/oxbot/src/ros2_ws/install/oxbot_interfaces/share/oxbot_interfaces/hook/ld_library_path_lib.ps1'
[9.211s] INFO:colcon.colcon_core.shell:Creating environment descriptor '/root/oxbot/src/ros2_ws/install/oxbot_interfaces/share/oxbot_interfaces/hook/ld_library_path_lib.dsv'
[9.213s] INFO:colcon.colcon_core.shell:Creating environment hook '/root/oxbot/src/ros2_ws/install/oxbot_interfaces/share/oxbot_interfaces/hook/ld_library_path_lib.sh'
[9.216s] Level 1:colcon.colcon_core.environment:checking '/root/oxbot/src/ros2_ws/install/oxbot_interfaces/bin'
[9.216s] Level 1:colcon.colcon_core.environment:checking '/root/oxbot/src/ros2_ws/install/oxbot_interfaces/lib/pkgconfig/oxbot_interfaces.pc'
[9.218s] Level 1:colcon.colcon_core.environment:checking '/root/oxbot/src/ros2_ws/install/oxbot_interfaces/lib/python3.6/site-packages'
[9.218s] Level 1:colcon.colcon_core.shell:create_environment_hook('oxbot_interfaces', 'pythonpath')
[9.258s] INFO:colcon.colcon_core.shell:Creating environment hook '/root/oxbot/src/ros2_ws/install/oxbot_interfaces/share/oxbot_interfaces/hook/pythonpath.ps1'
[9.260s] INFO:colcon.colcon_core.shell:Creating environment descriptor '/root/oxbot/src/ros2_ws/install/oxbot_interfaces/share/oxbot_interfaces/hook/pythonpath.dsv'
[9.262s] INFO:colcon.colcon_core.shell:Creating environment hook '/root/oxbot/src/ros2_ws/install/oxbot_interfaces/share/oxbot_interfaces/hook/pythonpath.sh'
[9.266s] Level 1:colcon.colcon_core.environment:checking '/root/oxbot/src/ros2_ws/install/oxbot_interfaces/bin'
[9.308s] INFO:colcon.colcon_core.shell:Creating package script '/root/oxbot/src/ros2_ws/install/oxbot_interfaces/share/oxbot_interfaces/package.ps1'
[9.312s] INFO:colcon.colcon_core.shell:Creating package descriptor '/root/oxbot/src/ros2_ws/install/oxbot_interfaces/share/oxbot_interfaces/package.dsv'
[9.316s] INFO:colcon.colcon_core.shell:Creating package script '/root/oxbot/src/ros2_ws/install/oxbot_interfaces/share/oxbot_interfaces/package.sh'
[9.319s] INFO:colcon.colcon_core.shell:Creating package script '/root/oxbot/src/ros2_ws/install/oxbot_interfaces/share/oxbot_interfaces/package.bash'
[9.322s] INFO:colcon.colcon_core.shell:Creating package script '/root/oxbot/src/ros2_ws/install/oxbot_interfaces/share/oxbot_interfaces/package.zsh'
[9.324s] Level 1:colcon.colcon_core.environment:create_file_with_runtime_dependencies(/root/oxbot/src/ros2_ws/install/oxbot_interfaces/share/colcon-core/packages/oxbot_interfaces)
[9.326s] INFO:colcon.colcon_ros.task.ament_cmake.build:Building ROS package in '/root/oxbot/src/ros2_ws/src/motion_control' with build type 'ament_cmake'
[9.327s] INFO:colcon.colcon_cmake.task.cmake.build:Building CMake package in '/root/oxbot/src/ros2_ws/src/motion_control'
[9.370s] INFO:colcon.colcon_core.shell:Skip shell extension 'powershell' for command environment: Not usable outside of PowerShell
[9.371s] DEBUG:colcon.colcon_core.shell:Skip shell extension 'dsv' for command environment
[9.511s] DEBUG:colcon.colcon_core.event_handler.log_command:Invoking command in '/root/oxbot/src/ros2_ws/build/motion_control': CMAKE_PREFIX_PATH=/root/oxbot/src/ros2_ws/install/oxbot_interfaces:/root/oxbot/src/ros2_ws/install/oxbot_startup:/root/oxbot/src/ros2_ws/install/motion_control:/root/oxbot/src/ros2_ws/install/oxbot_config:/root/oxbot/src/ros2_ws/install/oxbot_bringup:/opt/ros/humble/install LD_LIBRARY_PATH=/root/oxbot/src/ros2_ws/install/oxbot_interfaces/lib:/opt/ros/humble/install/opt/rviz_ogre_vendor/lib:/opt/ros/humble/install/lib:/usr/local/cuda-10.2/targets/aarch64-linux/lib /usr/local/bin/cmake --build /root/oxbot/src/ros2_ws/build/motion_control -- -j4 -l4
[27.523s] DEBUG:colcon.colcon_core.event_handler.log_command:Invoked command in '/root/oxbot/src/ros2_ws/build/motion_control' returned '0': CMAKE_PREFIX_PATH=/root/oxbot/src/ros2_ws/install/oxbot_interfaces:/root/oxbot/src/ros2_ws/install/oxbot_startup:/root/oxbot/src/ros2_ws/install/motion_control:/root/oxbot/src/ros2_ws/install/oxbot_config:/root/oxbot/src/ros2_ws/install/oxbot_bringup:/opt/ros/humble/install LD_LIBRARY_PATH=/root/oxbot/src/ros2_ws/install/oxbot_interfaces/lib:/opt/ros/humble/install/opt/rviz_ogre_vendor/lib:/opt/ros/humble/install/lib:/usr/local/cuda-10.2/targets/aarch64-linux/lib /usr/local/bin/cmake --build /root/oxbot/src/ros2_ws/build/motion_control -- -j4 -l4
[27.788s] DEBUG:colcon.colcon_core.event_handler.log_command:Invoking command in '/root/oxbot/src/ros2_ws/build/motion_control': CMAKE_PREFIX_PATH=/root/oxbot/src/ros2_ws/install/oxbot_interfaces:/root/oxbot/src/ros2_ws/install/oxbot_startup:/root/oxbot/src/ros2_ws/install/motion_control:/root/oxbot/src/ros2_ws/install/oxbot_config:/root/oxbot/src/ros2_ws/install/oxbot_bringup:/opt/ros/humble/install LD_LIBRARY_PATH=/root/oxbot/src/ros2_ws/install/oxbot_interfaces/lib:/opt/ros/humble/install/opt/rviz_ogre_vendor/lib:/opt/ros/humble/install/lib:/usr/local/cuda-10.2/targets/aarch64-linux/lib /usr/local/bin/cmake --install /root/oxbot/src/ros2_ws/build/motion_control
[28.046s] Level 1:colcon.colcon_core.environment:create_environment_scripts_only(motion_control)
[28.048s] DEBUG:colcon.colcon_core.event_handler.log_command:Invoked command in '/root/oxbot/src/ros2_ws/build/motion_control' returned '0': CMAKE_PREFIX_PATH=/root/oxbot/src/ros2_ws/install/oxbot_interfaces:/root/oxbot/src/ros2_ws/install/oxbot_startup:/root/oxbot/src/ros2_ws/install/motion_control:/root/oxbot/src/ros2_ws/install/oxbot_config:/root/oxbot/src/ros2_ws/install/oxbot_bringup:/opt/ros/humble/install LD_LIBRARY_PATH=/root/oxbot/src/ros2_ws/install/oxbot_interfaces/lib:/opt/ros/humble/install/opt/rviz_ogre_vendor/lib:/opt/ros/humble/install/lib:/usr/local/cuda-10.2/targets/aarch64-linux/lib /usr/local/bin/cmake --install /root/oxbot/src/ros2_ws/build/motion_control
[28.132s] Level 1:colcon.colcon_core.environment:checking '/root/oxbot/src/ros2_ws/install/motion_control' for CMake module files
[28.136s] Level 1:colcon.colcon_core.environment:checking '/root/oxbot/src/ros2_ws/install/motion_control' for CMake config files
[28.139s] Level 1:colcon.colcon_core.shell:create_environment_hook('motion_control', 'cmake_prefix_path')
[28.190s] INFO:colcon.colcon_core.shell:Creating environment hook '/root/oxbot/src/ros2_ws/install/motion_control/share/motion_control/hook/cmake_prefix_path.ps1'
[28.194s] INFO:colcon.colcon_core.shell:Creating environment descriptor '/root/oxbot/src/ros2_ws/install/motion_control/share/motion_control/hook/cmake_prefix_path.dsv'
[28.196s] INFO:colcon.colcon_core.shell:Creating environment hook '/root/oxbot/src/ros2_ws/install/motion_control/share/motion_control/hook/cmake_prefix_path.sh'
[28.203s] Level 1:colcon.colcon_core.environment:checking '/root/oxbot/src/ros2_ws/install/motion_control/lib'
[28.204s] Level 1:colcon.colcon_core.environment:checking '/root/oxbot/src/ros2_ws/install/motion_control/bin'
[28.204s] Level 1:colcon.colcon_core.environment:checking '/root/oxbot/src/ros2_ws/install/motion_control/lib/pkgconfig/motion_control.pc'
[28.206s] Level 1:colcon.colcon_core.environment:checking '/root/oxbot/src/ros2_ws/install/motion_control/lib/python3.6/site-packages'
[28.207s] Level 1:colcon.colcon_core.environment:checking '/root/oxbot/src/ros2_ws/install/motion_control/bin'
[28.258s] INFO:colcon.colcon_core.shell:Creating package script '/root/oxbot/src/ros2_ws/install/motion_control/share/motion_control/package.ps1'
[28.261s] INFO:colcon.colcon_core.shell:Creating package descriptor '/root/oxbot/src/ros2_ws/install/motion_control/share/motion_control/package.dsv'
[28.264s] INFO:colcon.colcon_core.shell:Creating package script '/root/oxbot/src/ros2_ws/install/motion_control/share/motion_control/package.sh'
[28.267s] INFO:colcon.colcon_core.shell:Creating package script '/root/oxbot/src/ros2_ws/install/motion_control/share/motion_control/package.bash'
[28.269s] INFO:colcon.colcon_core.shell:Creating package script '/root/oxbot/src/ros2_ws/install/motion_control/share/motion_control/package.zsh'
[28.272s] Level 1:colcon.colcon_core.environment:create_file_with_runtime_dependencies(/root/oxbot/src/ros2_ws/install/motion_control/share/colcon-core/packages/motion_control)
[28.631s] Level 1:colcon.colcon_core.environment:create_environment_scripts_only(motion_control)
[28.688s] Level 1:colcon.colcon_core.environment:checking '/root/oxbot/src/ros2_ws/install/motion_control' for CMake module files
[28.692s] Level 1:colcon.colcon_core.environment:checking '/root/oxbot/src/ros2_ws/install/motion_control' for CMake config files
[28.694s] Level 1:colcon.colcon_core.shell:create_environment_hook('motion_control', 'cmake_prefix_path')
[28.732s] INFO:colcon.colcon_core.shell:Creating environment hook '/root/oxbot/src/ros2_ws/install/motion_control/share/motion_control/hook/cmake_prefix_path.ps1'
[28.735s] INFO:colcon.colcon_core.shell:Creating environment descriptor '/root/oxbot/src/ros2_ws/install/motion_control/share/motion_control/hook/cmake_prefix_path.dsv'
[28.737s] INFO:colcon.colcon_core.shell:Creating environment hook '/root/oxbot/src/ros2_ws/install/motion_control/share/motion_control/hook/cmake_prefix_path.sh'
[28.741s] Level 1:colcon.colcon_core.environment:checking '/root/oxbot/src/ros2_ws/install/motion_control/lib'
[28.742s] Level 1:colcon.colcon_core.environment:checking '/root/oxbot/src/ros2_ws/install/motion_control/bin'
[28.742s] Level 1:colcon.colcon_core.environment:checking '/root/oxbot/src/ros2_ws/install/motion_control/lib/pkgconfig/motion_control.pc'
[28.744s] Level 1:colcon.colcon_core.environment:checking '/root/oxbot/src/ros2_ws/install/motion_control/lib/python3.6/site-packages'
[28.744s] Level 1:colcon.colcon_core.environment:checking '/root/oxbot/src/ros2_ws/install/motion_control/bin'
[28.786s] INFO:colcon.colcon_core.shell:Creating package script '/root/oxbot/src/ros2_ws/install/motion_control/share/motion_control/package.ps1'
[28.789s] INFO:colcon.colcon_core.shell:Creating package descriptor '/root/oxbot/src/ros2_ws/install/motion_control/share/motion_control/package.dsv'
[28.792s] INFO:colcon.colcon_core.shell:Creating package script '/root/oxbot/src/ros2_ws/install/motion_control/share/motion_control/package.sh'
[28.794s] INFO:colcon.colcon_core.shell:Creating package script '/root/oxbot/src/ros2_ws/install/motion_control/share/motion_control/package.bash'
[28.796s] INFO:colcon.colcon_core.shell:Creating package script '/root/oxbot/src/ros2_ws/install/motion_control/share/motion_control/package.zsh'
[28.799s] Level 1:colcon.colcon_core.environment:create_file_with_runtime_dependencies(/root/oxbot/src/ros2_ws/install/motion_control/share/colcon-core/packages/motion_control)
[28.800s] DEBUG:colcon.colcon_parallel_executor.executor.parallel:closing loop
[28.804s] DEBUG:colcon.colcon_parallel_executor.executor.parallel:loop closed
[28.805s] DEBUG:colcon.colcon_parallel_executor.executor.parallel:run_until_complete finished with '0'
[28.805s] DEBUG:colcon.colcon_core.event_reactor:joining thread
[28.837s] INFO:colcon.colcon_core.plugin_system:Skipping extension 'colcon_notification.desktop_notification.notify_send': Could not find 'notify-send'
[28.838s] INFO:colcon.colcon_core.plugin_system:Skipping extension 'colcon_notification.desktop_notification.terminal_notifier': Not used on non-Darwin systems
[28.840s] INFO:colcon.colcon_core.plugin_system:Skipping extension 'colcon_notification.desktop_notification.win32': Not used on non-Windows systems
[28.841s] INFO:colcon.colcon_notification.desktop_notification:Sending desktop notification using 'notify2'
[28.847s] DEBUG:colcon.colcon_notification.desktop_notification.notify2:Failed to initialize notify2: org.freedesktop.DBus.Error.Spawn.ExecFailed: /usr/bin/dbus-launch terminated abnormally without any error message
[28.849s] DEBUG:colcon.colcon_core.event_reactor:joined thread
[28.892s] INFO:colcon.colcon_core.shell:Creating prefix script '/root/oxbot/src/ros2_ws/install/local_setup.ps1'
[28.899s] INFO:colcon.colcon_core.shell:Creating prefix util module '/root/oxbot/src/ros2_ws/install/_local_setup_util_ps1.py'
[28.909s] INFO:colcon.colcon_core.shell:Creating prefix chain script '/root/oxbot/src/ros2_ws/install/setup.ps1'
[28.924s] INFO:colcon.colcon_core.shell:Creating prefix script '/root/oxbot/src/ros2_ws/install/local_setup.sh'
[28.928s] INFO:colcon.colcon_core.shell:Creating prefix util module '/root/oxbot/src/ros2_ws/install/_local_setup_util_sh.py'
[28.930s] INFO:colcon.colcon_core.shell:Creating prefix chain script '/root/oxbot/src/ros2_ws/install/setup.sh'
[28.946s] INFO:colcon.colcon_core.shell:Creating prefix script '/root/oxbot/src/ros2_ws/install/local_setup.bash'
[28.949s] INFO:colcon.colcon_core.shell:Creating prefix chain script '/root/oxbot/src/ros2_ws/install/setup.bash'
[28.965s] INFO:colcon.colcon_core.shell:Creating prefix script '/root/oxbot/src/ros2_ws/install/local_setup.zsh'
[28.968s] INFO:colcon.colcon_core.shell:Creating prefix chain script '/root/oxbot/src/ros2_ws/install/setup.zsh'
