[3.282s] DEBUG:colcon:Command line arguments: ['/usr/bin/colcon', 'build', '--packages-select', 'motion_control']
[3.283s] DEBUG:colcon:Parsed command line arguments: Namespace(ament_cmake_args=None, base_paths=['.'], build_base='build', catkin_cmake_args=None, catkin_skip_building_tests=False, cmake_args=None, cmake_clean_cache=False, cmake_clean_first=False, cmake_force_configure=False, cmake_target=None, cmake_target_skip_unavailable=False, continue_on_error=False, event_handlers=None, executor='parallel', ignore_user_meta=False, install_base='install', log_base=None, log_level=None, main=<bound method BuildVerb.main of <colcon_core.verb.build.BuildVerb object at 0x7f9e0ac7b8>>, merge_install=False, metas=['./colcon.meta'], packages_above=None, packages_above_and_dependencies=None, packages_above_depth=None, packages_end=None, packages_ignore=None, packages_ignore_regex=None, packages_select=['motion_control'], packages_select_build_failed=False, packages_select_by_dep=None, packages_select_regex=None, packages_select_test_failures=False, packages_skip=None, packages_skip_build_finished=False, packages_skip_by_dep=None, packages_skip_regex=None, packages_skip_test_passed=False, packages_skip_up_to=None, packages_start=None, packages_up_to=None, packages_up_to_regex=None, parallel_workers=4, paths=None, symlink_install=False, test_result_base=None, verb_extension=<colcon_core.verb.build.BuildVerb object at 0x7f9e0ac7b8>, verb_name='build', verb_parser=<colcon_defaults.argument_parser.defaults.DefaultArgumentsDecorator object at 0x7f9dfdb0b8>)
[3.545s] Level 1:colcon.colcon_core.package_discovery:discover_packages(colcon_meta) check parameters
[3.546s] Level 1:colcon.colcon_core.package_discovery:discover_packages(recursive) check parameters
[3.546s] Level 1:colcon.colcon_core.package_discovery:discover_packages(ignore) check parameters
[3.546s] Level 1:colcon.colcon_core.package_discovery:discover_packages(path) check parameters
[3.546s] Level 1:colcon.colcon_core.package_discovery:discover_packages(colcon_meta) discover
[3.548s] Level 1:colcon.colcon_core.package_discovery:discover_packages(recursive) discover
[3.548s] INFO:colcon.colcon_core.package_discovery:Crawling recursively for packages in '/root/oxbot/src/ros2_ws'
[3.548s] Level 1:colcon.colcon_core.package_identification:_identify(.) by extensions ['ignore', 'ignore_ament_install']
[3.549s] Level 1:colcon.colcon_core.package_identification:_identify(.) by extension 'ignore'
[3.549s] Level 1:colcon.colcon_core.package_identification:_identify(.) by extension 'ignore_ament_install'
[3.550s] Level 1:colcon.colcon_core.package_identification:_identify(.) by extensions ['colcon_pkg']
[3.550s] Level 1:colcon.colcon_core.package_identification:_identify(.) by extension 'colcon_pkg'
[3.550s] Level 1:colcon.colcon_core.package_identification:_identify(.) by extensions ['colcon_meta']
[3.550s] Level 1:colcon.colcon_core.package_identification:_identify(.) by extension 'colcon_meta'
[3.551s] Level 1:colcon.colcon_core.package_identification:_identify(.) by extensions ['ros']
[3.551s] Level 1:colcon.colcon_core.package_identification:_identify(.) by extension 'ros'
[3.772s] Level 1:colcon.colcon_core.package_identification:_identify(.) by extensions ['cmake', 'python']
[3.772s] Level 1:colcon.colcon_core.package_identification:_identify(.) by extension 'cmake'
[3.773s] Level 1:colcon.colcon_core.package_identification:_identify(.) by extension 'python'
[3.773s] Level 1:colcon.colcon_core.package_identification:_identify(.) by extensions ['python_setup_py']
[3.773s] Level 1:colcon.colcon_core.package_identification:_identify(.) by extension 'python_setup_py'
[3.774s] Level 1:colcon.colcon_core.package_identification:_identify(build) by extensions ['ignore', 'ignore_ament_install']
[3.774s] Level 1:colcon.colcon_core.package_identification:_identify(build) by extension 'ignore'
[3.774s] Level 1:colcon.colcon_core.package_identification:_identify(build) ignored
[3.776s] Level 1:colcon.colcon_core.package_identification:_identify(install) by extensions ['ignore', 'ignore_ament_install']
[3.777s] Level 1:colcon.colcon_core.package_identification:_identify(install) by extension 'ignore'
[3.777s] Level 1:colcon.colcon_core.package_identification:_identify(install) ignored
[3.778s] Level 1:colcon.colcon_core.package_identification:_identify(log) by extensions ['ignore', 'ignore_ament_install']
[3.778s] Level 1:colcon.colcon_core.package_identification:_identify(log) by extension 'ignore'
[3.778s] Level 1:colcon.colcon_core.package_identification:_identify(log) ignored
[3.779s] Level 1:colcon.colcon_core.package_identification:_identify(src) by extensions ['ignore', 'ignore_ament_install']
[3.779s] Level 1:colcon.colcon_core.package_identification:_identify(src) by extension 'ignore'
[3.779s] Level 1:colcon.colcon_core.package_identification:_identify(src) by extension 'ignore_ament_install'
[3.780s] Level 1:colcon.colcon_core.package_identification:_identify(src) by extensions ['colcon_pkg']
[3.780s] Level 1:colcon.colcon_core.package_identification:_identify(src) by extension 'colcon_pkg'
[3.780s] Level 1:colcon.colcon_core.package_identification:_identify(src) by extensions ['colcon_meta']
[3.780s] Level 1:colcon.colcon_core.package_identification:_identify(src) by extension 'colcon_meta'
[3.781s] Level 1:colcon.colcon_core.package_identification:_identify(src) by extensions ['ros']
[3.781s] Level 1:colcon.colcon_core.package_identification:_identify(src) by extension 'ros'
[3.781s] Level 1:colcon.colcon_core.package_identification:_identify(src) by extensions ['cmake', 'python']
[3.781s] Level 1:colcon.colcon_core.package_identification:_identify(src) by extension 'cmake'
[3.782s] Level 1:colcon.colcon_core.package_identification:_identify(src) by extension 'python'
[3.782s] Level 1:colcon.colcon_core.package_identification:_identify(src) by extensions ['python_setup_py']
[3.782s] Level 1:colcon.colcon_core.package_identification:_identify(src) by extension 'python_setup_py'
[3.783s] Level 1:colcon.colcon_core.package_identification:_identify(src/motion_control) by extensions ['ignore', 'ignore_ament_install']
[3.783s] Level 1:colcon.colcon_core.package_identification:_identify(src/motion_control) by extension 'ignore'
[3.783s] Level 1:colcon.colcon_core.package_identification:_identify(src/motion_control) by extension 'ignore_ament_install'
[3.784s] Level 1:colcon.colcon_core.package_identification:_identify(src/motion_control) by extensions ['colcon_pkg']
[3.784s] Level 1:colcon.colcon_core.package_identification:_identify(src/motion_control) by extension 'colcon_pkg'
[3.784s] Level 1:colcon.colcon_core.package_identification:_identify(src/motion_control) by extensions ['colcon_meta']
[3.784s] Level 1:colcon.colcon_core.package_identification:_identify(src/motion_control) by extension 'colcon_meta'
[3.785s] Level 1:colcon.colcon_core.package_identification:_identify(src/motion_control) by extensions ['ros']
[3.785s] Level 1:colcon.colcon_core.package_identification:_identify(src/motion_control) by extension 'ros'
[3.803s] DEBUG:colcon.colcon_core.package_identification:Package 'src/motion_control' with type 'ros.ament_cmake' and name 'motion_control'
[3.804s] Level 1:colcon.colcon_core.package_identification:_identify(src/oxbot_bringup) by extensions ['ignore', 'ignore_ament_install']
[3.805s] Level 1:colcon.colcon_core.package_identification:_identify(src/oxbot_bringup) by extension 'ignore'
[3.805s] Level 1:colcon.colcon_core.package_identification:_identify(src/oxbot_bringup) by extension 'ignore_ament_install'
[3.805s] Level 1:colcon.colcon_core.package_identification:_identify(src/oxbot_bringup) by extensions ['colcon_pkg']
[3.806s] Level 1:colcon.colcon_core.package_identification:_identify(src/oxbot_bringup) by extension 'colcon_pkg'
[3.806s] Level 1:colcon.colcon_core.package_identification:_identify(src/oxbot_bringup) by extensions ['colcon_meta']
[3.806s] Level 1:colcon.colcon_core.package_identification:_identify(src/oxbot_bringup) by extension 'colcon_meta'
[3.806s] Level 1:colcon.colcon_core.package_identification:_identify(src/oxbot_bringup) by extensions ['ros']
[3.807s] Level 1:colcon.colcon_core.package_identification:_identify(src/oxbot_bringup) by extension 'ros'
[3.809s] DEBUG:colcon.colcon_core.package_identification:Package 'src/oxbot_bringup' with type 'ros.ament_cmake' and name 'oxbot_bringup'
[3.810s] Level 1:colcon.colcon_core.package_identification:_identify(src/oxbot_config) by extensions ['ignore', 'ignore_ament_install']
[3.810s] Level 1:colcon.colcon_core.package_identification:_identify(src/oxbot_config) by extension 'ignore'
[3.810s] Level 1:colcon.colcon_core.package_identification:_identify(src/oxbot_config) by extension 'ignore_ament_install'
[3.811s] Level 1:colcon.colcon_core.package_identification:_identify(src/oxbot_config) by extensions ['colcon_pkg']
[3.811s] Level 1:colcon.colcon_core.package_identification:_identify(src/oxbot_config) by extension 'colcon_pkg'
[3.811s] Level 1:colcon.colcon_core.package_identification:_identify(src/oxbot_config) by extensions ['colcon_meta']
[3.811s] Level 1:colcon.colcon_core.package_identification:_identify(src/oxbot_config) by extension 'colcon_meta'
[3.812s] Level 1:colcon.colcon_core.package_identification:_identify(src/oxbot_config) by extensions ['ros']
[3.812s] Level 1:colcon.colcon_core.package_identification:_identify(src/oxbot_config) by extension 'ros'
[3.814s] DEBUG:colcon.colcon_core.package_identification:Package 'src/oxbot_config' with type 'ros.ament_cmake' and name 'oxbot_config'
[3.815s] Level 1:colcon.colcon_core.package_identification:_identify(src/oxbot_interfaces) by extensions ['ignore', 'ignore_ament_install']
[3.815s] Level 1:colcon.colcon_core.package_identification:_identify(src/oxbot_interfaces) by extension 'ignore'
[3.816s] Level 1:colcon.colcon_core.package_identification:_identify(src/oxbot_interfaces) by extension 'ignore_ament_install'
[3.816s] Level 1:colcon.colcon_core.package_identification:_identify(src/oxbot_interfaces) by extensions ['colcon_pkg']
[3.816s] Level 1:colcon.colcon_core.package_identification:_identify(src/oxbot_interfaces) by extension 'colcon_pkg'
[3.816s] Level 1:colcon.colcon_core.package_identification:_identify(src/oxbot_interfaces) by extensions ['colcon_meta']
[3.817s] Level 1:colcon.colcon_core.package_identification:_identify(src/oxbot_interfaces) by extension 'colcon_meta'
[3.817s] Level 1:colcon.colcon_core.package_identification:_identify(src/oxbot_interfaces) by extensions ['ros']
[3.817s] Level 1:colcon.colcon_core.package_identification:_identify(src/oxbot_interfaces) by extension 'ros'
[3.819s] DEBUG:colcon.colcon_core.package_identification:Package 'src/oxbot_interfaces' with type 'ros.ament_cmake' and name 'oxbot_interfaces'
[3.820s] Level 1:colcon.colcon_core.package_discovery:discover_packages(recursive) using defaults
[3.821s] Level 1:colcon.colcon_core.package_discovery:discover_packages(ignore) discover
[3.821s] Level 1:colcon.colcon_core.package_discovery:discover_packages(ignore) using defaults
[3.821s] Level 1:colcon.colcon_core.package_discovery:discover_packages(path) discover
[3.821s] Level 1:colcon.colcon_core.package_discovery:discover_packages(path) using defaults
[4.069s] INFO:colcon.colcon_core.package_selection:Skipping not selected package 'oxbot_bringup' in 'src/oxbot_bringup'
[4.069s] INFO:colcon.colcon_core.package_selection:Skipping not selected package 'oxbot_config' in 'src/oxbot_config'
[4.069s] INFO:colcon.colcon_core.package_selection:Skipping not selected package 'oxbot_interfaces' in 'src/oxbot_interfaces'
[4.089s] Level 5:colcon.colcon_core.verb:set package 'motion_control' build argument 'cmake_args' from command line to 'None'
[4.090s] Level 5:colcon.colcon_core.verb:set package 'motion_control' build argument 'cmake_target' from command line to 'None'
[4.090s] Level 5:colcon.colcon_core.verb:set package 'motion_control' build argument 'cmake_target_skip_unavailable' from command line to 'False'
[4.090s] Level 5:colcon.colcon_core.verb:set package 'motion_control' build argument 'cmake_clean_cache' from command line to 'False'
[4.090s] Level 5:colcon.colcon_core.verb:set package 'motion_control' build argument 'cmake_clean_first' from command line to 'False'
[4.091s] Level 5:colcon.colcon_core.verb:set package 'motion_control' build argument 'cmake_force_configure' from command line to 'False'
[4.091s] Level 5:colcon.colcon_core.verb:set package 'motion_control' build argument 'ament_cmake_args' from command line to 'None'
[4.091s] Level 5:colcon.colcon_core.verb:set package 'motion_control' build argument 'catkin_cmake_args' from command line to 'None'
[4.091s] Level 5:colcon.colcon_core.verb:set package 'motion_control' build argument 'catkin_skip_building_tests' from command line to 'False'
[4.091s] DEBUG:colcon.colcon_core.verb:Building package 'motion_control' with the following arguments: {'ament_cmake_args': None, 'build_base': '/root/oxbot/src/ros2_ws/build/motion_control', 'catkin_cmake_args': None, 'catkin_skip_building_tests': False, 'cmake_args': None, 'cmake_clean_cache': False, 'cmake_clean_first': False, 'cmake_force_configure': False, 'cmake_target': None, 'cmake_target_skip_unavailable': False, 'install_base': '/root/oxbot/src/ros2_ws/install/motion_control', 'merge_install': False, 'path': '/root/oxbot/src/ros2_ws/src/motion_control', 'symlink_install': False, 'test_result_base': None}
[4.107s] INFO:colcon.colcon_core.executor:Executing jobs using 'parallel' executor
[4.189s] DEBUG:colcon.colcon_parallel_executor.executor.parallel:run_until_complete
[4.190s] INFO:colcon.colcon_ros.task.ament_cmake.build:Building ROS package in '/root/oxbot/src/ros2_ws/src/motion_control' with build type 'ament_cmake'
[4.190s] INFO:colcon.colcon_cmake.task.cmake.build:Building CMake package in '/root/oxbot/src/ros2_ws/src/motion_control'
[4.272s] INFO:colcon.colcon_core.plugin_system:Skipping extension 'colcon_core.shell.bat': Not used on non-Windows systems
[4.273s] INFO:colcon.colcon_core.shell:Skip shell extension 'powershell' for command environment: Not usable outside of PowerShell
[4.274s] DEBUG:colcon.colcon_core.shell:Skip shell extension 'dsv' for command environment
[4.431s] DEBUG:colcon.colcon_core.event_handler.log_command:Invoking command in '/root/oxbot/src/ros2_ws/build/motion_control': CMAKE_PREFIX_PATH=/root/oxbot/src/ros2_ws/install/oxbot_interfaces:/root/oxbot/src/ros2_ws/install/oxbot_startup:/root/oxbot/src/ros2_ws/install/motion_control:/root/oxbot/src/ros2_ws/install/oxbot_config:/root/oxbot/src/ros2_ws/install/oxbot_bringup:/opt/ros/humble/install LD_LIBRARY_PATH=/root/oxbot/src/ros2_ws/install/oxbot_interfaces/lib:/opt/ros/humble/install/opt/rviz_ogre_vendor/lib:/opt/ros/humble/install/lib:/usr/local/cuda-10.2/targets/aarch64-linux/lib /usr/local/bin/cmake --build /root/oxbot/src/ros2_ws/build/motion_control -- -j4 -l4
[50.532s] DEBUG:colcon.colcon_core.event_handler.log_command:Invoked command in '/root/oxbot/src/ros2_ws/build/motion_control' returned '0': CMAKE_PREFIX_PATH=/root/oxbot/src/ros2_ws/install/oxbot_interfaces:/root/oxbot/src/ros2_ws/install/oxbot_startup:/root/oxbot/src/ros2_ws/install/motion_control:/root/oxbot/src/ros2_ws/install/oxbot_config:/root/oxbot/src/ros2_ws/install/oxbot_bringup:/opt/ros/humble/install LD_LIBRARY_PATH=/root/oxbot/src/ros2_ws/install/oxbot_interfaces/lib:/opt/ros/humble/install/opt/rviz_ogre_vendor/lib:/opt/ros/humble/install/lib:/usr/local/cuda-10.2/targets/aarch64-linux/lib /usr/local/bin/cmake --build /root/oxbot/src/ros2_ws/build/motion_control -- -j4 -l4
[51.083s] DEBUG:colcon.colcon_core.event_handler.log_command:Invoking command in '/root/oxbot/src/ros2_ws/build/motion_control': CMAKE_PREFIX_PATH=/root/oxbot/src/ros2_ws/install/oxbot_interfaces:/root/oxbot/src/ros2_ws/install/oxbot_startup:/root/oxbot/src/ros2_ws/install/motion_control:/root/oxbot/src/ros2_ws/install/oxbot_config:/root/oxbot/src/ros2_ws/install/oxbot_bringup:/opt/ros/humble/install LD_LIBRARY_PATH=/root/oxbot/src/ros2_ws/install/oxbot_interfaces/lib:/opt/ros/humble/install/opt/rviz_ogre_vendor/lib:/opt/ros/humble/install/lib:/usr/local/cuda-10.2/targets/aarch64-linux/lib /usr/local/bin/cmake --install /root/oxbot/src/ros2_ws/build/motion_control
[51.353s] Level 1:colcon.colcon_core.environment:create_environment_scripts_only(motion_control)
[51.368s] DEBUG:colcon.colcon_core.event_handler.log_command:Invoked command in '/root/oxbot/src/ros2_ws/build/motion_control' returned '0': CMAKE_PREFIX_PATH=/root/oxbot/src/ros2_ws/install/oxbot_interfaces:/root/oxbot/src/ros2_ws/install/oxbot_startup:/root/oxbot/src/ros2_ws/install/motion_control:/root/oxbot/src/ros2_ws/install/oxbot_config:/root/oxbot/src/ros2_ws/install/oxbot_bringup:/opt/ros/humble/install LD_LIBRARY_PATH=/root/oxbot/src/ros2_ws/install/oxbot_interfaces/lib:/opt/ros/humble/install/opt/rviz_ogre_vendor/lib:/opt/ros/humble/install/lib:/usr/local/cuda-10.2/targets/aarch64-linux/lib /usr/local/bin/cmake --install /root/oxbot/src/ros2_ws/build/motion_control
[51.465s] Level 1:colcon.colcon_core.environment:checking '/root/oxbot/src/ros2_ws/install/motion_control' for CMake module files
[51.469s] Level 1:colcon.colcon_core.environment:checking '/root/oxbot/src/ros2_ws/install/motion_control' for CMake config files
[51.472s] Level 1:colcon.colcon_core.shell:create_environment_hook('motion_control', 'cmake_prefix_path')
[51.515s] INFO:colcon.colcon_core.shell:Creating environment hook '/root/oxbot/src/ros2_ws/install/motion_control/share/motion_control/hook/cmake_prefix_path.ps1'
[51.522s] INFO:colcon.colcon_core.shell:Creating environment descriptor '/root/oxbot/src/ros2_ws/install/motion_control/share/motion_control/hook/cmake_prefix_path.dsv'
[51.533s] INFO:colcon.colcon_core.shell:Creating environment hook '/root/oxbot/src/ros2_ws/install/motion_control/share/motion_control/hook/cmake_prefix_path.sh'
[51.548s] Level 1:colcon.colcon_core.environment:checking '/root/oxbot/src/ros2_ws/install/motion_control/lib'
[51.549s] Level 1:colcon.colcon_core.environment:checking '/root/oxbot/src/ros2_ws/install/motion_control/bin'
[51.549s] Level 1:colcon.colcon_core.environment:checking '/root/oxbot/src/ros2_ws/install/motion_control/lib/pkgconfig/motion_control.pc'
[51.550s] Level 1:colcon.colcon_core.environment:checking '/root/oxbot/src/ros2_ws/install/motion_control/lib/python3.6/site-packages'
[51.551s] Level 1:colcon.colcon_core.environment:checking '/root/oxbot/src/ros2_ws/install/motion_control/bin'
[51.592s] INFO:colcon.colcon_core.shell:Creating package script '/root/oxbot/src/ros2_ws/install/motion_control/share/motion_control/package.ps1'
[51.597s] INFO:colcon.colcon_core.shell:Creating package descriptor '/root/oxbot/src/ros2_ws/install/motion_control/share/motion_control/package.dsv'
[51.625s] INFO:colcon.colcon_core.shell:Creating package script '/root/oxbot/src/ros2_ws/install/motion_control/share/motion_control/package.sh'
[51.638s] INFO:colcon.colcon_core.shell:Creating package script '/root/oxbot/src/ros2_ws/install/motion_control/share/motion_control/package.bash'
[51.652s] INFO:colcon.colcon_core.shell:Creating package script '/root/oxbot/src/ros2_ws/install/motion_control/share/motion_control/package.zsh'
[51.669s] Level 1:colcon.colcon_core.environment:create_file_with_runtime_dependencies(/root/oxbot/src/ros2_ws/install/motion_control/share/colcon-core/packages/motion_control)
[51.962s] Level 1:colcon.colcon_core.environment:create_environment_scripts_only(motion_control)
[52.023s] Level 1:colcon.colcon_core.environment:checking '/root/oxbot/src/ros2_ws/install/motion_control' for CMake module files
[52.027s] Level 1:colcon.colcon_core.environment:checking '/root/oxbot/src/ros2_ws/install/motion_control' for CMake config files
[52.029s] Level 1:colcon.colcon_core.shell:create_environment_hook('motion_control', 'cmake_prefix_path')
[52.067s] INFO:colcon.colcon_core.shell:Creating environment hook '/root/oxbot/src/ros2_ws/install/motion_control/share/motion_control/hook/cmake_prefix_path.ps1'
[52.069s] INFO:colcon.colcon_core.shell:Creating environment descriptor '/root/oxbot/src/ros2_ws/install/motion_control/share/motion_control/hook/cmake_prefix_path.dsv'
[52.071s] INFO:colcon.colcon_core.shell:Creating environment hook '/root/oxbot/src/ros2_ws/install/motion_control/share/motion_control/hook/cmake_prefix_path.sh'
[52.075s] Level 1:colcon.colcon_core.environment:checking '/root/oxbot/src/ros2_ws/install/motion_control/lib'
[52.075s] Level 1:colcon.colcon_core.environment:checking '/root/oxbot/src/ros2_ws/install/motion_control/bin'
[52.076s] Level 1:colcon.colcon_core.environment:checking '/root/oxbot/src/ros2_ws/install/motion_control/lib/pkgconfig/motion_control.pc'
[52.077s] Level 1:colcon.colcon_core.environment:checking '/root/oxbot/src/ros2_ws/install/motion_control/lib/python3.6/site-packages'
[52.077s] Level 1:colcon.colcon_core.environment:checking '/root/oxbot/src/ros2_ws/install/motion_control/bin'
[52.116s] INFO:colcon.colcon_core.shell:Creating package script '/root/oxbot/src/ros2_ws/install/motion_control/share/motion_control/package.ps1'
[52.119s] INFO:colcon.colcon_core.shell:Creating package descriptor '/root/oxbot/src/ros2_ws/install/motion_control/share/motion_control/package.dsv'
[52.122s] INFO:colcon.colcon_core.shell:Creating package script '/root/oxbot/src/ros2_ws/install/motion_control/share/motion_control/package.sh'
[52.124s] INFO:colcon.colcon_core.shell:Creating package script '/root/oxbot/src/ros2_ws/install/motion_control/share/motion_control/package.bash'
[52.127s] INFO:colcon.colcon_core.shell:Creating package script '/root/oxbot/src/ros2_ws/install/motion_control/share/motion_control/package.zsh'
[52.129s] Level 1:colcon.colcon_core.environment:create_file_with_runtime_dependencies(/root/oxbot/src/ros2_ws/install/motion_control/share/colcon-core/packages/motion_control)
[52.131s] DEBUG:colcon.colcon_parallel_executor.executor.parallel:closing loop
[52.134s] DEBUG:colcon.colcon_parallel_executor.executor.parallel:loop closed
[52.136s] DEBUG:colcon.colcon_parallel_executor.executor.parallel:run_until_complete finished with '0'
[52.136s] DEBUG:colcon.colcon_core.event_reactor:joining thread
[52.205s] INFO:colcon.colcon_core.plugin_system:Skipping extension 'colcon_notification.desktop_notification.notify_send': Could not find 'notify-send'
[52.206s] INFO:colcon.colcon_core.plugin_system:Skipping extension 'colcon_notification.desktop_notification.terminal_notifier': Not used on non-Darwin systems
[52.206s] INFO:colcon.colcon_core.plugin_system:Skipping extension 'colcon_notification.desktop_notification.win32': Not used on non-Windows systems
[52.206s] INFO:colcon.colcon_notification.desktop_notification:Sending desktop notification using 'notify2'
[52.266s] DEBUG:colcon.colcon_notification.desktop_notification.notify2:Failed to initialize notify2: org.freedesktop.DBus.Error.Spawn.ExecFailed: /usr/bin/dbus-launch terminated abnormally without any error message
[52.268s] DEBUG:colcon.colcon_core.event_reactor:joined thread
[52.310s] INFO:colcon.colcon_core.shell:Creating prefix script '/root/oxbot/src/ros2_ws/install/local_setup.ps1'
[52.322s] INFO:colcon.colcon_core.shell:Creating prefix util module '/root/oxbot/src/ros2_ws/install/_local_setup_util_ps1.py'
[52.340s] INFO:colcon.colcon_core.shell:Creating prefix chain script '/root/oxbot/src/ros2_ws/install/setup.ps1'
[52.359s] INFO:colcon.colcon_core.shell:Creating prefix script '/root/oxbot/src/ros2_ws/install/local_setup.sh'
[52.372s] INFO:colcon.colcon_core.shell:Creating prefix util module '/root/oxbot/src/ros2_ws/install/_local_setup_util_sh.py'
[52.375s] INFO:colcon.colcon_core.shell:Creating prefix chain script '/root/oxbot/src/ros2_ws/install/setup.sh'
[52.391s] INFO:colcon.colcon_core.shell:Creating prefix script '/root/oxbot/src/ros2_ws/install/local_setup.bash'
[52.403s] INFO:colcon.colcon_core.shell:Creating prefix chain script '/root/oxbot/src/ros2_ws/install/setup.bash'
[52.421s] INFO:colcon.colcon_core.shell:Creating prefix script '/root/oxbot/src/ros2_ws/install/local_setup.zsh'
[52.433s] INFO:colcon.colcon_core.shell:Creating prefix chain script '/root/oxbot/src/ros2_ws/install/setup.zsh'
