[0.155s] Invoking command in '/root/oxbot/src/ros2_ws/build/oxbot_interfaces': /usr/local/bin/cmake /root/oxbot/src/ros2_ws/src/oxbot_interfaces -DCMAKE_INSTALL_PREFIX=/root/oxbot/src/ros2_ws/install/oxbot_interfaces
[0.566s] -- The C compiler identification is GNU 7.5.0
[0.805s] -- The CXX compiler identification is GNU 7.5.0
[0.884s] -- Detecting C compiler ABI info
[1.107s] -- Detecting C compiler ABI info - done
[1.155s] -- Check for working C compiler: /usr/bin/cc - skipped
[1.160s] -- Detecting C compile features
[1.162s] -- Detecting C compile features - done
[1.205s] -- Detecting CXX compiler ABI info
[1.467s] -- Detecting CXX compiler ABI info - done
[1.519s] -- Check for working CXX compiler: /usr/bin/c++ - skipped
[1.520s] -- Detecting CXX compile features
[1.526s] -- Detecting CXX compile features - done
[1.557s] -- Found ament_cmake: 1.3.5 (/opt/ros/humble/install/share/ament_cmake/cmake)
[6.097s] -- Found Python3: /usr/bin/python3.6 (found version "3.6.9") found components: Interpreter 
[6.722s] -- Found rosidl_default_generators: 1.2.0 (/opt/ros/humble/install/share/rosidl_default_generators/cmake)
[6.743s] -- Using all available rosidl_typesupport_c: rosidl_typesupport_fastrtps_c;rosidl_typesupport_introspection_c
[6.801s] -- Found rosidl_adapter: 3.1.5 (/opt/ros/humble/install/share/rosidl_adapter/cmake)
[7.075s] -- Using all available rosidl_typesupport_cpp: rosidl_typesupport_fastrtps_cpp;rosidl_typesupport_introspection_cpp
[9.621s] -- Found ament_cmake_ros: 0.10.0 (/opt/ros/humble/install/share/ament_cmake_ros/cmake)
[11.668s] -- Using all available rosidl_typesupport_c: rosidl_typesupport_fastrtps_c;rosidl_typesupport_introspection_c
[14.304s] -- Using all available rosidl_typesupport_cpp: rosidl_typesupport_fastrtps_cpp;rosidl_typesupport_introspection_cpp
[14.314s] [33mCMake Warning (dev) at /opt/ros/humble/install/share/rosidl_generator_py/cmake/rosidl_generator_py_generate_interfaces.cmake:20 (find_package):
[14.314s]   Policy CMP0148 is not set: The FindPythonInterp and FindPythonLibs modules
[14.315s]   are removed.  Run "cmake --help-policy CMP0148" for policy details.  Use
[14.315s]   the cmake_policy command to set the policy and suppress this warning.
[14.316s] 
[14.317s] Call Stack (most recent call first):
[14.317s]   /opt/ros/humble/install/share/ament_cmake_core/cmake/core/ament_execute_extensions.cmake:48 (include)
[14.317s]   /opt/ros/humble/install/share/rosidl_cmake/cmake/rosidl_generate_interfaces.cmake:286 (ament_execute_extensions)
[14.318s]   CMakeLists.txt:15 (rosidl_generate_interfaces)
[14.318s] This warning is for project developers.  Use -Wno-dev to suppress it.
[14.319s] [0m
[14.433s] -- Found PythonInterp: /usr/bin/python3.6 (found suitable version "3.6.9", minimum required is "3.6") 
[14.445s] -- Found python_cmake_module: 0.10.0 (/opt/ros/humble/install/share/python_cmake_module/cmake)
[14.447s] [33mCMake Warning (dev) at /opt/ros/humble/install/share/python_cmake_module/cmake/Modules/FindPythonExtra.cmake:52 (find_package):
[14.448s]   Policy CMP0148 is not set: The FindPythonInterp and FindPythonLibs modules
[14.448s]   are removed.  Run "cmake --help-policy CMP0148" for policy details.  Use
[14.449s]   the cmake_policy command to set the policy and suppress this warning.
[14.449s] 
[14.450s] Call Stack (most recent call first):
[14.450s]   /opt/ros/humble/install/share/rosidl_generator_py/cmake/rosidl_generator_py_generate_interfaces.cmake:23 (find_package)
[14.451s]   /opt/ros/humble/install/share/ament_cmake_core/cmake/core/ament_execute_extensions.cmake:48 (include)
[14.451s]   /opt/ros/humble/install/share/rosidl_cmake/cmake/rosidl_generate_interfaces.cmake:286 (ament_execute_extensions)
[14.452s]   CMakeLists.txt:15 (rosidl_generate_interfaces)
[14.452s] This warning is for project developers.  Use -Wno-dev to suppress it.
[14.453s] [0m
[14.581s] [33mCMake Warning (dev) at /opt/ros/humble/install/share/python_cmake_module/cmake/Modules/FindPythonExtra.cmake:140 (find_package):
[14.581s]   Policy CMP0148 is not set: The FindPythonInterp and FindPythonLibs modules
[14.582s]   are removed.  Run "cmake --help-policy CMP0148" for policy details.  Use
[14.583s]   the cmake_policy command to set the policy and suppress this warning.
[14.583s] 
[14.584s] Call Stack (most recent call first):
[14.584s]   /opt/ros/humble/install/share/rosidl_generator_py/cmake/rosidl_generator_py_generate_interfaces.cmake:23 (find_package)
[14.585s]   /opt/ros/humble/install/share/ament_cmake_core/cmake/core/ament_execute_extensions.cmake:48 (include)
[14.585s]   /opt/ros/humble/install/share/rosidl_cmake/cmake/rosidl_generate_interfaces.cmake:286 (ament_execute_extensions)
[14.586s]   CMakeLists.txt:15 (rosidl_generate_interfaces)
[14.587s] This warning is for project developers.  Use -Wno-dev to suppress it.
[14.587s] [0m
[14.636s] -- Found PythonLibs: /usr/lib/aarch64-linux-gnu/libpython3.6m.so (found suitable version "3.6.9", minimum required is "3.5") 
[14.637s] -- Using PYTHON_EXECUTABLE: /usr/bin/python3.6
[14.637s] -- Using PYTHON_INCLUDE_DIRS: /usr/include/python3.6m
[14.638s] -- Using PYTHON_LIBRARIES: /usr/lib/aarch64-linux-gnu/libpython3.6m.so
[14.751s] -- Found PythonExtra: .so  
[15.516s] -- Using numpy include directory: /usr/local/lib/python3.6/dist-packages/numpy/core/include
[15.561s] -- Found ament_lint_auto: 0.12.7 (/opt/ros/humble/install/share/ament_lint_auto/cmake)
[15.684s] -- Added test 'lint_cmake' to check CMake code style
[15.690s] -- Added test 'xmllint' to check XML markup files
[15.705s] -- Configuring done (15.4s)
[15.882s] -- Generating done (0.1s)
[15.894s] -- Build files have been written to: /root/oxbot/src/ros2_ws/build/oxbot_interfaces
[15.943s] Invoked command in '/root/oxbot/src/ros2_ws/build/oxbot_interfaces' returned '0': /usr/local/bin/cmake /root/oxbot/src/ros2_ws/src/oxbot_interfaces -DCMAKE_INSTALL_PREFIX=/root/oxbot/src/ros2_ws/install/oxbot_interfaces
[15.954s] Invoking command in '/root/oxbot/src/ros2_ws/build/oxbot_interfaces': /usr/local/bin/cmake --build /root/oxbot/src/ros2_ws/build/oxbot_interfaces -- -j4 -l4
[16.166s] [  1%] [34m[1mGenerating C code for ROS interfaces[0m
[16.183s] [  3%] [34m[1mGenerating C++ code for ROS interfaces[0m
[16.215s] [  3%] Built target ament_cmake_python_copy_oxbot_interfaces
[18.445s] running egg_info
[18.447s] creating oxbot_interfaces.egg-info
[18.448s] writing oxbot_interfaces.egg-info/PKG-INFO
[18.449s] writing dependency_links to oxbot_interfaces.egg-info/dependency_links.txt
[18.450s] writing top-level names to oxbot_interfaces.egg-info/top_level.txt
[18.451s] writing manifest file 'oxbot_interfaces.egg-info/SOURCES.txt'
[18.461s] reading manifest file 'oxbot_interfaces.egg-info/SOURCES.txt'
[18.464s] writing manifest file 'oxbot_interfaces.egg-info/SOURCES.txt'
[18.571s] [  3%] Built target ament_cmake_python_build_oxbot_interfaces_egg
[19.820s] [  3%] Built target oxbot_interfaces__cpp
[19.836s] [  5%] [34m[1mGenerating C++ type support for eProsima Fast-RTPS[0m
[19.843s] [  9%] [34m[1mGenerating C++ type support dispatch for ROS interfaces[0m
[19.845s] [  9%] [34m[1mGenerating C++ introspection for ROS interfaces[0m
[20.592s] [ 10%] [32mBuilding C object CMakeFiles/oxbot_interfaces__rosidl_generator_c.dir/rosidl_generator_c/oxbot_interfaces/msg/detail/hoverboard_feedback__functions.c.o[0m
[20.910s] [ 12%] [32mBuilding C object CMakeFiles/oxbot_interfaces__rosidl_generator_c.dir/rosidl_generator_c/oxbot_interfaces/msg/detail/hoverboard_command__functions.c.o[0m
[21.195s] [ 14%] [32mBuilding C object CMakeFiles/oxbot_interfaces__rosidl_generator_c.dir/rosidl_generator_c/oxbot_interfaces/msg/detail/motion_control_output__functions.c.o[0m
[21.721s] [ 16%] [32mBuilding C object CMakeFiles/oxbot_interfaces__rosidl_generator_c.dir/rosidl_generator_c/oxbot_interfaces/srv/detail/compute_rectangle_area__functions.c.o[0m
[22.345s] [ 18%] [32m[1mLinking C shared library liboxbot_interfaces__rosidl_generator_c.so[0m
[22.460s] [ 20%] [32mBuilding CXX object CMakeFiles/oxbot_interfaces__rosidl_typesupport_cpp.dir/rosidl_typesupport_cpp/oxbot_interfaces/msg/hoverboard_feedback__type_support.cpp.o[0m
[22.630s] [ 20%] Built target oxbot_interfaces__rosidl_generator_c
[22.683s] [ 21%] [34m[1mGenerating C type support for eProsima Fast-RTPS[0m
[23.184s] [ 23%] [32mBuilding CXX object CMakeFiles/oxbot_interfaces__rosidl_typesupport_fastrtps_cpp.dir/rosidl_typesupport_fastrtps_cpp/oxbot_interfaces/msg/detail/dds_fastrtps/hoverboard_feedback__type_support.cpp.o[0m
[23.209s] [ 25%] [32mBuilding CXX object CMakeFiles/oxbot_interfaces__rosidl_typesupport_introspection_cpp.dir/rosidl_typesupport_introspection_cpp/oxbot_interfaces/msg/detail/hoverboard_feedback__type_support.cpp.o[0m
[25.275s] [ 27%] [32mBuilding CXX object CMakeFiles/oxbot_interfaces__rosidl_typesupport_cpp.dir/rosidl_typesupport_cpp/oxbot_interfaces/msg/hoverboard_command__type_support.cpp.o[0m
[25.648s] [ 29%] [32mBuilding CXX object CMakeFiles/oxbot_interfaces__rosidl_typesupport_fastrtps_c.dir/rosidl_typesupport_fastrtps_c/oxbot_interfaces/msg/detail/hoverboard_feedback__type_support_c.cpp.o[0m
[26.335s] [ 30%] [32mBuilding CXX object CMakeFiles/oxbot_interfaces__rosidl_typesupport_introspection_cpp.dir/rosidl_typesupport_introspection_cpp/oxbot_interfaces/msg/detail/hoverboard_command__type_support.cpp.o[0m
[26.345s] [ 32%] [32mBuilding CXX object CMakeFiles/oxbot_interfaces__rosidl_typesupport_fastrtps_cpp.dir/rosidl_typesupport_fastrtps_cpp/oxbot_interfaces/msg/detail/dds_fastrtps/hoverboard_command__type_support.cpp.o[0m
[27.544s] [ 34%] [32mBuilding CXX object CMakeFiles/oxbot_interfaces__rosidl_typesupport_introspection_cpp.dir/rosidl_typesupport_introspection_cpp/oxbot_interfaces/msg/detail/motion_control_output__type_support.cpp.o[0m
[27.598s] [ 36%] [32mBuilding CXX object CMakeFiles/oxbot_interfaces__rosidl_typesupport_cpp.dir/rosidl_typesupport_cpp/oxbot_interfaces/msg/motion_control_output__type_support.cpp.o[0m
[27.922s] [ 38%] [32mBuilding CXX object CMakeFiles/oxbot_interfaces__rosidl_typesupport_fastrtps_c.dir/rosidl_typesupport_fastrtps_c/oxbot_interfaces/msg/detail/hoverboard_command__type_support_c.cpp.o[0m
[28.385s] [ 40%] [32mBuilding CXX object CMakeFiles/oxbot_interfaces__rosidl_typesupport_fastrtps_cpp.dir/rosidl_typesupport_fastrtps_cpp/oxbot_interfaces/msg/detail/dds_fastrtps/motion_control_output__type_support.cpp.o[0m
[28.884s] [ 41%] [32mBuilding CXX object CMakeFiles/oxbot_interfaces__rosidl_typesupport_cpp.dir/rosidl_typesupport_cpp/oxbot_interfaces/srv/compute_rectangle_area__type_support.cpp.o[0m
[29.619s] [ 43%] [32mBuilding CXX object CMakeFiles/oxbot_interfaces__rosidl_typesupport_introspection_cpp.dir/rosidl_typesupport_introspection_cpp/oxbot_interfaces/srv/detail/compute_rectangle_area__type_support.cpp.o[0m
[29.659s] [ 45%] [32mBuilding CXX object CMakeFiles/oxbot_interfaces__rosidl_typesupport_fastrtps_c.dir/rosidl_typesupport_fastrtps_c/oxbot_interfaces/msg/detail/motion_control_output__type_support_c.cpp.o[0m
[30.861s] [ 49%] [32m[1mLinking CXX shared library liboxbot_interfaces__rosidl_typesupport_cpp.so[0m
[30.862s] [ 49%] [32mBuilding CXX object CMakeFiles/oxbot_interfaces__rosidl_typesupport_fastrtps_cpp.dir/rosidl_typesupport_fastrtps_cpp/oxbot_interfaces/srv/detail/dds_fastrtps/compute_rectangle_area__type_support.cpp.o[0m
[31.058s] [ 50%] [32m[1mLinking CXX shared library liboxbot_interfaces__rosidl_typesupport_introspection_cpp.so[0m
[31.159s] [ 50%] Built target oxbot_interfaces__rosidl_typesupport_cpp
[31.237s] [ 52%] [34m[1mGenerating C introspection for ROS interfaces[0m
[31.417s] [ 52%] Built target oxbot_interfaces__rosidl_typesupport_introspection_cpp
[31.484s] [ 54%] [34m[1mGenerating C type support dispatch for ROS interfaces[0m
[31.654s] [ 56%] [32mBuilding CXX object CMakeFiles/oxbot_interfaces__rosidl_typesupport_fastrtps_c.dir/rosidl_typesupport_fastrtps_c/oxbot_interfaces/srv/detail/compute_rectangle_area__type_support_c.cpp.o[0m
[33.177s] [ 58%] [32m[1mLinking CXX shared library liboxbot_interfaces__rosidl_typesupport_fastrtps_cpp.so[0m
[33.519s] [ 58%] Built target oxbot_interfaces__rosidl_typesupport_fastrtps_cpp
[33.926s] [ 60%] [32m[1mLinking CXX shared library liboxbot_interfaces__rosidl_typesupport_fastrtps_c.so[0m
[34.185s] [ 60%] Built target oxbot_interfaces__rosidl_typesupport_fastrtps_c
[34.245s] [ 61%] [32mBuilding CXX object CMakeFiles/oxbot_interfaces__rosidl_typesupport_c.dir/rosidl_typesupport_c/oxbot_interfaces/msg/hoverboard_feedback__type_support.cpp.o[0m
[34.247s] [ 63%] [32mBuilding CXX object CMakeFiles/oxbot_interfaces__rosidl_typesupport_c.dir/rosidl_typesupport_c/oxbot_interfaces/msg/hoverboard_command__type_support.cpp.o[0m
[34.256s] [ 65%] [32mBuilding CXX object CMakeFiles/oxbot_interfaces__rosidl_typesupport_c.dir/rosidl_typesupport_c/oxbot_interfaces/msg/motion_control_output__type_support.cpp.o[0m
[34.402s] [ 67%] [32mBuilding C object CMakeFiles/oxbot_interfaces__rosidl_typesupport_introspection_c.dir/rosidl_typesupport_introspection_c/oxbot_interfaces/msg/detail/hoverboard_feedback__type_support.c.o[0m
[35.266s] [ 69%] [32mBuilding C object CMakeFiles/oxbot_interfaces__rosidl_typesupport_introspection_c.dir/rosidl_typesupport_introspection_c/oxbot_interfaces/msg/detail/hoverboard_command__type_support.c.o[0m
[35.277s] [ 70%] [32mBuilding CXX object CMakeFiles/oxbot_interfaces__rosidl_typesupport_c.dir/rosidl_typesupport_c/oxbot_interfaces/srv/compute_rectangle_area__type_support.cpp.o[0m
[35.287s] [ 72%] [32mBuilding C object CMakeFiles/oxbot_interfaces__rosidl_typesupport_introspection_c.dir/rosidl_typesupport_introspection_c/oxbot_interfaces/msg/detail/motion_control_output__type_support.c.o[0m
[35.397s] [ 74%] [32mBuilding C object CMakeFiles/oxbot_interfaces__rosidl_typesupport_introspection_c.dir/rosidl_typesupport_introspection_c/oxbot_interfaces/srv/detail/compute_rectangle_area__type_support.c.o[0m
[35.422s] [ 76%] [32m[1mLinking CXX shared library liboxbot_interfaces__rosidl_typesupport_c.so[0m
[35.508s] [ 76%] Built target oxbot_interfaces__rosidl_typesupport_c
[35.511s] [ 78%] [32m[1mLinking C shared library liboxbot_interfaces__rosidl_typesupport_introspection_c.so[0m
[35.568s] [ 78%] Built target oxbot_interfaces__rosidl_typesupport_introspection_c
[35.597s] [ 78%] Built target oxbot_interfaces
[35.627s] [ 80%] [34m[1mGenerating Python code for ROS interfaces[0m
[40.347s] [ 80%] Built target oxbot_interfaces__py
[40.380s] [ 81%] [32mBuilding C object CMakeFiles/oxbot_interfaces__rosidl_generator_py.dir/rosidl_generator_py/oxbot_interfaces/msg/_hoverboard_command_s.c.o[0m
[40.381s] [ 85%] [32mBuilding C object CMakeFiles/oxbot_interfaces__rosidl_generator_py.dir/rosidl_generator_py/oxbot_interfaces/srv/_compute_rectangle_area_s.c.o[0m
[40.382s] [ 85%] [32mBuilding C object CMakeFiles/oxbot_interfaces__rosidl_generator_py.dir/rosidl_generator_py/oxbot_interfaces/msg/_hoverboard_feedback_s.c.o[0m
[40.396s] [ 87%] [32mBuilding C object CMakeFiles/oxbot_interfaces__rosidl_generator_py.dir/rosidl_generator_py/oxbot_interfaces/msg/_motion_control_output_s.c.o[0m
[40.831s] [ 89%] [32m[1mLinking C shared library rosidl_generator_py/oxbot_interfaces/liboxbot_interfaces__rosidl_generator_py.so[0m
[40.945s] [ 89%] Built target oxbot_interfaces__rosidl_generator_py
[40.987s] [ 90%] [32mBuilding C object CMakeFiles/oxbot_interfaces__rosidl_typesupport_c__pyext.dir/rosidl_generator_py/oxbot_interfaces/_oxbot_interfaces_s.ep.rosidl_typesupport_c.c.o[0m
[41.003s] [ 92%] [32mBuilding C object CMakeFiles/oxbot_interfaces__rosidl_typesupport_introspection_c__pyext.dir/rosidl_generator_py/oxbot_interfaces/_oxbot_interfaces_s.ep.rosidl_typesupport_introspection_c.c.o[0m
[41.009s] [ 94%] [32mBuilding C object CMakeFiles/oxbot_interfaces__rosidl_typesupport_fastrtps_c__pyext.dir/rosidl_generator_py/oxbot_interfaces/_oxbot_interfaces_s.ep.rosidl_typesupport_fastrtps_c.c.o[0m
[41.430s] [ 96%] [32m[1mLinking C shared library rosidl_generator_py/oxbot_interfaces/oxbot_interfaces_s__rosidl_typesupport_c.cpython-36m-aarch64-linux-gnu.so[0m
[41.455s] [ 98%] [32m[1mLinking C shared library rosidl_generator_py/oxbot_interfaces/oxbot_interfaces_s__rosidl_typesupport_introspection_c.cpython-36m-aarch64-linux-gnu.so[0m
[41.553s] [ 98%] Built target oxbot_interfaces__rosidl_typesupport_c__pyext
[41.565s] [100%] [32m[1mLinking C shared library rosidl_generator_py/oxbot_interfaces/oxbot_interfaces_s__rosidl_typesupport_fastrtps_c.cpython-36m-aarch64-linux-gnu.so[0m
[41.568s] [100%] Built target oxbot_interfaces__rosidl_typesupport_introspection_c__pyext
[41.646s] [100%] Built target oxbot_interfaces__rosidl_typesupport_fastrtps_c__pyext
[41.691s] Invoked command in '/root/oxbot/src/ros2_ws/build/oxbot_interfaces' returned '0': /usr/local/bin/cmake --build /root/oxbot/src/ros2_ws/build/oxbot_interfaces -- -j4 -l4
[42.395s] Invoking command in '/root/oxbot/src/ros2_ws/build/oxbot_interfaces': /usr/local/bin/cmake --install /root/oxbot/src/ros2_ws/build/oxbot_interfaces
[42.547s] -- Install configuration: ""
[42.547s] -- Installing: /root/oxbot/src/ros2_ws/install/oxbot_interfaces/share/ament_index/resource_index/rosidl_interfaces/oxbot_interfaces
[42.557s] -- Up-to-date: /root/oxbot/src/ros2_ws/install/oxbot_interfaces/include/oxbot_interfaces/oxbot_interfaces
[42.557s] -- Up-to-date: /root/oxbot/src/ros2_ws/install/oxbot_interfaces/include/oxbot_interfaces/oxbot_interfaces/srv
[42.558s] -- Installing: /root/oxbot/src/ros2_ws/install/oxbot_interfaces/include/oxbot_interfaces/oxbot_interfaces/srv/compute_rectangle_area.h
[42.558s] -- Up-to-date: /root/oxbot/src/ros2_ws/install/oxbot_interfaces/include/oxbot_interfaces/oxbot_interfaces/srv/detail
[42.559s] -- Installing: /root/oxbot/src/ros2_ws/install/oxbot_interfaces/include/oxbot_interfaces/oxbot_interfaces/srv/detail/compute_rectangle_area__type_support.h
[42.559s] -- Installing: /root/oxbot/src/ros2_ws/install/oxbot_interfaces/include/oxbot_interfaces/oxbot_interfaces/srv/detail/compute_rectangle_area__functions.h
[42.560s] -- Installing: /root/oxbot/src/ros2_ws/install/oxbot_interfaces/include/oxbot_interfaces/oxbot_interfaces/srv/detail/compute_rectangle_area__struct.h
[42.561s] -- Installing: /root/oxbot/src/ros2_ws/install/oxbot_interfaces/include/oxbot_interfaces/oxbot_interfaces/srv/detail/compute_rectangle_area__functions.c
[42.562s] -- Up-to-date: /root/oxbot/src/ros2_ws/install/oxbot_interfaces/include/oxbot_interfaces/oxbot_interfaces/msg
[42.562s] -- Installing: /root/oxbot/src/ros2_ws/install/oxbot_interfaces/include/oxbot_interfaces/oxbot_interfaces/msg/hoverboard_feedback.h
[42.563s] -- Installing: /root/oxbot/src/ros2_ws/install/oxbot_interfaces/include/oxbot_interfaces/oxbot_interfaces/msg/hoverboard_command.h
[42.564s] -- Installing: /root/oxbot/src/ros2_ws/install/oxbot_interfaces/include/oxbot_interfaces/oxbot_interfaces/msg/motion_control_output.h
[42.565s] -- Up-to-date: /root/oxbot/src/ros2_ws/install/oxbot_interfaces/include/oxbot_interfaces/oxbot_interfaces/msg/detail
[42.565s] -- Installing: /root/oxbot/src/ros2_ws/install/oxbot_interfaces/include/oxbot_interfaces/oxbot_interfaces/msg/detail/hoverboard_feedback__type_support.h
[42.566s] -- Installing: /root/oxbot/src/ros2_ws/install/oxbot_interfaces/include/oxbot_interfaces/oxbot_interfaces/msg/detail/hoverboard_feedback__functions.h
[42.567s] -- Installing: /root/oxbot/src/ros2_ws/install/oxbot_interfaces/include/oxbot_interfaces/oxbot_interfaces/msg/detail/motion_control_output__functions.c
[42.567s] -- Installing: /root/oxbot/src/ros2_ws/install/oxbot_interfaces/include/oxbot_interfaces/oxbot_interfaces/msg/detail/hoverboard_command__struct.h
[42.568s] -- Installing: /root/oxbot/src/ros2_ws/install/oxbot_interfaces/include/oxbot_interfaces/oxbot_interfaces/msg/detail/hoverboard_feedback__struct.h
[42.569s] -- Installing: /root/oxbot/src/ros2_ws/install/oxbot_interfaces/include/oxbot_interfaces/oxbot_interfaces/msg/detail/hoverboard_command__functions.h
[42.569s] -- Installing: /root/oxbot/src/ros2_ws/install/oxbot_interfaces/include/oxbot_interfaces/oxbot_interfaces/msg/detail/motion_control_output__functions.h
[42.570s] -- Installing: /root/oxbot/src/ros2_ws/install/oxbot_interfaces/include/oxbot_interfaces/oxbot_interfaces/msg/detail/motion_control_output__struct.h
[42.570s] -- Installing: /root/oxbot/src/ros2_ws/install/oxbot_interfaces/include/oxbot_interfaces/oxbot_interfaces/msg/detail/hoverboard_feedback__functions.c
[42.571s] -- Installing: /root/oxbot/src/ros2_ws/install/oxbot_interfaces/include/oxbot_interfaces/oxbot_interfaces/msg/detail/motion_control_output__type_support.h
[42.572s] -- Installing: /root/oxbot/src/ros2_ws/install/oxbot_interfaces/include/oxbot_interfaces/oxbot_interfaces/msg/detail/hoverboard_command__type_support.h
[42.573s] -- Installing: /root/oxbot/src/ros2_ws/install/oxbot_interfaces/include/oxbot_interfaces/oxbot_interfaces/msg/detail/hoverboard_command__functions.c
[42.574s] -- Installing: /root/oxbot/src/ros2_ws/install/oxbot_interfaces/include/oxbot_interfaces/oxbot_interfaces/msg/rosidl_generator_c__visibility_control.h
[42.574s] -- Up-to-date: /root/oxbot/src/ros2_ws/install/oxbot_interfaces/share/oxbot_interfaces/environment/library_path.sh
[42.575s] -- Installing: /root/oxbot/src/ros2_ws/install/oxbot_interfaces/share/oxbot_interfaces/environment/library_path.dsv
[42.575s] -- Installing: /root/oxbot/src/ros2_ws/install/oxbot_interfaces/lib/liboxbot_interfaces__rosidl_generator_c.so
[42.576s] -- Set runtime path of "/root/oxbot/src/ros2_ws/install/oxbot_interfaces/lib/liboxbot_interfaces__rosidl_generator_c.so" to ""
[42.577s] -- Up-to-date: /root/oxbot/src/ros2_ws/install/oxbot_interfaces/include/oxbot_interfaces/oxbot_interfaces
[42.577s] -- Up-to-date: /root/oxbot/src/ros2_ws/install/oxbot_interfaces/include/oxbot_interfaces/oxbot_interfaces/srv
[42.578s] -- Up-to-date: /root/oxbot/src/ros2_ws/install/oxbot_interfaces/include/oxbot_interfaces/oxbot_interfaces/srv/detail
[42.579s] -- Installing: /root/oxbot/src/ros2_ws/install/oxbot_interfaces/include/oxbot_interfaces/oxbot_interfaces/srv/detail/compute_rectangle_area__rosidl_typesupport_fastrtps_c.h
[42.579s] -- Up-to-date: /root/oxbot/src/ros2_ws/install/oxbot_interfaces/include/oxbot_interfaces/oxbot_interfaces/msg
[42.580s] -- Installing: /root/oxbot/src/ros2_ws/install/oxbot_interfaces/include/oxbot_interfaces/oxbot_interfaces/msg/rosidl_typesupport_fastrtps_c__visibility_control.h
[42.581s] -- Up-to-date: /root/oxbot/src/ros2_ws/install/oxbot_interfaces/include/oxbot_interfaces/oxbot_interfaces/msg/detail
[42.581s] -- Installing: /root/oxbot/src/ros2_ws/install/oxbot_interfaces/include/oxbot_interfaces/oxbot_interfaces/msg/detail/hoverboard_command__rosidl_typesupport_fastrtps_c.h
[42.582s] -- Installing: /root/oxbot/src/ros2_ws/install/oxbot_interfaces/include/oxbot_interfaces/oxbot_interfaces/msg/detail/hoverboard_feedback__rosidl_typesupport_fastrtps_c.h
[42.583s] -- Installing: /root/oxbot/src/ros2_ws/install/oxbot_interfaces/include/oxbot_interfaces/oxbot_interfaces/msg/detail/motion_control_output__rosidl_typesupport_fastrtps_c.h
[42.583s] -- Installing: /root/oxbot/src/ros2_ws/install/oxbot_interfaces/lib/liboxbot_interfaces__rosidl_typesupport_fastrtps_c.so
[42.585s] -- Set runtime path of "/root/oxbot/src/ros2_ws/install/oxbot_interfaces/lib/liboxbot_interfaces__rosidl_typesupport_fastrtps_c.so" to ""
[42.586s] -- Up-to-date: /root/oxbot/src/ros2_ws/install/oxbot_interfaces/include/oxbot_interfaces/oxbot_interfaces
[42.587s] -- Up-to-date: /root/oxbot/src/ros2_ws/install/oxbot_interfaces/include/oxbot_interfaces/oxbot_interfaces/srv
[42.594s] -- Up-to-date: /root/oxbot/src/ros2_ws/install/oxbot_interfaces/include/oxbot_interfaces/oxbot_interfaces/srv/detail
[42.595s] -- Installing: /root/oxbot/src/ros2_ws/install/oxbot_interfaces/include/oxbot_interfaces/oxbot_interfaces/srv/detail/compute_rectangle_area__rosidl_typesupport_introspection_c.h
[42.596s] -- Installing: /root/oxbot/src/ros2_ws/install/oxbot_interfaces/include/oxbot_interfaces/oxbot_interfaces/srv/detail/compute_rectangle_area__type_support.c
[42.597s] -- Up-to-date: /root/oxbot/src/ros2_ws/install/oxbot_interfaces/include/oxbot_interfaces/oxbot_interfaces/msg
[42.598s] -- Up-to-date: /root/oxbot/src/ros2_ws/install/oxbot_interfaces/include/oxbot_interfaces/oxbot_interfaces/msg/detail
[42.598s] -- Installing: /root/oxbot/src/ros2_ws/install/oxbot_interfaces/include/oxbot_interfaces/oxbot_interfaces/msg/detail/motion_control_output__type_support.c
[42.599s] -- Installing: /root/oxbot/src/ros2_ws/install/oxbot_interfaces/include/oxbot_interfaces/oxbot_interfaces/msg/detail/hoverboard_feedback__type_support.c
[42.600s] -- Installing: /root/oxbot/src/ros2_ws/install/oxbot_interfaces/include/oxbot_interfaces/oxbot_interfaces/msg/detail/hoverboard_command__rosidl_typesupport_introspection_c.h
[42.601s] -- Installing: /root/oxbot/src/ros2_ws/install/oxbot_interfaces/include/oxbot_interfaces/oxbot_interfaces/msg/detail/hoverboard_command__type_support.c
[42.601s] -- Installing: /root/oxbot/src/ros2_ws/install/oxbot_interfaces/include/oxbot_interfaces/oxbot_interfaces/msg/detail/hoverboard_feedback__rosidl_typesupport_introspection_c.h
[42.602s] -- Installing: /root/oxbot/src/ros2_ws/install/oxbot_interfaces/include/oxbot_interfaces/oxbot_interfaces/msg/detail/motion_control_output__rosidl_typesupport_introspection_c.h
[42.603s] -- Installing: /root/oxbot/src/ros2_ws/install/oxbot_interfaces/include/oxbot_interfaces/oxbot_interfaces/msg/rosidl_typesupport_introspection_c__visibility_control.h
[42.603s] -- Installing: /root/oxbot/src/ros2_ws/install/oxbot_interfaces/lib/liboxbot_interfaces__rosidl_typesupport_introspection_c.so
[42.604s] -- Set runtime path of "/root/oxbot/src/ros2_ws/install/oxbot_interfaces/lib/liboxbot_interfaces__rosidl_typesupport_introspection_c.so" to ""
[42.605s] -- Installing: /root/oxbot/src/ros2_ws/install/oxbot_interfaces/lib/liboxbot_interfaces__rosidl_typesupport_c.so
[42.605s] -- Set runtime path of "/root/oxbot/src/ros2_ws/install/oxbot_interfaces/lib/liboxbot_interfaces__rosidl_typesupport_c.so" to ""
[42.606s] -- Up-to-date: /root/oxbot/src/ros2_ws/install/oxbot_interfaces/include/oxbot_interfaces/oxbot_interfaces
[42.607s] -- Up-to-date: /root/oxbot/src/ros2_ws/install/oxbot_interfaces/include/oxbot_interfaces/oxbot_interfaces/srv
[42.607s] -- Installing: /root/oxbot/src/ros2_ws/install/oxbot_interfaces/include/oxbot_interfaces/oxbot_interfaces/srv/compute_rectangle_area.hpp
[42.608s] -- Up-to-date: /root/oxbot/src/ros2_ws/install/oxbot_interfaces/include/oxbot_interfaces/oxbot_interfaces/srv/detail
[42.609s] -- Installing: /root/oxbot/src/ros2_ws/install/oxbot_interfaces/include/oxbot_interfaces/oxbot_interfaces/srv/detail/compute_rectangle_area__struct.hpp
[42.609s] -- Installing: /root/oxbot/src/ros2_ws/install/oxbot_interfaces/include/oxbot_interfaces/oxbot_interfaces/srv/detail/compute_rectangle_area__traits.hpp
[42.610s] -- Installing: /root/oxbot/src/ros2_ws/install/oxbot_interfaces/include/oxbot_interfaces/oxbot_interfaces/srv/detail/compute_rectangle_area__builder.hpp
[42.610s] -- Up-to-date: /root/oxbot/src/ros2_ws/install/oxbot_interfaces/include/oxbot_interfaces/oxbot_interfaces/msg
[42.611s] -- Installing: /root/oxbot/src/ros2_ws/install/oxbot_interfaces/include/oxbot_interfaces/oxbot_interfaces/msg/motion_control_output.hpp
[42.612s] -- Installing: /root/oxbot/src/ros2_ws/install/oxbot_interfaces/include/oxbot_interfaces/oxbot_interfaces/msg/hoverboard_command.hpp
[42.612s] -- Installing: /root/oxbot/src/ros2_ws/install/oxbot_interfaces/include/oxbot_interfaces/oxbot_interfaces/msg/hoverboard_feedback.hpp
[42.613s] -- Up-to-date: /root/oxbot/src/ros2_ws/install/oxbot_interfaces/include/oxbot_interfaces/oxbot_interfaces/msg/detail
[42.614s] -- Installing: /root/oxbot/src/ros2_ws/install/oxbot_interfaces/include/oxbot_interfaces/oxbot_interfaces/msg/detail/hoverboard_command__traits.hpp
[42.614s] -- Installing: /root/oxbot/src/ros2_ws/install/oxbot_interfaces/include/oxbot_interfaces/oxbot_interfaces/msg/detail/hoverboard_feedback__builder.hpp
[42.615s] -- Installing: /root/oxbot/src/ros2_ws/install/oxbot_interfaces/include/oxbot_interfaces/oxbot_interfaces/msg/detail/motion_control_output__struct.hpp
[42.616s] -- Installing: /root/oxbot/src/ros2_ws/install/oxbot_interfaces/include/oxbot_interfaces/oxbot_interfaces/msg/detail/hoverboard_feedback__struct.hpp
[42.616s] -- Installing: /root/oxbot/src/ros2_ws/install/oxbot_interfaces/include/oxbot_interfaces/oxbot_interfaces/msg/detail/motion_control_output__traits.hpp
[42.617s] -- Installing: /root/oxbot/src/ros2_ws/install/oxbot_interfaces/include/oxbot_interfaces/oxbot_interfaces/msg/detail/hoverboard_command__struct.hpp
[42.618s] -- Installing: /root/oxbot/src/ros2_ws/install/oxbot_interfaces/include/oxbot_interfaces/oxbot_interfaces/msg/detail/motion_control_output__builder.hpp
[42.618s] -- Installing: /root/oxbot/src/ros2_ws/install/oxbot_interfaces/include/oxbot_interfaces/oxbot_interfaces/msg/detail/hoverboard_command__builder.hpp
[42.619s] -- Installing: /root/oxbot/src/ros2_ws/install/oxbot_interfaces/include/oxbot_interfaces/oxbot_interfaces/msg/detail/hoverboard_feedback__traits.hpp
[42.620s] -- Up-to-date: /root/oxbot/src/ros2_ws/install/oxbot_interfaces/include/oxbot_interfaces/oxbot_interfaces
[42.620s] -- Up-to-date: /root/oxbot/src/ros2_ws/install/oxbot_interfaces/include/oxbot_interfaces/oxbot_interfaces/srv
[42.621s] -- Up-to-date: /root/oxbot/src/ros2_ws/install/oxbot_interfaces/include/oxbot_interfaces/oxbot_interfaces/srv/detail
[42.622s] -- Installing: /root/oxbot/src/ros2_ws/install/oxbot_interfaces/include/oxbot_interfaces/oxbot_interfaces/srv/detail/compute_rectangle_area__rosidl_typesupport_fastrtps_cpp.hpp
[42.622s] -- Up-to-date: /root/oxbot/src/ros2_ws/install/oxbot_interfaces/include/oxbot_interfaces/oxbot_interfaces/srv/detail/dds_fastrtps
[42.623s] -- Up-to-date: /root/oxbot/src/ros2_ws/install/oxbot_interfaces/include/oxbot_interfaces/oxbot_interfaces/msg
[42.624s] -- Installing: /root/oxbot/src/ros2_ws/install/oxbot_interfaces/include/oxbot_interfaces/oxbot_interfaces/msg/rosidl_typesupport_fastrtps_cpp__visibility_control.h
[42.625s] -- Up-to-date: /root/oxbot/src/ros2_ws/install/oxbot_interfaces/include/oxbot_interfaces/oxbot_interfaces/msg/detail
[42.625s] -- Installing: /root/oxbot/src/ros2_ws/install/oxbot_interfaces/include/oxbot_interfaces/oxbot_interfaces/msg/detail/hoverboard_feedback__rosidl_typesupport_fastrtps_cpp.hpp
[42.626s] -- Installing: /root/oxbot/src/ros2_ws/install/oxbot_interfaces/include/oxbot_interfaces/oxbot_interfaces/msg/detail/motion_control_output__rosidl_typesupport_fastrtps_cpp.hpp
[42.626s] -- Installing: /root/oxbot/src/ros2_ws/install/oxbot_interfaces/include/oxbot_interfaces/oxbot_interfaces/msg/detail/hoverboard_command__rosidl_typesupport_fastrtps_cpp.hpp
[42.627s] -- Up-to-date: /root/oxbot/src/ros2_ws/install/oxbot_interfaces/include/oxbot_interfaces/oxbot_interfaces/msg/detail/dds_fastrtps
[42.628s] -- Installing: /root/oxbot/src/ros2_ws/install/oxbot_interfaces/lib/liboxbot_interfaces__rosidl_typesupport_fastrtps_cpp.so
[42.628s] -- Set runtime path of "/root/oxbot/src/ros2_ws/install/oxbot_interfaces/lib/liboxbot_interfaces__rosidl_typesupport_fastrtps_cpp.so" to ""
[42.629s] -- Up-to-date: /root/oxbot/src/ros2_ws/install/oxbot_interfaces/include/oxbot_interfaces/oxbot_interfaces
[42.630s] -- Up-to-date: /root/oxbot/src/ros2_ws/install/oxbot_interfaces/include/oxbot_interfaces/oxbot_interfaces/srv
[42.630s] -- Up-to-date: /root/oxbot/src/ros2_ws/install/oxbot_interfaces/include/oxbot_interfaces/oxbot_interfaces/srv/detail
[42.631s] -- Installing: /root/oxbot/src/ros2_ws/install/oxbot_interfaces/include/oxbot_interfaces/oxbot_interfaces/srv/detail/compute_rectangle_area__rosidl_typesupport_introspection_cpp.hpp
[42.632s] -- Installing: /root/oxbot/src/ros2_ws/install/oxbot_interfaces/include/oxbot_interfaces/oxbot_interfaces/srv/detail/compute_rectangle_area__type_support.cpp
[42.632s] -- Up-to-date: /root/oxbot/src/ros2_ws/install/oxbot_interfaces/include/oxbot_interfaces/oxbot_interfaces/msg
[42.633s] -- Up-to-date: /root/oxbot/src/ros2_ws/install/oxbot_interfaces/include/oxbot_interfaces/oxbot_interfaces/msg/detail
[42.633s] -- Installing: /root/oxbot/src/ros2_ws/install/oxbot_interfaces/include/oxbot_interfaces/oxbot_interfaces/msg/detail/hoverboard_feedback__type_support.cpp
[42.634s] -- Installing: /root/oxbot/src/ros2_ws/install/oxbot_interfaces/include/oxbot_interfaces/oxbot_interfaces/msg/detail/hoverboard_command__type_support.cpp
[42.634s] -- Installing: /root/oxbot/src/ros2_ws/install/oxbot_interfaces/include/oxbot_interfaces/oxbot_interfaces/msg/detail/motion_control_output__rosidl_typesupport_introspection_cpp.hpp
[42.635s] -- Installing: /root/oxbot/src/ros2_ws/install/oxbot_interfaces/include/oxbot_interfaces/oxbot_interfaces/msg/detail/hoverboard_command__rosidl_typesupport_introspection_cpp.hpp
[42.635s] -- Installing: /root/oxbot/src/ros2_ws/install/oxbot_interfaces/include/oxbot_interfaces/oxbot_interfaces/msg/detail/hoverboard_feedback__rosidl_typesupport_introspection_cpp.hpp
[42.636s] -- Installing: /root/oxbot/src/ros2_ws/install/oxbot_interfaces/include/oxbot_interfaces/oxbot_interfaces/msg/detail/motion_control_output__type_support.cpp
[42.636s] -- Installing: /root/oxbot/src/ros2_ws/install/oxbot_interfaces/lib/liboxbot_interfaces__rosidl_typesupport_introspection_cpp.so
[42.637s] -- Set runtime path of "/root/oxbot/src/ros2_ws/install/oxbot_interfaces/lib/liboxbot_interfaces__rosidl_typesupport_introspection_cpp.so" to ""
[42.637s] -- Installing: /root/oxbot/src/ros2_ws/install/oxbot_interfaces/lib/liboxbot_interfaces__rosidl_typesupport_cpp.so
[42.637s] -- Set runtime path of "/root/oxbot/src/ros2_ws/install/oxbot_interfaces/lib/liboxbot_interfaces__rosidl_typesupport_cpp.so" to ""
[42.638s] -- Installing: /root/oxbot/src/ros2_ws/install/oxbot_interfaces/share/oxbot_interfaces/environment/pythonpath.sh
[42.638s] -- Installing: /root/oxbot/src/ros2_ws/install/oxbot_interfaces/share/oxbot_interfaces/environment/pythonpath.dsv
[42.639s] -- Up-to-date: /root/oxbot/src/ros2_ws/install/oxbot_interfaces/lib/python3.6/site-packages/oxbot_interfaces-0.0.0-py3.6.egg-info
[42.639s] -- Installing: /root/oxbot/src/ros2_ws/install/oxbot_interfaces/lib/python3.6/site-packages/oxbot_interfaces-0.0.0-py3.6.egg-info/SOURCES.txt
[42.640s] -- Installing: /root/oxbot/src/ros2_ws/install/oxbot_interfaces/lib/python3.6/site-packages/oxbot_interfaces-0.0.0-py3.6.egg-info/dependency_links.txt
[42.641s] -- Installing: /root/oxbot/src/ros2_ws/install/oxbot_interfaces/lib/python3.6/site-packages/oxbot_interfaces-0.0.0-py3.6.egg-info/top_level.txt
[42.641s] -- Installing: /root/oxbot/src/ros2_ws/install/oxbot_interfaces/lib/python3.6/site-packages/oxbot_interfaces-0.0.0-py3.6.egg-info/PKG-INFO
[42.642s] -- Up-to-date: /root/oxbot/src/ros2_ws/install/oxbot_interfaces/lib/python3.6/site-packages/oxbot_interfaces
[42.642s] -- Up-to-date: /root/oxbot/src/ros2_ws/install/oxbot_interfaces/lib/python3.6/site-packages/oxbot_interfaces/srv
[42.643s] -- Installing: /root/oxbot/src/ros2_ws/install/oxbot_interfaces/lib/python3.6/site-packages/oxbot_interfaces/srv/__init__.py
[42.644s] -- Installing: /root/oxbot/src/ros2_ws/install/oxbot_interfaces/lib/python3.6/site-packages/oxbot_interfaces/srv/_compute_rectangle_area_s.c
[42.644s] -- Installing: /root/oxbot/src/ros2_ws/install/oxbot_interfaces/lib/python3.6/site-packages/oxbot_interfaces/srv/_compute_rectangle_area.py
[42.645s] -- Installing: /root/oxbot/src/ros2_ws/install/oxbot_interfaces/lib/python3.6/site-packages/oxbot_interfaces/__init__.py
[42.645s] -- Installing: /root/oxbot/src/ros2_ws/install/oxbot_interfaces/lib/python3.6/site-packages/oxbot_interfaces/oxbot_interfaces_s__rosidl_typesupport_c.cpython-36m-aarch64-linux-gnu.so
[42.646s] -- Installing: /root/oxbot/src/ros2_ws/install/oxbot_interfaces/lib/python3.6/site-packages/oxbot_interfaces/oxbot_interfaces_s__rosidl_typesupport_introspection_c.cpython-36m-aarch64-linux-gnu.so
[42.646s] -- Up-to-date: /root/oxbot/src/ros2_ws/install/oxbot_interfaces/lib/python3.6/site-packages/oxbot_interfaces/msg
[42.647s] -- Installing: /root/oxbot/src/ros2_ws/install/oxbot_interfaces/lib/python3.6/site-packages/oxbot_interfaces/msg/_hoverboard_feedback.py
[42.647s] -- Installing: /root/oxbot/src/ros2_ws/install/oxbot_interfaces/lib/python3.6/site-packages/oxbot_interfaces/msg/_hoverboard_feedback_s.c
[42.648s] -- Installing: /root/oxbot/src/ros2_ws/install/oxbot_interfaces/lib/python3.6/site-packages/oxbot_interfaces/msg/__init__.py
[42.649s] -- Installing: /root/oxbot/src/ros2_ws/install/oxbot_interfaces/lib/python3.6/site-packages/oxbot_interfaces/msg/_hoverboard_command_s.c
[42.649s] -- Installing: /root/oxbot/src/ros2_ws/install/oxbot_interfaces/lib/python3.6/site-packages/oxbot_interfaces/msg/_motion_control_output.py
[42.650s] -- Installing: /root/oxbot/src/ros2_ws/install/oxbot_interfaces/lib/python3.6/site-packages/oxbot_interfaces/msg/_motion_control_output_s.c
[42.650s] -- Installing: /root/oxbot/src/ros2_ws/install/oxbot_interfaces/lib/python3.6/site-packages/oxbot_interfaces/msg/_hoverboard_command.py
[42.651s] -- Installing: /root/oxbot/src/ros2_ws/install/oxbot_interfaces/lib/python3.6/site-packages/oxbot_interfaces/oxbot_interfaces_s__rosidl_typesupport_fastrtps_c.cpython-36m-aarch64-linux-gnu.so
[42.651s] -- Installing: /root/oxbot/src/ros2_ws/install/oxbot_interfaces/lib/python3.6/site-packages/oxbot_interfaces/liboxbot_interfaces__rosidl_generator_py.so
[42.652s] -- Installing: /root/oxbot/src/ros2_ws/install/oxbot_interfaces/lib/python3.6/site-packages/oxbot_interfaces/_oxbot_interfaces_s.ep.rosidl_typesupport_introspection_c.c
[42.653s] -- Installing: /root/oxbot/src/ros2_ws/install/oxbot_interfaces/lib/python3.6/site-packages/oxbot_interfaces/_oxbot_interfaces_s.ep.rosidl_typesupport_c.c
[42.653s] -- Installing: /root/oxbot/src/ros2_ws/install/oxbot_interfaces/lib/python3.6/site-packages/oxbot_interfaces/_oxbot_interfaces_s.ep.rosidl_typesupport_fastrtps_c.c
[42.830s] Listing '/root/oxbot/src/ros2_ws/install/oxbot_interfaces/lib/python3.6/site-packages/oxbot_interfaces'...
[42.831s] Compiling '/root/oxbot/src/ros2_ws/install/oxbot_interfaces/lib/python3.6/site-packages/oxbot_interfaces/__init__.py'...
[42.832s] Listing '/root/oxbot/src/ros2_ws/install/oxbot_interfaces/lib/python3.6/site-packages/oxbot_interfaces/msg'...
[42.833s] Compiling '/root/oxbot/src/ros2_ws/install/oxbot_interfaces/lib/python3.6/site-packages/oxbot_interfaces/msg/__init__.py'...
[42.833s] Compiling '/root/oxbot/src/ros2_ws/install/oxbot_interfaces/lib/python3.6/site-packages/oxbot_interfaces/msg/_hoverboard_command.py'...
[42.834s] Compiling '/root/oxbot/src/ros2_ws/install/oxbot_interfaces/lib/python3.6/site-packages/oxbot_interfaces/msg/_hoverboard_feedback.py'...
[42.835s] Compiling '/root/oxbot/src/ros2_ws/install/oxbot_interfaces/lib/python3.6/site-packages/oxbot_interfaces/msg/_motion_control_output.py'...
[42.835s] Listing '/root/oxbot/src/ros2_ws/install/oxbot_interfaces/lib/python3.6/site-packages/oxbot_interfaces/srv'...
[42.836s] Compiling '/root/oxbot/src/ros2_ws/install/oxbot_interfaces/lib/python3.6/site-packages/oxbot_interfaces/srv/__init__.py'...
[42.837s] Compiling '/root/oxbot/src/ros2_ws/install/oxbot_interfaces/lib/python3.6/site-packages/oxbot_interfaces/srv/_compute_rectangle_area.py'...
[42.854s] -- Installing: /root/oxbot/src/ros2_ws/install/oxbot_interfaces/lib/python3.6/site-packages/oxbot_interfaces/oxbot_interfaces_s__rosidl_typesupport_fastrtps_c.cpython-36m-aarch64-linux-gnu.so
[42.856s] -- Set runtime path of "/root/oxbot/src/ros2_ws/install/oxbot_interfaces/lib/python3.6/site-packages/oxbot_interfaces/oxbot_interfaces_s__rosidl_typesupport_fastrtps_c.cpython-36m-aarch64-linux-gnu.so" to ""
[42.857s] -- Installing: /root/oxbot/src/ros2_ws/install/oxbot_interfaces/lib/python3.6/site-packages/oxbot_interfaces/oxbot_interfaces_s__rosidl_typesupport_introspection_c.cpython-36m-aarch64-linux-gnu.so
[42.858s] -- Set runtime path of "/root/oxbot/src/ros2_ws/install/oxbot_interfaces/lib/python3.6/site-packages/oxbot_interfaces/oxbot_interfaces_s__rosidl_typesupport_introspection_c.cpython-36m-aarch64-linux-gnu.so" to ""
[42.859s] -- Installing: /root/oxbot/src/ros2_ws/install/oxbot_interfaces/lib/python3.6/site-packages/oxbot_interfaces/oxbot_interfaces_s__rosidl_typesupport_c.cpython-36m-aarch64-linux-gnu.so
[42.861s] -- Set runtime path of "/root/oxbot/src/ros2_ws/install/oxbot_interfaces/lib/python3.6/site-packages/oxbot_interfaces/oxbot_interfaces_s__rosidl_typesupport_c.cpython-36m-aarch64-linux-gnu.so" to ""
[42.862s] -- Installing: /root/oxbot/src/ros2_ws/install/oxbot_interfaces/lib/liboxbot_interfaces__rosidl_generator_py.so
[42.863s] -- Set runtime path of "/root/oxbot/src/ros2_ws/install/oxbot_interfaces/lib/liboxbot_interfaces__rosidl_generator_py.so" to ""
[42.864s] -- Installing: /root/oxbot/src/ros2_ws/install/oxbot_interfaces/share/oxbot_interfaces/msg/HoverboardFeedback.idl
[42.865s] -- Installing: /root/oxbot/src/ros2_ws/install/oxbot_interfaces/share/oxbot_interfaces/msg/HoverboardCommand.idl
[42.866s] -- Installing: /root/oxbot/src/ros2_ws/install/oxbot_interfaces/share/oxbot_interfaces/msg/MotionControlOutput.idl
[42.867s] -- Installing: /root/oxbot/src/ros2_ws/install/oxbot_interfaces/share/oxbot_interfaces/srv/ComputeRectangleArea.idl
[42.867s] -- Up-to-date: /root/oxbot/src/ros2_ws/install/oxbot_interfaces/share/oxbot_interfaces/msg/HoverboardFeedback.msg
[42.868s] -- Up-to-date: /root/oxbot/src/ros2_ws/install/oxbot_interfaces/share/oxbot_interfaces/msg/HoverboardCommand.msg
[42.869s] -- Up-to-date: /root/oxbot/src/ros2_ws/install/oxbot_interfaces/share/oxbot_interfaces/msg/MotionControlOutput.msg
[42.870s] -- Up-to-date: /root/oxbot/src/ros2_ws/install/oxbot_interfaces/share/oxbot_interfaces/srv/ComputeRectangleArea.srv
[42.871s] -- Installing: /root/oxbot/src/ros2_ws/install/oxbot_interfaces/share/oxbot_interfaces/srv/ComputeRectangleArea_Request.msg
[42.871s] -- Installing: /root/oxbot/src/ros2_ws/install/oxbot_interfaces/share/oxbot_interfaces/srv/ComputeRectangleArea_Response.msg
[42.872s] -- Installing: /root/oxbot/src/ros2_ws/install/oxbot_interfaces/share/ament_index/resource_index/package_run_dependencies/oxbot_interfaces
[42.873s] -- Installing: /root/oxbot/src/ros2_ws/install/oxbot_interfaces/share/ament_index/resource_index/parent_prefix_path/oxbot_interfaces
[42.874s] -- Up-to-date: /root/oxbot/src/ros2_ws/install/oxbot_interfaces/share/oxbot_interfaces/environment/ament_prefix_path.sh
[42.875s] -- Installing: /root/oxbot/src/ros2_ws/install/oxbot_interfaces/share/oxbot_interfaces/environment/ament_prefix_path.dsv
[42.875s] -- Up-to-date: /root/oxbot/src/ros2_ws/install/oxbot_interfaces/share/oxbot_interfaces/environment/path.sh
[42.876s] -- Installing: /root/oxbot/src/ros2_ws/install/oxbot_interfaces/share/oxbot_interfaces/environment/path.dsv
[42.877s] -- Installing: /root/oxbot/src/ros2_ws/install/oxbot_interfaces/share/oxbot_interfaces/local_setup.bash
[42.877s] -- Installing: /root/oxbot/src/ros2_ws/install/oxbot_interfaces/share/oxbot_interfaces/local_setup.sh
[42.878s] -- Installing: /root/oxbot/src/ros2_ws/install/oxbot_interfaces/share/oxbot_interfaces/local_setup.zsh
[42.879s] -- Installing: /root/oxbot/src/ros2_ws/install/oxbot_interfaces/share/oxbot_interfaces/local_setup.dsv
[42.879s] -- Installing: /root/oxbot/src/ros2_ws/install/oxbot_interfaces/share/oxbot_interfaces/package.dsv
[42.880s] -- Installing: /root/oxbot/src/ros2_ws/install/oxbot_interfaces/share/ament_index/resource_index/packages/oxbot_interfaces
[42.881s] -- Installing: /root/oxbot/src/ros2_ws/install/oxbot_interfaces/share/oxbot_interfaces/cmake/export_oxbot_interfaces__rosidl_generator_cExport.cmake
[42.882s] -- Installing: /root/oxbot/src/ros2_ws/install/oxbot_interfaces/share/oxbot_interfaces/cmake/export_oxbot_interfaces__rosidl_generator_cExport-noconfig.cmake
[42.882s] -- Installing: /root/oxbot/src/ros2_ws/install/oxbot_interfaces/share/oxbot_interfaces/cmake/export_oxbot_interfaces__rosidl_typesupport_fastrtps_cExport.cmake
[42.883s] -- Installing: /root/oxbot/src/ros2_ws/install/oxbot_interfaces/share/oxbot_interfaces/cmake/export_oxbot_interfaces__rosidl_typesupport_fastrtps_cExport-noconfig.cmake
[42.884s] -- Installing: /root/oxbot/src/ros2_ws/install/oxbot_interfaces/share/oxbot_interfaces/cmake/oxbot_interfaces__rosidl_typesupport_introspection_cExport.cmake
[42.884s] -- Installing: /root/oxbot/src/ros2_ws/install/oxbot_interfaces/share/oxbot_interfaces/cmake/oxbot_interfaces__rosidl_typesupport_introspection_cExport-noconfig.cmake
[42.885s] -- Installing: /root/oxbot/src/ros2_ws/install/oxbot_interfaces/share/oxbot_interfaces/cmake/oxbot_interfaces__rosidl_typesupport_cExport.cmake
[42.886s] -- Installing: /root/oxbot/src/ros2_ws/install/oxbot_interfaces/share/oxbot_interfaces/cmake/oxbot_interfaces__rosidl_typesupport_cExport-noconfig.cmake
[42.887s] -- Installing: /root/oxbot/src/ros2_ws/install/oxbot_interfaces/share/oxbot_interfaces/cmake/export_oxbot_interfaces__rosidl_generator_cppExport.cmake
[42.888s] -- Installing: /root/oxbot/src/ros2_ws/install/oxbot_interfaces/share/oxbot_interfaces/cmake/export_oxbot_interfaces__rosidl_typesupport_fastrtps_cppExport.cmake
[42.889s] -- Installing: /root/oxbot/src/ros2_ws/install/oxbot_interfaces/share/oxbot_interfaces/cmake/export_oxbot_interfaces__rosidl_typesupport_fastrtps_cppExport-noconfig.cmake
[42.889s] -- Installing: /root/oxbot/src/ros2_ws/install/oxbot_interfaces/share/oxbot_interfaces/cmake/oxbot_interfaces__rosidl_typesupport_introspection_cppExport.cmake
[42.890s] -- Installing: /root/oxbot/src/ros2_ws/install/oxbot_interfaces/share/oxbot_interfaces/cmake/oxbot_interfaces__rosidl_typesupport_introspection_cppExport-noconfig.cmake
[42.891s] -- Installing: /root/oxbot/src/ros2_ws/install/oxbot_interfaces/share/oxbot_interfaces/cmake/oxbot_interfaces__rosidl_typesupport_cppExport.cmake
[42.891s] -- Installing: /root/oxbot/src/ros2_ws/install/oxbot_interfaces/share/oxbot_interfaces/cmake/oxbot_interfaces__rosidl_typesupport_cppExport-noconfig.cmake
[42.892s] -- Installing: /root/oxbot/src/ros2_ws/install/oxbot_interfaces/share/oxbot_interfaces/cmake/export_oxbot_interfaces__rosidl_generator_pyExport.cmake
[42.895s] -- Installing: /root/oxbot/src/ros2_ws/install/oxbot_interfaces/share/oxbot_interfaces/cmake/export_oxbot_interfaces__rosidl_generator_pyExport-noconfig.cmake
[42.896s] -- Installing: /root/oxbot/src/ros2_ws/install/oxbot_interfaces/share/oxbot_interfaces/cmake/rosidl_cmake-extras.cmake
[42.896s] -- Installing: /root/oxbot/src/ros2_ws/install/oxbot_interfaces/share/oxbot_interfaces/cmake/ament_cmake_export_include_directories-extras.cmake
[42.897s] -- Installing: /root/oxbot/src/ros2_ws/install/oxbot_interfaces/share/oxbot_interfaces/cmake/ament_cmake_export_libraries-extras.cmake
[42.898s] -- Installing: /root/oxbot/src/ros2_ws/install/oxbot_interfaces/share/oxbot_interfaces/cmake/ament_cmake_export_targets-extras.cmake
[42.899s] -- Installing: /root/oxbot/src/ros2_ws/install/oxbot_interfaces/share/oxbot_interfaces/cmake/rosidl_cmake_export_typesupport_targets-extras.cmake
[42.899s] -- Installing: /root/oxbot/src/ros2_ws/install/oxbot_interfaces/share/oxbot_interfaces/cmake/ament_cmake_export_dependencies-extras.cmake
[42.900s] -- Installing: /root/oxbot/src/ros2_ws/install/oxbot_interfaces/share/oxbot_interfaces/cmake/rosidl_cmake_export_typesupport_libraries-extras.cmake
[42.901s] -- Installing: /root/oxbot/src/ros2_ws/install/oxbot_interfaces/share/oxbot_interfaces/cmake/oxbot_interfacesConfig.cmake
[42.902s] -- Installing: /root/oxbot/src/ros2_ws/install/oxbot_interfaces/share/oxbot_interfaces/cmake/oxbot_interfacesConfig-version.cmake
[42.903s] -- Up-to-date: /root/oxbot/src/ros2_ws/install/oxbot_interfaces/share/oxbot_interfaces/package.xml
[42.935s] Invoked command in '/root/oxbot/src/ros2_ws/build/oxbot_interfaces' returned '0': /usr/local/bin/cmake --install /root/oxbot/src/ros2_ws/build/oxbot_interfaces
