[3.009s] DEBUG:colcon:Command line arguments: ['/usr/bin/colcon', 'build', '--packages-select', 'oxbot_testing']
[3.010s] DEBUG:colcon:Parsed command line arguments: Namespace(ament_cmake_args=None, base_paths=['.'], build_base='build', catkin_cmake_args=None, catkin_skip_building_tests=False, cmake_args=None, cmake_clean_cache=False, cmake_clean_first=False, cmake_force_configure=False, cmake_target=None, cmake_target_skip_unavailable=False, continue_on_error=False, event_handlers=None, executor='parallel', ignore_user_meta=False, install_base='install', log_base=None, log_level=None, main=<bound method BuildVerb.main of <colcon_core.verb.build.BuildVerb object at 0x7f93a5f630>>, merge_install=False, metas=['./colcon.meta'], packages_above=None, packages_above_and_dependencies=None, packages_above_depth=None, packages_end=None, packages_ignore=None, packages_ignore_regex=None, packages_select=['oxbot_testing'], packages_select_build_failed=False, packages_select_by_dep=None, packages_select_regex=None, packages_select_test_failures=False, packages_skip=None, packages_skip_build_finished=False, packages_skip_by_dep=None, packages_skip_regex=None, packages_skip_test_passed=False, packages_skip_up_to=None, packages_start=None, packages_up_to=None, packages_up_to_regex=None, parallel_workers=4, paths=None, symlink_install=False, test_result_base=None, verb_extension=<colcon_core.verb.build.BuildVerb object at 0x7f93a5f630>, verb_name='build', verb_parser=<colcon_defaults.argument_parser.defaults.DefaultArgumentsDecorator object at 0x7f933b8128>)
[3.203s] Level 1:colcon.colcon_core.package_discovery:discover_packages(colcon_meta) check parameters
[3.205s] Level 1:colcon.colcon_core.package_discovery:discover_packages(recursive) check parameters
[3.210s] Level 1:colcon.colcon_core.package_discovery:discover_packages(ignore) check parameters
[3.210s] Level 1:colcon.colcon_core.package_discovery:discover_packages(path) check parameters
[3.210s] Level 1:colcon.colcon_core.package_discovery:discover_packages(colcon_meta) discover
[3.211s] Level 1:colcon.colcon_core.package_discovery:discover_packages(recursive) discover
[3.212s] INFO:colcon.colcon_core.package_discovery:Crawling recursively for packages in '/root/oxbot/src/ros2_ws'
[3.212s] Level 1:colcon.colcon_core.package_identification:_identify(.) by extensions ['ignore', 'ignore_ament_install']
[3.213s] Level 1:colcon.colcon_core.package_identification:_identify(.) by extension 'ignore'
[3.213s] Level 1:colcon.colcon_core.package_identification:_identify(.) by extension 'ignore_ament_install'
[3.213s] Level 1:colcon.colcon_core.package_identification:_identify(.) by extensions ['colcon_pkg']
[3.214s] Level 1:colcon.colcon_core.package_identification:_identify(.) by extension 'colcon_pkg'
[3.214s] Level 1:colcon.colcon_core.package_identification:_identify(.) by extensions ['colcon_meta']
[3.214s] Level 1:colcon.colcon_core.package_identification:_identify(.) by extension 'colcon_meta'
[3.214s] Level 1:colcon.colcon_core.package_identification:_identify(.) by extensions ['ros']
[3.215s] Level 1:colcon.colcon_core.package_identification:_identify(.) by extension 'ros'
[3.412s] Level 1:colcon.colcon_core.package_identification:_identify(.) by extensions ['cmake', 'python']
[3.412s] Level 1:colcon.colcon_core.package_identification:_identify(.) by extension 'cmake'
[3.413s] Level 1:colcon.colcon_core.package_identification:_identify(.) by extension 'python'
[3.413s] Level 1:colcon.colcon_core.package_identification:_identify(.) by extensions ['python_setup_py']
[3.413s] Level 1:colcon.colcon_core.package_identification:_identify(.) by extension 'python_setup_py'
[3.414s] Level 1:colcon.colcon_core.package_identification:_identify(build) by extensions ['ignore', 'ignore_ament_install']
[3.415s] Level 1:colcon.colcon_core.package_identification:_identify(build) by extension 'ignore'
[3.415s] Level 1:colcon.colcon_core.package_identification:_identify(build) ignored
[3.417s] Level 1:colcon.colcon_core.package_identification:_identify(install) by extensions ['ignore', 'ignore_ament_install']
[3.418s] Level 1:colcon.colcon_core.package_identification:_identify(install) by extension 'ignore'
[3.418s] Level 1:colcon.colcon_core.package_identification:_identify(install) ignored
[3.419s] Level 1:colcon.colcon_core.package_identification:_identify(log) by extensions ['ignore', 'ignore_ament_install']
[3.420s] Level 1:colcon.colcon_core.package_identification:_identify(log) by extension 'ignore'
[3.420s] Level 1:colcon.colcon_core.package_identification:_identify(log) ignored
[3.421s] Level 1:colcon.colcon_core.package_identification:_identify(src) by extensions ['ignore', 'ignore_ament_install']
[3.422s] Level 1:colcon.colcon_core.package_identification:_identify(src) by extension 'ignore'
[3.422s] Level 1:colcon.colcon_core.package_identification:_identify(src) by extension 'ignore_ament_install'
[3.422s] Level 1:colcon.colcon_core.package_identification:_identify(src) by extensions ['colcon_pkg']
[3.423s] Level 1:colcon.colcon_core.package_identification:_identify(src) by extension 'colcon_pkg'
[3.423s] Level 1:colcon.colcon_core.package_identification:_identify(src) by extensions ['colcon_meta']
[3.423s] Level 1:colcon.colcon_core.package_identification:_identify(src) by extension 'colcon_meta'
[3.423s] Level 1:colcon.colcon_core.package_identification:_identify(src) by extensions ['ros']
[3.424s] Level 1:colcon.colcon_core.package_identification:_identify(src) by extension 'ros'
[3.424s] Level 1:colcon.colcon_core.package_identification:_identify(src) by extensions ['cmake', 'python']
[3.425s] Level 1:colcon.colcon_core.package_identification:_identify(src) by extension 'cmake'
[3.425s] Level 1:colcon.colcon_core.package_identification:_identify(src) by extension 'python'
[3.425s] Level 1:colcon.colcon_core.package_identification:_identify(src) by extensions ['python_setup_py']
[3.426s] Level 1:colcon.colcon_core.package_identification:_identify(src) by extension 'python_setup_py'
[3.426s] Level 1:colcon.colcon_core.package_identification:_identify(src/motion_control) by extensions ['ignore', 'ignore_ament_install']
[3.427s] Level 1:colcon.colcon_core.package_identification:_identify(src/motion_control) by extension 'ignore'
[3.427s] Level 1:colcon.colcon_core.package_identification:_identify(src/motion_control) by extension 'ignore_ament_install'
[3.428s] Level 1:colcon.colcon_core.package_identification:_identify(src/motion_control) by extensions ['colcon_pkg']
[3.428s] Level 1:colcon.colcon_core.package_identification:_identify(src/motion_control) by extension 'colcon_pkg'
[3.428s] Level 1:colcon.colcon_core.package_identification:_identify(src/motion_control) by extensions ['colcon_meta']
[3.429s] Level 1:colcon.colcon_core.package_identification:_identify(src/motion_control) by extension 'colcon_meta'
[3.429s] Level 1:colcon.colcon_core.package_identification:_identify(src/motion_control) by extensions ['ros']
[3.429s] Level 1:colcon.colcon_core.package_identification:_identify(src/motion_control) by extension 'ros'
[3.445s] DEBUG:colcon.colcon_core.package_identification:Package 'src/motion_control' with type 'ros.ament_cmake' and name 'motion_control'
[3.445s] Level 1:colcon.colcon_core.package_identification:_identify(src/oxbot_bringup) by extensions ['ignore', 'ignore_ament_install']
[3.446s] Level 1:colcon.colcon_core.package_identification:_identify(src/oxbot_bringup) by extension 'ignore'
[3.446s] Level 1:colcon.colcon_core.package_identification:_identify(src/oxbot_bringup) by extension 'ignore_ament_install'
[3.447s] Level 1:colcon.colcon_core.package_identification:_identify(src/oxbot_bringup) by extensions ['colcon_pkg']
[3.447s] Level 1:colcon.colcon_core.package_identification:_identify(src/oxbot_bringup) by extension 'colcon_pkg'
[3.447s] Level 1:colcon.colcon_core.package_identification:_identify(src/oxbot_bringup) by extensions ['colcon_meta']
[3.447s] Level 1:colcon.colcon_core.package_identification:_identify(src/oxbot_bringup) by extension 'colcon_meta'
[3.448s] Level 1:colcon.colcon_core.package_identification:_identify(src/oxbot_bringup) by extensions ['ros']
[3.448s] Level 1:colcon.colcon_core.package_identification:_identify(src/oxbot_bringup) by extension 'ros'
[3.451s] DEBUG:colcon.colcon_core.package_identification:Package 'src/oxbot_bringup' with type 'ros.ament_cmake' and name 'oxbot_bringup'
[3.452s] Level 1:colcon.colcon_core.package_identification:_identify(src/oxbot_config) by extensions ['ignore', 'ignore_ament_install']
[3.452s] Level 1:colcon.colcon_core.package_identification:_identify(src/oxbot_config) by extension 'ignore'
[3.453s] Level 1:colcon.colcon_core.package_identification:_identify(src/oxbot_config) by extension 'ignore_ament_install'
[3.453s] Level 1:colcon.colcon_core.package_identification:_identify(src/oxbot_config) by extensions ['colcon_pkg']
[3.453s] Level 1:colcon.colcon_core.package_identification:_identify(src/oxbot_config) by extension 'colcon_pkg'
[3.454s] Level 1:colcon.colcon_core.package_identification:_identify(src/oxbot_config) by extensions ['colcon_meta']
[3.454s] Level 1:colcon.colcon_core.package_identification:_identify(src/oxbot_config) by extension 'colcon_meta'
[3.454s] Level 1:colcon.colcon_core.package_identification:_identify(src/oxbot_config) by extensions ['ros']
[3.454s] Level 1:colcon.colcon_core.package_identification:_identify(src/oxbot_config) by extension 'ros'
[3.457s] DEBUG:colcon.colcon_core.package_identification:Package 'src/oxbot_config' with type 'ros.ament_cmake' and name 'oxbot_config'
[3.458s] Level 1:colcon.colcon_core.package_identification:_identify(src/oxbot_interfaces) by extensions ['ignore', 'ignore_ament_install']
[3.458s] Level 1:colcon.colcon_core.package_identification:_identify(src/oxbot_interfaces) by extension 'ignore'
[3.459s] Level 1:colcon.colcon_core.package_identification:_identify(src/oxbot_interfaces) by extension 'ignore_ament_install'
[3.459s] Level 1:colcon.colcon_core.package_identification:_identify(src/oxbot_interfaces) by extensions ['colcon_pkg']
[3.459s] Level 1:colcon.colcon_core.package_identification:_identify(src/oxbot_interfaces) by extension 'colcon_pkg'
[3.460s] Level 1:colcon.colcon_core.package_identification:_identify(src/oxbot_interfaces) by extensions ['colcon_meta']
[3.460s] Level 1:colcon.colcon_core.package_identification:_identify(src/oxbot_interfaces) by extension 'colcon_meta'
[3.460s] Level 1:colcon.colcon_core.package_identification:_identify(src/oxbot_interfaces) by extensions ['ros']
[3.461s] Level 1:colcon.colcon_core.package_identification:_identify(src/oxbot_interfaces) by extension 'ros'
[3.463s] DEBUG:colcon.colcon_core.package_identification:Package 'src/oxbot_interfaces' with type 'ros.ament_cmake' and name 'oxbot_interfaces'
[3.464s] Level 1:colcon.colcon_core.package_identification:_identify(src/oxbot_testing) by extensions ['ignore', 'ignore_ament_install']
[3.465s] Level 1:colcon.colcon_core.package_identification:_identify(src/oxbot_testing) by extension 'ignore'
[3.465s] Level 1:colcon.colcon_core.package_identification:_identify(src/oxbot_testing) by extension 'ignore_ament_install'
[3.466s] Level 1:colcon.colcon_core.package_identification:_identify(src/oxbot_testing) by extensions ['colcon_pkg']
[3.466s] Level 1:colcon.colcon_core.package_identification:_identify(src/oxbot_testing) by extension 'colcon_pkg'
[3.466s] Level 1:colcon.colcon_core.package_identification:_identify(src/oxbot_testing) by extensions ['colcon_meta']
[3.466s] Level 1:colcon.colcon_core.package_identification:_identify(src/oxbot_testing) by extension 'colcon_meta'
[3.467s] Level 1:colcon.colcon_core.package_identification:_identify(src/oxbot_testing) by extensions ['ros']
[3.467s] Level 1:colcon.colcon_core.package_identification:_identify(src/oxbot_testing) by extension 'ros'
[3.470s] DEBUG:colcon.colcon_core.package_identification:Package 'src/oxbot_testing' with type 'ros.ament_cmake' and name 'oxbot_testing'
[3.470s] Level 1:colcon.colcon_core.package_discovery:discover_packages(recursive) using defaults
[3.472s] Level 1:colcon.colcon_core.package_discovery:discover_packages(ignore) discover
[3.472s] Level 1:colcon.colcon_core.package_discovery:discover_packages(ignore) using defaults
[3.472s] Level 1:colcon.colcon_core.package_discovery:discover_packages(path) discover
[3.472s] Level 1:colcon.colcon_core.package_discovery:discover_packages(path) using defaults
[3.692s] INFO:colcon.colcon_core.package_selection:Skipping not selected package 'oxbot_bringup' in 'src/oxbot_bringup'
[3.693s] INFO:colcon.colcon_core.package_selection:Skipping not selected package 'oxbot_config' in 'src/oxbot_config'
[3.693s] INFO:colcon.colcon_core.package_selection:Skipping not selected package 'oxbot_interfaces' in 'src/oxbot_interfaces'
[3.694s] INFO:colcon.colcon_core.package_selection:Skipping not selected package 'motion_control' in 'src/motion_control'
[3.717s] Level 5:colcon.colcon_core.verb:set package 'oxbot_testing' build argument 'cmake_args' from command line to 'None'
[3.717s] Level 5:colcon.colcon_core.verb:set package 'oxbot_testing' build argument 'cmake_target' from command line to 'None'
[3.717s] Level 5:colcon.colcon_core.verb:set package 'oxbot_testing' build argument 'cmake_target_skip_unavailable' from command line to 'False'
[3.718s] Level 5:colcon.colcon_core.verb:set package 'oxbot_testing' build argument 'cmake_clean_cache' from command line to 'False'
[3.718s] Level 5:colcon.colcon_core.verb:set package 'oxbot_testing' build argument 'cmake_clean_first' from command line to 'False'
[3.718s] Level 5:colcon.colcon_core.verb:set package 'oxbot_testing' build argument 'cmake_force_configure' from command line to 'False'
[3.718s] Level 5:colcon.colcon_core.verb:set package 'oxbot_testing' build argument 'ament_cmake_args' from command line to 'None'
[3.718s] Level 5:colcon.colcon_core.verb:set package 'oxbot_testing' build argument 'catkin_cmake_args' from command line to 'None'
[3.719s] Level 5:colcon.colcon_core.verb:set package 'oxbot_testing' build argument 'catkin_skip_building_tests' from command line to 'False'
[3.719s] DEBUG:colcon.colcon_core.verb:Building package 'oxbot_testing' with the following arguments: {'ament_cmake_args': None, 'build_base': '/root/oxbot/src/ros2_ws/build/oxbot_testing', 'catkin_cmake_args': None, 'catkin_skip_building_tests': False, 'cmake_args': None, 'cmake_clean_cache': False, 'cmake_clean_first': False, 'cmake_force_configure': False, 'cmake_target': None, 'cmake_target_skip_unavailable': False, 'install_base': '/root/oxbot/src/ros2_ws/install/oxbot_testing', 'merge_install': False, 'path': '/root/oxbot/src/ros2_ws/src/oxbot_testing', 'symlink_install': False, 'test_result_base': None}
[3.739s] INFO:colcon.colcon_core.executor:Executing jobs using 'parallel' executor
[3.838s] DEBUG:colcon.colcon_parallel_executor.executor.parallel:run_until_complete
[3.840s] INFO:colcon.colcon_ros.task.ament_cmake.build:Building ROS package in '/root/oxbot/src/ros2_ws/src/oxbot_testing' with build type 'ament_cmake'
[3.841s] INFO:colcon.colcon_cmake.task.cmake.build:Building CMake package in '/root/oxbot/src/ros2_ws/src/oxbot_testing'
[3.920s] INFO:colcon.colcon_core.plugin_system:Skipping extension 'colcon_core.shell.bat': Not used on non-Windows systems
[3.922s] INFO:colcon.colcon_core.shell:Skip shell extension 'powershell' for command environment: Not usable outside of PowerShell
[3.922s] DEBUG:colcon.colcon_core.shell:Skip shell extension 'dsv' for command environment
[4.078s] DEBUG:colcon.colcon_core.event_handler.log_command:Invoking command in '/root/oxbot/src/ros2_ws/build/oxbot_testing': /usr/local/bin/cmake --build /root/oxbot/src/ros2_ws/build/oxbot_testing -- -j4 -l4
[43.084s] DEBUG:colcon.colcon_core.event_handler.log_command:Invoked command in '/root/oxbot/src/ros2_ws/build/oxbot_testing' returned '0': /usr/local/bin/cmake --build /root/oxbot/src/ros2_ws/build/oxbot_testing -- -j4 -l4
[43.492s] DEBUG:colcon.colcon_core.event_handler.log_command:Invoking command in '/root/oxbot/src/ros2_ws/build/oxbot_testing': /usr/local/bin/cmake --install /root/oxbot/src/ros2_ws/build/oxbot_testing
[43.687s] Level 1:colcon.colcon_core.environment:create_environment_scripts_only(oxbot_testing)
[43.699s] DEBUG:colcon.colcon_core.event_handler.log_command:Invoked command in '/root/oxbot/src/ros2_ws/build/oxbot_testing' returned '0': /usr/local/bin/cmake --install /root/oxbot/src/ros2_ws/build/oxbot_testing
[43.760s] Level 1:colcon.colcon_core.environment:checking '/root/oxbot/src/ros2_ws/install/oxbot_testing' for CMake module files
[43.764s] Level 1:colcon.colcon_core.environment:checking '/root/oxbot/src/ros2_ws/install/oxbot_testing' for CMake config files
[43.766s] Level 1:colcon.colcon_core.shell:create_environment_hook('oxbot_testing', 'cmake_prefix_path')
[43.802s] INFO:colcon.colcon_core.shell:Creating environment hook '/root/oxbot/src/ros2_ws/install/oxbot_testing/share/oxbot_testing/hook/cmake_prefix_path.ps1'
[43.805s] INFO:colcon.colcon_core.shell:Creating environment descriptor '/root/oxbot/src/ros2_ws/install/oxbot_testing/share/oxbot_testing/hook/cmake_prefix_path.dsv'
[43.807s] INFO:colcon.colcon_core.shell:Creating environment hook '/root/oxbot/src/ros2_ws/install/oxbot_testing/share/oxbot_testing/hook/cmake_prefix_path.sh'
[43.813s] Level 1:colcon.colcon_core.environment:checking '/root/oxbot/src/ros2_ws/install/oxbot_testing/lib'
[43.814s] Level 1:colcon.colcon_core.environment:checking '/root/oxbot/src/ros2_ws/install/oxbot_testing/bin'
[43.815s] Level 1:colcon.colcon_core.environment:checking '/root/oxbot/src/ros2_ws/install/oxbot_testing/lib/pkgconfig/oxbot_testing.pc'
[43.816s] Level 1:colcon.colcon_core.environment:checking '/root/oxbot/src/ros2_ws/install/oxbot_testing/lib/python3.6/site-packages'
[43.817s] Level 1:colcon.colcon_core.environment:checking '/root/oxbot/src/ros2_ws/install/oxbot_testing/bin'
[43.854s] INFO:colcon.colcon_core.shell:Creating package script '/root/oxbot/src/ros2_ws/install/oxbot_testing/share/oxbot_testing/package.ps1'
[43.859s] INFO:colcon.colcon_core.shell:Creating package descriptor '/root/oxbot/src/ros2_ws/install/oxbot_testing/share/oxbot_testing/package.dsv'
[43.862s] INFO:colcon.colcon_core.shell:Creating package script '/root/oxbot/src/ros2_ws/install/oxbot_testing/share/oxbot_testing/package.sh'
[43.871s] INFO:colcon.colcon_core.shell:Creating package script '/root/oxbot/src/ros2_ws/install/oxbot_testing/share/oxbot_testing/package.bash'
[43.876s] INFO:colcon.colcon_core.shell:Creating package script '/root/oxbot/src/ros2_ws/install/oxbot_testing/share/oxbot_testing/package.zsh'
[43.880s] Level 1:colcon.colcon_core.environment:create_file_with_runtime_dependencies(/root/oxbot/src/ros2_ws/install/oxbot_testing/share/colcon-core/packages/oxbot_testing)
[44.148s] Level 1:colcon.colcon_core.environment:create_environment_scripts_only(oxbot_testing)
[44.203s] Level 1:colcon.colcon_core.environment:checking '/root/oxbot/src/ros2_ws/install/oxbot_testing' for CMake module files
[44.207s] Level 1:colcon.colcon_core.environment:checking '/root/oxbot/src/ros2_ws/install/oxbot_testing' for CMake config files
[44.209s] Level 1:colcon.colcon_core.shell:create_environment_hook('oxbot_testing', 'cmake_prefix_path')
[44.245s] INFO:colcon.colcon_core.shell:Creating environment hook '/root/oxbot/src/ros2_ws/install/oxbot_testing/share/oxbot_testing/hook/cmake_prefix_path.ps1'
[44.248s] INFO:colcon.colcon_core.shell:Creating environment descriptor '/root/oxbot/src/ros2_ws/install/oxbot_testing/share/oxbot_testing/hook/cmake_prefix_path.dsv'
[44.249s] INFO:colcon.colcon_core.shell:Creating environment hook '/root/oxbot/src/ros2_ws/install/oxbot_testing/share/oxbot_testing/hook/cmake_prefix_path.sh'
[44.253s] Level 1:colcon.colcon_core.environment:checking '/root/oxbot/src/ros2_ws/install/oxbot_testing/lib'
[44.253s] Level 1:colcon.colcon_core.environment:checking '/root/oxbot/src/ros2_ws/install/oxbot_testing/bin'
[44.254s] Level 1:colcon.colcon_core.environment:checking '/root/oxbot/src/ros2_ws/install/oxbot_testing/lib/pkgconfig/oxbot_testing.pc'
[44.254s] Level 1:colcon.colcon_core.environment:checking '/root/oxbot/src/ros2_ws/install/oxbot_testing/lib/python3.6/site-packages'
[44.255s] Level 1:colcon.colcon_core.environment:checking '/root/oxbot/src/ros2_ws/install/oxbot_testing/bin'
[44.295s] INFO:colcon.colcon_core.shell:Creating package script '/root/oxbot/src/ros2_ws/install/oxbot_testing/share/oxbot_testing/package.ps1'
[44.297s] INFO:colcon.colcon_core.shell:Creating package descriptor '/root/oxbot/src/ros2_ws/install/oxbot_testing/share/oxbot_testing/package.dsv'
[44.299s] INFO:colcon.colcon_core.shell:Creating package script '/root/oxbot/src/ros2_ws/install/oxbot_testing/share/oxbot_testing/package.sh'
[44.301s] INFO:colcon.colcon_core.shell:Creating package script '/root/oxbot/src/ros2_ws/install/oxbot_testing/share/oxbot_testing/package.bash'
[44.303s] INFO:colcon.colcon_core.shell:Creating package script '/root/oxbot/src/ros2_ws/install/oxbot_testing/share/oxbot_testing/package.zsh'
[44.305s] Level 1:colcon.colcon_core.environment:create_file_with_runtime_dependencies(/root/oxbot/src/ros2_ws/install/oxbot_testing/share/colcon-core/packages/oxbot_testing)
[44.306s] DEBUG:colcon.colcon_parallel_executor.executor.parallel:closing loop
[44.308s] DEBUG:colcon.colcon_parallel_executor.executor.parallel:loop closed
[44.309s] DEBUG:colcon.colcon_parallel_executor.executor.parallel:run_until_complete finished with '0'
[44.309s] DEBUG:colcon.colcon_core.event_reactor:joining thread
[44.335s] INFO:colcon.colcon_core.plugin_system:Skipping extension 'colcon_notification.desktop_notification.notify_send': Could not find 'notify-send'
[44.336s] INFO:colcon.colcon_core.plugin_system:Skipping extension 'colcon_notification.desktop_notification.terminal_notifier': Not used on non-Darwin systems
[44.337s] INFO:colcon.colcon_core.plugin_system:Skipping extension 'colcon_notification.desktop_notification.win32': Not used on non-Windows systems
[44.337s] INFO:colcon.colcon_notification.desktop_notification:Sending desktop notification using 'notify2'
[44.343s] DEBUG:colcon.colcon_notification.desktop_notification.notify2:Failed to initialize notify2: org.freedesktop.DBus.Error.Spawn.ExecFailed: /usr/bin/dbus-launch terminated abnormally without any error message
[44.343s] DEBUG:colcon.colcon_core.event_reactor:joined thread
[44.384s] INFO:colcon.colcon_core.shell:Creating prefix script '/root/oxbot/src/ros2_ws/install/local_setup.ps1'
[44.391s] INFO:colcon.colcon_core.shell:Creating prefix util module '/root/oxbot/src/ros2_ws/install/_local_setup_util_ps1.py'
[44.401s] INFO:colcon.colcon_core.shell:Creating prefix chain script '/root/oxbot/src/ros2_ws/install/setup.ps1'
[44.416s] INFO:colcon.colcon_core.shell:Creating prefix script '/root/oxbot/src/ros2_ws/install/local_setup.sh'
[44.419s] INFO:colcon.colcon_core.shell:Creating prefix util module '/root/oxbot/src/ros2_ws/install/_local_setup_util_sh.py'
[44.421s] INFO:colcon.colcon_core.shell:Creating prefix chain script '/root/oxbot/src/ros2_ws/install/setup.sh'
[44.436s] INFO:colcon.colcon_core.shell:Creating prefix script '/root/oxbot/src/ros2_ws/install/local_setup.bash'
[44.439s] INFO:colcon.colcon_core.shell:Creating prefix chain script '/root/oxbot/src/ros2_ws/install/setup.bash'
[44.453s] INFO:colcon.colcon_core.shell:Creating prefix script '/root/oxbot/src/ros2_ws/install/local_setup.zsh'
[44.456s] INFO:colcon.colcon_core.shell:Creating prefix chain script '/root/oxbot/src/ros2_ws/install/setup.zsh'
