[0.165s] Invoking command in '/root/oxbot/src/ros2_ws/build/motion_control': AMENT_PREFIX_PATH=/root/oxbot/src/ros2_ws/install/oxbot_interfaces:${AMENT_PREFIX_PATH} CMAKE_PREFIX_PATH=/root/oxbot/src/ros2_ws/install/oxbot_interfaces:${CMAKE_PREFIX_PATH} LD_LIBRARY_PATH=/root/oxbot/src/ros2_ws/install/oxbot_interfaces/lib:/opt/ros/humble/install/opt/rviz_ogre_vendor/lib:/opt/ros/humble/install/lib:/usr/local/cuda-10.2/targets/aarch64-linux/lib PYTHONPATH=/root/oxbot/src/ros2_ws/install/oxbot_interfaces/lib/python3.6/site-packages:${PYTHONPATH} /usr/local/bin/cmake --build /root/oxbot/src/ros2_ws/build/motion_control -- -j4 -l4
[0.377s] -- Found ament_cmake: 1.3.5 (/opt/ros/humble/install/share/ament_cmake/cmake)
[1.630s] -- Found rclcpp: 16.0.5 (/opt/ros/humble/install/share/rclcpp/cmake)
[1.865s] -- Found rosidl_generator_c: 3.1.5 (/opt/ros/humble/install/share/rosidl_generator_c/cmake)
[1.881s] -- Found rosidl_adapter: 3.1.5 (/opt/ros/humble/install/share/rosidl_adapter/cmake)
[1.928s] -- Found rosidl_generator_cpp: 3.1.5 (/opt/ros/humble/install/share/rosidl_generator_cpp/cmake)
[2.012s] -- Using all available rosidl_typesupport_c: rosidl_typesupport_fastrtps_c;rosidl_typesupport_introspection_c
[2.132s] -- Using all available rosidl_typesupport_cpp: rosidl_typesupport_fastrtps_cpp;rosidl_typesupport_introspection_cpp
[2.541s] -- Found rmw_implementation_cmake: 6.1.1 (/opt/ros/humble/install/share/rmw_implementation_cmake/cmake)
[2.553s] -- Found rmw_cyclonedds_cpp: 1.3.4 (/opt/ros/humble/install/share/rmw_cyclonedds_cpp/cmake)
[2.756s] -- Using RMW implementation 'rmw_cyclonedds_cpp' as default
[3.798s] -- Found oxbot_interfaces: 0.0.0 (/root/oxbot/src/ros2_ws/install/oxbot_interfaces/share/oxbot_interfaces/cmake)
[3.930s] -- Found oxbot_config: 0.0.0 (/root/oxbot/src/ros2_ws/install/oxbot_config/share/oxbot_config/cmake)
[3.936s] -- Found ament_lint_auto: 0.12.7 (/opt/ros/humble/install/share/ament_lint_auto/cmake)
[4.499s] -- Added test 'cppcheck' to perform static code analysis on C / C++ code
[4.500s] -- Configured cppcheck include dirs: /root/oxbot/src/ros2_ws/src/motion_control/include/motion_control;/root/oxbot/src/ros2_ws/src/motion_control/../../install/oxbot_config/include
[4.501s] -- Configured cppcheck exclude dirs and/or files: 
[4.503s] -- Added test 'lint_cmake' to check CMake code style
[4.508s] -- Added test 'uncrustify' to check C / C++ code style
[4.509s] -- Configured uncrustify additional arguments: 
[4.510s] -- Added test 'xmllint' to check XML markup files
[4.520s] -- Configuring done (4.2s)
[4.608s] -- Generating done (0.1s)
[4.616s] -- Build files have been written to: /root/oxbot/src/ros2_ws/build/motion_control
[4.732s] [ 25%] [32mBuilding CXX object CMakeFiles/motion_controller.dir/src/motion_controller.cpp.o[0m
[4.734s] [ 50%] [32mBuilding CXX object CMakeFiles/motion_controller.dir/src/SerialCommunicator.cpp.o[0m
[4.735s] [ 75%] [32mBuilding CXX object CMakeFiles/motion_controller.dir/src/MotionControllerNode.cpp.o[0m
[17.733s] [01m[K/root/oxbot/src/ros2_ws/src/motion_control/src/MotionControllerNode.cpp:[m[K In constructor ‘[01m[KMotionControllerNode::MotionControllerNode()[m[K’:
[17.735s] [01m[K/root/oxbot/src/ros2_ws/src/motion_control/src/MotionControllerNode.cpp:12:63:[m[K [01;31m[Kerror: [m[K‘[01m[KMC_SERIAL_POLLING_FREQUENCY[m[K’ was not declared in this scope
[17.736s]      int query_timer_period_micros       = int(1000000* (1.0 / [01;31m[KMC_SERIAL_POLLING_FREQUENCY[m[K));
[17.737s]                                                                [01;31m[K^~~~~~~~~~~~~~~~~~~~~~~~~~~[m[K
[17.769s] [01m[K/root/oxbot/src/ros2_ws/src/motion_control/src/MotionControllerNode.cpp:12:63:[m[K [01;36m[Knote: [m[Ksuggested alternative: ‘[01m[KSERIAL_POLLING_FREQUENCY[m[K’
[17.769s]      int query_timer_period_micros       = int(1000000* (1.0 / [01;36m[KMC_SERIAL_POLLING_FREQUENCY[m[K));
[17.775s]                                                                [01;36m[K^~~~~~~~~~~~~~~~~~~~~~~~~~~[m[K
[17.776s]                                                                [32m[KSERIAL_POLLING_FREQUENCY[m[K
[17.779s] [01m[K/root/oxbot/src/ros2_ws/src/motion_control/src/MotionControllerNode.cpp:13:63:[m[K [01;31m[Kerror: [m[K‘[01m[KMC_OUTPUT_FREQUENCY[m[K’ was not declared in this scope
[17.780s]      int feedback_timer_period_micros    = int(1000000* (1.0 / [01;31m[KMC_OUTPUT_FREQUENCY[m[K));
[17.780s]                                                                [01;31m[K^~~~~~~~~~~~~~~~~~~[m[K
[17.781s] [01m[K/root/oxbot/src/ros2_ws/src/motion_control/src/SerialCommunicator.cpp:[m[K In constructor ‘[01m[KSerialCommunicator::SerialCommunicator()[m[K’:
[17.781s] [01m[K/root/oxbot/src/ros2_ws/src/motion_control/src/SerialCommunicator.cpp:17:69:[m[K [01;31m[Kerror: [m[K‘[01m[KMC_FRONT_WHEELS_SERIAL_PATH[m[K’ was not declared in this scope
[17.787s]  SerialCommunicator::SerialCommunicator(): front_wheels_serial_path_([01;31m[KMC_FRONT_WHEELS_SERIAL_PATH[m[K), rear_wheels_serial_path_(MC_REAR_WHEELS_SERIAL_PATH), front_wheels_serial_fh_(0), rear_wheels_serial_fh_(0)
[17.788s]                                                                      [01;31m[K^~~~~~~~~~~~~~~~~~~~~~~~~~~[m[K
[17.794s] [01m[K/root/oxbot/src/ros2_ws/src/motion_control/src/MotionControllerNode.cpp:13:63:[m[K [01;36m[Knote: [m[Ksuggested alternative: ‘[01m[KOUTPUT_FREQUENCY[m[K’
[17.795s]      int feedback_timer_period_micros    = int(1000000* (1.0 / [01;36m[KMC_OUTPUT_FREQUENCY[m[K));
[17.795s]                                                                [01;36m[K^~~~~~~~~~~~~~~~~~~[m[K
[17.796s]                                                                [32m[KOUTPUT_FREQUENCY[m[K
[17.819s] [01m[K/root/oxbot/src/ros2_ws/src/motion_control/src/SerialCommunicator.cpp:17:69:[m[K [01;36m[Knote: [m[Ksuggested alternative: ‘[01m[KFRONT_WHEELS_SERIAL_PATH[m[K’
[17.820s]  SerialCommunicator::SerialCommunicator(): front_wheels_serial_path_([01;36m[KMC_FRONT_WHEELS_SERIAL_PATH[m[K), rear_wheels_serial_path_(MC_REAR_WHEELS_SERIAL_PATH), front_wheels_serial_fh_(0), rear_wheels_serial_fh_(0)
[17.821s]                                                                      [01;36m[K^~~~~~~~~~~~~~~~~~~~~~~~~~~[m[K
[17.822s]                                                                      [32m[KFRONT_WHEELS_SERIAL_PATH[m[K
[17.823s] [01m[K/root/oxbot/src/ros2_ws/src/motion_control/src/SerialCommunicator.cpp:17:124:[m[K [01;31m[Kerror: [m[K‘[01m[KMC_REAR_WHEELS_SERIAL_PATH[m[K’ was not declared in this scope
[17.824s]  SerialCommunicator::SerialCommunicator(): front_wheels_serial_path_(MC_FRONT_WHEELS_SERIAL_PATH), rear_wheels_serial_path_([01;31m[KMC_REAR_WHEELS_SERIAL_PATH[m[K), front_wheels_serial_fh_(0), rear_wheels_serial_fh_(0)
[17.825s]                                                                                                                             [01;31m[K^~~~~~~~~~~~~~~~~~~~~~~~~~[m[K
[17.863s] [01m[K/root/oxbot/src/ros2_ws/src/motion_control/src/SerialCommunicator.cpp:17:124:[m[K [01;36m[Knote: [m[Ksuggested alternative: ‘[01m[KREAR_WHEELS_SERIAL_PATH[m[K’
[17.864s]  SerialCommunicator::SerialCommunicator(): front_wheels_serial_path_(MC_FRONT_WHEELS_SERIAL_PATH), rear_wheels_serial_path_([01;36m[KMC_REAR_WHEELS_SERIAL_PATH[m[K), front_wheels_serial_fh_(0), rear_wheels_serial_fh_(0)
[17.865s]                                                                                                                             [01;36m[K^~~~~~~~~~~~~~~~~~~~~~~~~~[m[K
[17.867s]                                                                                                                             [32m[KREAR_WHEELS_SERIAL_PATH[m[K
[17.869s] [01m[K/root/oxbot/src/ros2_ws/src/motion_control/src/SerialCommunicator.cpp:30:35:[m[K [01;35m[Kwarning: [m[Kconverting to non-pointer type ‘[01m[Kint[m[K’ from NULL [[01;35m[K-Wconversion-null[m[K]
[17.870s]          front_wheels_serial_fh_ = [01;35m[KNULL[m[K;
[17.871s]                                    [01;35m[K^~~~[m[K
[17.878s] [01m[K/root/oxbot/src/ros2_ws/src/motion_control/src/SerialCommunicator.cpp:35:35:[m[K [01;35m[Kwarning: [m[Kconverting to non-pointer type ‘[01m[Kint[m[K’ from NULL [[01;35m[K-Wconversion-null[m[K]
[17.879s]          front_wheels_serial_fh_ = [01;35m[KNULL[m[K;
[17.880s]                                    [01;35m[K^~~~[m[K
[17.902s] [01m[K/root/oxbot/src/ros2_ws/src/motion_control/src/SerialCommunicator.cpp:[m[K In member function ‘[01m[Kconst std::vector<unsigned char, std::allocator<unsigned char> > SerialCommunicator::sc_read()[m[K’:
[17.903s] [01m[K/root/oxbot/src/ros2_ws/src/motion_control/src/SerialCommunicator.cpp:95:29:[m[K [01;31m[Kerror: [m[K‘[01m[KMC_SERIAL_FEEDBACK_MESSAGE_SIZE[m[K’ was not declared in this scope
[17.904s]      unsigned char read_buf [[01;31m[KMC_SERIAL_FEEDBACK_MESSAGE_SIZE[m[K];
[17.905s]                              [01;31m[K^~~~~~~~~~~~~~~~~~~~~~~~~~~~~~~[m[K
[17.925s] [01m[K/root/oxbot/src/ros2_ws/src/motion_control/src/MotionControllerNode.cpp:23:43:[m[K [01;31m[Kerror: [m[K‘[01m[KMC_FRONT_WHEELS_SERIAL_PATH[m[K’ was not declared in this scope
[17.926s]          serial_comm_ = SerialCommunicator([01;31m[KMC_FRONT_WHEELS_SERIAL_PATH[m[K, MC_REAR_WHEELS_SERIAL_PATH);
[17.927s]                                            [01;31m[K^~~~~~~~~~~~~~~~~~~~~~~~~~~[m[K
[17.949s] [01m[K/root/oxbot/src/ros2_ws/src/motion_control/src/SerialCommunicator.cpp:95:29:[m[K [01;36m[Knote: [m[Ksuggested alternative: ‘[01m[KSERIAL_FEEDBACK_MESSAGE_SIZE[m[K’
[17.950s]      unsigned char read_buf [[01;36m[KMC_SERIAL_FEEDBACK_MESSAGE_SIZE[m[K];
[17.951s]                              [01;36m[K^~~~~~~~~~~~~~~~~~~~~~~~~~~~~~~[m[K
[17.952s]                              [32m[KSERIAL_FEEDBACK_MESSAGE_SIZE[m[K
[17.952s] [01m[K/root/oxbot/src/ros2_ws/src/motion_control/src/SerialCommunicator.cpp:98:63:[m[K [01;31m[Kerror: [m[K‘[01m[Kread_buf[m[K’ was not declared in this scope
[17.953s]          int bytes_read = read(this->front_wheels_serial_fh_, &[01;31m[Kread_buf[m[K, sizeof(read_buf));
[17.953s]                                                                [01;31m[K^~~~~~~~[m[K
[17.957s] [01m[K/root/oxbot/src/ros2_ws/src/motion_control/src/SerialCommunicator.cpp:98:63:[m[K [01;36m[Knote: [m[Ksuggested alternative: ‘[01m[Kser_buf[m[K’
[17.958s]          int bytes_read = read(this->front_wheels_serial_fh_, &[01;36m[Kread_buf[m[K, sizeof(read_buf));
[17.959s]                                                                [01;36m[K^~~~~~~~[m[K
[17.960s]                                                                [32m[Kser_buf[m[K
[17.961s] [01m[K/root/oxbot/src/ros2_ws/src/motion_control/src/MotionControllerNode.cpp:23:43:[m[K [01;36m[Knote: [m[Ksuggested alternative: ‘[01m[KFRONT_WHEELS_SERIAL_PATH[m[K’
[17.962s]          serial_comm_ = SerialCommunicator([01;36m[KMC_FRONT_WHEELS_SERIAL_PATH[m[K, MC_REAR_WHEELS_SERIAL_PATH);
[17.963s]                                            [01;36m[K^~~~~~~~~~~~~~~~~~~~~~~~~~~[m[K
[17.964s]                                            [32m[KFRONT_WHEELS_SERIAL_PATH[m[K
[17.964s] [01m[K/root/oxbot/src/ros2_ws/src/motion_control/src/MotionControllerNode.cpp:23:72:[m[K [01;31m[Kerror: [m[K‘[01m[KMC_REAR_WHEELS_SERIAL_PATH[m[K’ was not declared in this scope
[17.965s]          serial_comm_ = SerialCommunicator(MC_FRONT_WHEELS_SERIAL_PATH, [01;31m[KMC_REAR_WHEELS_SERIAL_PATH[m[K);
[17.965s]                                                                         [01;31m[K^~~~~~~~~~~~~~~~~~~~~~~~~~[m[K
[17.966s] [01m[K/root/oxbot/src/ros2_ws/src/motion_control/src/SerialCommunicator.cpp:[m[K In member function ‘[01m[Kint SerialCommunicator::sc_write(std::vector<unsigned char, std::allocator<unsigned char> >)[m[K’:
[17.967s] [01m[K/root/oxbot/src/ros2_ws/src/motion_control/src/SerialCommunicator.cpp:112:61:[m[K [01;35m[Kwarning: [m[Kunused parameter ‘[01m[Kwrite_buf[m[K’ [[01;35m[K-Wunused-parameter[m[K]
[17.978s]  int SerialCommunicator::sc_write(std::vector<unsigned char> [01;35m[Kwrite_buf[m[K)
[17.981s]                                                              [01;35m[K^~~~~~~~~[m[K
[17.999s] [01m[K/root/oxbot/src/ros2_ws/src/motion_control/src/MotionControllerNode.cpp:23:72:[m[K [01;36m[Knote: [m[Ksuggested alternative: ‘[01m[KREAR_WHEELS_SERIAL_PATH[m[K’
[18.000s]          serial_comm_ = SerialCommunicator(MC_FRONT_WHEELS_SERIAL_PATH, [01;36m[KMC_REAR_WHEELS_SERIAL_PATH[m[K);
[18.001s]                                                                         [01;36m[K^~~~~~~~~~~~~~~~~~~~~~~~~~[m[K
[18.001s]                                                                         [32m[KREAR_WHEELS_SERIAL_PATH[m[K
[18.002s] [01m[K/root/oxbot/src/ros2_ws/src/motion_control/src/MotionControllerNode.cpp:24:26:[m[K [01;31m[Kerror: [m[K‘[01m[Kint SerialCommunicator::front_wheels_serial_fh_[m[K’ is private within this context
[18.003s]          if (serial_comm_.[01;31m[Kfront_wheels_serial_fh_[m[K == NULL)
[18.004s]                           [01;31m[K^~~~~~~~~~~~~~~~~~~~~~~[m[K
[18.004s] In file included from [01m[K/root/oxbot/src/ros2_ws/src/motion_control/include/motion_control/MotionControllerNode.hpp:3:0[m[K,
[18.005s]                  from [01m[K/root/oxbot/src/ros2_ws/src/motion_control/src/MotionControllerNode.cpp:3[m[K:
[18.014s] [01m[K/root/oxbot/src/ros2_ws/src/motion_control/include/motion_control/SerialCommunicator.hpp:47:9:[m[K [01;36m[Knote: [m[Kdeclared private here
[18.015s]      int [01;36m[Kfront_wheels_serial_fh_[m[K;
[18.015s]          [01;36m[K^~~~~~~~~~~~~~~~~~~~~~~[m[K
[18.016s] [01m[K/root/oxbot/src/ros2_ws/src/motion_control/src/MotionControllerNode.cpp:24:53:[m[K [01;35m[Kwarning: [m[KNULL used in arithmetic [[01;35m[K-Wpointer-arith[m[K]
[18.017s]          if (serial_comm_.front_wheels_serial_fh_ == [01;35m[KNULL[m[K)
[18.017s]                                                      [01;35m[K^~~~[m[K
[20.813s] CMakeFiles/motion_controller.dir/build.make:103: recipe for target 'CMakeFiles/motion_controller.dir/src/SerialCommunicator.cpp.o' failed
[20.814s] make[2]: *** [CMakeFiles/motion_controller.dir/src/SerialCommunicator.cpp.o] Error 1
[20.814s] make[2]: *** Waiting for unfinished jobs....
[22.638s] make[2]: *** [CMakeFiles/motion_controller.dir/src/MotionControllerNode.cpp.o] Error 1
[22.640s] CMakeFiles/motion_controller.dir/build.make:89: recipe for target 'CMakeFiles/motion_controller.dir/src/MotionControllerNode.cpp.o' failed
[22.641s] CMakeFiles/Makefile2:136: recipe for target 'CMakeFiles/motion_controller.dir/all' failed
[22.641s] Makefile:145: recipe for target 'all' failed
[22.642s] make[1]: *** [CMakeFiles/motion_controller.dir/all] Error 2
[22.642s] make: *** [all] Error 2
[22.666s] Invoked command in '/root/oxbot/src/ros2_ws/build/motion_control' returned '2': AMENT_PREFIX_PATH=/root/oxbot/src/ros2_ws/install/oxbot_interfaces:${AMENT_PREFIX_PATH} CMAKE_PREFIX_PATH=/root/oxbot/src/ros2_ws/install/oxbot_interfaces:${CMAKE_PREFIX_PATH} LD_LIBRARY_PATH=/root/oxbot/src/ros2_ws/install/oxbot_interfaces/lib:/opt/ros/humble/install/opt/rviz_ogre_vendor/lib:/opt/ros/humble/install/lib:/usr/local/cuda-10.2/targets/aarch64-linux/lib PYTHONPATH=/root/oxbot/src/ros2_ws/install/oxbot_interfaces/lib/python3.6/site-packages:${PYTHONPATH} /usr/local/bin/cmake --build /root/oxbot/src/ros2_ws/build/motion_control -- -j4 -l4
