-- Found ament_cmake: 1.3.5 (/opt/ros/humble/install/share/ament_cmake/cmake)
-- Found rclcpp: 16.0.5 (/opt/ros/humble/install/share/rclcpp/cmake)
-- Found rosidl_generator_c: 3.1.5 (/opt/ros/humble/install/share/rosidl_generator_c/cmake)
-- Found rosidl_adapter: 3.1.5 (/opt/ros/humble/install/share/rosidl_adapter/cmake)
-- Found rosidl_generator_cpp: 3.1.5 (/opt/ros/humble/install/share/rosidl_generator_cpp/cmake)
-- Using all available rosidl_typesupport_c: rosidl_typesupport_fastrtps_c;rosidl_typesupport_introspection_c
-- Using all available rosidl_typesupport_cpp: rosidl_typesupport_fastrtps_cpp;rosidl_typesupport_introspection_cpp
-- Found rmw_implementation_cmake: 6.1.1 (/opt/ros/humble/install/share/rmw_implementation_cmake/cmake)
-- Found rmw_cyclonedds_cpp: 1.3.4 (/opt/ros/humble/install/share/rmw_cyclonedds_cpp/cmake)
-- Using RMW implementation 'rmw_cyclonedds_cpp' as default
-- Found oxbot_interfaces: 0.0.0 (/root/oxbot/src/ros2_ws/install/oxbot_interfaces/share/oxbot_interfaces/cmake)
-- Found ament_lint_auto: 0.12.7 (/opt/ros/humble/install/share/ament_lint_auto/cmake)
-- Added test 'cppcheck' to perform static code analysis on C / C++ code
-- Configured cppcheck include dirs: 
-- Configured cppcheck exclude dirs and/or files: 
-- Added test 'lint_cmake' to check CMake code style
-- Added test 'uncrustify' to check C / C++ code style
-- Configured uncrustify additional arguments: 
-- Added test 'xmllint' to check XML markup files
-- Configuring done (4.2s)
-- Generating done (0.0s)
-- Build files have been written to: /root/oxbot/src/ros2_ws/build/motion_control
[ 50%] [32mBuilding CXX object CMakeFiles/motion_controller.dir/src/motion_controller.cpp.o[0m
[100%] [32m[1mLinking CXX executable motion_controller[0m
[100%] Built target motion_controller
-- Install configuration: ""
-- Installing: /root/oxbot/src/ros2_ws/install/motion_control/lib/motion_control/motion_controller
-- Set runtime path of "/root/oxbot/src/ros2_ws/install/motion_control/lib/motion_control/motion_controller" to ""
-- Installing: /root/oxbot/src/ros2_ws/install/motion_control/share/ament_index/resource_index/package_run_dependencies/motion_control
-- Installing: /root/oxbot/src/ros2_ws/install/motion_control/share/ament_index/resource_index/parent_prefix_path/motion_control
-- Installing: /root/oxbot/src/ros2_ws/install/motion_control/share/motion_control/environment/ament_prefix_path.sh
-- Installing: /root/oxbot/src/ros2_ws/install/motion_control/share/motion_control/environment/ament_prefix_path.dsv
-- Installing: /root/oxbot/src/ros2_ws/install/motion_control/share/motion_control/environment/path.sh
-- Installing: /root/oxbot/src/ros2_ws/install/motion_control/share/motion_control/environment/path.dsv
-- Installing: /root/oxbot/src/ros2_ws/install/motion_control/share/motion_control/local_setup.bash
-- Installing: /root/oxbot/src/ros2_ws/install/motion_control/share/motion_control/local_setup.sh
-- Installing: /root/oxbot/src/ros2_ws/install/motion_control/share/motion_control/local_setup.zsh
-- Installing: /root/oxbot/src/ros2_ws/install/motion_control/share/motion_control/local_setup.dsv
-- Installing: /root/oxbot/src/ros2_ws/install/motion_control/share/motion_control/package.dsv
-- Installing: /root/oxbot/src/ros2_ws/install/motion_control/share/ament_index/resource_index/packages/motion_control
-- Installing: /root/oxbot/src/ros2_ws/install/motion_control/share/motion_control/cmake/motion_controlConfig.cmake
-- Installing: /root/oxbot/src/ros2_ws/install/motion_control/share/motion_control/cmake/motion_controlConfig-version.cmake
-- Installing: /root/oxbot/src/ros2_ws/install/motion_control/share/motion_control/package.xml
