-- The C compiler identification is GNU 7.5.0
-- The CXX compiler identification is GNU 7.5.0
-- Detecting C compiler ABI info
-- Detecting C compiler ABI info - done
-- Check for working C compiler: /usr/bin/cc - skipped
-- Detecting C compile features
-- Detecting C compile features - done
-- Detecting CXX compiler ABI info
-- Detecting CXX compiler ABI info - done
-- Check for working CXX compiler: /usr/bin/c++ - skipped
-- Detecting CXX compile features
-- Detecting CXX compile features - done
-- Found ament_cmake: 1.3.5 (/opt/ros/humble/install/share/ament_cmake/cmake)
-- Found Python3: /usr/bin/python3.6 (found version "3.6.9") found components: Interpreter 
-- Found rclcpp: 16.0.5 (/opt/ros/humble/install/share/rclcpp/cmake)
-- Found rosidl_generator_c: 3.1.5 (/opt/ros/humble/install/share/rosidl_generator_c/cmake)
-- Found rosidl_adapter: 3.1.5 (/opt/ros/humble/install/share/rosidl_adapter/cmake)
-- Found rosidl_generator_cpp: 3.1.5 (/opt/ros/humble/install/share/rosidl_generator_cpp/cmake)
-- Using all available rosidl_typesupport_c: rosidl_typesupport_fastrtps_c;rosidl_typesupport_introspection_c
-- Using all available rosidl_typesupport_cpp: rosidl_typesupport_fastrtps_cpp;rosidl_typesupport_introspection_cpp
-- Found rmw_implementation_cmake: 6.1.1 (/opt/ros/humble/install/share/rmw_implementation_cmake/cmake)
-- Found rmw_cyclonedds_cpp: 1.3.4 (/opt/ros/humble/install/share/rmw_cyclonedds_cpp/cmake)
-- Using RMW implementation 'rmw_cyclonedds_cpp' as default
-- Performing Test CMAKE_HAVE_LIBC_PTHREAD
-- Performing Test CMAKE_HAVE_LIBC_PTHREAD - Failed
-- Looking for pthread_create in pthreads
-- Looking for pthread_create in pthreads - not found
-- Looking for pthread_create in pthread
-- Looking for pthread_create in pthread - found
-- Found Threads: TRUE  
-- Found sensor_msgs: 4.2.3 (/opt/ros/humble/install/share/sensor_msgs/cmake)
-- Found std_srvs: 4.2.3 (/opt/ros/humble/install/share/std_srvs/cmake)
-- Configuring done (19.4s)
-- Generating done (0.1s)
-- Build files have been written to: /root/oxbot/src/ros2_ws/src/build/rplidar_ros
[  2%] [32mBuilding CXX object CMakeFiles/rplidar_node.dir/src/rplidar_node.cpp.o[0m
[  5%] [32mBuilding CXX object CMakeFiles/rplidar_node.dir/sdk/src/arch/linux/net_serial.cpp.o[0m
[  7%] [32mBuilding CXX object CMakeFiles/rplidar_node.dir/sdk/src/arch/linux/net_socket.cpp.o[0m
[ 10%] [32mBuilding CXX object CMakeFiles/rplidar_node.dir/sdk/src/arch/linux/timer.cpp.o[0m
[ 13%] [32mBuilding CXX object CMakeFiles/rplidar_node.dir/sdk/src/dataunpacker/dataunpacker.cpp.o[0m
[ 15%] [32mBuilding CXX object CMakeFiles/rplidar_node.dir/sdk/src/dataunpacker/unpacker/handler_capsules.cpp.o[0m
[ 18%] [32mBuilding CXX object CMakeFiles/rplidar_node.dir/sdk/src/dataunpacker/unpacker/handler_hqnode.cpp.o[0m
[ 21%] [32mBuilding CXX object CMakeFiles/rplidar_node.dir/sdk/src/dataunpacker/unpacker/handler_normalnode.cpp.o[0m
[ 23%] [32mBuilding CXX object CMakeFiles/rplidar_node.dir/sdk/src/hal/thread.cpp.o[0m
[ 26%] [32mBuilding CXX object CMakeFiles/rplidar_node.dir/sdk/src/rplidar_driver.cpp.o[0m
[ 28%] [32mBuilding CXX object CMakeFiles/rplidar_node.dir/sdk/src/sl_async_transceiver.cpp.o[0m
[ 31%] [32mBuilding CXX object CMakeFiles/rplidar_node.dir/sdk/src/sl_crc.cpp.o[0m
[ 34%] [32mBuilding CXX object CMakeFiles/rplidar_node.dir/sdk/src/sl_lidar_driver.cpp.o[0m
[ 36%] [32mBuilding CXX object CMakeFiles/rplidar_node.dir/sdk/src/sl_lidarprotocol_codec.cpp.o[0m
[ 39%] [32mBuilding CXX object CMakeFiles/rplidar_node.dir/sdk/src/sl_serial_channel.cpp.o[0m
[ 42%] [32mBuilding CXX object CMakeFiles/rplidar_node.dir/sdk/src/sl_tcp_channel.cpp.o[0m
[ 44%] [32mBuilding CXX object CMakeFiles/rplidar_node.dir/sdk/src/sl_udp_channel.cpp.o[0m
[ 47%] [32m[1mLinking CXX executable rplidar_node[0m
[ 47%] Built target rplidar_node
[ 50%] [32mBuilding CXX object CMakeFiles/rplidar_client.dir/src/rplidar_client.cpp.o[0m
[ 52%] [32m[1mLinking CXX executable rplidar_client[0m
[ 52%] Built target rplidar_client
[ 55%] [32mBuilding CXX object CMakeFiles/rplidar_composition.dir/src/rplidar_node.cpp.o[0m
[ 57%] [32mBuilding CXX object CMakeFiles/rplidar_composition.dir/sdk/src/arch/linux/timer.cpp.o[0m
[ 60%] [32mBuilding CXX object CMakeFiles/rplidar_composition.dir/sdk/src/dataunpacker/dataunpacker.cpp.o[0m
[ 63%] [32mBuilding CXX object CMakeFiles/rplidar_composition.dir/sdk/src/dataunpacker/unpacker/handler_capsules.cpp.o[0m
[ 65%] [32mBuilding CXX object CMakeFiles/rplidar_composition.dir/sdk/src/dataunpacker/unpacker/handler_hqnode.cpp.o[0m
[ 68%] [32mBuilding CXX object CMakeFiles/rplidar_composition.dir/sdk/src/dataunpacker/unpacker/handler_normalnode.cpp.o[0m
[ 71%] [32mBuilding CXX object CMakeFiles/rplidar_composition.dir/sdk/src/hal/thread.cpp.o[0m
[ 73%] [32mBuilding CXX object CMakeFiles/rplidar_composition.dir/sdk/src/rplidar_driver.cpp.o[0m
[ 76%] [32mBuilding CXX object CMakeFiles/rplidar_composition.dir/sdk/src/sl_async_transceiver.cpp.o[0m
[ 78%] [32mBuilding CXX object CMakeFiles/rplidar_composition.dir/sdk/src/sl_crc.cpp.o[0m
[ 81%] [32mBuilding CXX object CMakeFiles/rplidar_composition.dir/sdk/src/sl_lidar_driver.cpp.o[0m
[ 84%] [32mBuilding CXX object CMakeFiles/rplidar_composition.dir/sdk/src/sl_lidarprotocol_codec.cpp.o[0m
[ 86%] [32mBuilding CXX object CMakeFiles/rplidar_composition.dir/sdk/src/sl_serial_channel.cpp.o[0m
[ 89%] [32mBuilding CXX object CMakeFiles/rplidar_composition.dir/sdk/src/sl_tcp_channel.cpp.o[0m
[ 92%] [32mBuilding CXX object CMakeFiles/rplidar_composition.dir/sdk/src/sl_udp_channel.cpp.o[0m
[ 94%] [32mBuilding CXX object CMakeFiles/rplidar_composition.dir/sdk/src/arch/linux/net_socket.cpp.o[0m
[ 97%] [32mBuilding CXX object CMakeFiles/rplidar_composition.dir/sdk/src/arch/linux/net_serial.cpp.o[0m
[100%] [32m[1mLinking CXX executable rplidar_composition[0m
[100%] Built target rplidar_composition
-- Install configuration: ""
-- Installing: /root/oxbot/src/ros2_ws/src/install/rplidar_ros/share/rplidar_ros/launch
-- Installing: /root/oxbot/src/ros2_ws/src/install/rplidar_ros/share/rplidar_ros/launch/view_rplidar_c1_launch.py
-- Installing: /root/oxbot/src/ros2_ws/src/install/rplidar_ros/share/rplidar_ros/launch/rplidar_a2m8_launch.py
-- Installing: /root/oxbot/src/ros2_ws/src/install/rplidar_ros/share/rplidar_ros/launch/rplidar_s1_launch.py
-- Installing: /root/oxbot/src/ros2_ws/src/install/rplidar_ros/share/rplidar_ros/launch/rplidar_a2m12_launch.py
-- Installing: /root/oxbot/src/ros2_ws/src/install/rplidar_ros/share/rplidar_ros/launch/view_rplidar_a2m12_launch.py
-- Installing: /root/oxbot/src/ros2_ws/src/install/rplidar_ros/share/rplidar_ros/launch/view_rplidar_a3_launch.py
-- Installing: /root/oxbot/src/ros2_ws/src/install/rplidar_ros/share/rplidar_ros/launch/view_rplidar_s3_launch.py
-- Installing: /root/oxbot/src/ros2_ws/src/install/rplidar_ros/share/rplidar_ros/launch/rplidar_a2m7_launch.py
-- Installing: /root/oxbot/src/ros2_ws/src/install/rplidar_ros/share/rplidar_ros/launch/view_rplidar_a1_launch.py
-- Installing: /root/oxbot/src/ros2_ws/src/install/rplidar_ros/share/rplidar_ros/launch/rplidar_s3_launch.py
-- Installing: /root/oxbot/src/ros2_ws/src/install/rplidar_ros/share/rplidar_ros/launch/rplidar_t1_launch.py
-- Installing: /root/oxbot/src/ros2_ws/src/install/rplidar_ros/share/rplidar_ros/launch/view_rplidar_s2e_launch.py
-- Installing: /root/oxbot/src/ros2_ws/src/install/rplidar_ros/share/rplidar_ros/launch/view_rplidar_t1_launch.py
-- Installing: /root/oxbot/src/ros2_ws/src/install/rplidar_ros/share/rplidar_ros/launch/view_rplidar_a2m8_launch.py
-- Installing: /root/oxbot/src/ros2_ws/src/install/rplidar_ros/share/rplidar_ros/launch/rplidar_s2_launch.py
-- Installing: /root/oxbot/src/ros2_ws/src/install/rplidar_ros/share/rplidar_ros/launch/rplidar_s1_tcp_launch.py
-- Installing: /root/oxbot/src/ros2_ws/src/install/rplidar_ros/share/rplidar_ros/launch/view_rplidar_a2m7_launch.py
-- Installing: /root/oxbot/src/ros2_ws/src/install/rplidar_ros/share/rplidar_ros/launch/rplidar_a3_launch.py
-- Installing: /root/oxbot/src/ros2_ws/src/install/rplidar_ros/share/rplidar_ros/launch/rplidar_a1_launch.py
-- Installing: /root/oxbot/src/ros2_ws/src/install/rplidar_ros/share/rplidar_ros/launch/view_rplidar_s2_launch.py
-- Installing: /root/oxbot/src/ros2_ws/src/install/rplidar_ros/share/rplidar_ros/launch/view_rplidar_s1_tcp_launch.py
-- Installing: /root/oxbot/src/ros2_ws/src/install/rplidar_ros/share/rplidar_ros/launch/rplidar_c1_launch.py
-- Installing: /root/oxbot/src/ros2_ws/src/install/rplidar_ros/share/rplidar_ros/launch/view_rplidar_s1_launch.py
-- Installing: /root/oxbot/src/ros2_ws/src/install/rplidar_ros/share/rplidar_ros/launch/rplidar_s2e_launch.py
-- Installing: /root/oxbot/src/ros2_ws/src/install/rplidar_ros/share/rplidar_ros/rviz
-- Installing: /root/oxbot/src/ros2_ws/src/install/rplidar_ros/share/rplidar_ros/rviz/rplidar_ros.rviz
-- Installing: /root/oxbot/src/ros2_ws/src/install/rplidar_ros/lib/rplidar_ros/rplidar_node
-- Set runtime path of "/root/oxbot/src/ros2_ws/src/install/rplidar_ros/lib/rplidar_ros/rplidar_node" to ""
-- Installing: /root/oxbot/src/ros2_ws/src/install/rplidar_ros/lib/rplidar_ros/rplidar_composition
-- Set runtime path of "/root/oxbot/src/ros2_ws/src/install/rplidar_ros/lib/rplidar_ros/rplidar_composition" to ""
-- Installing: /root/oxbot/src/ros2_ws/src/install/rplidar_ros/lib/rplidar_ros/rplidar_client
-- Set runtime path of "/root/oxbot/src/ros2_ws/src/install/rplidar_ros/lib/rplidar_ros/rplidar_client" to ""
-- Installing: /root/oxbot/src/ros2_ws/src/install/rplidar_ros/share/ament_index/resource_index/package_run_dependencies/rplidar_ros
-- Installing: /root/oxbot/src/ros2_ws/src/install/rplidar_ros/share/ament_index/resource_index/parent_prefix_path/rplidar_ros
-- Installing: /root/oxbot/src/ros2_ws/src/install/rplidar_ros/share/rplidar_ros/environment/ament_prefix_path.sh
-- Installing: /root/oxbot/src/ros2_ws/src/install/rplidar_ros/share/rplidar_ros/environment/ament_prefix_path.dsv
-- Installing: /root/oxbot/src/ros2_ws/src/install/rplidar_ros/share/rplidar_ros/environment/path.sh
-- Installing: /root/oxbot/src/ros2_ws/src/install/rplidar_ros/share/rplidar_ros/environment/path.dsv
-- Installing: /root/oxbot/src/ros2_ws/src/install/rplidar_ros/share/rplidar_ros/local_setup.bash
-- Installing: /root/oxbot/src/ros2_ws/src/install/rplidar_ros/share/rplidar_ros/local_setup.sh
-- Installing: /root/oxbot/src/ros2_ws/src/install/rplidar_ros/share/rplidar_ros/local_setup.zsh
-- Installing: /root/oxbot/src/ros2_ws/src/install/rplidar_ros/share/rplidar_ros/local_setup.dsv
-- Installing: /root/oxbot/src/ros2_ws/src/install/rplidar_ros/share/rplidar_ros/package.dsv
-- Installing: /root/oxbot/src/ros2_ws/src/install/rplidar_ros/share/ament_index/resource_index/packages/rplidar_ros
-- Installing: /root/oxbot/src/ros2_ws/src/install/rplidar_ros/share/rplidar_ros/cmake/ament_cmake_export_dependencies-extras.cmake
-- Installing: /root/oxbot/src/ros2_ws/src/install/rplidar_ros/share/rplidar_ros/cmake/ament_cmake_export_include_directories-extras.cmake
-- Installing: /root/oxbot/src/ros2_ws/src/install/rplidar_ros/share/rplidar_ros/cmake/rplidar_rosConfig.cmake
-- Installing: /root/oxbot/src/ros2_ws/src/install/rplidar_ros/share/rplidar_ros/cmake/rplidar_rosConfig-version.cmake
-- Installing: /root/oxbot/src/ros2_ws/src/install/rplidar_ros/share/rplidar_ros/package.xml
