[2.773s] DEBUG:colcon:Command line arguments: ['/usr/bin/colcon', 'build', '--packages-select', 'motion_control']
[2.773s] DEBUG:colcon:Parsed command line arguments: Namespace(ament_cmake_args=None, base_paths=['.'], build_base='build', catkin_cmake_args=None, catkin_skip_building_tests=False, cmake_args=None, cmake_clean_cache=False, cmake_clean_first=False, cmake_force_configure=False, cmake_target=None, cmake_target_skip_unavailable=False, continue_on_error=False, event_handlers=None, executor='parallel', ignore_user_meta=False, install_base='install', log_base=None, log_level=None, main=<bound method BuildVerb.main of <colcon_core.verb.build.BuildVerb object at 0x7fb62952e8>>, merge_install=False, metas=['./colcon.meta'], packages_above=None, packages_above_and_dependencies=None, packages_above_depth=None, packages_end=None, packages_ignore=None, packages_ignore_regex=None, packages_select=['motion_control'], packages_select_build_failed=False, packages_select_by_dep=None, packages_select_regex=None, packages_select_test_failures=False, packages_skip=None, packages_skip_build_finished=False, packages_skip_by_dep=None, packages_skip_regex=None, packages_skip_test_passed=False, packages_skip_up_to=None, packages_start=None, packages_up_to=None, packages_up_to_regex=None, parallel_workers=4, paths=None, symlink_install=False, test_result_base=None, verb_extension=<colcon_core.verb.build.BuildVerb object at 0x7fb62952e8>, verb_name='build', verb_parser=<colcon_defaults.argument_parser.defaults.DefaultArgumentsDecorator object at 0x7fb61b2eb8>)
[2.966s] Level 1:colcon.colcon_core.package_discovery:discover_packages(colcon_meta) check parameters
[2.967s] Level 1:colcon.colcon_core.package_discovery:discover_packages(recursive) check parameters
[2.967s] Level 1:colcon.colcon_core.package_discovery:discover_packages(ignore) check parameters
[2.967s] Level 1:colcon.colcon_core.package_discovery:discover_packages(path) check parameters
[2.967s] Level 1:colcon.colcon_core.package_discovery:discover_packages(colcon_meta) discover
[2.969s] Level 1:colcon.colcon_core.package_discovery:discover_packages(recursive) discover
[2.969s] INFO:colcon.colcon_core.package_discovery:Crawling recursively for packages in '/root/oxbot/src/ros2_ws'
[2.970s] Level 1:colcon.colcon_core.package_identification:_identify(.) by extensions ['ignore', 'ignore_ament_install']
[2.970s] Level 1:colcon.colcon_core.package_identification:_identify(.) by extension 'ignore'
[2.970s] Level 1:colcon.colcon_core.package_identification:_identify(.) by extension 'ignore_ament_install'
[2.971s] Level 1:colcon.colcon_core.package_identification:_identify(.) by extensions ['colcon_pkg']
[2.971s] Level 1:colcon.colcon_core.package_identification:_identify(.) by extension 'colcon_pkg'
[2.971s] Level 1:colcon.colcon_core.package_identification:_identify(.) by extensions ['colcon_meta']
[2.972s] Level 1:colcon.colcon_core.package_identification:_identify(.) by extension 'colcon_meta'
[2.972s] Level 1:colcon.colcon_core.package_identification:_identify(.) by extensions ['ros']
[2.972s] Level 1:colcon.colcon_core.package_identification:_identify(.) by extension 'ros'
[3.166s] Level 1:colcon.colcon_core.package_identification:_identify(.) by extensions ['cmake', 'python']
[3.167s] Level 1:colcon.colcon_core.package_identification:_identify(.) by extension 'cmake'
[3.167s] Level 1:colcon.colcon_core.package_identification:_identify(.) by extension 'python'
[3.167s] Level 1:colcon.colcon_core.package_identification:_identify(.) by extensions ['python_setup_py']
[3.167s] Level 1:colcon.colcon_core.package_identification:_identify(.) by extension 'python_setup_py'
[3.168s] Level 1:colcon.colcon_core.package_identification:_identify(build) by extensions ['ignore', 'ignore_ament_install']
[3.169s] Level 1:colcon.colcon_core.package_identification:_identify(build) by extension 'ignore'
[3.169s] Level 1:colcon.colcon_core.package_identification:_identify(build) ignored
[3.171s] Level 1:colcon.colcon_core.package_identification:_identify(install) by extensions ['ignore', 'ignore_ament_install']
[3.171s] Level 1:colcon.colcon_core.package_identification:_identify(install) by extension 'ignore'
[3.171s] Level 1:colcon.colcon_core.package_identification:_identify(install) ignored
[3.172s] Level 1:colcon.colcon_core.package_identification:_identify(log) by extensions ['ignore', 'ignore_ament_install']
[3.173s] Level 1:colcon.colcon_core.package_identification:_identify(log) by extension 'ignore'
[3.173s] Level 1:colcon.colcon_core.package_identification:_identify(log) ignored
[3.173s] Level 1:colcon.colcon_core.package_identification:_identify(src) by extensions ['ignore', 'ignore_ament_install']
[3.174s] Level 1:colcon.colcon_core.package_identification:_identify(src) by extension 'ignore'
[3.174s] Level 1:colcon.colcon_core.package_identification:_identify(src) by extension 'ignore_ament_install'
[3.175s] Level 1:colcon.colcon_core.package_identification:_identify(src) by extensions ['colcon_pkg']
[3.175s] Level 1:colcon.colcon_core.package_identification:_identify(src) by extension 'colcon_pkg'
[3.175s] Level 1:colcon.colcon_core.package_identification:_identify(src) by extensions ['colcon_meta']
[3.175s] Level 1:colcon.colcon_core.package_identification:_identify(src) by extension 'colcon_meta'
[3.175s] Level 1:colcon.colcon_core.package_identification:_identify(src) by extensions ['ros']
[3.176s] Level 1:colcon.colcon_core.package_identification:_identify(src) by extension 'ros'
[3.176s] Level 1:colcon.colcon_core.package_identification:_identify(src) by extensions ['cmake', 'python']
[3.176s] Level 1:colcon.colcon_core.package_identification:_identify(src) by extension 'cmake'
[3.177s] Level 1:colcon.colcon_core.package_identification:_identify(src) by extension 'python'
[3.177s] Level 1:colcon.colcon_core.package_identification:_identify(src) by extensions ['python_setup_py']
[3.177s] Level 1:colcon.colcon_core.package_identification:_identify(src) by extension 'python_setup_py'
[3.178s] Level 1:colcon.colcon_core.package_identification:_identify(src/motion_control) by extensions ['ignore', 'ignore_ament_install']
[3.178s] Level 1:colcon.colcon_core.package_identification:_identify(src/motion_control) by extension 'ignore'
[3.178s] Level 1:colcon.colcon_core.package_identification:_identify(src/motion_control) by extension 'ignore_ament_install'
[3.179s] Level 1:colcon.colcon_core.package_identification:_identify(src/motion_control) by extensions ['colcon_pkg']
[3.179s] Level 1:colcon.colcon_core.package_identification:_identify(src/motion_control) by extension 'colcon_pkg'
[3.179s] Level 1:colcon.colcon_core.package_identification:_identify(src/motion_control) by extensions ['colcon_meta']
[3.179s] Level 1:colcon.colcon_core.package_identification:_identify(src/motion_control) by extension 'colcon_meta'
[3.180s] Level 1:colcon.colcon_core.package_identification:_identify(src/motion_control) by extensions ['ros']
[3.180s] Level 1:colcon.colcon_core.package_identification:_identify(src/motion_control) by extension 'ros'
[3.193s] DEBUG:colcon.colcon_core.package_identification:Package 'src/motion_control' with type 'ros.ament_cmake' and name 'motion_control'
[3.193s] Level 1:colcon.colcon_core.package_identification:_identify(src/oxbot_bringup) by extensions ['ignore', 'ignore_ament_install']
[3.194s] Level 1:colcon.colcon_core.package_identification:_identify(src/oxbot_bringup) by extension 'ignore'
[3.194s] Level 1:colcon.colcon_core.package_identification:_identify(src/oxbot_bringup) by extension 'ignore_ament_install'
[3.194s] Level 1:colcon.colcon_core.package_identification:_identify(src/oxbot_bringup) by extensions ['colcon_pkg']
[3.194s] Level 1:colcon.colcon_core.package_identification:_identify(src/oxbot_bringup) by extension 'colcon_pkg'
[3.195s] Level 1:colcon.colcon_core.package_identification:_identify(src/oxbot_bringup) by extensions ['colcon_meta']
[3.195s] Level 1:colcon.colcon_core.package_identification:_identify(src/oxbot_bringup) by extension 'colcon_meta'
[3.195s] Level 1:colcon.colcon_core.package_identification:_identify(src/oxbot_bringup) by extensions ['ros']
[3.196s] Level 1:colcon.colcon_core.package_identification:_identify(src/oxbot_bringup) by extension 'ros'
[3.198s] DEBUG:colcon.colcon_core.package_identification:Package 'src/oxbot_bringup' with type 'ros.ament_cmake' and name 'oxbot_bringup'
[3.198s] Level 1:colcon.colcon_core.package_identification:_identify(src/oxbot_config) by extensions ['ignore', 'ignore_ament_install']
[3.199s] Level 1:colcon.colcon_core.package_identification:_identify(src/oxbot_config) by extension 'ignore'
[3.199s] Level 1:colcon.colcon_core.package_identification:_identify(src/oxbot_config) by extension 'ignore_ament_install'
[3.200s] Level 1:colcon.colcon_core.package_identification:_identify(src/oxbot_config) by extensions ['colcon_pkg']
[3.200s] Level 1:colcon.colcon_core.package_identification:_identify(src/oxbot_config) by extension 'colcon_pkg'
[3.200s] Level 1:colcon.colcon_core.package_identification:_identify(src/oxbot_config) by extensions ['colcon_meta']
[3.200s] Level 1:colcon.colcon_core.package_identification:_identify(src/oxbot_config) by extension 'colcon_meta'
[3.200s] Level 1:colcon.colcon_core.package_identification:_identify(src/oxbot_config) by extensions ['ros']
[3.201s] Level 1:colcon.colcon_core.package_identification:_identify(src/oxbot_config) by extension 'ros'
[3.203s] DEBUG:colcon.colcon_core.package_identification:Package 'src/oxbot_config' with type 'ros.ament_cmake' and name 'oxbot_config'
[3.203s] Level 1:colcon.colcon_core.package_identification:_identify(src/oxbot_interfaces) by extensions ['ignore', 'ignore_ament_install']
[3.204s] Level 1:colcon.colcon_core.package_identification:_identify(src/oxbot_interfaces) by extension 'ignore'
[3.204s] Level 1:colcon.colcon_core.package_identification:_identify(src/oxbot_interfaces) by extension 'ignore_ament_install'
[3.204s] Level 1:colcon.colcon_core.package_identification:_identify(src/oxbot_interfaces) by extensions ['colcon_pkg']
[3.205s] Level 1:colcon.colcon_core.package_identification:_identify(src/oxbot_interfaces) by extension 'colcon_pkg'
[3.205s] Level 1:colcon.colcon_core.package_identification:_identify(src/oxbot_interfaces) by extensions ['colcon_meta']
[3.205s] Level 1:colcon.colcon_core.package_identification:_identify(src/oxbot_interfaces) by extension 'colcon_meta'
[3.205s] Level 1:colcon.colcon_core.package_identification:_identify(src/oxbot_interfaces) by extensions ['ros']
[3.206s] Level 1:colcon.colcon_core.package_identification:_identify(src/oxbot_interfaces) by extension 'ros'
[3.208s] DEBUG:colcon.colcon_core.package_identification:Package 'src/oxbot_interfaces' with type 'ros.ament_cmake' and name 'oxbot_interfaces'
[3.208s] Level 1:colcon.colcon_core.package_discovery:discover_packages(recursive) using defaults
[3.209s] Level 1:colcon.colcon_core.package_discovery:discover_packages(ignore) discover
[3.210s] Level 1:colcon.colcon_core.package_discovery:discover_packages(ignore) using defaults
[3.210s] Level 1:colcon.colcon_core.package_discovery:discover_packages(path) discover
[3.210s] Level 1:colcon.colcon_core.package_discovery:discover_packages(path) using defaults
[3.405s] INFO:colcon.colcon_core.package_selection:Skipping not selected package 'oxbot_bringup' in 'src/oxbot_bringup'
[3.405s] INFO:colcon.colcon_core.package_selection:Skipping not selected package 'oxbot_config' in 'src/oxbot_config'
[3.406s] INFO:colcon.colcon_core.package_selection:Skipping not selected package 'oxbot_interfaces' in 'src/oxbot_interfaces'
[3.423s] Level 5:colcon.colcon_core.verb:set package 'motion_control' build argument 'cmake_args' from command line to 'None'
[3.424s] Level 5:colcon.colcon_core.verb:set package 'motion_control' build argument 'cmake_target' from command line to 'None'
[3.424s] Level 5:colcon.colcon_core.verb:set package 'motion_control' build argument 'cmake_target_skip_unavailable' from command line to 'False'
[3.424s] Level 5:colcon.colcon_core.verb:set package 'motion_control' build argument 'cmake_clean_cache' from command line to 'False'
[3.424s] Level 5:colcon.colcon_core.verb:set package 'motion_control' build argument 'cmake_clean_first' from command line to 'False'
[3.424s] Level 5:colcon.colcon_core.verb:set package 'motion_control' build argument 'cmake_force_configure' from command line to 'False'
[3.424s] Level 5:colcon.colcon_core.verb:set package 'motion_control' build argument 'ament_cmake_args' from command line to 'None'
[3.425s] Level 5:colcon.colcon_core.verb:set package 'motion_control' build argument 'catkin_cmake_args' from command line to 'None'
[3.425s] Level 5:colcon.colcon_core.verb:set package 'motion_control' build argument 'catkin_skip_building_tests' from command line to 'False'
[3.425s] DEBUG:colcon.colcon_core.verb:Building package 'motion_control' with the following arguments: {'ament_cmake_args': None, 'build_base': '/root/oxbot/src/ros2_ws/build/motion_control', 'catkin_cmake_args': None, 'catkin_skip_building_tests': False, 'cmake_args': None, 'cmake_clean_cache': False, 'cmake_clean_first': False, 'cmake_force_configure': False, 'cmake_target': None, 'cmake_target_skip_unavailable': False, 'install_base': '/root/oxbot/src/ros2_ws/install/motion_control', 'merge_install': False, 'path': '/root/oxbot/src/ros2_ws/src/motion_control', 'symlink_install': False, 'test_result_base': None}
[3.440s] INFO:colcon.colcon_core.executor:Executing jobs using 'parallel' executor
[3.535s] DEBUG:colcon.colcon_parallel_executor.executor.parallel:run_until_complete
[3.536s] INFO:colcon.colcon_ros.task.ament_cmake.build:Building ROS package in '/root/oxbot/src/ros2_ws/src/motion_control' with build type 'ament_cmake'
[3.537s] INFO:colcon.colcon_cmake.task.cmake.build:Building CMake package in '/root/oxbot/src/ros2_ws/src/motion_control'
[3.595s] INFO:colcon.colcon_core.plugin_system:Skipping extension 'colcon_core.shell.bat': Not used on non-Windows systems
[3.597s] INFO:colcon.colcon_core.shell:Skip shell extension 'powershell' for command environment: Not usable outside of PowerShell
[3.598s] DEBUG:colcon.colcon_core.shell:Skip shell extension 'dsv' for command environment
[3.714s] DEBUG:colcon.colcon_core.event_handler.log_command:Invoking command in '/root/oxbot/src/ros2_ws/build/motion_control': AMENT_PREFIX_PATH=/root/oxbot/src/ros2_ws/install/oxbot_interfaces:${AMENT_PREFIX_PATH} CMAKE_PREFIX_PATH=/root/oxbot/src/ros2_ws/install/oxbot_interfaces:${CMAKE_PREFIX_PATH} LD_LIBRARY_PATH=/root/oxbot/src/ros2_ws/install/oxbot_interfaces/lib:/opt/ros/humble/install/opt/rviz_ogre_vendor/lib:/opt/ros/humble/install/lib:/usr/local/cuda-10.2/targets/aarch64-linux/lib PYTHONPATH=/root/oxbot/src/ros2_ws/install/oxbot_interfaces/lib/python3.6/site-packages:${PYTHONPATH} /usr/local/bin/cmake --build /root/oxbot/src/ros2_ws/build/motion_control -- -j4 -l4
[21.095s] DEBUG:colcon.colcon_core.event_handler.log_command:Invoked command in '/root/oxbot/src/ros2_ws/build/motion_control' returned '2': AMENT_PREFIX_PATH=/root/oxbot/src/ros2_ws/install/oxbot_interfaces:${AMENT_PREFIX_PATH} CMAKE_PREFIX_PATH=/root/oxbot/src/ros2_ws/install/oxbot_interfaces:${CMAKE_PREFIX_PATH} LD_LIBRARY_PATH=/root/oxbot/src/ros2_ws/install/oxbot_interfaces/lib:/opt/ros/humble/install/opt/rviz_ogre_vendor/lib:/opt/ros/humble/install/lib:/usr/local/cuda-10.2/targets/aarch64-linux/lib PYTHONPATH=/root/oxbot/src/ros2_ws/install/oxbot_interfaces/lib/python3.6/site-packages:${PYTHONPATH} /usr/local/bin/cmake --build /root/oxbot/src/ros2_ws/build/motion_control -- -j4 -l4
[21.350s] Level 1:colcon.colcon_core.environment:create_environment_scripts_only(motion_control)
[21.418s] Level 1:colcon.colcon_core.environment:checking '/root/oxbot/src/ros2_ws/install/motion_control' for CMake module files
[21.422s] Level 1:colcon.colcon_core.environment:checking '/root/oxbot/src/ros2_ws/install/motion_control' for CMake config files
[21.423s] Level 1:colcon.colcon_core.shell:create_environment_hook('motion_control', 'cmake_prefix_path')
[21.459s] INFO:colcon.colcon_core.shell:Creating environment hook '/root/oxbot/src/ros2_ws/install/motion_control/share/motion_control/hook/cmake_prefix_path.ps1'
[21.463s] INFO:colcon.colcon_core.shell:Creating environment descriptor '/root/oxbot/src/ros2_ws/install/motion_control/share/motion_control/hook/cmake_prefix_path.dsv'
[21.466s] INFO:colcon.colcon_core.shell:Creating environment hook '/root/oxbot/src/ros2_ws/install/motion_control/share/motion_control/hook/cmake_prefix_path.sh'
[21.472s] Level 1:colcon.colcon_core.environment:checking '/root/oxbot/src/ros2_ws/install/motion_control/lib'
[21.473s] Level 1:colcon.colcon_core.environment:checking '/root/oxbot/src/ros2_ws/install/motion_control/bin'
[21.473s] Level 1:colcon.colcon_core.environment:checking '/root/oxbot/src/ros2_ws/install/motion_control/lib/pkgconfig/motion_control.pc'
[21.474s] Level 1:colcon.colcon_core.environment:checking '/root/oxbot/src/ros2_ws/install/motion_control/lib/python3.6/site-packages'
[21.475s] Level 1:colcon.colcon_core.environment:checking '/root/oxbot/src/ros2_ws/install/motion_control/bin'
[21.512s] INFO:colcon.colcon_core.shell:Creating package script '/root/oxbot/src/ros2_ws/install/motion_control/share/motion_control/package.ps1'
[21.517s] INFO:colcon.colcon_core.shell:Creating package descriptor '/root/oxbot/src/ros2_ws/install/motion_control/share/motion_control/package.dsv'
[21.520s] INFO:colcon.colcon_core.shell:Creating package script '/root/oxbot/src/ros2_ws/install/motion_control/share/motion_control/package.sh'
[21.525s] INFO:colcon.colcon_core.shell:Creating package script '/root/oxbot/src/ros2_ws/install/motion_control/share/motion_control/package.bash'
[21.529s] INFO:colcon.colcon_core.shell:Creating package script '/root/oxbot/src/ros2_ws/install/motion_control/share/motion_control/package.zsh'
[21.534s] Level 1:colcon.colcon_core.environment:create_file_with_runtime_dependencies(/root/oxbot/src/ros2_ws/install/motion_control/share/colcon-core/packages/motion_control)
[21.547s] DEBUG:colcon.colcon_parallel_executor.executor.parallel:closing loop
[21.548s] DEBUG:colcon.colcon_parallel_executor.executor.parallel:loop closed
[21.548s] DEBUG:colcon.colcon_parallel_executor.executor.parallel:run_until_complete finished with '2'
[21.549s] DEBUG:colcon.colcon_core.event_reactor:joining thread
[21.574s] INFO:colcon.colcon_core.plugin_system:Skipping extension 'colcon_notification.desktop_notification.notify_send': Could not find 'notify-send'
[21.575s] INFO:colcon.colcon_core.plugin_system:Skipping extension 'colcon_notification.desktop_notification.terminal_notifier': Not used on non-Darwin systems
[21.575s] INFO:colcon.colcon_core.plugin_system:Skipping extension 'colcon_notification.desktop_notification.win32': Not used on non-Windows systems
[21.575s] INFO:colcon.colcon_notification.desktop_notification:Sending desktop notification using 'notify2'
[21.581s] DEBUG:colcon.colcon_notification.desktop_notification.notify2:Failed to initialize notify2: org.freedesktop.DBus.Error.Spawn.ExecFailed: /usr/bin/dbus-launch terminated abnormally without any error message
[21.582s] DEBUG:colcon.colcon_core.event_reactor:joined thread
[21.620s] INFO:colcon.colcon_core.shell:Creating prefix script '/root/oxbot/src/ros2_ws/install/local_setup.ps1'
[21.626s] INFO:colcon.colcon_core.shell:Creating prefix util module '/root/oxbot/src/ros2_ws/install/_local_setup_util_ps1.py'
[21.635s] INFO:colcon.colcon_core.shell:Creating prefix chain script '/root/oxbot/src/ros2_ws/install/setup.ps1'
[21.648s] INFO:colcon.colcon_core.shell:Creating prefix script '/root/oxbot/src/ros2_ws/install/local_setup.sh'
[21.651s] INFO:colcon.colcon_core.shell:Creating prefix util module '/root/oxbot/src/ros2_ws/install/_local_setup_util_sh.py'
[21.653s] INFO:colcon.colcon_core.shell:Creating prefix chain script '/root/oxbot/src/ros2_ws/install/setup.sh'
[21.667s] INFO:colcon.colcon_core.shell:Creating prefix script '/root/oxbot/src/ros2_ws/install/local_setup.bash'
[21.669s] INFO:colcon.colcon_core.shell:Creating prefix chain script '/root/oxbot/src/ros2_ws/install/setup.bash'
[21.682s] INFO:colcon.colcon_core.shell:Creating prefix script '/root/oxbot/src/ros2_ws/install/local_setup.zsh'
[21.684s] INFO:colcon.colcon_core.shell:Creating prefix chain script '/root/oxbot/src/ros2_ws/install/setup.zsh'
