-- The C compiler identification is GNU 7.5.0
-- The CXX compiler identification is GNU 7.5.0
-- Detecting C compiler ABI info
-- Detecting C compiler ABI info - done
-- Check for working C compiler: /usr/bin/cc - skipped
-- Detecting C compile features
-- Detecting C compile features - done
-- Detecting CXX compiler ABI info
-- Detecting CXX compiler ABI info - done
-- Check for working CXX compiler: /usr/bin/c++ - skipped
-- Detecting CXX compile features
-- Detecting CXX compile features - done
-- Found ament_cmake: 1.3.5 (/opt/ros/humble/install/share/ament_cmake/cmake)
-- Found Python3: /usr/bin/python3.6 (found version "3.6.9") found components: Interpreter 
-- Override CMake install command with custom implementation using symlinks instead of copying resources
-- Configuring done (6.8s)
-- Generating done (0.0s)
-- Build files have been written to: /root/oxbot/src/ros2_ws/build/oxbot_bringup
-- Install configuration: ""
-- Execute custom install script
-- Symlinking: /root/oxbot/src/ros2_ws/install/oxbot_bringup/share/oxbot_bringup/launch/motor_testing.launch.py
-- Symlinking: /root/oxbot/src/ros2_ws/install/oxbot_bringup/share/ament_index/resource_index/package_run_dependencies/oxbot_bringup
-- Symlinking: /root/oxbot/src/ros2_ws/install/oxbot_bringup/share/ament_index/resource_index/parent_prefix_path/oxbot_bringup
-- Symlinking: /root/oxbot/src/ros2_ws/install/oxbot_bringup/share/oxbot_bringup/environment/ament_prefix_path.sh
-- Symlinking: /root/oxbot/src/ros2_ws/install/oxbot_bringup/share/oxbot_bringup/environment/ament_prefix_path.dsv
-- Symlinking: /root/oxbot/src/ros2_ws/install/oxbot_bringup/share/oxbot_bringup/environment/path.sh
-- Symlinking: /root/oxbot/src/ros2_ws/install/oxbot_bringup/share/oxbot_bringup/environment/path.dsv
-- Symlinking: /root/oxbot/src/ros2_ws/install/oxbot_bringup/share/oxbot_bringup/local_setup.bash
-- Symlinking: /root/oxbot/src/ros2_ws/install/oxbot_bringup/share/oxbot_bringup/local_setup.sh
-- Symlinking: /root/oxbot/src/ros2_ws/install/oxbot_bringup/share/oxbot_bringup/local_setup.zsh
-- Symlinking: /root/oxbot/src/ros2_ws/install/oxbot_bringup/share/oxbot_bringup/local_setup.dsv
-- Symlinking: /root/oxbot/src/ros2_ws/install/oxbot_bringup/share/oxbot_bringup/package.dsv
-- Symlinking: /root/oxbot/src/ros2_ws/install/oxbot_bringup/share/ament_index/resource_index/packages/oxbot_bringup
-- Symlinking: /root/oxbot/src/ros2_ws/install/oxbot_bringup/share/oxbot_bringup/cmake/oxbot_bringupConfig.cmake
-- Symlinking: /root/oxbot/src/ros2_ws/install/oxbot_bringup/share/oxbot_bringup/cmake/oxbot_bringupConfig-version.cmake
-- Symlinking: /root/oxbot/src/ros2_ws/install/oxbot_bringup/share/oxbot_bringup/package.xml
