[0.157s] Invoking command in '/root/oxbot/src/ros2_ws/build/oxbot_bringup': /usr/local/bin/cmake /root/oxbot/src/ros2_ws/src/oxbot_bringup -DAMENT_CMAKE_SYMLINK_INSTALL=1 -DCMAKE_INSTALL_PREFIX=/root/oxbot/src/ros2_ws/install/oxbot_bringup
[0.488s] -- The C compiler identification is GNU 7.5.0
[0.690s] -- The CXX compiler identification is GNU 7.5.0
[0.759s] -- Detecting C compiler ABI info
[0.978s] -- Detecting C compiler ABI info - done
[1.032s] -- Check for working C compiler: /usr/bin/cc - skipped
[1.033s] -- Detecting C compile features
[1.035s] -- Detecting C compile features - done
[1.077s] -- Detecting CXX compiler ABI info
[1.315s] -- Detecting CXX compiler ABI info - done
[1.369s] -- Check for working CXX compiler: /usr/bin/c++ - skipped
[1.370s] -- Detecting CXX compile features
[1.372s] -- Detecting CXX compile features - done
[1.391s] -- Found ament_cmake: 1.3.5 (/opt/ros/humble/install/share/ament_cmake/cmake)
[6.004s] -- Found Python3: /usr/bin/python3.6 (found version "3.6.9") found components: Interpreter 
[6.437s] -- Override CMake install command with custom implementation using symlinks instead of copying resources
[7.136s] -- Configuring done (6.8s)
[7.148s] -- Generating done (0.0s)
[7.154s] -- Build files have been written to: /root/oxbot/src/ros2_ws/build/oxbot_bringup
[7.190s] Invoked command in '/root/oxbot/src/ros2_ws/build/oxbot_bringup' returned '0': /usr/local/bin/cmake /root/oxbot/src/ros2_ws/src/oxbot_bringup -DAMENT_CMAKE_SYMLINK_INSTALL=1 -DCMAKE_INSTALL_PREFIX=/root/oxbot/src/ros2_ws/install/oxbot_bringup
[7.200s] Invoking command in '/root/oxbot/src/ros2_ws/build/oxbot_bringup': /usr/local/bin/cmake --build /root/oxbot/src/ros2_ws/build/oxbot_bringup -- -j4 -l4
[7.410s] Invoked command in '/root/oxbot/src/ros2_ws/build/oxbot_bringup' returned '0': /usr/local/bin/cmake --build /root/oxbot/src/ros2_ws/build/oxbot_bringup -- -j4 -l4
[7.805s] Invoking command in '/root/oxbot/src/ros2_ws/build/oxbot_bringup': /usr/local/bin/cmake --install /root/oxbot/src/ros2_ws/build/oxbot_bringup
[7.948s] -- Install configuration: ""
[7.950s] -- Execute custom install script
[7.951s] -- Symlinking: /root/oxbot/src/ros2_ws/install/oxbot_bringup/share/oxbot_bringup/launch/motor_testing.launch.py
[7.961s] -- Symlinking: /root/oxbot/src/ros2_ws/install/oxbot_bringup/share/ament_index/resource_index/package_run_dependencies/oxbot_bringup
[7.970s] -- Symlinking: /root/oxbot/src/ros2_ws/install/oxbot_bringup/share/ament_index/resource_index/parent_prefix_path/oxbot_bringup
[7.980s] -- Symlinking: /root/oxbot/src/ros2_ws/install/oxbot_bringup/share/oxbot_bringup/environment/ament_prefix_path.sh
[7.989s] -- Symlinking: /root/oxbot/src/ros2_ws/install/oxbot_bringup/share/oxbot_bringup/environment/ament_prefix_path.dsv
[7.998s] -- Symlinking: /root/oxbot/src/ros2_ws/install/oxbot_bringup/share/oxbot_bringup/environment/path.sh
[8.007s] -- Symlinking: /root/oxbot/src/ros2_ws/install/oxbot_bringup/share/oxbot_bringup/environment/path.dsv
[8.015s] -- Symlinking: /root/oxbot/src/ros2_ws/install/oxbot_bringup/share/oxbot_bringup/local_setup.bash
[8.024s] -- Symlinking: /root/oxbot/src/ros2_ws/install/oxbot_bringup/share/oxbot_bringup/local_setup.sh
[8.033s] -- Symlinking: /root/oxbot/src/ros2_ws/install/oxbot_bringup/share/oxbot_bringup/local_setup.zsh
[8.043s] -- Symlinking: /root/oxbot/src/ros2_ws/install/oxbot_bringup/share/oxbot_bringup/local_setup.dsv
[8.052s] -- Symlinking: /root/oxbot/src/ros2_ws/install/oxbot_bringup/share/oxbot_bringup/package.dsv
[8.061s] -- Symlinking: /root/oxbot/src/ros2_ws/install/oxbot_bringup/share/ament_index/resource_index/packages/oxbot_bringup
[8.071s] -- Symlinking: /root/oxbot/src/ros2_ws/install/oxbot_bringup/share/oxbot_bringup/cmake/oxbot_bringupConfig.cmake
[8.079s] -- Symlinking: /root/oxbot/src/ros2_ws/install/oxbot_bringup/share/oxbot_bringup/cmake/oxbot_bringupConfig-version.cmake
[8.089s] -- Symlinking: /root/oxbot/src/ros2_ws/install/oxbot_bringup/share/oxbot_bringup/package.xml
[8.125s] Invoked command in '/root/oxbot/src/ros2_ws/build/oxbot_bringup' returned '0': /usr/local/bin/cmake --install /root/oxbot/src/ros2_ws/build/oxbot_bringup
