[0.160s] Invoking command in '/root/oxbot/src/ros2_ws/build/motion_control': AMENT_PREFIX_PATH=/root/oxbot/src/ros2_ws/install/oxbot_interfaces:${AMENT_PREFIX_PATH} CMAKE_PREFIX_PATH=/root/oxbot/src/ros2_ws/install/oxbot_interfaces:${CMAKE_PREFIX_PATH} LD_LIBRARY_PATH=/root/oxbot/src/ros2_ws/install/oxbot_interfaces/lib:/opt/ros/humble/install/opt/rviz_ogre_vendor/lib:/opt/ros/humble/install/lib:/usr/local/cuda-10.2/targets/aarch64-linux/lib PYTHONPATH=/root/oxbot/src/ros2_ws/install/oxbot_interfaces/lib/python3.6/site-packages:${PYTHONPATH} /usr/local/bin/cmake --build /root/oxbot/src/ros2_ws/build/motion_control -- -j4 -l4
[0.462s] [ 25%] [32mBuilding CXX object CMakeFiles/motion_controller.dir/src/MotionControllerNode.cpp.o[0m
[0.463s] [ 50%] [32mBuilding CXX object CMakeFiles/motion_controller.dir/src/SerialCommunicator.cpp.o[0m
[13.182s] [01m[K/root/oxbot/src/ros2_ws/src/motion_control/src/SerialCommunicator.cpp:[m[K In constructor ‘[01m[KSerialCommunicator::SerialCommunicator()[m[K’:
[13.183s] [01m[K/root/oxbot/src/ros2_ws/src/motion_control/src/SerialCommunicator.cpp:34:35:[m[K [01;35m[Kwarning: [m[Kconverting to non-pointer type ‘[01m[Kint[m[K’ from NULL [[01;35m[K-Wconversion-null[m[K]
[13.184s]          front_wheels_serial_fh_ = [01;35m[KNULL[m[K;
[13.185s]                                    [01;35m[K^~~~[m[K
[13.187s] [01m[K/root/oxbot/src/ros2_ws/src/motion_control/src/SerialCommunicator.cpp:39:35:[m[K [01;35m[Kwarning: [m[Kconverting to non-pointer type ‘[01m[Kint[m[K’ from NULL [[01;35m[K-Wconversion-null[m[K]
[13.189s]          front_wheels_serial_fh_ = [01;35m[KNULL[m[K;
[13.191s]                                    [01;35m[K^~~~[m[K
[13.205s] [01m[K/root/oxbot/src/ros2_ws/src/motion_control/src/SerialCommunicator.cpp:[m[K In member function ‘[01m[Kint SerialCommunicator::sc_write(std::vector<unsigned char, std::allocator<unsigned char> >)[m[K’:
[13.205s] [01m[K/root/oxbot/src/ros2_ws/src/motion_control/src/SerialCommunicator.cpp:116:61:[m[K [01;35m[Kwarning: [m[Kunused parameter ‘[01m[Kwrite_buf[m[K’ [[01;35m[K-Wunused-parameter[m[K]
[13.206s]  int SerialCommunicator::sc_write(std::vector<unsigned char> [01;35m[Kwrite_buf[m[K)
[13.207s]                                                              [01;35m[K^~~~~~~~~[m[K
[22.252s] [ 75%] [32m[1mLinking CXX executable motion_controller[0m
[23.372s] CMakeFiles/motion_controller.dir/src/MotionControllerNode.cpp.o: In function `MotionControllerNode::MotionControllerNode()':
[23.372s] MotionControllerNode.cpp:(.text+0x550): undefined reference to `SerialCommunicator::operator=(SerialCommunicator&&)'
[23.373s] MotionControllerNode.cpp:(.text+0x558): undefined reference to `SerialCommunicator::~SerialCommunicator()'
[23.374s] MotionControllerNode.cpp:(.text+0x89c): undefined reference to `SerialCommunicator::~SerialCommunicator()'
[23.375s] CMakeFiles/motion_controller.dir/src/MotionControllerNode.cpp.o: In function `MotionControllerNode::~MotionControllerNode()':
[23.375s] MotionControllerNode.cpp:(.text._ZN20MotionControllerNodeD2Ev[_ZN20MotionControllerNodeD5Ev]+0x3c): undefined reference to `SerialCommunicator::~SerialCommunicator()'
[23.376s] collect2: error: ld returned 1 exit status
[23.376s] CMakeFiles/motion_controller.dir/build.make:190: recipe for target 'motion_controller' failed
[23.377s] make[2]: *** [motion_controller] Error 1
[23.377s] make[1]: *** [CMakeFiles/motion_controller.dir/all] Error 2
[23.378s] CMakeFiles/Makefile2:136: recipe for target 'CMakeFiles/motion_controller.dir/all' failed
[23.379s] Makefile:145: recipe for target 'all' failed
[23.379s] make: *** [all] Error 2
[23.400s] Invoked command in '/root/oxbot/src/ros2_ws/build/motion_control' returned '2': AMENT_PREFIX_PATH=/root/oxbot/src/ros2_ws/install/oxbot_interfaces:${AMENT_PREFIX_PATH} CMAKE_PREFIX_PATH=/root/oxbot/src/ros2_ws/install/oxbot_interfaces:${CMAKE_PREFIX_PATH} LD_LIBRARY_PATH=/root/oxbot/src/ros2_ws/install/oxbot_interfaces/lib:/opt/ros/humble/install/opt/rviz_ogre_vendor/lib:/opt/ros/humble/install/lib:/usr/local/cuda-10.2/targets/aarch64-linux/lib PYTHONPATH=/root/oxbot/src/ros2_ws/install/oxbot_interfaces/lib/python3.6/site-packages:${PYTHONPATH} /usr/local/bin/cmake --build /root/oxbot/src/ros2_ws/build/motion_control -- -j4 -l4
