[18.067s] DEBUG:colcon:Command line arguments: ['/usr/bin/colcon', 'build', '--packages-select', 'rplidar_ros']
[18.067s] DEBUG:colcon:Parsed command line arguments: Namespace(ament_cmake_args=None, base_paths=['.'], build_base='build', catkin_cmake_args=None, catkin_skip_building_tests=False, cmake_args=None, cmake_clean_cache=False, cmake_clean_first=False, cmake_force_configure=False, cmake_target=None, cmake_target_skip_unavailable=False, continue_on_error=False, event_handlers=None, executor='parallel', ignore_user_meta=False, install_base='install', log_base=None, log_level=None, main=<bound method BuildVerb.main of <colcon_core.verb.build.BuildVerb object at 0x7fb0896d68>>, merge_install=False, metas=['./colcon.meta'], packages_above=None, packages_above_and_dependencies=None, packages_above_depth=None, packages_end=None, packages_ignore=None, packages_ignore_regex=None, packages_select=['rplidar_ros'], packages_select_build_failed=False, packages_select_by_dep=None, packages_select_regex=None, packages_select_test_failures=False, packages_skip=None, packages_skip_build_finished=False, packages_skip_by_dep=None, packages_skip_regex=None, packages_skip_test_passed=False, packages_skip_up_to=None, packages_start=None, packages_up_to=None, packages_up_to_regex=None, parallel_workers=4, paths=None, symlink_install=False, test_result_base=None, verb_extension=<colcon_core.verb.build.BuildVerb object at 0x7fb0896d68>, verb_name='build', verb_parser=<colcon_defaults.argument_parser.defaults.DefaultArgumentsDecorator object at 0x7fb080f438>)
[19.129s] Level 1:colcon.colcon_core.package_discovery:discover_packages(colcon_meta) check parameters
[19.129s] Level 1:colcon.colcon_core.package_discovery:discover_packages(recursive) check parameters
[19.130s] Level 1:colcon.colcon_core.package_discovery:discover_packages(ignore) check parameters
[19.130s] Level 1:colcon.colcon_core.package_discovery:discover_packages(path) check parameters
[19.130s] Level 1:colcon.colcon_core.package_discovery:discover_packages(colcon_meta) discover
[19.131s] Level 1:colcon.colcon_core.package_discovery:discover_packages(recursive) discover
[19.132s] INFO:colcon.colcon_core.package_discovery:Crawling recursively for packages in '/root/oxbot/src/ros2_ws/src'
[19.132s] Level 1:colcon.colcon_core.package_identification:_identify(.) by extensions ['ignore', 'ignore_ament_install']
[19.133s] Level 1:colcon.colcon_core.package_identification:_identify(.) by extension 'ignore'
[19.133s] Level 1:colcon.colcon_core.package_identification:_identify(.) by extension 'ignore_ament_install'
[19.133s] Level 1:colcon.colcon_core.package_identification:_identify(.) by extensions ['colcon_pkg']
[19.134s] Level 1:colcon.colcon_core.package_identification:_identify(.) by extension 'colcon_pkg'
[19.134s] Level 1:colcon.colcon_core.package_identification:_identify(.) by extensions ['colcon_meta']
[19.134s] Level 1:colcon.colcon_core.package_identification:_identify(.) by extension 'colcon_meta'
[19.134s] Level 1:colcon.colcon_core.package_identification:_identify(.) by extensions ['ros']
[19.135s] Level 1:colcon.colcon_core.package_identification:_identify(.) by extension 'ros'
[19.440s] Level 1:colcon.colcon_core.package_identification:_identify(.) by extensions ['cmake', 'python']
[20.749s] Level 1:colcon.colcon_core.package_identification:_identify(.) by extension 'cmake'
[20.749s] Level 1:colcon.colcon_core.package_identification:_identify(.) by extension 'python'
[20.750s] Level 1:colcon.colcon_core.package_identification:_identify(.) by extensions ['python_setup_py']
[20.750s] Level 1:colcon.colcon_core.package_identification:_identify(.) by extension 'python_setup_py'
[20.751s] Level 1:colcon.colcon_core.package_identification:_identify(build) by extensions ['ignore', 'ignore_ament_install']
[20.751s] Level 1:colcon.colcon_core.package_identification:_identify(build) by extension 'ignore'
[20.751s] Level 1:colcon.colcon_core.package_identification:_identify(build) ignored
[20.758s] Level 1:colcon.colcon_core.package_identification:_identify(install) by extensions ['ignore', 'ignore_ament_install']
[20.758s] Level 1:colcon.colcon_core.package_identification:_identify(install) by extension 'ignore'
[20.759s] Level 1:colcon.colcon_core.package_identification:_identify(install) ignored
[20.763s] Level 1:colcon.colcon_core.package_identification:_identify(log) by extensions ['ignore', 'ignore_ament_install']
[20.764s] Level 1:colcon.colcon_core.package_identification:_identify(log) by extension 'ignore'
[20.764s] Level 1:colcon.colcon_core.package_identification:_identify(log) ignored
[20.764s] Level 1:colcon.colcon_core.package_identification:_identify(motion_control) by extensions ['ignore', 'ignore_ament_install']
[20.765s] Level 1:colcon.colcon_core.package_identification:_identify(motion_control) by extension 'ignore'
[20.765s] Level 1:colcon.colcon_core.package_identification:_identify(motion_control) by extension 'ignore_ament_install'
[20.769s] Level 1:colcon.colcon_core.package_identification:_identify(motion_control) by extensions ['colcon_pkg']
[20.770s] Level 1:colcon.colcon_core.package_identification:_identify(motion_control) by extension 'colcon_pkg'
[20.770s] Level 1:colcon.colcon_core.package_identification:_identify(motion_control) by extensions ['colcon_meta']
[20.771s] Level 1:colcon.colcon_core.package_identification:_identify(motion_control) by extension 'colcon_meta'
[20.771s] Level 1:colcon.colcon_core.package_identification:_identify(motion_control) by extensions ['ros']
[20.771s] Level 1:colcon.colcon_core.package_identification:_identify(motion_control) by extension 'ros'
[20.813s] DEBUG:colcon.colcon_core.package_identification:Package 'motion_control' with type 'ros.ament_cmake' and name 'motion_control'
[20.814s] Level 1:colcon.colcon_core.package_identification:_identify(oxbot_bringup) by extensions ['ignore', 'ignore_ament_install']
[20.815s] Level 1:colcon.colcon_core.package_identification:_identify(oxbot_bringup) by extension 'ignore'
[20.815s] Level 1:colcon.colcon_core.package_identification:_identify(oxbot_bringup) by extension 'ignore_ament_install'
[20.815s] Level 1:colcon.colcon_core.package_identification:_identify(oxbot_bringup) by extensions ['colcon_pkg']
[20.819s] Level 1:colcon.colcon_core.package_identification:_identify(oxbot_bringup) by extension 'colcon_pkg'
[20.819s] Level 1:colcon.colcon_core.package_identification:_identify(oxbot_bringup) by extensions ['colcon_meta']
[20.819s] Level 1:colcon.colcon_core.package_identification:_identify(oxbot_bringup) by extension 'colcon_meta'
[20.820s] Level 1:colcon.colcon_core.package_identification:_identify(oxbot_bringup) by extensions ['ros']
[20.820s] Level 1:colcon.colcon_core.package_identification:_identify(oxbot_bringup) by extension 'ros'
[20.828s] DEBUG:colcon.colcon_core.package_identification:Package 'oxbot_bringup' with type 'ros.ament_cmake' and name 'oxbot_bringup'
[20.829s] Level 1:colcon.colcon_core.package_identification:_identify(oxbot_config) by extensions ['ignore', 'ignore_ament_install']
[20.829s] Level 1:colcon.colcon_core.package_identification:_identify(oxbot_config) by extension 'ignore'
[20.830s] Level 1:colcon.colcon_core.package_identification:_identify(oxbot_config) by extension 'ignore_ament_install'
[20.830s] Level 1:colcon.colcon_core.package_identification:_identify(oxbot_config) by extensions ['colcon_pkg']
[20.830s] Level 1:colcon.colcon_core.package_identification:_identify(oxbot_config) by extension 'colcon_pkg'
[20.834s] Level 1:colcon.colcon_core.package_identification:_identify(oxbot_config) by extensions ['colcon_meta']
[20.834s] Level 1:colcon.colcon_core.package_identification:_identify(oxbot_config) by extension 'colcon_meta'
[20.835s] Level 1:colcon.colcon_core.package_identification:_identify(oxbot_config) by extensions ['ros']
[20.835s] Level 1:colcon.colcon_core.package_identification:_identify(oxbot_config) by extension 'ros'
[20.841s] DEBUG:colcon.colcon_core.package_identification:Package 'oxbot_config' with type 'ros.ament_cmake' and name 'oxbot_config'
[20.845s] Level 1:colcon.colcon_core.package_identification:_identify(oxbot_interfaces) by extensions ['ignore', 'ignore_ament_install']
[20.846s] Level 1:colcon.colcon_core.package_identification:_identify(oxbot_interfaces) by extension 'ignore'
[20.848s] Level 1:colcon.colcon_core.package_identification:_identify(oxbot_interfaces) by extension 'ignore_ament_install'
[20.848s] Level 1:colcon.colcon_core.package_identification:_identify(oxbot_interfaces) by extensions ['colcon_pkg']
[20.848s] Level 1:colcon.colcon_core.package_identification:_identify(oxbot_interfaces) by extension 'colcon_pkg'
[20.849s] Level 1:colcon.colcon_core.package_identification:_identify(oxbot_interfaces) by extensions ['colcon_meta']
[20.849s] Level 1:colcon.colcon_core.package_identification:_identify(oxbot_interfaces) by extension 'colcon_meta'
[20.849s] Level 1:colcon.colcon_core.package_identification:_identify(oxbot_interfaces) by extensions ['ros']
[20.849s] Level 1:colcon.colcon_core.package_identification:_identify(oxbot_interfaces) by extension 'ros'
[20.857s] DEBUG:colcon.colcon_core.package_identification:Package 'oxbot_interfaces' with type 'ros.ament_cmake' and name 'oxbot_interfaces'
[20.860s] Level 1:colcon.colcon_core.package_identification:_identify(oxbot_testing) by extensions ['ignore', 'ignore_ament_install']
[20.861s] Level 1:colcon.colcon_core.package_identification:_identify(oxbot_testing) by extension 'ignore'
[20.861s] Level 1:colcon.colcon_core.package_identification:_identify(oxbot_testing) by extension 'ignore_ament_install'
[20.862s] Level 1:colcon.colcon_core.package_identification:_identify(oxbot_testing) by extensions ['colcon_pkg']
[20.862s] Level 1:colcon.colcon_core.package_identification:_identify(oxbot_testing) by extension 'colcon_pkg'
[20.862s] Level 1:colcon.colcon_core.package_identification:_identify(oxbot_testing) by extensions ['colcon_meta']
[20.862s] Level 1:colcon.colcon_core.package_identification:_identify(oxbot_testing) by extension 'colcon_meta'
[20.863s] Level 1:colcon.colcon_core.package_identification:_identify(oxbot_testing) by extensions ['ros']
[20.864s] Level 1:colcon.colcon_core.package_identification:_identify(oxbot_testing) by extension 'ros'
[20.872s] DEBUG:colcon.colcon_core.package_identification:Package 'oxbot_testing' with type 'ros.ament_cmake' and name 'oxbot_testing'
[20.873s] Level 1:colcon.colcon_core.package_identification:_identify(rplidar_ros) by extensions ['ignore', 'ignore_ament_install']
[20.874s] Level 1:colcon.colcon_core.package_identification:_identify(rplidar_ros) by extension 'ignore'
[20.875s] Level 1:colcon.colcon_core.package_identification:_identify(rplidar_ros) by extension 'ignore_ament_install'
[20.875s] Level 1:colcon.colcon_core.package_identification:_identify(rplidar_ros) by extensions ['colcon_pkg']
[20.875s] Level 1:colcon.colcon_core.package_identification:_identify(rplidar_ros) by extension 'colcon_pkg'
[20.876s] Level 1:colcon.colcon_core.package_identification:_identify(rplidar_ros) by extensions ['colcon_meta']
[20.876s] Level 1:colcon.colcon_core.package_identification:_identify(rplidar_ros) by extension 'colcon_meta'
[20.876s] Level 1:colcon.colcon_core.package_identification:_identify(rplidar_ros) by extensions ['ros']
[20.877s] Level 1:colcon.colcon_core.package_identification:_identify(rplidar_ros) by extension 'ros'
[20.888s] DEBUG:colcon.colcon_core.package_identification:Package 'rplidar_ros' with type 'ros.ament_cmake' and name 'rplidar_ros'
[20.889s] Level 1:colcon.colcon_core.package_discovery:discover_packages(recursive) using defaults
[20.892s] Level 1:colcon.colcon_core.package_discovery:discover_packages(ignore) discover
[20.892s] Level 1:colcon.colcon_core.package_discovery:discover_packages(ignore) using defaults
[20.893s] Level 1:colcon.colcon_core.package_discovery:discover_packages(path) discover
[20.893s] Level 1:colcon.colcon_core.package_discovery:discover_packages(path) using defaults
[22.561s] INFO:colcon.colcon_core.package_selection:Skipping not selected package 'oxbot_bringup' in 'oxbot_bringup'
[22.561s] INFO:colcon.colcon_core.package_selection:Skipping not selected package 'oxbot_config' in 'oxbot_config'
[22.561s] INFO:colcon.colcon_core.package_selection:Skipping not selected package 'oxbot_interfaces' in 'oxbot_interfaces'
[22.562s] INFO:colcon.colcon_core.package_selection:Skipping not selected package 'oxbot_testing' in 'oxbot_testing'
[22.562s] INFO:colcon.colcon_core.package_selection:Skipping not selected package 'motion_control' in 'motion_control'
[22.586s] Level 5:colcon.colcon_core.verb:set package 'rplidar_ros' build argument 'cmake_args' from command line to 'None'
[22.587s] Level 5:colcon.colcon_core.verb:set package 'rplidar_ros' build argument 'cmake_target' from command line to 'None'
[22.587s] Level 5:colcon.colcon_core.verb:set package 'rplidar_ros' build argument 'cmake_target_skip_unavailable' from command line to 'False'
[22.587s] Level 5:colcon.colcon_core.verb:set package 'rplidar_ros' build argument 'cmake_clean_cache' from command line to 'False'
[22.587s] Level 5:colcon.colcon_core.verb:set package 'rplidar_ros' build argument 'cmake_clean_first' from command line to 'False'
[22.587s] Level 5:colcon.colcon_core.verb:set package 'rplidar_ros' build argument 'cmake_force_configure' from command line to 'False'
[22.588s] Level 5:colcon.colcon_core.verb:set package 'rplidar_ros' build argument 'ament_cmake_args' from command line to 'None'
[22.588s] Level 5:colcon.colcon_core.verb:set package 'rplidar_ros' build argument 'catkin_cmake_args' from command line to 'None'
[22.588s] Level 5:colcon.colcon_core.verb:set package 'rplidar_ros' build argument 'catkin_skip_building_tests' from command line to 'False'
[22.588s] DEBUG:colcon.colcon_core.verb:Building package 'rplidar_ros' with the following arguments: {'ament_cmake_args': None, 'build_base': '/root/oxbot/src/ros2_ws/src/build/rplidar_ros', 'catkin_cmake_args': None, 'catkin_skip_building_tests': False, 'cmake_args': None, 'cmake_clean_cache': False, 'cmake_clean_first': False, 'cmake_force_configure': False, 'cmake_target': None, 'cmake_target_skip_unavailable': False, 'install_base': '/root/oxbot/src/ros2_ws/src/install/rplidar_ros', 'merge_install': False, 'path': '/root/oxbot/src/ros2_ws/src/rplidar_ros', 'symlink_install': False, 'test_result_base': None}
[22.607s] INFO:colcon.colcon_core.executor:Executing jobs using 'parallel' executor
[22.714s] DEBUG:colcon.colcon_parallel_executor.executor.parallel:run_until_complete
[22.715s] INFO:colcon.colcon_ros.task.ament_cmake.build:Building ROS package in '/root/oxbot/src/ros2_ws/src/rplidar_ros' with build type 'ament_cmake'
[22.716s] INFO:colcon.colcon_cmake.task.cmake.build:Building CMake package in '/root/oxbot/src/ros2_ws/src/rplidar_ros'
[22.812s] INFO:colcon.colcon_core.plugin_system:Skipping extension 'colcon_core.shell.bat': Not used on non-Windows systems
[22.816s] INFO:colcon.colcon_core.shell:Skip shell extension 'powershell' for command environment: Not usable outside of PowerShell
[22.816s] DEBUG:colcon.colcon_core.shell:Skip shell extension 'dsv' for command environment
[23.000s] DEBUG:colcon.colcon_core.event_handler.log_command:Invoking command in '/root/oxbot/src/ros2_ws/src/build/rplidar_ros': /usr/local/bin/cmake /root/oxbot/src/ros2_ws/src/rplidar_ros -DCMAKE_INSTALL_PREFIX=/root/oxbot/src/ros2_ws/src/install/rplidar_ros
[43.054s] DEBUG:colcon.colcon_core.event_handler.log_command:Invoked command in '/root/oxbot/src/ros2_ws/src/build/rplidar_ros' returned '0': /usr/local/bin/cmake /root/oxbot/src/ros2_ws/src/rplidar_ros -DCMAKE_INSTALL_PREFIX=/root/oxbot/src/ros2_ws/src/install/rplidar_ros
[43.056s] DEBUG:colcon.colcon_core.event_handler.log_command:Invoking command in '/root/oxbot/src/ros2_ws/src/build/rplidar_ros': /usr/local/bin/cmake --build /root/oxbot/src/ros2_ws/src/build/rplidar_ros -- -j4 -l4
[242.036s] DEBUG:colcon.colcon_core.event_handler.log_command:Invoked command in '/root/oxbot/src/ros2_ws/src/build/rplidar_ros' returned '0': /usr/local/bin/cmake --build /root/oxbot/src/ros2_ws/src/build/rplidar_ros -- -j4 -l4
[242.896s] DEBUG:colcon.colcon_core.event_handler.log_command:Invoking command in '/root/oxbot/src/ros2_ws/src/build/rplidar_ros': /usr/local/bin/cmake --install /root/oxbot/src/ros2_ws/src/build/rplidar_ros
[243.325s] Level 1:colcon.colcon_core.environment:create_environment_scripts_only(rplidar_ros)
[243.343s] DEBUG:colcon.colcon_core.event_handler.log_command:Invoked command in '/root/oxbot/src/ros2_ws/src/build/rplidar_ros' returned '0': /usr/local/bin/cmake --install /root/oxbot/src/ros2_ws/src/build/rplidar_ros
[243.449s] Level 1:colcon.colcon_core.environment:checking '/root/oxbot/src/ros2_ws/src/install/rplidar_ros' for CMake module files
[243.457s] Level 1:colcon.colcon_core.environment:checking '/root/oxbot/src/ros2_ws/src/install/rplidar_ros' for CMake config files
[243.459s] Level 1:colcon.colcon_core.shell:create_environment_hook('rplidar_ros', 'cmake_prefix_path')
[243.514s] INFO:colcon.colcon_core.shell:Creating environment hook '/root/oxbot/src/ros2_ws/src/install/rplidar_ros/share/rplidar_ros/hook/cmake_prefix_path.ps1'
[243.530s] INFO:colcon.colcon_core.shell:Creating environment descriptor '/root/oxbot/src/ros2_ws/src/install/rplidar_ros/share/rplidar_ros/hook/cmake_prefix_path.dsv'
[243.540s] INFO:colcon.colcon_core.shell:Creating environment hook '/root/oxbot/src/ros2_ws/src/install/rplidar_ros/share/rplidar_ros/hook/cmake_prefix_path.sh'
[243.553s] Level 1:colcon.colcon_core.environment:checking '/root/oxbot/src/ros2_ws/src/install/rplidar_ros/lib'
[243.554s] Level 1:colcon.colcon_core.environment:checking '/root/oxbot/src/ros2_ws/src/install/rplidar_ros/bin'
[243.554s] Level 1:colcon.colcon_core.environment:checking '/root/oxbot/src/ros2_ws/src/install/rplidar_ros/lib/pkgconfig/rplidar_ros.pc'
[243.555s] Level 1:colcon.colcon_core.environment:checking '/root/oxbot/src/ros2_ws/src/install/rplidar_ros/lib/python3.6/site-packages'
[243.556s] Level 1:colcon.colcon_core.environment:checking '/root/oxbot/src/ros2_ws/src/install/rplidar_ros/bin'
[243.600s] INFO:colcon.colcon_core.shell:Creating package script '/root/oxbot/src/ros2_ws/src/install/rplidar_ros/share/rplidar_ros/package.ps1'
[243.611s] INFO:colcon.colcon_core.shell:Creating package descriptor '/root/oxbot/src/ros2_ws/src/install/rplidar_ros/share/rplidar_ros/package.dsv'
[243.616s] INFO:colcon.colcon_core.shell:Creating package script '/root/oxbot/src/ros2_ws/src/install/rplidar_ros/share/rplidar_ros/package.sh'
[243.622s] INFO:colcon.colcon_core.shell:Creating package script '/root/oxbot/src/ros2_ws/src/install/rplidar_ros/share/rplidar_ros/package.bash'
[243.628s] INFO:colcon.colcon_core.shell:Creating package script '/root/oxbot/src/ros2_ws/src/install/rplidar_ros/share/rplidar_ros/package.zsh'
[243.634s] Level 1:colcon.colcon_core.environment:create_file_with_runtime_dependencies(/root/oxbot/src/ros2_ws/src/install/rplidar_ros/share/colcon-core/packages/rplidar_ros)
[244.426s] Level 1:colcon.colcon_core.environment:create_environment_scripts_only(rplidar_ros)
[244.495s] Level 1:colcon.colcon_core.environment:checking '/root/oxbot/src/ros2_ws/src/install/rplidar_ros' for CMake module files
[244.500s] Level 1:colcon.colcon_core.environment:checking '/root/oxbot/src/ros2_ws/src/install/rplidar_ros' for CMake config files
[244.502s] Level 1:colcon.colcon_core.shell:create_environment_hook('rplidar_ros', 'cmake_prefix_path')
[244.560s] INFO:colcon.colcon_core.shell:Creating environment hook '/root/oxbot/src/ros2_ws/src/install/rplidar_ros/share/rplidar_ros/hook/cmake_prefix_path.ps1'
[244.564s] INFO:colcon.colcon_core.shell:Creating environment descriptor '/root/oxbot/src/ros2_ws/src/install/rplidar_ros/share/rplidar_ros/hook/cmake_prefix_path.dsv'
[244.567s] INFO:colcon.colcon_core.shell:Creating environment hook '/root/oxbot/src/ros2_ws/src/install/rplidar_ros/share/rplidar_ros/hook/cmake_prefix_path.sh'
[244.572s] Level 1:colcon.colcon_core.environment:checking '/root/oxbot/src/ros2_ws/src/install/rplidar_ros/lib'
[244.573s] Level 1:colcon.colcon_core.environment:checking '/root/oxbot/src/ros2_ws/src/install/rplidar_ros/bin'
[244.574s] Level 1:colcon.colcon_core.environment:checking '/root/oxbot/src/ros2_ws/src/install/rplidar_ros/lib/pkgconfig/rplidar_ros.pc'
[244.575s] Level 1:colcon.colcon_core.environment:checking '/root/oxbot/src/ros2_ws/src/install/rplidar_ros/lib/python3.6/site-packages'
[244.576s] Level 1:colcon.colcon_core.environment:checking '/root/oxbot/src/ros2_ws/src/install/rplidar_ros/bin'
[244.626s] INFO:colcon.colcon_core.shell:Creating package script '/root/oxbot/src/ros2_ws/src/install/rplidar_ros/share/rplidar_ros/package.ps1'
[244.631s] INFO:colcon.colcon_core.shell:Creating package descriptor '/root/oxbot/src/ros2_ws/src/install/rplidar_ros/share/rplidar_ros/package.dsv'
[244.635s] INFO:colcon.colcon_core.shell:Creating package script '/root/oxbot/src/ros2_ws/src/install/rplidar_ros/share/rplidar_ros/package.sh'
[244.638s] INFO:colcon.colcon_core.shell:Creating package script '/root/oxbot/src/ros2_ws/src/install/rplidar_ros/share/rplidar_ros/package.bash'
[244.642s] INFO:colcon.colcon_core.shell:Creating package script '/root/oxbot/src/ros2_ws/src/install/rplidar_ros/share/rplidar_ros/package.zsh'
[244.648s] Level 1:colcon.colcon_core.environment:create_file_with_runtime_dependencies(/root/oxbot/src/ros2_ws/src/install/rplidar_ros/share/colcon-core/packages/rplidar_ros)
[244.653s] DEBUG:colcon.colcon_parallel_executor.executor.parallel:closing loop
[244.661s] DEBUG:colcon.colcon_parallel_executor.executor.parallel:loop closed
[244.661s] DEBUG:colcon.colcon_parallel_executor.executor.parallel:run_until_complete finished with '0'
[244.662s] DEBUG:colcon.colcon_core.event_reactor:joining thread
[245.022s] INFO:colcon.colcon_core.plugin_system:Skipping extension 'colcon_notification.desktop_notification.notify_send': Could not find 'notify-send'
[245.023s] INFO:colcon.colcon_core.plugin_system:Skipping extension 'colcon_notification.desktop_notification.terminal_notifier': Not used on non-Darwin systems
[245.024s] INFO:colcon.colcon_core.plugin_system:Skipping extension 'colcon_notification.desktop_notification.win32': Not used on non-Windows systems
[245.028s] INFO:colcon.colcon_notification.desktop_notification:Sending desktop notification using 'notify2'
[245.047s] DEBUG:colcon.colcon_notification.desktop_notification.notify2:Failed to initialize notify2: org.freedesktop.DBus.Error.Spawn.ExecFailed: /usr/bin/dbus-launch terminated abnormally without any error message
[245.049s] DEBUG:colcon.colcon_core.event_reactor:joined thread
[245.140s] INFO:colcon.colcon_core.shell:Creating prefix script '/root/oxbot/src/ros2_ws/src/install/local_setup.ps1'
[245.152s] INFO:colcon.colcon_core.shell:Creating prefix util module '/root/oxbot/src/ros2_ws/src/install/_local_setup_util_ps1.py'
[245.166s] INFO:colcon.colcon_core.shell:Creating prefix chain script '/root/oxbot/src/ros2_ws/src/install/setup.ps1'
[245.188s] INFO:colcon.colcon_core.shell:Creating prefix script '/root/oxbot/src/ros2_ws/src/install/local_setup.sh'
[245.195s] INFO:colcon.colcon_core.shell:Creating prefix util module '/root/oxbot/src/ros2_ws/src/install/_local_setup_util_sh.py'
[245.197s] INFO:colcon.colcon_core.shell:Creating prefix chain script '/root/oxbot/src/ros2_ws/src/install/setup.sh'
[245.223s] INFO:colcon.colcon_core.shell:Creating prefix script '/root/oxbot/src/ros2_ws/src/install/local_setup.bash'
[245.227s] INFO:colcon.colcon_core.shell:Creating prefix chain script '/root/oxbot/src/ros2_ws/src/install/setup.bash'
[245.248s] INFO:colcon.colcon_core.shell:Creating prefix script '/root/oxbot/src/ros2_ws/src/install/local_setup.zsh'
[245.256s] INFO:colcon.colcon_core.shell:Creating prefix chain script '/root/oxbot/src/ros2_ws/src/install/setup.zsh'
