[0.162s] Invoking command in '/root/oxbot/src/ros2_ws/build/oxbot_config': /usr/local/bin/cmake /root/oxbot/src/ros2_ws/src/oxbot_config -DCMAKE_INSTALL_PREFIX=/root/oxbot/src/ros2_ws/install/oxbot_config
[0.560s] -- The C compiler identification is GNU 7.5.0
[0.842s] -- The CXX compiler identification is GNU 7.5.0
[0.937s] -- Detecting C compiler ABI info
[1.251s] -- Detecting C compiler ABI info - done
[1.307s] -- Check for working C compiler: /usr/bin/cc - skipped
[1.308s] -- Detecting C compile features
[1.310s] -- Detecting C compile features - done
[1.376s] -- Detecting CXX compiler ABI info
[1.668s] -- Detecting CXX compiler ABI info - done
[1.761s] -- Check for working CXX compiler: /usr/bin/c++ - skipped
[1.763s] -- Detecting CXX compile features
[1.768s] -- Detecting CXX compile features - done
[1.790s] -- Found ament_cmake: 1.3.5 (/opt/ros/humble/install/share/ament_cmake/cmake)
[7.581s] -- Found Python3: /usr/bin/python3.6 (found version "3.6.9") found components: Interpreter 
[8.476s] -- Found rosidl_default_generators: 1.2.0 (/opt/ros/humble/install/share/rosidl_default_generators/cmake)
[8.500s] -- Using all available rosidl_typesupport_c: rosidl_typesupport_fastrtps_c;rosidl_typesupport_introspection_c
[8.561s] -- Found rosidl_adapter: 3.1.5 (/opt/ros/humble/install/share/rosidl_adapter/cmake)
[8.857s] -- Using all available rosidl_typesupport_cpp: rosidl_typesupport_fastrtps_cpp;rosidl_typesupport_introspection_cpp
[9.145s] -- Found ament_lint_auto: 0.12.7 (/opt/ros/humble/install/share/ament_lint_auto/cmake)
[10.057s] -- Added test 'cppcheck' to perform static code analysis on C / C++ code
[10.058s] -- Configured cppcheck include dirs: /root/oxbot/src/ros2_ws/src/oxbot_config/include
[10.059s] -- Configured cppcheck exclude dirs and/or files: 
[10.073s] -- Added test 'lint_cmake' to check CMake code style
[10.085s] -- Added test 'uncrustify' to check C / C++ code style
[10.086s] -- Configured uncrustify additional arguments: 
[10.091s] -- Added test 'xmllint' to check XML markup files
[10.100s] -- Configuring done (9.8s)
[10.119s] -- Generating done (0.0s)
[10.126s] -- Build files have been written to: /root/oxbot/src/ros2_ws/build/oxbot_config
[10.187s] Invoked command in '/root/oxbot/src/ros2_ws/build/oxbot_config' returned '0': /usr/local/bin/cmake /root/oxbot/src/ros2_ws/src/oxbot_config -DCMAKE_INSTALL_PREFIX=/root/oxbot/src/ros2_ws/install/oxbot_config
[10.190s] Invoking command in '/root/oxbot/src/ros2_ws/build/oxbot_config': /usr/local/bin/cmake --build /root/oxbot/src/ros2_ws/build/oxbot_config -- -j4 -l4
[10.833s] Invoked command in '/root/oxbot/src/ros2_ws/build/oxbot_config' returned '0': /usr/local/bin/cmake --build /root/oxbot/src/ros2_ws/build/oxbot_config -- -j4 -l4
[11.285s] Invoking command in '/root/oxbot/src/ros2_ws/build/oxbot_config': /usr/local/bin/cmake --install /root/oxbot/src/ros2_ws/build/oxbot_config
[11.451s] -- Install configuration: ""
[11.455s] -- Up-to-date: /root/oxbot/src/ros2_ws/install/oxbot_config/include/
[11.457s] -- Up-to-date: /root/oxbot/src/ros2_ws/install/oxbot_config/include//oxbot_config
[11.458s] -- Up-to-date: /root/oxbot/src/ros2_ws/install/oxbot_config/include//oxbot_config/oxbot_config.hpp
[11.459s] -- Installing: /root/oxbot/src/ros2_ws/install/oxbot_config/share/ament_index/resource_index/package_run_dependencies/oxbot_config
[11.459s] -- Installing: /root/oxbot/src/ros2_ws/install/oxbot_config/share/ament_index/resource_index/parent_prefix_path/oxbot_config
[11.460s] -- Up-to-date: /root/oxbot/src/ros2_ws/install/oxbot_config/share/oxbot_config/environment/ament_prefix_path.sh
[11.460s] -- Installing: /root/oxbot/src/ros2_ws/install/oxbot_config/share/oxbot_config/environment/ament_prefix_path.dsv
[11.469s] -- Up-to-date: /root/oxbot/src/ros2_ws/install/oxbot_config/share/oxbot_config/environment/path.sh
[11.470s] -- Installing: /root/oxbot/src/ros2_ws/install/oxbot_config/share/oxbot_config/environment/path.dsv
[11.471s] -- Installing: /root/oxbot/src/ros2_ws/install/oxbot_config/share/oxbot_config/local_setup.bash
[11.471s] -- Installing: /root/oxbot/src/ros2_ws/install/oxbot_config/share/oxbot_config/local_setup.sh
[11.472s] -- Installing: /root/oxbot/src/ros2_ws/install/oxbot_config/share/oxbot_config/local_setup.zsh
[11.472s] -- Installing: /root/oxbot/src/ros2_ws/install/oxbot_config/share/oxbot_config/local_setup.dsv
[11.473s] -- Installing: /root/oxbot/src/ros2_ws/install/oxbot_config/share/oxbot_config/package.dsv
[11.473s] -- Installing: /root/oxbot/src/ros2_ws/install/oxbot_config/share/ament_index/resource_index/packages/oxbot_config
[11.474s] -- Installing: /root/oxbot/src/ros2_ws/install/oxbot_config/share/oxbot_config/cmake/oxbot_configConfig.cmake
[11.475s] -- Installing: /root/oxbot/src/ros2_ws/install/oxbot_config/share/oxbot_config/cmake/oxbot_configConfig-version.cmake
[11.476s] -- Up-to-date: /root/oxbot/src/ros2_ws/install/oxbot_config/share/oxbot_config/package.xml
[11.488s] Invoked command in '/root/oxbot/src/ros2_ws/build/oxbot_config' returned '0': /usr/local/bin/cmake --install /root/oxbot/src/ros2_ws/build/oxbot_config
