[0.136s] Invoking command in '/root/oxbot/src/ros2_ws/build/motion_control': CMAKE_PREFIX_PATH=/root/oxbot/src/ros2_ws/install/oxbot_interfaces:/root/oxbot/src/ros2_ws/install/oxbot_startup:/root/oxbot/src/ros2_ws/install/motion_control:/root/oxbot/src/ros2_ws/install/oxbot_config:/root/oxbot/src/ros2_ws/install/oxbot_bringup:/opt/ros/humble/install LD_LIBRARY_PATH=/root/oxbot/src/ros2_ws/install/oxbot_interfaces/lib:/opt/ros/humble/install/opt/rviz_ogre_vendor/lib:/opt/ros/humble/install/lib:/usr/local/cuda-10.2/targets/aarch64-linux/lib /usr/local/bin/cmake --build /root/oxbot/src/ros2_ws/build/motion_control -- -j4 -l4
[0.448s] [ 25%] [32mBuilding CXX object CMakeFiles/motion_controller.dir/src/motion_controller.cpp.o[0m
[0.449s] [ 50%] [32mBuilding CXX object CMakeFiles/motion_controller.dir/src/MotionControllerNode.cpp.o[0m
[0.458s] [ 75%] [32mBuilding CXX object CMakeFiles/motion_controller.dir/src/SerialCommunicator.cpp.o[0m
[28.570s] [100%] [32m[1mLinking CXX executable motion_controller[0m
[29.448s] [100%] Built target motion_controller
[37.207s] Invoked command in '/root/oxbot/src/ros2_ws/build/motion_control' returned '0': CMAKE_PREFIX_PATH=/root/oxbot/src/ros2_ws/install/oxbot_interfaces:/root/oxbot/src/ros2_ws/install/oxbot_startup:/root/oxbot/src/ros2_ws/install/motion_control:/root/oxbot/src/ros2_ws/install/oxbot_config:/root/oxbot/src/ros2_ws/install/oxbot_bringup:/opt/ros/humble/install LD_LIBRARY_PATH=/root/oxbot/src/ros2_ws/install/oxbot_interfaces/lib:/opt/ros/humble/install/opt/rviz_ogre_vendor/lib:/opt/ros/humble/install/lib:/usr/local/cuda-10.2/targets/aarch64-linux/lib /usr/local/bin/cmake --build /root/oxbot/src/ros2_ws/build/motion_control -- -j4 -l4
[37.633s] Invoking command in '/root/oxbot/src/ros2_ws/build/motion_control': CMAKE_PREFIX_PATH=/root/oxbot/src/ros2_ws/install/oxbot_interfaces:/root/oxbot/src/ros2_ws/install/oxbot_startup:/root/oxbot/src/ros2_ws/install/motion_control:/root/oxbot/src/ros2_ws/install/oxbot_config:/root/oxbot/src/ros2_ws/install/oxbot_bringup:/opt/ros/humble/install LD_LIBRARY_PATH=/root/oxbot/src/ros2_ws/install/oxbot_interfaces/lib:/opt/ros/humble/install/opt/rviz_ogre_vendor/lib:/opt/ros/humble/install/lib:/usr/local/cuda-10.2/targets/aarch64-linux/lib /usr/local/bin/cmake --install /root/oxbot/src/ros2_ws/build/motion_control
[37.780s] -- Install configuration: ""
[37.787s] -- Installing: /root/oxbot/src/ros2_ws/install/motion_control/lib/motion_control/motion_controller
[37.797s] -- Set runtime path of "/root/oxbot/src/ros2_ws/install/motion_control/lib/motion_control/motion_controller" to ""
[37.803s] -- Up-to-date: /root/oxbot/src/ros2_ws/install/motion_control/share/ament_index/resource_index/package_run_dependencies/motion_control
[37.804s] -- Up-to-date: /root/oxbot/src/ros2_ws/install/motion_control/share/ament_index/resource_index/parent_prefix_path/motion_control
[37.804s] -- Up-to-date: /root/oxbot/src/ros2_ws/install/motion_control/share/motion_control/environment/ament_prefix_path.sh
[37.805s] -- Up-to-date: /root/oxbot/src/ros2_ws/install/motion_control/share/motion_control/environment/ament_prefix_path.dsv
[37.806s] -- Up-to-date: /root/oxbot/src/ros2_ws/install/motion_control/share/motion_control/environment/path.sh
[37.806s] -- Up-to-date: /root/oxbot/src/ros2_ws/install/motion_control/share/motion_control/environment/path.dsv
[37.807s] -- Up-to-date: /root/oxbot/src/ros2_ws/install/motion_control/share/motion_control/local_setup.bash
[37.807s] -- Up-to-date: /root/oxbot/src/ros2_ws/install/motion_control/share/motion_control/local_setup.sh
[37.808s] -- Up-to-date: /root/oxbot/src/ros2_ws/install/motion_control/share/motion_control/local_setup.zsh
[37.809s] -- Up-to-date: /root/oxbot/src/ros2_ws/install/motion_control/share/motion_control/local_setup.dsv
[37.809s] -- Installing: /root/oxbot/src/ros2_ws/install/motion_control/share/motion_control/package.dsv
[37.810s] -- Up-to-date: /root/oxbot/src/ros2_ws/install/motion_control/share/ament_index/resource_index/packages/motion_control
[37.810s] -- Up-to-date: /root/oxbot/src/ros2_ws/install/motion_control/share/motion_control/cmake/motion_controlConfig.cmake
[37.811s] -- Up-to-date: /root/oxbot/src/ros2_ws/install/motion_control/share/motion_control/cmake/motion_controlConfig-version.cmake
[37.811s] -- Up-to-date: /root/oxbot/src/ros2_ws/install/motion_control/share/motion_control/package.xml
[37.835s] Invoked command in '/root/oxbot/src/ros2_ws/build/motion_control' returned '0': CMAKE_PREFIX_PATH=/root/oxbot/src/ros2_ws/install/oxbot_interfaces:/root/oxbot/src/ros2_ws/install/oxbot_startup:/root/oxbot/src/ros2_ws/install/motion_control:/root/oxbot/src/ros2_ws/install/oxbot_config:/root/oxbot/src/ros2_ws/install/oxbot_bringup:/opt/ros/humble/install LD_LIBRARY_PATH=/root/oxbot/src/ros2_ws/install/oxbot_interfaces/lib:/opt/ros/humble/install/opt/rviz_ogre_vendor/lib:/opt/ros/humble/install/lib:/usr/local/cuda-10.2/targets/aarch64-linux/lib /usr/local/bin/cmake --install /root/oxbot/src/ros2_ws/build/motion_control
