[0.173s] Invoking command in '/root/oxbot/src/ros2_ws/build/motion_control': CMAKE_PREFIX_PATH=/root/oxbot/src/ros2_ws/install/oxbot_interfaces:/root/oxbot/src/ros2_ws/install/oxbot_startup:/root/oxbot/src/ros2_ws/install/motion_control:/root/oxbot/src/ros2_ws/install/oxbot_config:/root/oxbot/src/ros2_ws/install/oxbot_bringup:/opt/ros/humble/install LD_LIBRARY_PATH=/root/oxbot/src/ros2_ws/install/oxbot_interfaces/lib:/opt/ros/humble/install/opt/rviz_ogre_vendor/lib:/opt/ros/humble/install/lib:/usr/local/cuda-10.2/targets/aarch64-linux/lib /usr/local/bin/cmake --build /root/oxbot/src/ros2_ws/build/motion_control -- -j4 -l4
[0.482s] [ 20%] [32mBuilding CXX object CMakeFiles/motion_controller.dir/src/MotionControllerNode.cpp.o[0m
[21.420s] [ 40%] [32m[1mLinking CXX executable motion_controller[0m
[22.283s] [100%] Built target motion_controller
[22.331s] Invoked command in '/root/oxbot/src/ros2_ws/build/motion_control' returned '0': CMAKE_PREFIX_PATH=/root/oxbot/src/ros2_ws/install/oxbot_interfaces:/root/oxbot/src/ros2_ws/install/oxbot_startup:/root/oxbot/src/ros2_ws/install/motion_control:/root/oxbot/src/ros2_ws/install/oxbot_config:/root/oxbot/src/ros2_ws/install/oxbot_bringup:/opt/ros/humble/install LD_LIBRARY_PATH=/root/oxbot/src/ros2_ws/install/oxbot_interfaces/lib:/opt/ros/humble/install/opt/rviz_ogre_vendor/lib:/opt/ros/humble/install/lib:/usr/local/cuda-10.2/targets/aarch64-linux/lib /usr/local/bin/cmake --build /root/oxbot/src/ros2_ws/build/motion_control -- -j4 -l4
[22.758s] Invoking command in '/root/oxbot/src/ros2_ws/build/motion_control': CMAKE_PREFIX_PATH=/root/oxbot/src/ros2_ws/install/oxbot_interfaces:/root/oxbot/src/ros2_ws/install/oxbot_startup:/root/oxbot/src/ros2_ws/install/motion_control:/root/oxbot/src/ros2_ws/install/oxbot_config:/root/oxbot/src/ros2_ws/install/oxbot_bringup:/opt/ros/humble/install LD_LIBRARY_PATH=/root/oxbot/src/ros2_ws/install/oxbot_interfaces/lib:/opt/ros/humble/install/opt/rviz_ogre_vendor/lib:/opt/ros/humble/install/lib:/usr/local/cuda-10.2/targets/aarch64-linux/lib /usr/local/bin/cmake --install /root/oxbot/src/ros2_ws/build/motion_control
[22.923s] -- Install configuration: ""
[22.924s] -- Installing: /root/oxbot/src/ros2_ws/install/motion_control/lib/motion_control/motion_controller
[22.932s] -- Set runtime path of "/root/oxbot/src/ros2_ws/install/motion_control/lib/motion_control/motion_controller" to ""
[22.934s] -- Up-to-date: /root/oxbot/src/ros2_ws/install/motion_control/share/ament_index/resource_index/package_run_dependencies/motion_control
[22.934s] -- Up-to-date: /root/oxbot/src/ros2_ws/install/motion_control/share/ament_index/resource_index/parent_prefix_path/motion_control
[22.936s] -- Up-to-date: /root/oxbot/src/ros2_ws/install/motion_control/share/motion_control/environment/ament_prefix_path.sh
[22.937s] -- Up-to-date: /root/oxbot/src/ros2_ws/install/motion_control/share/motion_control/environment/ament_prefix_path.dsv
[22.937s] -- Up-to-date: /root/oxbot/src/ros2_ws/install/motion_control/share/motion_control/environment/path.sh
[22.938s] -- Up-to-date: /root/oxbot/src/ros2_ws/install/motion_control/share/motion_control/environment/path.dsv
[22.939s] -- Up-to-date: /root/oxbot/src/ros2_ws/install/motion_control/share/motion_control/local_setup.bash
[22.939s] -- Up-to-date: /root/oxbot/src/ros2_ws/install/motion_control/share/motion_control/local_setup.sh
[22.940s] -- Up-to-date: /root/oxbot/src/ros2_ws/install/motion_control/share/motion_control/local_setup.zsh
[22.940s] -- Up-to-date: /root/oxbot/src/ros2_ws/install/motion_control/share/motion_control/local_setup.dsv
[22.941s] -- Installing: /root/oxbot/src/ros2_ws/install/motion_control/share/motion_control/package.dsv
[22.942s] -- Up-to-date: /root/oxbot/src/ros2_ws/install/motion_control/share/ament_index/resource_index/packages/motion_control
[22.942s] -- Up-to-date: /root/oxbot/src/ros2_ws/install/motion_control/share/motion_control/cmake/motion_controlConfig.cmake
[22.943s] -- Up-to-date: /root/oxbot/src/ros2_ws/install/motion_control/share/motion_control/cmake/motion_controlConfig-version.cmake
[22.943s] -- Up-to-date: /root/oxbot/src/ros2_ws/install/motion_control/share/motion_control/package.xml
[22.970s] Invoked command in '/root/oxbot/src/ros2_ws/build/motion_control' returned '0': CMAKE_PREFIX_PATH=/root/oxbot/src/ros2_ws/install/oxbot_interfaces:/root/oxbot/src/ros2_ws/install/oxbot_startup:/root/oxbot/src/ros2_ws/install/motion_control:/root/oxbot/src/ros2_ws/install/oxbot_config:/root/oxbot/src/ros2_ws/install/oxbot_bringup:/opt/ros/humble/install LD_LIBRARY_PATH=/root/oxbot/src/ros2_ws/install/oxbot_interfaces/lib:/opt/ros/humble/install/opt/rviz_ogre_vendor/lib:/opt/ros/humble/install/lib:/usr/local/cuda-10.2/targets/aarch64-linux/lib /usr/local/bin/cmake --install /root/oxbot/src/ros2_ws/build/motion_control
