[2.802s] DEBUG:colcon:Command line arguments: ['/usr/bin/colcon', 'build', '--packages-select', 'oxbot_startup']
[2.802s] DEBUG:colcon:Parsed command line arguments: Namespace(ament_cmake_args=None, base_paths=['.'], build_base='build', catkin_cmake_args=None, catkin_skip_building_tests=False, cmake_args=None, cmake_clean_cache=False, cmake_clean_first=False, cmake_force_configure=False, cmake_target=None, cmake_target_skip_unavailable=False, continue_on_error=False, event_handlers=None, executor='parallel', ignore_user_meta=False, install_base='install', log_base=None, log_level=None, main=<bound method BuildVerb.main of <colcon_core.verb.build.BuildVerb object at 0x7f7b15f748>>, merge_install=False, metas=['./colcon.meta'], packages_above=None, packages_above_and_dependencies=None, packages_above_depth=None, packages_end=None, packages_ignore=None, packages_ignore_regex=None, packages_select=['oxbot_startup'], packages_select_build_failed=False, packages_select_by_dep=None, packages_select_regex=None, packages_select_test_failures=False, packages_skip=None, packages_skip_build_finished=False, packages_skip_by_dep=None, packages_skip_regex=None, packages_skip_test_passed=False, packages_skip_up_to=None, packages_start=None, packages_up_to=None, packages_up_to_regex=None, parallel_workers=4, paths=None, symlink_install=False, test_result_base=None, verb_extension=<colcon_core.verb.build.BuildVerb object at 0x7f7b15f748>, verb_name='build', verb_parser=<colcon_defaults.argument_parser.defaults.DefaultArgumentsDecorator object at 0x7f7ab030b8>)
[2.998s] Level 1:colcon.colcon_core.package_discovery:discover_packages(colcon_meta) check parameters
[2.999s] Level 1:colcon.colcon_core.package_discovery:discover_packages(recursive) check parameters
[2.999s] Level 1:colcon.colcon_core.package_discovery:discover_packages(ignore) check parameters
[2.999s] Level 1:colcon.colcon_core.package_discovery:discover_packages(path) check parameters
[2.999s] Level 1:colcon.colcon_core.package_discovery:discover_packages(colcon_meta) discover
[3.001s] Level 1:colcon.colcon_core.package_discovery:discover_packages(recursive) discover
[3.001s] INFO:colcon.colcon_core.package_discovery:Crawling recursively for packages in '/root/oxbot/src/ros2_ws'
[3.001s] Level 1:colcon.colcon_core.package_identification:_identify(.) by extensions ['ignore', 'ignore_ament_install']
[3.002s] Level 1:colcon.colcon_core.package_identification:_identify(.) by extension 'ignore'
[3.002s] Level 1:colcon.colcon_core.package_identification:_identify(.) by extension 'ignore_ament_install'
[3.003s] Level 1:colcon.colcon_core.package_identification:_identify(.) by extensions ['colcon_pkg']
[3.003s] Level 1:colcon.colcon_core.package_identification:_identify(.) by extension 'colcon_pkg'
[3.003s] Level 1:colcon.colcon_core.package_identification:_identify(.) by extensions ['colcon_meta']
[3.003s] Level 1:colcon.colcon_core.package_identification:_identify(.) by extension 'colcon_meta'
[3.003s] Level 1:colcon.colcon_core.package_identification:_identify(.) by extensions ['ros']
[3.004s] Level 1:colcon.colcon_core.package_identification:_identify(.) by extension 'ros'
[3.188s] Level 1:colcon.colcon_core.package_identification:_identify(.) by extensions ['cmake', 'python']
[3.189s] Level 1:colcon.colcon_core.package_identification:_identify(.) by extension 'cmake'
[3.189s] Level 1:colcon.colcon_core.package_identification:_identify(.) by extension 'python'
[3.189s] Level 1:colcon.colcon_core.package_identification:_identify(.) by extensions ['python_setup_py']
[3.190s] Level 1:colcon.colcon_core.package_identification:_identify(.) by extension 'python_setup_py'
[3.190s] Level 1:colcon.colcon_core.package_identification:_identify(build) by extensions ['ignore', 'ignore_ament_install']
[3.191s] Level 1:colcon.colcon_core.package_identification:_identify(build) by extension 'ignore'
[3.191s] Level 1:colcon.colcon_core.package_identification:_identify(build) ignored
[3.193s] Level 1:colcon.colcon_core.package_identification:_identify(install) by extensions ['ignore', 'ignore_ament_install']
[3.193s] Level 1:colcon.colcon_core.package_identification:_identify(install) by extension 'ignore'
[3.194s] Level 1:colcon.colcon_core.package_identification:_identify(install) ignored
[3.194s] Level 1:colcon.colcon_core.package_identification:_identify(log) by extensions ['ignore', 'ignore_ament_install']
[3.195s] Level 1:colcon.colcon_core.package_identification:_identify(log) by extension 'ignore'
[3.195s] Level 1:colcon.colcon_core.package_identification:_identify(log) ignored
[3.195s] Level 1:colcon.colcon_core.package_identification:_identify(src) by extensions ['ignore', 'ignore_ament_install']
[3.196s] Level 1:colcon.colcon_core.package_identification:_identify(src) by extension 'ignore'
[3.196s] Level 1:colcon.colcon_core.package_identification:_identify(src) by extension 'ignore_ament_install'
[3.197s] Level 1:colcon.colcon_core.package_identification:_identify(src) by extensions ['colcon_pkg']
[3.197s] Level 1:colcon.colcon_core.package_identification:_identify(src) by extension 'colcon_pkg'
[3.197s] Level 1:colcon.colcon_core.package_identification:_identify(src) by extensions ['colcon_meta']
[3.197s] Level 1:colcon.colcon_core.package_identification:_identify(src) by extension 'colcon_meta'
[3.198s] Level 1:colcon.colcon_core.package_identification:_identify(src) by extensions ['ros']
[3.198s] Level 1:colcon.colcon_core.package_identification:_identify(src) by extension 'ros'
[3.198s] Level 1:colcon.colcon_core.package_identification:_identify(src) by extensions ['cmake', 'python']
[3.198s] Level 1:colcon.colcon_core.package_identification:_identify(src) by extension 'cmake'
[3.199s] Level 1:colcon.colcon_core.package_identification:_identify(src) by extension 'python'
[3.199s] Level 1:colcon.colcon_core.package_identification:_identify(src) by extensions ['python_setup_py']
[3.199s] Level 1:colcon.colcon_core.package_identification:_identify(src) by extension 'python_setup_py'
[3.200s] Level 1:colcon.colcon_core.package_identification:_identify(src/motion_control) by extensions ['ignore', 'ignore_ament_install']
[3.200s] Level 1:colcon.colcon_core.package_identification:_identify(src/motion_control) by extension 'ignore'
[3.200s] Level 1:colcon.colcon_core.package_identification:_identify(src/motion_control) by extension 'ignore_ament_install'
[3.201s] Level 1:colcon.colcon_core.package_identification:_identify(src/motion_control) by extensions ['colcon_pkg']
[3.201s] Level 1:colcon.colcon_core.package_identification:_identify(src/motion_control) by extension 'colcon_pkg'
[3.201s] Level 1:colcon.colcon_core.package_identification:_identify(src/motion_control) by extensions ['colcon_meta']
[3.201s] Level 1:colcon.colcon_core.package_identification:_identify(src/motion_control) by extension 'colcon_meta'
[3.202s] Level 1:colcon.colcon_core.package_identification:_identify(src/motion_control) by extensions ['ros']
[3.202s] Level 1:colcon.colcon_core.package_identification:_identify(src/motion_control) by extension 'ros'
[3.215s] DEBUG:colcon.colcon_core.package_identification:Package 'src/motion_control' with type 'ros.ament_cmake' and name 'motion_control'
[3.215s] Level 1:colcon.colcon_core.package_identification:_identify(src/oxbot_interfaces) by extensions ['ignore', 'ignore_ament_install']
[3.216s] Level 1:colcon.colcon_core.package_identification:_identify(src/oxbot_interfaces) by extension 'ignore'
[3.216s] Level 1:colcon.colcon_core.package_identification:_identify(src/oxbot_interfaces) by extension 'ignore_ament_install'
[3.217s] Level 1:colcon.colcon_core.package_identification:_identify(src/oxbot_interfaces) by extensions ['colcon_pkg']
[3.217s] Level 1:colcon.colcon_core.package_identification:_identify(src/oxbot_interfaces) by extension 'colcon_pkg'
[3.217s] Level 1:colcon.colcon_core.package_identification:_identify(src/oxbot_interfaces) by extensions ['colcon_meta']
[3.217s] Level 1:colcon.colcon_core.package_identification:_identify(src/oxbot_interfaces) by extension 'colcon_meta'
[3.217s] Level 1:colcon.colcon_core.package_identification:_identify(src/oxbot_interfaces) by extensions ['ros']
[3.218s] Level 1:colcon.colcon_core.package_identification:_identify(src/oxbot_interfaces) by extension 'ros'
[3.220s] DEBUG:colcon.colcon_core.package_identification:Package 'src/oxbot_interfaces' with type 'ros.ament_cmake' and name 'oxbot_interfaces'
[3.221s] Level 1:colcon.colcon_core.package_identification:_identify(src/oxbot_startup) by extensions ['ignore', 'ignore_ament_install']
[3.221s] Level 1:colcon.colcon_core.package_identification:_identify(src/oxbot_startup) by extension 'ignore'
[3.222s] Level 1:colcon.colcon_core.package_identification:_identify(src/oxbot_startup) by extension 'ignore_ament_install'
[3.222s] Level 1:colcon.colcon_core.package_identification:_identify(src/oxbot_startup) by extensions ['colcon_pkg']
[3.222s] Level 1:colcon.colcon_core.package_identification:_identify(src/oxbot_startup) by extension 'colcon_pkg'
[3.222s] Level 1:colcon.colcon_core.package_identification:_identify(src/oxbot_startup) by extensions ['colcon_meta']
[3.223s] Level 1:colcon.colcon_core.package_identification:_identify(src/oxbot_startup) by extension 'colcon_meta'
[3.223s] Level 1:colcon.colcon_core.package_identification:_identify(src/oxbot_startup) by extensions ['ros']
[3.223s] Level 1:colcon.colcon_core.package_identification:_identify(src/oxbot_startup) by extension 'ros'
[3.225s] DEBUG:colcon.colcon_core.package_identification:Package 'src/oxbot_startup' with type 'ros.ament_cmake' and name 'oxbot_startup'
[3.226s] Level 1:colcon.colcon_core.package_discovery:discover_packages(recursive) using defaults
[3.227s] Level 1:colcon.colcon_core.package_discovery:discover_packages(ignore) discover
[3.227s] Level 1:colcon.colcon_core.package_discovery:discover_packages(ignore) using defaults
[3.227s] Level 1:colcon.colcon_core.package_discovery:discover_packages(path) discover
[3.227s] Level 1:colcon.colcon_core.package_discovery:discover_packages(path) using defaults
[3.439s] INFO:colcon.colcon_core.package_selection:Skipping not selected package 'oxbot_interfaces' in 'src/oxbot_interfaces'
[3.439s] INFO:colcon.colcon_core.package_selection:Skipping not selected package 'motion_control' in 'src/motion_control'
[3.459s] Level 5:colcon.colcon_core.verb:set package 'oxbot_startup' build argument 'cmake_args' from command line to 'None'
[3.459s] Level 5:colcon.colcon_core.verb:set package 'oxbot_startup' build argument 'cmake_target' from command line to 'None'
[3.459s] Level 5:colcon.colcon_core.verb:set package 'oxbot_startup' build argument 'cmake_target_skip_unavailable' from command line to 'False'
[3.459s] Level 5:colcon.colcon_core.verb:set package 'oxbot_startup' build argument 'cmake_clean_cache' from command line to 'False'
[3.460s] Level 5:colcon.colcon_core.verb:set package 'oxbot_startup' build argument 'cmake_clean_first' from command line to 'False'
[3.460s] Level 5:colcon.colcon_core.verb:set package 'oxbot_startup' build argument 'cmake_force_configure' from command line to 'False'
[3.460s] Level 5:colcon.colcon_core.verb:set package 'oxbot_startup' build argument 'ament_cmake_args' from command line to 'None'
[3.460s] Level 5:colcon.colcon_core.verb:set package 'oxbot_startup' build argument 'catkin_cmake_args' from command line to 'None'
[3.460s] Level 5:colcon.colcon_core.verb:set package 'oxbot_startup' build argument 'catkin_skip_building_tests' from command line to 'False'
[3.461s] DEBUG:colcon.colcon_core.verb:Building package 'oxbot_startup' with the following arguments: {'ament_cmake_args': None, 'build_base': '/root/oxbot/src/ros2_ws/build/oxbot_startup', 'catkin_cmake_args': None, 'catkin_skip_building_tests': False, 'cmake_args': None, 'cmake_clean_cache': False, 'cmake_clean_first': False, 'cmake_force_configure': False, 'cmake_target': None, 'cmake_target_skip_unavailable': False, 'install_base': '/root/oxbot/src/ros2_ws/install/oxbot_startup', 'merge_install': False, 'path': '/root/oxbot/src/ros2_ws/src/oxbot_startup', 'symlink_install': False, 'test_result_base': None}
[3.477s] INFO:colcon.colcon_core.executor:Executing jobs using 'parallel' executor
[3.566s] DEBUG:colcon.colcon_parallel_executor.executor.parallel:run_until_complete
[3.567s] INFO:colcon.colcon_ros.task.ament_cmake.build:Building ROS package in '/root/oxbot/src/ros2_ws/src/oxbot_startup' with build type 'ament_cmake'
[3.567s] INFO:colcon.colcon_cmake.task.cmake.build:Building CMake package in '/root/oxbot/src/ros2_ws/src/oxbot_startup'
[3.626s] INFO:colcon.colcon_core.plugin_system:Skipping extension 'colcon_core.shell.bat': Not used on non-Windows systems
[3.627s] INFO:colcon.colcon_core.shell:Skip shell extension 'powershell' for command environment: Not usable outside of PowerShell
[3.627s] DEBUG:colcon.colcon_core.shell:Skip shell extension 'dsv' for command environment
[3.748s] DEBUG:colcon.colcon_core.event_handler.log_command:Invoking command in '/root/oxbot/src/ros2_ws/build/oxbot_startup': /usr/local/bin/cmake /root/oxbot/src/ros2_ws/src/oxbot_startup -DCMAKE_INSTALL_PREFIX=/root/oxbot/src/ros2_ws/install/oxbot_startup
[3.931s] DEBUG:colcon.colcon_core.event_handler.log_command:Invoked command in '/root/oxbot/src/ros2_ws/build/oxbot_startup' returned '1': /usr/local/bin/cmake /root/oxbot/src/ros2_ws/src/oxbot_startup -DCMAKE_INSTALL_PREFIX=/root/oxbot/src/ros2_ws/install/oxbot_startup
[4.110s] Level 1:colcon.colcon_core.environment:create_environment_scripts_only(oxbot_startup)
[4.183s] Level 1:colcon.colcon_core.environment:checking '/root/oxbot/src/ros2_ws/install/oxbot_startup' for CMake module files
[4.193s] Level 1:colcon.colcon_core.environment:checking '/root/oxbot/src/ros2_ws/install/oxbot_startup' for CMake config files
[4.196s] Level 1:colcon.colcon_core.shell:create_environment_hook('oxbot_startup', 'cmake_prefix_path')
[4.233s] INFO:colcon.colcon_core.shell:Creating environment hook '/root/oxbot/src/ros2_ws/install/oxbot_startup/share/oxbot_startup/hook/cmake_prefix_path.ps1'
[4.237s] INFO:colcon.colcon_core.shell:Creating environment descriptor '/root/oxbot/src/ros2_ws/install/oxbot_startup/share/oxbot_startup/hook/cmake_prefix_path.dsv'
[4.239s] INFO:colcon.colcon_core.shell:Creating environment hook '/root/oxbot/src/ros2_ws/install/oxbot_startup/share/oxbot_startup/hook/cmake_prefix_path.sh'
[4.246s] Level 1:colcon.colcon_core.environment:checking '/root/oxbot/src/ros2_ws/install/oxbot_startup/bin'
[4.246s] Level 1:colcon.colcon_core.environment:checking '/root/oxbot/src/ros2_ws/install/oxbot_startup/lib/pkgconfig/oxbot_startup.pc'
[4.248s] Level 1:colcon.colcon_core.environment:checking '/root/oxbot/src/ros2_ws/install/oxbot_startup/lib/python3.6/site-packages'
[4.249s] Level 1:colcon.colcon_core.environment:checking '/root/oxbot/src/ros2_ws/install/oxbot_startup/bin'
[4.289s] INFO:colcon.colcon_core.shell:Creating package script '/root/oxbot/src/ros2_ws/install/oxbot_startup/share/oxbot_startup/package.ps1'
[4.294s] INFO:colcon.colcon_core.shell:Creating package descriptor '/root/oxbot/src/ros2_ws/install/oxbot_startup/share/oxbot_startup/package.dsv'
[4.297s] INFO:colcon.colcon_core.shell:Creating package script '/root/oxbot/src/ros2_ws/install/oxbot_startup/share/oxbot_startup/package.sh'
[4.301s] INFO:colcon.colcon_core.shell:Creating package script '/root/oxbot/src/ros2_ws/install/oxbot_startup/share/oxbot_startup/package.bash'
[4.306s] INFO:colcon.colcon_core.shell:Creating package script '/root/oxbot/src/ros2_ws/install/oxbot_startup/share/oxbot_startup/package.zsh'
[4.310s] Level 1:colcon.colcon_core.environment:create_file_with_runtime_dependencies(/root/oxbot/src/ros2_ws/install/oxbot_startup/share/colcon-core/packages/oxbot_startup)
[4.323s] DEBUG:colcon.colcon_parallel_executor.executor.parallel:closing loop
[4.324s] DEBUG:colcon.colcon_parallel_executor.executor.parallel:loop closed
[4.324s] DEBUG:colcon.colcon_parallel_executor.executor.parallel:run_until_complete finished with '1'
[4.324s] DEBUG:colcon.colcon_core.event_reactor:joining thread
[4.349s] INFO:colcon.colcon_core.plugin_system:Skipping extension 'colcon_notification.desktop_notification.notify_send': Could not find 'notify-send'
[4.350s] INFO:colcon.colcon_core.plugin_system:Skipping extension 'colcon_notification.desktop_notification.terminal_notifier': Not used on non-Darwin systems
[4.350s] INFO:colcon.colcon_core.plugin_system:Skipping extension 'colcon_notification.desktop_notification.win32': Not used on non-Windows systems
[4.351s] INFO:colcon.colcon_notification.desktop_notification:Sending desktop notification using 'notify2'
[4.357s] DEBUG:colcon.colcon_notification.desktop_notification.notify2:Failed to initialize notify2: org.freedesktop.DBus.Error.Spawn.ExecFailed: /usr/bin/dbus-launch terminated abnormally without any error message
[4.357s] DEBUG:colcon.colcon_core.event_reactor:joined thread
[4.397s] INFO:colcon.colcon_core.shell:Creating prefix script '/root/oxbot/src/ros2_ws/install/local_setup.ps1'
[4.403s] INFO:colcon.colcon_core.shell:Creating prefix util module '/root/oxbot/src/ros2_ws/install/_local_setup_util_ps1.py'
[4.413s] INFO:colcon.colcon_core.shell:Creating prefix chain script '/root/oxbot/src/ros2_ws/install/setup.ps1'
[4.427s] INFO:colcon.colcon_core.shell:Creating prefix script '/root/oxbot/src/ros2_ws/install/local_setup.sh'
[4.430s] INFO:colcon.colcon_core.shell:Creating prefix util module '/root/oxbot/src/ros2_ws/install/_local_setup_util_sh.py'
[4.432s] INFO:colcon.colcon_core.shell:Creating prefix chain script '/root/oxbot/src/ros2_ws/install/setup.sh'
[4.446s] INFO:colcon.colcon_core.shell:Creating prefix script '/root/oxbot/src/ros2_ws/install/local_setup.bash'
[4.448s] INFO:colcon.colcon_core.shell:Creating prefix chain script '/root/oxbot/src/ros2_ws/install/setup.bash'
[4.462s] INFO:colcon.colcon_core.shell:Creating prefix script '/root/oxbot/src/ros2_ws/install/local_setup.zsh'
[4.464s] INFO:colcon.colcon_core.shell:Creating prefix chain script '/root/oxbot/src/ros2_ws/install/setup.zsh'
