[0.239s] Invoking command in '/root/oxbot/src/ros2_ws/build/oxbot_config': /usr/local/bin/cmake --build /root/oxbot/src/ros2_ws/build/oxbot_config -- -j4 -l4
[0.653s] Invoked command in '/root/oxbot/src/ros2_ws/build/oxbot_config' returned '0': /usr/local/bin/cmake --build /root/oxbot/src/ros2_ws/build/oxbot_config -- -j4 -l4
[1.323s] Invoking command in '/root/oxbot/src/ros2_ws/build/oxbot_config': /usr/local/bin/cmake --install /root/oxbot/src/ros2_ws/build/oxbot_config
[1.577s] -- Install configuration: ""
[1.580s] -- Up-to-date: /root/oxbot/src/ros2_ws/install/oxbot_config/include/
[1.581s] -- Up-to-date: /root/oxbot/src/ros2_ws/install/oxbot_config/include//oxbot_config
[1.582s] -- Up-to-date: /root/oxbot/src/ros2_ws/install/oxbot_config/include//oxbot_config/oxbot_config.hpp
[1.582s] -- Up-to-date: /root/oxbot/src/ros2_ws/install/oxbot_config/share/ament_index/resource_index/package_run_dependencies/oxbot_config
[1.585s] -- Up-to-date: /root/oxbot/src/ros2_ws/install/oxbot_config/share/ament_index/resource_index/parent_prefix_path/oxbot_config
[1.589s] -- Up-to-date: /root/oxbot/src/ros2_ws/install/oxbot_config/share/oxbot_config/environment/ament_prefix_path.sh
[1.590s] -- Up-to-date: /root/oxbot/src/ros2_ws/install/oxbot_config/share/oxbot_config/environment/ament_prefix_path.dsv
[1.590s] -- Up-to-date: /root/oxbot/src/ros2_ws/install/oxbot_config/share/oxbot_config/environment/path.sh
[1.591s] -- Up-to-date: /root/oxbot/src/ros2_ws/install/oxbot_config/share/oxbot_config/environment/path.dsv
[1.591s] -- Up-to-date: /root/oxbot/src/ros2_ws/install/oxbot_config/share/oxbot_config/local_setup.bash
[1.596s] -- Up-to-date: /root/oxbot/src/ros2_ws/install/oxbot_config/share/oxbot_config/local_setup.sh
[1.600s] -- Up-to-date: /root/oxbot/src/ros2_ws/install/oxbot_config/share/oxbot_config/local_setup.zsh
[1.607s] -- Up-to-date: /root/oxbot/src/ros2_ws/install/oxbot_config/share/oxbot_config/local_setup.dsv
[1.608s] -- Installing: /root/oxbot/src/ros2_ws/install/oxbot_config/share/oxbot_config/package.dsv
[1.625s] -- Up-to-date: /root/oxbot/src/ros2_ws/install/oxbot_config/share/ament_index/resource_index/packages/oxbot_config
[1.626s] -- Up-to-date: /root/oxbot/src/ros2_ws/install/oxbot_config/share/oxbot_config/cmake/oxbot_configConfig.cmake
[1.627s] -- Up-to-date: /root/oxbot/src/ros2_ws/install/oxbot_config/share/oxbot_config/cmake/oxbot_configConfig-version.cmake
[1.627s] -- Up-to-date: /root/oxbot/src/ros2_ws/install/oxbot_config/share/oxbot_config/package.xml
[1.911s] Invoked command in '/root/oxbot/src/ros2_ws/build/oxbot_config' returned '0': /usr/local/bin/cmake --install /root/oxbot/src/ros2_ws/build/oxbot_config
