[0.202s] Invoking command in '/root/oxbot/src/ros2_ws/build/motion_control': CMAKE_PREFIX_PATH=/root/oxbot/src/ros2_ws/install/oxbot_interfaces:/root/oxbot/src/ros2_ws/install/oxbot_startup:/root/oxbot/src/ros2_ws/install/motion_control:/root/oxbot/src/ros2_ws/install/oxbot_config:/root/oxbot/src/ros2_ws/install/oxbot_bringup:/opt/ros/humble/install LD_LIBRARY_PATH=/root/oxbot/src/ros2_ws/install/oxbot_interfaces/lib:/opt/ros/humble/install/opt/rviz_ogre_vendor/lib:/opt/ros/humble/install/lib:/usr/local/cuda-10.2/targets/aarch64-linux/lib /usr/local/bin/cmake --build /root/oxbot/src/ros2_ws/build/motion_control -- -j4 -l4
[0.528s] [ 25%] [32mBuilding CXX object CMakeFiles/motion_controller.dir/src/MotionControllerNode.cpp.o[0m
[12.644s] In file included from [01m[K/opt/ros/humble/install/include/rclcpp/rclcpp/logging.hpp:24:0[m[K,
[12.645s]                  from [01m[K/opt/ros/humble/install/include/rclcpp/rclcpp/client.hpp:40[m[K,
[12.645s]                  from [01m[K/opt/ros/humble/install/include/rclcpp/rclcpp/callback_group.hpp:24[m[K,
[12.646s]                  from [01m[K/opt/ros/humble/install/include/rclcpp/rclcpp/any_executable.hpp:20[m[K,
[12.646s]                  from [01m[K/opt/ros/humble/install/include/rclcpp/rclcpp/memory_strategy.hpp:25[m[K,
[12.647s]                  from [01m[K/opt/ros/humble/install/include/rclcpp/rclcpp/memory_strategies.hpp:18[m[K,
[12.647s]                  from [01m[K/opt/ros/humble/install/include/rclcpp/rclcpp/executor_options.hpp:20[m[K,
[12.648s]                  from [01m[K/opt/ros/humble/install/include/rclcpp/rclcpp/executor.hpp:37[m[K,
[12.649s]                  from [01m[K/opt/ros/humble/install/include/rclcpp/rclcpp/executors/multi_threaded_executor.hpp:25[m[K,
[12.649s]                  from [01m[K/opt/ros/humble/install/include/rclcpp/rclcpp/executors.hpp:21[m[K,
[12.650s]                  from [01m[K/opt/ros/humble/install/include/rclcpp/rclcpp/rclcpp.hpp:155[m[K,
[12.650s]                  from [01m[K/root/oxbot/src/ros2_ws/src/motion_control/src/MotionControllerNode.cpp:2[m[K:
[12.651s] [01m[K/root/oxbot/src/ros2_ws/src/motion_control/src/MotionControllerNode.cpp:[m[K In member function ‘[01m[Kvoid MotionControllerNode::feedbackTimerCB()[m[K’:
[12.651s] [01m[K/root/oxbot/src/ros2_ws/src/motion_control/src/MotionControllerNode.cpp:68:131:[m[K [01;31m[Kerror: [m[K‘[01m[Kclass FeedbackFrame[m[K’ has no member named ‘[01m[Ksize[m[K’
[12.652s]          RCLCPP_INFO(this->get_logger(), "Reading front wheels serial port device returned %d feedback message(s).", current_frame.[01;31m[Ks[m[Kize());
[12.652s]                                                                                                                                    [01;31m[K^[m[K
[16.705s] make[2]: *** [CMakeFiles/motion_controller.dir/src/MotionControllerNode.cpp.o] Error 1
[16.706s] CMakeFiles/motion_controller.dir/build.make:89: recipe for target 'CMakeFiles/motion_controller.dir/src/MotionControllerNode.cpp.o' failed
[16.707s] CMakeFiles/Makefile2:136: recipe for target 'CMakeFiles/motion_controller.dir/all' failed
[16.708s] make[1]: *** [CMakeFiles/motion_controller.dir/all] Error 2
[16.708s] make: *** [all] Error 2
[16.709s] Makefile:145: recipe for target 'all' failed
[16.731s] Invoked command in '/root/oxbot/src/ros2_ws/build/motion_control' returned '2': CMAKE_PREFIX_PATH=/root/oxbot/src/ros2_ws/install/oxbot_interfaces:/root/oxbot/src/ros2_ws/install/oxbot_startup:/root/oxbot/src/ros2_ws/install/motion_control:/root/oxbot/src/ros2_ws/install/oxbot_config:/root/oxbot/src/ros2_ws/install/oxbot_bringup:/opt/ros/humble/install LD_LIBRARY_PATH=/root/oxbot/src/ros2_ws/install/oxbot_interfaces/lib:/opt/ros/humble/install/opt/rviz_ogre_vendor/lib:/opt/ros/humble/install/lib:/usr/local/cuda-10.2/targets/aarch64-linux/lib /usr/local/bin/cmake --build /root/oxbot/src/ros2_ws/build/motion_control -- -j4 -l4
