[3.197s] DEBUG:colcon:Command line arguments: ['/usr/bin/colcon', 'build', '--packages-select', 'oxbot_startup']
[3.197s] DEBUG:colcon:Parsed command line arguments: Namespace(ament_cmake_args=None, base_paths=['.'], build_base='build', catkin_cmake_args=None, catkin_skip_building_tests=False, cmake_args=None, cmake_clean_cache=False, cmake_clean_first=False, cmake_force_configure=False, cmake_target=None, cmake_target_skip_unavailable=False, continue_on_error=False, event_handlers=None, executor='parallel', ignore_user_meta=False, install_base='install', log_base=None, log_level=None, main=<bound method BuildVerb.main of <colcon_core.verb.build.BuildVerb object at 0x7f9e1947b8>>, merge_install=False, metas=['./colcon.meta'], packages_above=None, packages_above_and_dependencies=None, packages_above_depth=None, packages_end=None, packages_ignore=None, packages_ignore_regex=None, packages_select=['oxbot_startup'], packages_select_build_failed=False, packages_select_by_dep=None, packages_select_regex=None, packages_select_test_failures=False, packages_skip=None, packages_skip_build_finished=False, packages_skip_by_dep=None, packages_skip_regex=None, packages_skip_test_passed=False, packages_skip_up_to=None, packages_start=None, packages_up_to=None, packages_up_to_regex=None, parallel_workers=4, paths=None, symlink_install=False, test_result_base=None, verb_extension=<colcon_core.verb.build.BuildVerb object at 0x7f9e1947b8>, verb_name='build', verb_parser=<colcon_defaults.argument_parser.defaults.DefaultArgumentsDecorator object at 0x7f9dff2b70>)
[3.452s] Level 1:colcon.colcon_core.package_discovery:discover_packages(colcon_meta) check parameters
[3.452s] Level 1:colcon.colcon_core.package_discovery:discover_packages(recursive) check parameters
[3.453s] Level 1:colcon.colcon_core.package_discovery:discover_packages(ignore) check parameters
[3.453s] Level 1:colcon.colcon_core.package_discovery:discover_packages(path) check parameters
[3.453s] Level 1:colcon.colcon_core.package_discovery:discover_packages(colcon_meta) discover
[3.454s] Level 1:colcon.colcon_core.package_discovery:discover_packages(recursive) discover
[3.455s] INFO:colcon.colcon_core.package_discovery:Crawling recursively for packages in '/root/oxbot/src/ros2_ws'
[3.455s] Level 1:colcon.colcon_core.package_identification:_identify(.) by extensions ['ignore', 'ignore_ament_install']
[3.456s] Level 1:colcon.colcon_core.package_identification:_identify(.) by extension 'ignore'
[3.456s] Level 1:colcon.colcon_core.package_identification:_identify(.) by extension 'ignore_ament_install'
[3.456s] Level 1:colcon.colcon_core.package_identification:_identify(.) by extensions ['colcon_pkg']
[3.457s] Level 1:colcon.colcon_core.package_identification:_identify(.) by extension 'colcon_pkg'
[3.457s] Level 1:colcon.colcon_core.package_identification:_identify(.) by extensions ['colcon_meta']
[3.457s] Level 1:colcon.colcon_core.package_identification:_identify(.) by extension 'colcon_meta'
[3.457s] Level 1:colcon.colcon_core.package_identification:_identify(.) by extensions ['ros']
[3.457s] Level 1:colcon.colcon_core.package_identification:_identify(.) by extension 'ros'
[3.641s] Level 1:colcon.colcon_core.package_identification:_identify(.) by extensions ['cmake', 'python']
[3.642s] Level 1:colcon.colcon_core.package_identification:_identify(.) by extension 'cmake'
[3.642s] Level 1:colcon.colcon_core.package_identification:_identify(.) by extension 'python'
[3.642s] Level 1:colcon.colcon_core.package_identification:_identify(.) by extensions ['python_setup_py']
[3.643s] Level 1:colcon.colcon_core.package_identification:_identify(.) by extension 'python_setup_py'
[3.643s] Level 1:colcon.colcon_core.package_identification:_identify(build) by extensions ['ignore', 'ignore_ament_install']
[3.644s] Level 1:colcon.colcon_core.package_identification:_identify(build) by extension 'ignore'
[3.644s] Level 1:colcon.colcon_core.package_identification:_identify(build) ignored
[3.646s] Level 1:colcon.colcon_core.package_identification:_identify(install) by extensions ['ignore', 'ignore_ament_install']
[3.646s] Level 1:colcon.colcon_core.package_identification:_identify(install) by extension 'ignore'
[3.647s] Level 1:colcon.colcon_core.package_identification:_identify(install) ignored
[3.647s] Level 1:colcon.colcon_core.package_identification:_identify(log) by extensions ['ignore', 'ignore_ament_install']
[3.648s] Level 1:colcon.colcon_core.package_identification:_identify(log) by extension 'ignore'
[3.648s] Level 1:colcon.colcon_core.package_identification:_identify(log) ignored
[3.648s] Level 1:colcon.colcon_core.package_identification:_identify(oxbot_startup) by extensions ['ignore', 'ignore_ament_install']
[3.649s] Level 1:colcon.colcon_core.package_identification:_identify(oxbot_startup) by extension 'ignore'
[3.649s] Level 1:colcon.colcon_core.package_identification:_identify(oxbot_startup) by extension 'ignore_ament_install'
[3.649s] Level 1:colcon.colcon_core.package_identification:_identify(oxbot_startup) by extensions ['colcon_pkg']
[3.650s] Level 1:colcon.colcon_core.package_identification:_identify(oxbot_startup) by extension 'colcon_pkg'
[3.650s] Level 1:colcon.colcon_core.package_identification:_identify(oxbot_startup) by extensions ['colcon_meta']
[3.650s] Level 1:colcon.colcon_core.package_identification:_identify(oxbot_startup) by extension 'colcon_meta'
[3.650s] Level 1:colcon.colcon_core.package_identification:_identify(oxbot_startup) by extensions ['ros']
[3.651s] Level 1:colcon.colcon_core.package_identification:_identify(oxbot_startup) by extension 'ros'
[3.668s] DEBUG:colcon.colcon_core.package_identification:Package 'oxbot_startup' with type 'ros.ament_cmake' and name 'oxbot_startup'
[3.668s] Level 1:colcon.colcon_core.package_identification:_identify(src) by extensions ['ignore', 'ignore_ament_install']
[3.669s] Level 1:colcon.colcon_core.package_identification:_identify(src) by extension 'ignore'
[3.669s] Level 1:colcon.colcon_core.package_identification:_identify(src) by extension 'ignore_ament_install'
[3.670s] Level 1:colcon.colcon_core.package_identification:_identify(src) by extensions ['colcon_pkg']
[3.670s] Level 1:colcon.colcon_core.package_identification:_identify(src) by extension 'colcon_pkg'
[3.670s] Level 1:colcon.colcon_core.package_identification:_identify(src) by extensions ['colcon_meta']
[3.670s] Level 1:colcon.colcon_core.package_identification:_identify(src) by extension 'colcon_meta'
[3.670s] Level 1:colcon.colcon_core.package_identification:_identify(src) by extensions ['ros']
[3.671s] Level 1:colcon.colcon_core.package_identification:_identify(src) by extension 'ros'
[3.671s] Level 1:colcon.colcon_core.package_identification:_identify(src) by extensions ['cmake', 'python']
[3.671s] Level 1:colcon.colcon_core.package_identification:_identify(src) by extension 'cmake'
[3.672s] Level 1:colcon.colcon_core.package_identification:_identify(src) by extension 'python'
[3.672s] Level 1:colcon.colcon_core.package_identification:_identify(src) by extensions ['python_setup_py']
[3.672s] Level 1:colcon.colcon_core.package_identification:_identify(src) by extension 'python_setup_py'
[3.673s] Level 1:colcon.colcon_core.package_identification:_identify(src/motion_control) by extensions ['ignore', 'ignore_ament_install']
[3.673s] Level 1:colcon.colcon_core.package_identification:_identify(src/motion_control) by extension 'ignore'
[3.673s] Level 1:colcon.colcon_core.package_identification:_identify(src/motion_control) by extension 'ignore_ament_install'
[3.674s] Level 1:colcon.colcon_core.package_identification:_identify(src/motion_control) by extensions ['colcon_pkg']
[3.674s] Level 1:colcon.colcon_core.package_identification:_identify(src/motion_control) by extension 'colcon_pkg'
[3.674s] Level 1:colcon.colcon_core.package_identification:_identify(src/motion_control) by extensions ['colcon_meta']
[3.674s] Level 1:colcon.colcon_core.package_identification:_identify(src/motion_control) by extension 'colcon_meta'
[3.675s] Level 1:colcon.colcon_core.package_identification:_identify(src/motion_control) by extensions ['ros']
[3.675s] Level 1:colcon.colcon_core.package_identification:_identify(src/motion_control) by extension 'ros'
[3.681s] DEBUG:colcon.colcon_core.package_identification:Package 'src/motion_control' with type 'ros.ament_cmake' and name 'motion_control'
[3.682s] Level 1:colcon.colcon_core.package_identification:_identify(src/oxbot_interfaces) by extensions ['ignore', 'ignore_ament_install']
[3.682s] Level 1:colcon.colcon_core.package_identification:_identify(src/oxbot_interfaces) by extension 'ignore'
[3.683s] Level 1:colcon.colcon_core.package_identification:_identify(src/oxbot_interfaces) by extension 'ignore_ament_install'
[3.683s] Level 1:colcon.colcon_core.package_identification:_identify(src/oxbot_interfaces) by extensions ['colcon_pkg']
[3.683s] Level 1:colcon.colcon_core.package_identification:_identify(src/oxbot_interfaces) by extension 'colcon_pkg'
[3.684s] Level 1:colcon.colcon_core.package_identification:_identify(src/oxbot_interfaces) by extensions ['colcon_meta']
[3.684s] Level 1:colcon.colcon_core.package_identification:_identify(src/oxbot_interfaces) by extension 'colcon_meta'
[3.684s] Level 1:colcon.colcon_core.package_identification:_identify(src/oxbot_interfaces) by extensions ['ros']
[3.684s] Level 1:colcon.colcon_core.package_identification:_identify(src/oxbot_interfaces) by extension 'ros'
[3.688s] DEBUG:colcon.colcon_core.package_identification:Package 'src/oxbot_interfaces' with type 'ros.ament_cmake' and name 'oxbot_interfaces'
[3.688s] Level 1:colcon.colcon_core.package_discovery:discover_packages(recursive) using defaults
[3.689s] Level 1:colcon.colcon_core.package_discovery:discover_packages(ignore) discover
[3.689s] Level 1:colcon.colcon_core.package_discovery:discover_packages(ignore) using defaults
[3.689s] Level 1:colcon.colcon_core.package_discovery:discover_packages(path) discover
[3.690s] Level 1:colcon.colcon_core.package_discovery:discover_packages(path) using defaults
[3.917s] INFO:colcon.colcon_core.package_selection:Skipping not selected package 'oxbot_interfaces' in 'src/oxbot_interfaces'
[3.918s] INFO:colcon.colcon_core.package_selection:Skipping not selected package 'motion_control' in 'src/motion_control'
[3.937s] Level 5:colcon.colcon_core.verb:set package 'oxbot_startup' build argument 'cmake_args' from command line to 'None'
[3.937s] Level 5:colcon.colcon_core.verb:set package 'oxbot_startup' build argument 'cmake_target' from command line to 'None'
[3.937s] Level 5:colcon.colcon_core.verb:set package 'oxbot_startup' build argument 'cmake_target_skip_unavailable' from command line to 'False'
[3.938s] Level 5:colcon.colcon_core.verb:set package 'oxbot_startup' build argument 'cmake_clean_cache' from command line to 'False'
[3.938s] Level 5:colcon.colcon_core.verb:set package 'oxbot_startup' build argument 'cmake_clean_first' from command line to 'False'
[3.938s] Level 5:colcon.colcon_core.verb:set package 'oxbot_startup' build argument 'cmake_force_configure' from command line to 'False'
[3.938s] Level 5:colcon.colcon_core.verb:set package 'oxbot_startup' build argument 'ament_cmake_args' from command line to 'None'
[3.938s] Level 5:colcon.colcon_core.verb:set package 'oxbot_startup' build argument 'catkin_cmake_args' from command line to 'None'
[3.939s] Level 5:colcon.colcon_core.verb:set package 'oxbot_startup' build argument 'catkin_skip_building_tests' from command line to 'False'
[3.939s] DEBUG:colcon.colcon_core.verb:Building package 'oxbot_startup' with the following arguments: {'ament_cmake_args': None, 'build_base': '/root/oxbot/src/ros2_ws/build/oxbot_startup', 'catkin_cmake_args': None, 'catkin_skip_building_tests': False, 'cmake_args': None, 'cmake_clean_cache': False, 'cmake_clean_first': False, 'cmake_force_configure': False, 'cmake_target': None, 'cmake_target_skip_unavailable': False, 'install_base': '/root/oxbot/src/ros2_ws/install/oxbot_startup', 'merge_install': False, 'path': '/root/oxbot/src/ros2_ws/oxbot_startup', 'symlink_install': False, 'test_result_base': None}
[3.955s] INFO:colcon.colcon_core.executor:Executing jobs using 'parallel' executor
[4.038s] DEBUG:colcon.colcon_parallel_executor.executor.parallel:run_until_complete
[4.039s] INFO:colcon.colcon_ros.task.ament_cmake.build:Building ROS package in '/root/oxbot/src/ros2_ws/oxbot_startup' with build type 'ament_cmake'
[4.040s] INFO:colcon.colcon_cmake.task.cmake.build:Building CMake package in '/root/oxbot/src/ros2_ws/oxbot_startup'
[4.123s] INFO:colcon.colcon_core.plugin_system:Skipping extension 'colcon_core.shell.bat': Not used on non-Windows systems
[4.125s] INFO:colcon.colcon_core.shell:Skip shell extension 'powershell' for command environment: Not usable outside of PowerShell
[4.126s] DEBUG:colcon.colcon_core.shell:Skip shell extension 'dsv' for command environment
[4.249s] DEBUG:colcon.colcon_core.event_handler.log_command:Invoking command in '/root/oxbot/src/ros2_ws/build/oxbot_startup': /usr/local/bin/cmake /root/oxbot/src/ros2_ws/oxbot_startup -DCMAKE_INSTALL_PREFIX=/root/oxbot/src/ros2_ws/install/oxbot_startup
[11.747s] DEBUG:colcon.colcon_core.event_handler.log_command:Invoked command in '/root/oxbot/src/ros2_ws/build/oxbot_startup' returned '0': /usr/local/bin/cmake /root/oxbot/src/ros2_ws/oxbot_startup -DCMAKE_INSTALL_PREFIX=/root/oxbot/src/ros2_ws/install/oxbot_startup
[11.758s] DEBUG:colcon.colcon_core.event_handler.log_command:Invoking command in '/root/oxbot/src/ros2_ws/build/oxbot_startup': /usr/local/bin/cmake --build /root/oxbot/src/ros2_ws/build/oxbot_startup -- -j4 -l4
[11.966s] DEBUG:colcon.colcon_core.event_handler.log_command:Invoked command in '/root/oxbot/src/ros2_ws/build/oxbot_startup' returned '0': /usr/local/bin/cmake --build /root/oxbot/src/ros2_ws/build/oxbot_startup -- -j4 -l4
[12.387s] DEBUG:colcon.colcon_core.event_handler.log_command:Invoking command in '/root/oxbot/src/ros2_ws/build/oxbot_startup': /usr/local/bin/cmake --install /root/oxbot/src/ros2_ws/build/oxbot_startup
[12.562s] Level 1:colcon.colcon_core.environment:create_environment_scripts_only(oxbot_startup)
[12.568s] DEBUG:colcon.colcon_core.event_handler.log_command:Invoked command in '/root/oxbot/src/ros2_ws/build/oxbot_startup' returned '0': /usr/local/bin/cmake --install /root/oxbot/src/ros2_ws/build/oxbot_startup
[12.655s] Level 1:colcon.colcon_core.environment:checking '/root/oxbot/src/ros2_ws/install/oxbot_startup' for CMake module files
[12.659s] Level 1:colcon.colcon_core.environment:checking '/root/oxbot/src/ros2_ws/install/oxbot_startup' for CMake config files
[12.659s] Level 1:colcon.colcon_core.shell:create_environment_hook('oxbot_startup', 'cmake_prefix_path')
[12.695s] INFO:colcon.colcon_core.shell:Creating environment hook '/root/oxbot/src/ros2_ws/install/oxbot_startup/share/oxbot_startup/hook/cmake_prefix_path.ps1'
[12.702s] INFO:colcon.colcon_core.shell:Creating environment descriptor '/root/oxbot/src/ros2_ws/install/oxbot_startup/share/oxbot_startup/hook/cmake_prefix_path.dsv'
[12.705s] INFO:colcon.colcon_core.shell:Creating environment hook '/root/oxbot/src/ros2_ws/install/oxbot_startup/share/oxbot_startup/hook/cmake_prefix_path.sh'
[12.711s] Level 1:colcon.colcon_core.environment:checking '/root/oxbot/src/ros2_ws/install/oxbot_startup/bin'
[12.711s] Level 1:colcon.colcon_core.environment:checking '/root/oxbot/src/ros2_ws/install/oxbot_startup/lib/pkgconfig/oxbot_startup.pc'
[12.712s] Level 1:colcon.colcon_core.environment:checking '/root/oxbot/src/ros2_ws/install/oxbot_startup/lib/python3.6/site-packages'
[12.713s] Level 1:colcon.colcon_core.environment:checking '/root/oxbot/src/ros2_ws/install/oxbot_startup/bin'
[12.752s] INFO:colcon.colcon_core.shell:Creating package script '/root/oxbot/src/ros2_ws/install/oxbot_startup/share/oxbot_startup/package.ps1'
[12.793s] INFO:colcon.colcon_core.shell:Creating package descriptor '/root/oxbot/src/ros2_ws/install/oxbot_startup/share/oxbot_startup/package.dsv'
[12.796s] INFO:colcon.colcon_core.shell:Creating package script '/root/oxbot/src/ros2_ws/install/oxbot_startup/share/oxbot_startup/package.sh'
[12.803s] INFO:colcon.colcon_core.shell:Creating package script '/root/oxbot/src/ros2_ws/install/oxbot_startup/share/oxbot_startup/package.bash'
[12.809s] INFO:colcon.colcon_core.shell:Creating package script '/root/oxbot/src/ros2_ws/install/oxbot_startup/share/oxbot_startup/package.zsh'
[12.814s] Level 1:colcon.colcon_core.environment:create_file_with_runtime_dependencies(/root/oxbot/src/ros2_ws/install/oxbot_startup/share/colcon-core/packages/oxbot_startup)
[13.067s] Level 1:colcon.colcon_core.environment:create_environment_scripts_only(oxbot_startup)
[13.120s] Level 1:colcon.colcon_core.environment:checking '/root/oxbot/src/ros2_ws/install/oxbot_startup' for CMake module files
[13.123s] Level 1:colcon.colcon_core.environment:checking '/root/oxbot/src/ros2_ws/install/oxbot_startup' for CMake config files
[13.124s] Level 1:colcon.colcon_core.shell:create_environment_hook('oxbot_startup', 'cmake_prefix_path')
[13.164s] INFO:colcon.colcon_core.shell:Creating environment hook '/root/oxbot/src/ros2_ws/install/oxbot_startup/share/oxbot_startup/hook/cmake_prefix_path.ps1'
[13.167s] INFO:colcon.colcon_core.shell:Creating environment descriptor '/root/oxbot/src/ros2_ws/install/oxbot_startup/share/oxbot_startup/hook/cmake_prefix_path.dsv'
[13.168s] INFO:colcon.colcon_core.shell:Creating environment hook '/root/oxbot/src/ros2_ws/install/oxbot_startup/share/oxbot_startup/hook/cmake_prefix_path.sh'
[13.172s] Level 1:colcon.colcon_core.environment:checking '/root/oxbot/src/ros2_ws/install/oxbot_startup/bin'
[13.173s] Level 1:colcon.colcon_core.environment:checking '/root/oxbot/src/ros2_ws/install/oxbot_startup/lib/pkgconfig/oxbot_startup.pc'
[13.174s] Level 1:colcon.colcon_core.environment:checking '/root/oxbot/src/ros2_ws/install/oxbot_startup/lib/python3.6/site-packages'
[13.175s] Level 1:colcon.colcon_core.environment:checking '/root/oxbot/src/ros2_ws/install/oxbot_startup/bin'
[13.215s] INFO:colcon.colcon_core.shell:Creating package script '/root/oxbot/src/ros2_ws/install/oxbot_startup/share/oxbot_startup/package.ps1'
[13.217s] INFO:colcon.colcon_core.shell:Creating package descriptor '/root/oxbot/src/ros2_ws/install/oxbot_startup/share/oxbot_startup/package.dsv'
[13.219s] INFO:colcon.colcon_core.shell:Creating package script '/root/oxbot/src/ros2_ws/install/oxbot_startup/share/oxbot_startup/package.sh'
[13.221s] INFO:colcon.colcon_core.shell:Creating package script '/root/oxbot/src/ros2_ws/install/oxbot_startup/share/oxbot_startup/package.bash'
[13.223s] INFO:colcon.colcon_core.shell:Creating package script '/root/oxbot/src/ros2_ws/install/oxbot_startup/share/oxbot_startup/package.zsh'
[13.224s] Level 1:colcon.colcon_core.environment:create_file_with_runtime_dependencies(/root/oxbot/src/ros2_ws/install/oxbot_startup/share/colcon-core/packages/oxbot_startup)
[13.226s] DEBUG:colcon.colcon_parallel_executor.executor.parallel:closing loop
[13.228s] DEBUG:colcon.colcon_parallel_executor.executor.parallel:loop closed
[13.229s] DEBUG:colcon.colcon_parallel_executor.executor.parallel:run_until_complete finished with '0'
[13.229s] DEBUG:colcon.colcon_core.event_reactor:joining thread
[13.272s] INFO:colcon.colcon_core.plugin_system:Skipping extension 'colcon_notification.desktop_notification.notify_send': Could not find 'notify-send'
[13.273s] INFO:colcon.colcon_core.plugin_system:Skipping extension 'colcon_notification.desktop_notification.terminal_notifier': Not used on non-Darwin systems
[13.273s] INFO:colcon.colcon_core.plugin_system:Skipping extension 'colcon_notification.desktop_notification.win32': Not used on non-Windows systems
[13.273s] INFO:colcon.colcon_notification.desktop_notification:Sending desktop notification using 'notify2'
[13.281s] DEBUG:colcon.colcon_notification.desktop_notification.notify2:Failed to initialize notify2: org.freedesktop.DBus.Error.Spawn.ExecFailed: /usr/bin/dbus-launch terminated abnormally without any error message
[13.282s] DEBUG:colcon.colcon_core.event_reactor:joined thread
[13.320s] INFO:colcon.colcon_core.shell:Creating prefix script '/root/oxbot/src/ros2_ws/install/local_setup.ps1'
[13.330s] INFO:colcon.colcon_core.shell:Creating prefix util module '/root/oxbot/src/ros2_ws/install/_local_setup_util_ps1.py'
[13.341s] INFO:colcon.colcon_core.shell:Creating prefix chain script '/root/oxbot/src/ros2_ws/install/setup.ps1'
[13.355s] INFO:colcon.colcon_core.shell:Creating prefix script '/root/oxbot/src/ros2_ws/install/local_setup.sh'
[13.358s] INFO:colcon.colcon_core.shell:Creating prefix util module '/root/oxbot/src/ros2_ws/install/_local_setup_util_sh.py'
[13.360s] INFO:colcon.colcon_core.shell:Creating prefix chain script '/root/oxbot/src/ros2_ws/install/setup.sh'
[13.374s] INFO:colcon.colcon_core.shell:Creating prefix script '/root/oxbot/src/ros2_ws/install/local_setup.bash'
[13.377s] INFO:colcon.colcon_core.shell:Creating prefix chain script '/root/oxbot/src/ros2_ws/install/setup.bash'
[13.393s] INFO:colcon.colcon_core.shell:Creating prefix script '/root/oxbot/src/ros2_ws/install/local_setup.zsh'
[13.396s] INFO:colcon.colcon_core.shell:Creating prefix chain script '/root/oxbot/src/ros2_ws/install/setup.zsh'
