[3.285s] DEBUG:colcon:Command line arguments: ['/usr/bin/colcon', 'build', '--packages-select', 'oxbot_config']
[3.285s] DEBUG:colcon:Parsed command line arguments: Namespace(ament_cmake_args=None, base_paths=['.'], build_base='build', catkin_cmake_args=None, catkin_skip_building_tests=False, cmake_args=None, cmake_clean_cache=False, cmake_clean_first=False, cmake_force_configure=False, cmake_target=None, cmake_target_skip_unavailable=False, continue_on_error=False, event_handlers=None, executor='parallel', ignore_user_meta=False, install_base='install', log_base=None, log_level=None, main=<bound method BuildVerb.main of <colcon_core.verb.build.BuildVerb object at 0x7f881056d8>>, merge_install=False, metas=['./colcon.meta'], packages_above=None, packages_above_and_dependencies=None, packages_above_depth=None, packages_end=None, packages_ignore=None, packages_ignore_regex=None, packages_select=['oxbot_config'], packages_select_build_failed=False, packages_select_by_dep=None, packages_select_regex=None, packages_select_test_failures=False, packages_skip=None, packages_skip_build_finished=False, packages_skip_by_dep=None, packages_skip_regex=None, packages_skip_test_passed=False, packages_skip_up_to=None, packages_start=None, packages_up_to=None, packages_up_to_regex=None, parallel_workers=4, paths=None, symlink_install=False, test_result_base=None, verb_extension=<colcon_core.verb.build.BuildVerb object at 0x7f881056d8>, verb_name='build', verb_parser=<colcon_defaults.argument_parser.defaults.DefaultArgumentsDecorator object at 0x7f8804f208>)
[3.543s] Level 1:colcon.colcon_core.package_discovery:discover_packages(colcon_meta) check parameters
[3.543s] Level 1:colcon.colcon_core.package_discovery:discover_packages(recursive) check parameters
[3.543s] Level 1:colcon.colcon_core.package_discovery:discover_packages(ignore) check parameters
[3.544s] Level 1:colcon.colcon_core.package_discovery:discover_packages(path) check parameters
[3.544s] Level 1:colcon.colcon_core.package_discovery:discover_packages(colcon_meta) discover
[3.545s] Level 1:colcon.colcon_core.package_discovery:discover_packages(recursive) discover
[3.546s] INFO:colcon.colcon_core.package_discovery:Crawling recursively for packages in '/root/oxbot/src/ros2_ws'
[3.546s] Level 1:colcon.colcon_core.package_identification:_identify(.) by extensions ['ignore', 'ignore_ament_install']
[3.546s] Level 1:colcon.colcon_core.package_identification:_identify(.) by extension 'ignore'
[3.547s] Level 1:colcon.colcon_core.package_identification:_identify(.) by extension 'ignore_ament_install'
[3.547s] Level 1:colcon.colcon_core.package_identification:_identify(.) by extensions ['colcon_pkg']
[3.547s] Level 1:colcon.colcon_core.package_identification:_identify(.) by extension 'colcon_pkg'
[3.548s] Level 1:colcon.colcon_core.package_identification:_identify(.) by extensions ['colcon_meta']
[3.548s] Level 1:colcon.colcon_core.package_identification:_identify(.) by extension 'colcon_meta'
[3.548s] Level 1:colcon.colcon_core.package_identification:_identify(.) by extensions ['ros']
[3.548s] Level 1:colcon.colcon_core.package_identification:_identify(.) by extension 'ros'
[3.738s] Level 1:colcon.colcon_core.package_identification:_identify(.) by extensions ['cmake', 'python']
[3.739s] Level 1:colcon.colcon_core.package_identification:_identify(.) by extension 'cmake'
[3.739s] Level 1:colcon.colcon_core.package_identification:_identify(.) by extension 'python'
[3.739s] Level 1:colcon.colcon_core.package_identification:_identify(.) by extensions ['python_setup_py']
[3.739s] Level 1:colcon.colcon_core.package_identification:_identify(.) by extension 'python_setup_py'
[3.740s] Level 1:colcon.colcon_core.package_identification:_identify(build) by extensions ['ignore', 'ignore_ament_install']
[3.741s] Level 1:colcon.colcon_core.package_identification:_identify(build) by extension 'ignore'
[3.741s] Level 1:colcon.colcon_core.package_identification:_identify(build) ignored
[3.743s] Level 1:colcon.colcon_core.package_identification:_identify(install) by extensions ['ignore', 'ignore_ament_install']
[3.743s] Level 1:colcon.colcon_core.package_identification:_identify(install) by extension 'ignore'
[3.743s] Level 1:colcon.colcon_core.package_identification:_identify(install) ignored
[3.744s] Level 1:colcon.colcon_core.package_identification:_identify(log) by extensions ['ignore', 'ignore_ament_install']
[3.745s] Level 1:colcon.colcon_core.package_identification:_identify(log) by extension 'ignore'
[3.745s] Level 1:colcon.colcon_core.package_identification:_identify(log) ignored
[3.745s] Level 1:colcon.colcon_core.package_identification:_identify(src) by extensions ['ignore', 'ignore_ament_install']
[3.746s] Level 1:colcon.colcon_core.package_identification:_identify(src) by extension 'ignore'
[3.746s] Level 1:colcon.colcon_core.package_identification:_identify(src) by extension 'ignore_ament_install'
[3.746s] Level 1:colcon.colcon_core.package_identification:_identify(src) by extensions ['colcon_pkg']
[3.746s] Level 1:colcon.colcon_core.package_identification:_identify(src) by extension 'colcon_pkg'
[3.747s] Level 1:colcon.colcon_core.package_identification:_identify(src) by extensions ['colcon_meta']
[3.747s] Level 1:colcon.colcon_core.package_identification:_identify(src) by extension 'colcon_meta'
[3.747s] Level 1:colcon.colcon_core.package_identification:_identify(src) by extensions ['ros']
[3.747s] Level 1:colcon.colcon_core.package_identification:_identify(src) by extension 'ros'
[3.748s] Level 1:colcon.colcon_core.package_identification:_identify(src) by extensions ['cmake', 'python']
[3.748s] Level 1:colcon.colcon_core.package_identification:_identify(src) by extension 'cmake'
[3.748s] Level 1:colcon.colcon_core.package_identification:_identify(src) by extension 'python'
[3.749s] Level 1:colcon.colcon_core.package_identification:_identify(src) by extensions ['python_setup_py']
[3.749s] Level 1:colcon.colcon_core.package_identification:_identify(src) by extension 'python_setup_py'
[3.749s] Level 1:colcon.colcon_core.package_identification:_identify(src/motion_control) by extensions ['ignore', 'ignore_ament_install']
[3.750s] Level 1:colcon.colcon_core.package_identification:_identify(src/motion_control) by extension 'ignore'
[3.750s] Level 1:colcon.colcon_core.package_identification:_identify(src/motion_control) by extension 'ignore_ament_install'
[3.750s] Level 1:colcon.colcon_core.package_identification:_identify(src/motion_control) by extensions ['colcon_pkg']
[3.750s] Level 1:colcon.colcon_core.package_identification:_identify(src/motion_control) by extension 'colcon_pkg'
[3.751s] Level 1:colcon.colcon_core.package_identification:_identify(src/motion_control) by extensions ['colcon_meta']
[3.751s] Level 1:colcon.colcon_core.package_identification:_identify(src/motion_control) by extension 'colcon_meta'
[3.751s] Level 1:colcon.colcon_core.package_identification:_identify(src/motion_control) by extensions ['ros']
[3.751s] Level 1:colcon.colcon_core.package_identification:_identify(src/motion_control) by extension 'ros'
[3.768s] DEBUG:colcon.colcon_core.package_identification:Package 'src/motion_control' with type 'ros.ament_cmake' and name 'motion_control'
[3.769s] Level 1:colcon.colcon_core.package_identification:_identify(src/oxbot_bringup) by extensions ['ignore', 'ignore_ament_install']
[3.769s] Level 1:colcon.colcon_core.package_identification:_identify(src/oxbot_bringup) by extension 'ignore'
[3.770s] Level 1:colcon.colcon_core.package_identification:_identify(src/oxbot_bringup) by extension 'ignore_ament_install'
[3.770s] Level 1:colcon.colcon_core.package_identification:_identify(src/oxbot_bringup) by extensions ['colcon_pkg']
[3.770s] Level 1:colcon.colcon_core.package_identification:_identify(src/oxbot_bringup) by extension 'colcon_pkg'
[3.770s] Level 1:colcon.colcon_core.package_identification:_identify(src/oxbot_bringup) by extensions ['colcon_meta']
[3.771s] Level 1:colcon.colcon_core.package_identification:_identify(src/oxbot_bringup) by extension 'colcon_meta'
[3.771s] Level 1:colcon.colcon_core.package_identification:_identify(src/oxbot_bringup) by extensions ['ros']
[3.771s] Level 1:colcon.colcon_core.package_identification:_identify(src/oxbot_bringup) by extension 'ros'
[3.776s] DEBUG:colcon.colcon_core.package_identification:Package 'src/oxbot_bringup' with type 'ros.ament_cmake' and name 'oxbot_bringup'
[3.777s] Level 1:colcon.colcon_core.package_identification:_identify(src/oxbot_config) by extensions ['ignore', 'ignore_ament_install']
[3.778s] Level 1:colcon.colcon_core.package_identification:_identify(src/oxbot_config) by extension 'ignore'
[3.778s] Level 1:colcon.colcon_core.package_identification:_identify(src/oxbot_config) by extension 'ignore_ament_install'
[3.778s] Level 1:colcon.colcon_core.package_identification:_identify(src/oxbot_config) by extensions ['colcon_pkg']
[3.779s] Level 1:colcon.colcon_core.package_identification:_identify(src/oxbot_config) by extension 'colcon_pkg'
[3.779s] Level 1:colcon.colcon_core.package_identification:_identify(src/oxbot_config) by extensions ['colcon_meta']
[3.779s] Level 1:colcon.colcon_core.package_identification:_identify(src/oxbot_config) by extension 'colcon_meta'
[3.780s] Level 1:colcon.colcon_core.package_identification:_identify(src/oxbot_config) by extensions ['ros']
[3.780s] Level 1:colcon.colcon_core.package_identification:_identify(src/oxbot_config) by extension 'ros'
[3.783s] DEBUG:colcon.colcon_core.package_identification:Package 'src/oxbot_config' with type 'ros.ament_cmake' and name 'oxbot_config'
[3.783s] Level 1:colcon.colcon_core.package_identification:_identify(src/oxbot_interfaces) by extensions ['ignore', 'ignore_ament_install']
[3.784s] Level 1:colcon.colcon_core.package_identification:_identify(src/oxbot_interfaces) by extension 'ignore'
[3.784s] Level 1:colcon.colcon_core.package_identification:_identify(src/oxbot_interfaces) by extension 'ignore_ament_install'
[3.784s] Level 1:colcon.colcon_core.package_identification:_identify(src/oxbot_interfaces) by extensions ['colcon_pkg']
[3.785s] Level 1:colcon.colcon_core.package_identification:_identify(src/oxbot_interfaces) by extension 'colcon_pkg'
[3.785s] Level 1:colcon.colcon_core.package_identification:_identify(src/oxbot_interfaces) by extensions ['colcon_meta']
[3.785s] Level 1:colcon.colcon_core.package_identification:_identify(src/oxbot_interfaces) by extension 'colcon_meta'
[3.786s] Level 1:colcon.colcon_core.package_identification:_identify(src/oxbot_interfaces) by extensions ['ros']
[3.786s] Level 1:colcon.colcon_core.package_identification:_identify(src/oxbot_interfaces) by extension 'ros'
[3.792s] DEBUG:colcon.colcon_core.package_identification:Package 'src/oxbot_interfaces' with type 'ros.ament_cmake' and name 'oxbot_interfaces'
[3.792s] Level 1:colcon.colcon_core.package_discovery:discover_packages(recursive) using defaults
[3.794s] Level 1:colcon.colcon_core.package_discovery:discover_packages(ignore) discover
[3.794s] Level 1:colcon.colcon_core.package_discovery:discover_packages(ignore) using defaults
[3.794s] Level 1:colcon.colcon_core.package_discovery:discover_packages(path) discover
[3.794s] Level 1:colcon.colcon_core.package_discovery:discover_packages(path) using defaults
[4.032s] INFO:colcon.colcon_core.package_selection:Skipping not selected package 'oxbot_bringup' in 'src/oxbot_bringup'
[4.032s] INFO:colcon.colcon_core.package_selection:Skipping not selected package 'oxbot_interfaces' in 'src/oxbot_interfaces'
[4.032s] INFO:colcon.colcon_core.package_selection:Skipping not selected package 'motion_control' in 'src/motion_control'
[4.051s] Level 5:colcon.colcon_core.verb:set package 'oxbot_config' build argument 'cmake_args' from command line to 'None'
[4.052s] Level 5:colcon.colcon_core.verb:set package 'oxbot_config' build argument 'cmake_target' from command line to 'None'
[4.052s] Level 5:colcon.colcon_core.verb:set package 'oxbot_config' build argument 'cmake_target_skip_unavailable' from command line to 'False'
[4.052s] Level 5:colcon.colcon_core.verb:set package 'oxbot_config' build argument 'cmake_clean_cache' from command line to 'False'
[4.052s] Level 5:colcon.colcon_core.verb:set package 'oxbot_config' build argument 'cmake_clean_first' from command line to 'False'
[4.053s] Level 5:colcon.colcon_core.verb:set package 'oxbot_config' build argument 'cmake_force_configure' from command line to 'False'
[4.053s] Level 5:colcon.colcon_core.verb:set package 'oxbot_config' build argument 'ament_cmake_args' from command line to 'None'
[4.053s] Level 5:colcon.colcon_core.verb:set package 'oxbot_config' build argument 'catkin_cmake_args' from command line to 'None'
[4.053s] Level 5:colcon.colcon_core.verb:set package 'oxbot_config' build argument 'catkin_skip_building_tests' from command line to 'False'
[4.053s] DEBUG:colcon.colcon_core.verb:Building package 'oxbot_config' with the following arguments: {'ament_cmake_args': None, 'build_base': '/root/oxbot/src/ros2_ws/build/oxbot_config', 'catkin_cmake_args': None, 'catkin_skip_building_tests': False, 'cmake_args': None, 'cmake_clean_cache': False, 'cmake_clean_first': False, 'cmake_force_configure': False, 'cmake_target': None, 'cmake_target_skip_unavailable': False, 'install_base': '/root/oxbot/src/ros2_ws/install/oxbot_config', 'merge_install': False, 'path': '/root/oxbot/src/ros2_ws/src/oxbot_config', 'symlink_install': False, 'test_result_base': None}
[4.070s] INFO:colcon.colcon_core.executor:Executing jobs using 'parallel' executor
[4.153s] DEBUG:colcon.colcon_parallel_executor.executor.parallel:run_until_complete
[4.154s] INFO:colcon.colcon_ros.task.ament_cmake.build:Building ROS package in '/root/oxbot/src/ros2_ws/src/oxbot_config' with build type 'ament_cmake'
[4.156s] INFO:colcon.colcon_cmake.task.cmake.build:Building CMake package in '/root/oxbot/src/ros2_ws/src/oxbot_config'
[4.232s] INFO:colcon.colcon_core.plugin_system:Skipping extension 'colcon_core.shell.bat': Not used on non-Windows systems
[4.233s] INFO:colcon.colcon_core.shell:Skip shell extension 'powershell' for command environment: Not usable outside of PowerShell
[4.234s] DEBUG:colcon.colcon_core.shell:Skip shell extension 'dsv' for command environment
[4.383s] DEBUG:colcon.colcon_core.event_handler.log_command:Invoking command in '/root/oxbot/src/ros2_ws/build/oxbot_config': /usr/local/bin/cmake --build /root/oxbot/src/ros2_ws/build/oxbot_config -- -j4 -l4
[6.574s] DEBUG:colcon.colcon_core.event_handler.log_command:Invoked command in '/root/oxbot/src/ros2_ws/build/oxbot_config' returned '0': /usr/local/bin/cmake --build /root/oxbot/src/ros2_ws/build/oxbot_config -- -j4 -l4
[6.964s] DEBUG:colcon.colcon_core.event_handler.log_command:Invoking command in '/root/oxbot/src/ros2_ws/build/oxbot_config': /usr/local/bin/cmake --install /root/oxbot/src/ros2_ws/build/oxbot_config
[7.144s] Level 1:colcon.colcon_core.environment:create_environment_scripts_only(oxbot_config)
[7.146s] DEBUG:colcon.colcon_core.event_handler.log_command:Invoked command in '/root/oxbot/src/ros2_ws/build/oxbot_config' returned '0': /usr/local/bin/cmake --install /root/oxbot/src/ros2_ws/build/oxbot_config
[7.235s] Level 1:colcon.colcon_core.environment:checking '/root/oxbot/src/ros2_ws/install/oxbot_config' for CMake module files
[7.239s] Level 1:colcon.colcon_core.environment:checking '/root/oxbot/src/ros2_ws/install/oxbot_config' for CMake config files
[7.241s] Level 1:colcon.colcon_core.shell:create_environment_hook('oxbot_config', 'cmake_prefix_path')
[7.276s] INFO:colcon.colcon_core.shell:Creating environment hook '/root/oxbot/src/ros2_ws/install/oxbot_config/share/oxbot_config/hook/cmake_prefix_path.ps1'
[7.280s] INFO:colcon.colcon_core.shell:Creating environment descriptor '/root/oxbot/src/ros2_ws/install/oxbot_config/share/oxbot_config/hook/cmake_prefix_path.dsv'
[7.282s] INFO:colcon.colcon_core.shell:Creating environment hook '/root/oxbot/src/ros2_ws/install/oxbot_config/share/oxbot_config/hook/cmake_prefix_path.sh'
[7.289s] Level 1:colcon.colcon_core.environment:checking '/root/oxbot/src/ros2_ws/install/oxbot_config/bin'
[7.289s] Level 1:colcon.colcon_core.environment:checking '/root/oxbot/src/ros2_ws/install/oxbot_config/lib/pkgconfig/oxbot_config.pc'
[7.290s] Level 1:colcon.colcon_core.environment:checking '/root/oxbot/src/ros2_ws/install/oxbot_config/lib/python3.6/site-packages'
[7.291s] Level 1:colcon.colcon_core.environment:checking '/root/oxbot/src/ros2_ws/install/oxbot_config/bin'
[7.330s] INFO:colcon.colcon_core.shell:Creating package script '/root/oxbot/src/ros2_ws/install/oxbot_config/share/oxbot_config/package.ps1'
[7.336s] INFO:colcon.colcon_core.shell:Creating package descriptor '/root/oxbot/src/ros2_ws/install/oxbot_config/share/oxbot_config/package.dsv'
[7.338s] INFO:colcon.colcon_core.shell:Creating package script '/root/oxbot/src/ros2_ws/install/oxbot_config/share/oxbot_config/package.sh'
[7.342s] INFO:colcon.colcon_core.shell:Creating package script '/root/oxbot/src/ros2_ws/install/oxbot_config/share/oxbot_config/package.bash'
[7.347s] INFO:colcon.colcon_core.shell:Creating package script '/root/oxbot/src/ros2_ws/install/oxbot_config/share/oxbot_config/package.zsh'
[7.350s] Level 1:colcon.colcon_core.environment:create_file_with_runtime_dependencies(/root/oxbot/src/ros2_ws/install/oxbot_config/share/colcon-core/packages/oxbot_config)
[7.594s] Level 1:colcon.colcon_core.environment:create_environment_scripts_only(oxbot_config)
[7.649s] Level 1:colcon.colcon_core.environment:checking '/root/oxbot/src/ros2_ws/install/oxbot_config' for CMake module files
[7.652s] Level 1:colcon.colcon_core.environment:checking '/root/oxbot/src/ros2_ws/install/oxbot_config' for CMake config files
[7.654s] Level 1:colcon.colcon_core.shell:create_environment_hook('oxbot_config', 'cmake_prefix_path')
[7.690s] INFO:colcon.colcon_core.shell:Creating environment hook '/root/oxbot/src/ros2_ws/install/oxbot_config/share/oxbot_config/hook/cmake_prefix_path.ps1'
[7.693s] INFO:colcon.colcon_core.shell:Creating environment descriptor '/root/oxbot/src/ros2_ws/install/oxbot_config/share/oxbot_config/hook/cmake_prefix_path.dsv'
[7.694s] INFO:colcon.colcon_core.shell:Creating environment hook '/root/oxbot/src/ros2_ws/install/oxbot_config/share/oxbot_config/hook/cmake_prefix_path.sh'
[7.698s] Level 1:colcon.colcon_core.environment:checking '/root/oxbot/src/ros2_ws/install/oxbot_config/bin'
[7.699s] Level 1:colcon.colcon_core.environment:checking '/root/oxbot/src/ros2_ws/install/oxbot_config/lib/pkgconfig/oxbot_config.pc'
[7.699s] Level 1:colcon.colcon_core.environment:checking '/root/oxbot/src/ros2_ws/install/oxbot_config/lib/python3.6/site-packages'
[7.700s] Level 1:colcon.colcon_core.environment:checking '/root/oxbot/src/ros2_ws/install/oxbot_config/bin'
[7.742s] INFO:colcon.colcon_core.shell:Creating package script '/root/oxbot/src/ros2_ws/install/oxbot_config/share/oxbot_config/package.ps1'
[7.745s] INFO:colcon.colcon_core.shell:Creating package descriptor '/root/oxbot/src/ros2_ws/install/oxbot_config/share/oxbot_config/package.dsv'
[7.747s] INFO:colcon.colcon_core.shell:Creating package script '/root/oxbot/src/ros2_ws/install/oxbot_config/share/oxbot_config/package.sh'
[7.749s] INFO:colcon.colcon_core.shell:Creating package script '/root/oxbot/src/ros2_ws/install/oxbot_config/share/oxbot_config/package.bash'
[7.751s] INFO:colcon.colcon_core.shell:Creating package script '/root/oxbot/src/ros2_ws/install/oxbot_config/share/oxbot_config/package.zsh'
[7.753s] Level 1:colcon.colcon_core.environment:create_file_with_runtime_dependencies(/root/oxbot/src/ros2_ws/install/oxbot_config/share/colcon-core/packages/oxbot_config)
[7.754s] DEBUG:colcon.colcon_parallel_executor.executor.parallel:closing loop
[7.756s] DEBUG:colcon.colcon_parallel_executor.executor.parallel:loop closed
[7.756s] DEBUG:colcon.colcon_parallel_executor.executor.parallel:run_until_complete finished with '0'
[7.757s] DEBUG:colcon.colcon_core.event_reactor:joining thread
[7.799s] INFO:colcon.colcon_core.plugin_system:Skipping extension 'colcon_notification.desktop_notification.notify_send': Could not find 'notify-send'
[7.800s] INFO:colcon.colcon_core.plugin_system:Skipping extension 'colcon_notification.desktop_notification.terminal_notifier': Not used on non-Darwin systems
[7.800s] INFO:colcon.colcon_core.plugin_system:Skipping extension 'colcon_notification.desktop_notification.win32': Not used on non-Windows systems
[7.801s] INFO:colcon.colcon_notification.desktop_notification:Sending desktop notification using 'notify2'
[7.807s] DEBUG:colcon.colcon_notification.desktop_notification.notify2:Failed to initialize notify2: org.freedesktop.DBus.Error.Spawn.ExecFailed: /usr/bin/dbus-launch terminated abnormally without any error message
[7.808s] DEBUG:colcon.colcon_core.event_reactor:joined thread
[7.847s] INFO:colcon.colcon_core.shell:Creating prefix script '/root/oxbot/src/ros2_ws/install/local_setup.ps1'
[7.858s] INFO:colcon.colcon_core.shell:Creating prefix util module '/root/oxbot/src/ros2_ws/install/_local_setup_util_ps1.py'
[7.869s] INFO:colcon.colcon_core.shell:Creating prefix chain script '/root/oxbot/src/ros2_ws/install/setup.ps1'
[7.887s] INFO:colcon.colcon_core.shell:Creating prefix script '/root/oxbot/src/ros2_ws/install/local_setup.sh'
[7.891s] INFO:colcon.colcon_core.shell:Creating prefix util module '/root/oxbot/src/ros2_ws/install/_local_setup_util_sh.py'
[7.893s] INFO:colcon.colcon_core.shell:Creating prefix chain script '/root/oxbot/src/ros2_ws/install/setup.sh'
[7.910s] INFO:colcon.colcon_core.shell:Creating prefix script '/root/oxbot/src/ros2_ws/install/local_setup.bash'
[7.914s] INFO:colcon.colcon_core.shell:Creating prefix chain script '/root/oxbot/src/ros2_ws/install/setup.bash'
[7.930s] INFO:colcon.colcon_core.shell:Creating prefix script '/root/oxbot/src/ros2_ws/install/local_setup.zsh'
[7.934s] INFO:colcon.colcon_core.shell:Creating prefix chain script '/root/oxbot/src/ros2_ws/install/setup.zsh'
