[0.154s] Invoking command in '/root/oxbot/src/ros2_ws/build/motion_control': AMENT_PREFIX_PATH=/root/oxbot/src/ros2_ws/install/oxbot_interfaces:${AMENT_PREFIX_PATH} CMAKE_PREFIX_PATH=/root/oxbot/src/ros2_ws/install/oxbot_interfaces:${CMAKE_PREFIX_PATH} LD_LIBRARY_PATH=/root/oxbot/src/ros2_ws/install/oxbot_interfaces/lib:/opt/ros/humble/install/opt/rviz_ogre_vendor/lib:/opt/ros/humble/install/lib:/usr/local/cuda-10.2/targets/aarch64-linux/lib PYTHONPATH=/root/oxbot/src/ros2_ws/install/oxbot_interfaces/lib/python3.6/site-packages:${PYTHONPATH} /usr/local/bin/cmake /root/oxbot/src/ros2_ws/src/motion_control -DCMAKE_INSTALL_PREFIX=/root/oxbot/src/ros2_ws/install/motion_control
[0.382s] -- Found ament_cmake: 1.3.5 (/opt/ros/humble/install/share/ament_cmake/cmake)
[5.069s] -- Found Python3: /usr/bin/python3.6 (found version "3.6.9") found components: Interpreter 
[5.731s] -- Found rclcpp: 16.0.5 (/opt/ros/humble/install/share/rclcpp/cmake)
[6.016s] -- Found rosidl_generator_c: 3.1.5 (/opt/ros/humble/install/share/rosidl_generator_c/cmake)
[6.053s] -- Found rosidl_adapter: 3.1.5 (/opt/ros/humble/install/share/rosidl_adapter/cmake)
[6.109s] -- Found rosidl_generator_cpp: 3.1.5 (/opt/ros/humble/install/share/rosidl_generator_cpp/cmake)
[6.206s] -- Using all available rosidl_typesupport_c: rosidl_typesupport_fastrtps_c;rosidl_typesupport_introspection_c
[6.349s] -- Using all available rosidl_typesupport_cpp: rosidl_typesupport_fastrtps_cpp;rosidl_typesupport_introspection_cpp
[6.841s] -- Found rmw_implementation_cmake: 6.1.1 (/opt/ros/humble/install/share/rmw_implementation_cmake/cmake)
[6.859s] -- Found rmw_cyclonedds_cpp: 1.3.4 (/opt/ros/humble/install/share/rmw_cyclonedds_cpp/cmake)
[7.087s] -- Using RMW implementation 'rmw_cyclonedds_cpp' as default
[7.141s] -- Performing Test CMAKE_HAVE_LIBC_PTHREAD
[7.374s] -- Performing Test CMAKE_HAVE_LIBC_PTHREAD - Failed
[7.375s] -- Looking for pthread_create in pthreads
[7.581s] -- Looking for pthread_create in pthreads - not found
[7.581s] -- Looking for pthread_create in pthread
[7.791s] -- Looking for pthread_create in pthread - found
[7.795s] -- Found Threads: TRUE  
[8.821s] -- Found oxbot_interfaces: 0.0.0 (/root/oxbot/src/ros2_ws/install/oxbot_interfaces/share/oxbot_interfaces/cmake)
[8.994s] [31mCMake Error at CMakeLists.txt:15 (find_package):
[8.994s]   By not providing "Findoxbot_config.cmake" in CMAKE_MODULE_PATH this project
[8.995s]   has asked CMake to find a package configuration file provided by
[8.995s]   "oxbot_config", but CMake did not find one.
[8.996s] 
[8.996s]   Could not find a package configuration file provided by "oxbot_config" with
[8.997s]   any of the following names:
[8.997s] 
[8.998s]     oxbot_configConfig.cmake
[8.998s]     oxbot_config-config.cmake
[8.999s] 
[8.999s]   Add the installation prefix of "oxbot_config" to CMAKE_PREFIX_PATH or set
[9.000s]   "oxbot_config_DIR" to a directory containing one of the above files.  If
[9.000s]   "oxbot_config" provides a separate development package or SDK, be sure it
[9.001s]   has been installed.
[9.001s] 
[9.002s] [0m
[9.002s] -- Configuring incomplete, errors occurred!
[9.041s] Invoked command in '/root/oxbot/src/ros2_ws/build/motion_control' returned '1': AMENT_PREFIX_PATH=/root/oxbot/src/ros2_ws/install/oxbot_interfaces:${AMENT_PREFIX_PATH} CMAKE_PREFIX_PATH=/root/oxbot/src/ros2_ws/install/oxbot_interfaces:${CMAKE_PREFIX_PATH} LD_LIBRARY_PATH=/root/oxbot/src/ros2_ws/install/oxbot_interfaces/lib:/opt/ros/humble/install/opt/rviz_ogre_vendor/lib:/opt/ros/humble/install/lib:/usr/local/cuda-10.2/targets/aarch64-linux/lib PYTHONPATH=/root/oxbot/src/ros2_ws/install/oxbot_interfaces/lib/python3.6/site-packages:${PYTHONPATH} /usr/local/bin/cmake /root/oxbot/src/ros2_ws/src/motion_control -DCMAKE_INSTALL_PREFIX=/root/oxbot/src/ros2_ws/install/motion_control
