[2.925s] DEBUG:colcon:Command line arguments: ['/usr/bin/colcon', 'build', '--packages-select', 'motion_control']
[2.926s] DEBUG:colcon:Parsed command line arguments: Namespace(ament_cmake_args=None, base_paths=['.'], build_base='build', catkin_cmake_args=None, catkin_skip_building_tests=False, cmake_args=None, cmake_clean_cache=False, cmake_clean_first=False, cmake_force_configure=False, cmake_target=None, cmake_target_skip_unavailable=False, continue_on_error=False, event_handlers=None, executor='parallel', ignore_user_meta=False, install_base='install', log_base=None, log_level=None, main=<bound method BuildVerb.main of <colcon_core.verb.build.BuildVerb object at 0x7f877884e0>>, merge_install=False, metas=['./colcon.meta'], packages_above=None, packages_above_and_dependencies=None, packages_above_depth=None, packages_end=None, packages_ignore=None, packages_ignore_regex=None, packages_select=['motion_control'], packages_select_build_failed=False, packages_select_by_dep=None, packages_select_regex=None, packages_select_test_failures=False, packages_skip=None, packages_skip_build_finished=False, packages_skip_by_dep=None, packages_skip_regex=None, packages_skip_test_passed=False, packages_skip_up_to=None, packages_start=None, packages_up_to=None, packages_up_to_regex=None, parallel_workers=4, paths=None, symlink_install=False, test_result_base=None, verb_extension=<colcon_core.verb.build.BuildVerb object at 0x7f877884e0>, verb_name='build', verb_parser=<colcon_defaults.argument_parser.defaults.DefaultArgumentsDecorator object at 0x7f876629b0>)
[3.197s] Level 1:colcon.colcon_core.package_discovery:discover_packages(colcon_meta) check parameters
[3.197s] Level 1:colcon.colcon_core.package_discovery:discover_packages(recursive) check parameters
[3.197s] Level 1:colcon.colcon_core.package_discovery:discover_packages(ignore) check parameters
[3.198s] Level 1:colcon.colcon_core.package_discovery:discover_packages(path) check parameters
[3.198s] Level 1:colcon.colcon_core.package_discovery:discover_packages(colcon_meta) discover
[3.199s] Level 1:colcon.colcon_core.package_discovery:discover_packages(recursive) discover
[3.199s] INFO:colcon.colcon_core.package_discovery:Crawling recursively for packages in '/root/oxbot/src/ros2_ws'
[3.200s] Level 1:colcon.colcon_core.package_identification:_identify(.) by extensions ['ignore', 'ignore_ament_install']
[3.200s] Level 1:colcon.colcon_core.package_identification:_identify(.) by extension 'ignore'
[3.201s] Level 1:colcon.colcon_core.package_identification:_identify(.) by extension 'ignore_ament_install'
[3.201s] Level 1:colcon.colcon_core.package_identification:_identify(.) by extensions ['colcon_pkg']
[3.201s] Level 1:colcon.colcon_core.package_identification:_identify(.) by extension 'colcon_pkg'
[3.202s] Level 1:colcon.colcon_core.package_identification:_identify(.) by extensions ['colcon_meta']
[3.202s] Level 1:colcon.colcon_core.package_identification:_identify(.) by extension 'colcon_meta'
[3.202s] Level 1:colcon.colcon_core.package_identification:_identify(.) by extensions ['ros']
[3.202s] Level 1:colcon.colcon_core.package_identification:_identify(.) by extension 'ros'
[3.430s] Level 1:colcon.colcon_core.package_identification:_identify(.) by extensions ['cmake', 'python']
[3.430s] Level 1:colcon.colcon_core.package_identification:_identify(.) by extension 'cmake'
[3.430s] Level 1:colcon.colcon_core.package_identification:_identify(.) by extension 'python'
[3.431s] Level 1:colcon.colcon_core.package_identification:_identify(.) by extensions ['python_setup_py']
[3.431s] Level 1:colcon.colcon_core.package_identification:_identify(.) by extension 'python_setup_py'
[3.431s] Level 1:colcon.colcon_core.package_identification:_identify(build) by extensions ['ignore', 'ignore_ament_install']
[3.432s] Level 1:colcon.colcon_core.package_identification:_identify(build) by extension 'ignore'
[3.432s] Level 1:colcon.colcon_core.package_identification:_identify(build) ignored
[3.434s] Level 1:colcon.colcon_core.package_identification:_identify(install) by extensions ['ignore', 'ignore_ament_install']
[3.434s] Level 1:colcon.colcon_core.package_identification:_identify(install) by extension 'ignore'
[3.435s] Level 1:colcon.colcon_core.package_identification:_identify(install) ignored
[3.435s] Level 1:colcon.colcon_core.package_identification:_identify(log) by extensions ['ignore', 'ignore_ament_install']
[3.436s] Level 1:colcon.colcon_core.package_identification:_identify(log) by extension 'ignore'
[3.436s] Level 1:colcon.colcon_core.package_identification:_identify(log) ignored
[3.436s] Level 1:colcon.colcon_core.package_identification:_identify(src) by extensions ['ignore', 'ignore_ament_install']
[3.437s] Level 1:colcon.colcon_core.package_identification:_identify(src) by extension 'ignore'
[3.437s] Level 1:colcon.colcon_core.package_identification:_identify(src) by extension 'ignore_ament_install'
[3.437s] Level 1:colcon.colcon_core.package_identification:_identify(src) by extensions ['colcon_pkg']
[3.438s] Level 1:colcon.colcon_core.package_identification:_identify(src) by extension 'colcon_pkg'
[3.438s] Level 1:colcon.colcon_core.package_identification:_identify(src) by extensions ['colcon_meta']
[3.438s] Level 1:colcon.colcon_core.package_identification:_identify(src) by extension 'colcon_meta'
[3.438s] Level 1:colcon.colcon_core.package_identification:_identify(src) by extensions ['ros']
[3.438s] Level 1:colcon.colcon_core.package_identification:_identify(src) by extension 'ros'
[3.439s] Level 1:colcon.colcon_core.package_identification:_identify(src) by extensions ['cmake', 'python']
[3.439s] Level 1:colcon.colcon_core.package_identification:_identify(src) by extension 'cmake'
[3.439s] Level 1:colcon.colcon_core.package_identification:_identify(src) by extension 'python'
[3.440s] Level 1:colcon.colcon_core.package_identification:_identify(src) by extensions ['python_setup_py']
[3.440s] Level 1:colcon.colcon_core.package_identification:_identify(src) by extension 'python_setup_py'
[3.440s] Level 1:colcon.colcon_core.package_identification:_identify(src/motion_control) by extensions ['ignore', 'ignore_ament_install']
[3.441s] Level 1:colcon.colcon_core.package_identification:_identify(src/motion_control) by extension 'ignore'
[3.441s] Level 1:colcon.colcon_core.package_identification:_identify(src/motion_control) by extension 'ignore_ament_install'
[3.441s] Level 1:colcon.colcon_core.package_identification:_identify(src/motion_control) by extensions ['colcon_pkg']
[3.442s] Level 1:colcon.colcon_core.package_identification:_identify(src/motion_control) by extension 'colcon_pkg'
[3.442s] Level 1:colcon.colcon_core.package_identification:_identify(src/motion_control) by extensions ['colcon_meta']
[3.442s] Level 1:colcon.colcon_core.package_identification:_identify(src/motion_control) by extension 'colcon_meta'
[3.442s] Level 1:colcon.colcon_core.package_identification:_identify(src/motion_control) by extensions ['ros']
[3.442s] Level 1:colcon.colcon_core.package_identification:_identify(src/motion_control) by extension 'ros'
[3.461s] DEBUG:colcon.colcon_core.package_identification:Package 'src/motion_control' with type 'ros.ament_cmake' and name 'motion_control'
[3.461s] Level 1:colcon.colcon_core.package_identification:_identify(src/oxbot_interfaces) by extensions ['ignore', 'ignore_ament_install']
[3.462s] Level 1:colcon.colcon_core.package_identification:_identify(src/oxbot_interfaces) by extension 'ignore'
[3.462s] Level 1:colcon.colcon_core.package_identification:_identify(src/oxbot_interfaces) by extension 'ignore_ament_install'
[3.462s] Level 1:colcon.colcon_core.package_identification:_identify(src/oxbot_interfaces) by extensions ['colcon_pkg']
[3.463s] Level 1:colcon.colcon_core.package_identification:_identify(src/oxbot_interfaces) by extension 'colcon_pkg'
[3.463s] Level 1:colcon.colcon_core.package_identification:_identify(src/oxbot_interfaces) by extensions ['colcon_meta']
[3.463s] Level 1:colcon.colcon_core.package_identification:_identify(src/oxbot_interfaces) by extension 'colcon_meta'
[3.463s] Level 1:colcon.colcon_core.package_identification:_identify(src/oxbot_interfaces) by extensions ['ros']
[3.464s] Level 1:colcon.colcon_core.package_identification:_identify(src/oxbot_interfaces) by extension 'ros'
[3.467s] DEBUG:colcon.colcon_core.package_identification:Package 'src/oxbot_interfaces' with type 'ros.ament_cmake' and name 'oxbot_interfaces'
[3.467s] Level 1:colcon.colcon_core.package_discovery:discover_packages(recursive) using defaults
[3.468s] Level 1:colcon.colcon_core.package_discovery:discover_packages(ignore) discover
[3.468s] Level 1:colcon.colcon_core.package_discovery:discover_packages(ignore) using defaults
[3.468s] Level 1:colcon.colcon_core.package_discovery:discover_packages(path) discover
[3.469s] Level 1:colcon.colcon_core.package_discovery:discover_packages(path) using defaults
[3.710s] INFO:colcon.colcon_core.package_selection:Skipping not selected package 'oxbot_interfaces' in 'src/oxbot_interfaces'
[3.731s] Level 5:colcon.colcon_core.verb:set package 'motion_control' build argument 'cmake_args' from command line to 'None'
[3.731s] Level 5:colcon.colcon_core.verb:set package 'motion_control' build argument 'cmake_target' from command line to 'None'
[3.731s] Level 5:colcon.colcon_core.verb:set package 'motion_control' build argument 'cmake_target_skip_unavailable' from command line to 'False'
[3.731s] Level 5:colcon.colcon_core.verb:set package 'motion_control' build argument 'cmake_clean_cache' from command line to 'False'
[3.732s] Level 5:colcon.colcon_core.verb:set package 'motion_control' build argument 'cmake_clean_first' from command line to 'False'
[3.732s] Level 5:colcon.colcon_core.verb:set package 'motion_control' build argument 'cmake_force_configure' from command line to 'False'
[3.732s] Level 5:colcon.colcon_core.verb:set package 'motion_control' build argument 'ament_cmake_args' from command line to 'None'
[3.732s] Level 5:colcon.colcon_core.verb:set package 'motion_control' build argument 'catkin_cmake_args' from command line to 'None'
[3.732s] Level 5:colcon.colcon_core.verb:set package 'motion_control' build argument 'catkin_skip_building_tests' from command line to 'False'
[3.733s] DEBUG:colcon.colcon_core.verb:Building package 'motion_control' with the following arguments: {'ament_cmake_args': None, 'build_base': '/root/oxbot/src/ros2_ws/build/motion_control', 'catkin_cmake_args': None, 'catkin_skip_building_tests': False, 'cmake_args': None, 'cmake_clean_cache': False, 'cmake_clean_first': False, 'cmake_force_configure': False, 'cmake_target': None, 'cmake_target_skip_unavailable': False, 'install_base': '/root/oxbot/src/ros2_ws/install/motion_control', 'merge_install': False, 'path': '/root/oxbot/src/ros2_ws/src/motion_control', 'symlink_install': False, 'test_result_base': None}
[3.748s] INFO:colcon.colcon_core.executor:Executing jobs using 'parallel' executor
[3.835s] DEBUG:colcon.colcon_parallel_executor.executor.parallel:run_until_complete
[3.836s] INFO:colcon.colcon_ros.task.ament_cmake.build:Building ROS package in '/root/oxbot/src/ros2_ws/src/motion_control' with build type 'ament_cmake'
[3.836s] INFO:colcon.colcon_cmake.task.cmake.build:Building CMake package in '/root/oxbot/src/ros2_ws/src/motion_control'
[3.912s] INFO:colcon.colcon_core.plugin_system:Skipping extension 'colcon_core.shell.bat': Not used on non-Windows systems
[3.914s] INFO:colcon.colcon_core.shell:Skip shell extension 'powershell' for command environment: Not usable outside of PowerShell
[3.914s] DEBUG:colcon.colcon_core.shell:Skip shell extension 'dsv' for command environment
[3.974s] DEBUG:colcon.colcon_core.event_handler.log_command:Invoking command in '/root/oxbot/src/ros2_ws/build/motion_control': AMENT_PREFIX_PATH=/root/oxbot/src/ros2_ws/install/oxbot_interfaces CMAKE_PREFIX_PATH=/root/oxbot/src/ros2_ws/install/oxbot_interfaces LD_LIBRARY_PATH=/root/oxbot/src/ros2_ws/install/oxbot_interfaces/lib:/usr/local/cuda-10.2/targets/aarch64-linux/lib PYTHONPATH=/root/oxbot/src/ros2_ws/install/oxbot_interfaces/lib/python3.6/site-packages /usr/local/bin/cmake /root/oxbot/src/ros2_ws/src/motion_control -DCMAKE_INSTALL_PREFIX=/root/oxbot/src/ros2_ws/install/motion_control
[5.940s] DEBUG:colcon.colcon_core.event_handler.log_command:Invoked command in '/root/oxbot/src/ros2_ws/build/motion_control' returned '1': AMENT_PREFIX_PATH=/root/oxbot/src/ros2_ws/install/oxbot_interfaces CMAKE_PREFIX_PATH=/root/oxbot/src/ros2_ws/install/oxbot_interfaces LD_LIBRARY_PATH=/root/oxbot/src/ros2_ws/install/oxbot_interfaces/lib:/usr/local/cuda-10.2/targets/aarch64-linux/lib PYTHONPATH=/root/oxbot/src/ros2_ws/install/oxbot_interfaces/lib/python3.6/site-packages /usr/local/bin/cmake /root/oxbot/src/ros2_ws/src/motion_control -DCMAKE_INSTALL_PREFIX=/root/oxbot/src/ros2_ws/install/motion_control
[6.111s] Level 1:colcon.colcon_core.environment:create_environment_scripts_only(motion_control)
[6.206s] Level 1:colcon.colcon_core.environment:checking '/root/oxbot/src/ros2_ws/install/motion_control' for CMake module files
[6.209s] Level 1:colcon.colcon_core.environment:checking '/root/oxbot/src/ros2_ws/install/motion_control' for CMake config files
[6.212s] Level 1:colcon.colcon_core.environment:checking '/root/oxbot/src/ros2_ws/install/motion_control/bin'
[6.212s] Level 1:colcon.colcon_core.environment:checking '/root/oxbot/src/ros2_ws/install/motion_control/lib/pkgconfig/motion_control.pc'
[6.213s] Level 1:colcon.colcon_core.environment:checking '/root/oxbot/src/ros2_ws/install/motion_control/lib/python3.6/site-packages'
[6.214s] Level 1:colcon.colcon_core.environment:checking '/root/oxbot/src/ros2_ws/install/motion_control/bin'
[6.249s] INFO:colcon.colcon_core.shell:Creating package script '/root/oxbot/src/ros2_ws/install/motion_control/share/motion_control/package.ps1'
[6.258s] INFO:colcon.colcon_core.shell:Creating package descriptor '/root/oxbot/src/ros2_ws/install/motion_control/share/motion_control/package.dsv'
[6.261s] INFO:colcon.colcon_core.shell:Creating package script '/root/oxbot/src/ros2_ws/install/motion_control/share/motion_control/package.sh'
[6.266s] INFO:colcon.colcon_core.shell:Creating package script '/root/oxbot/src/ros2_ws/install/motion_control/share/motion_control/package.bash'
[6.272s] INFO:colcon.colcon_core.shell:Creating package script '/root/oxbot/src/ros2_ws/install/motion_control/share/motion_control/package.zsh'
[6.277s] Level 1:colcon.colcon_core.environment:create_file_with_runtime_dependencies(/root/oxbot/src/ros2_ws/install/motion_control/share/colcon-core/packages/motion_control)
[6.290s] DEBUG:colcon.colcon_parallel_executor.executor.parallel:closing loop
[6.291s] DEBUG:colcon.colcon_parallel_executor.executor.parallel:loop closed
[6.292s] DEBUG:colcon.colcon_parallel_executor.executor.parallel:run_until_complete finished with '1'
[6.292s] DEBUG:colcon.colcon_core.event_reactor:joining thread
[6.331s] INFO:colcon.colcon_core.plugin_system:Skipping extension 'colcon_notification.desktop_notification.notify_send': Could not find 'notify-send'
[6.331s] INFO:colcon.colcon_core.plugin_system:Skipping extension 'colcon_notification.desktop_notification.terminal_notifier': Not used on non-Darwin systems
[6.332s] INFO:colcon.colcon_core.plugin_system:Skipping extension 'colcon_notification.desktop_notification.win32': Not used on non-Windows systems
[6.332s] INFO:colcon.colcon_notification.desktop_notification:Sending desktop notification using 'notify2'
[6.348s] DEBUG:colcon.colcon_notification.desktop_notification.notify2:Failed to initialize notify2: org.freedesktop.DBus.Error.Spawn.ExecFailed: /usr/bin/dbus-launch terminated abnormally without any error message
[6.349s] DEBUG:colcon.colcon_core.event_reactor:joined thread
[6.387s] INFO:colcon.colcon_core.shell:Creating prefix script '/root/oxbot/src/ros2_ws/install/local_setup.ps1'
[6.398s] INFO:colcon.colcon_core.shell:Creating prefix util module '/root/oxbot/src/ros2_ws/install/_local_setup_util_ps1.py'
[6.409s] INFO:colcon.colcon_core.shell:Creating prefix chain script '/root/oxbot/src/ros2_ws/install/setup.ps1'
[6.422s] INFO:colcon.colcon_core.shell:Creating prefix script '/root/oxbot/src/ros2_ws/install/local_setup.sh'
[6.425s] INFO:colcon.colcon_core.shell:Creating prefix util module '/root/oxbot/src/ros2_ws/install/_local_setup_util_sh.py'
[6.428s] INFO:colcon.colcon_core.shell:Creating prefix chain script '/root/oxbot/src/ros2_ws/install/setup.sh'
[6.440s] INFO:colcon.colcon_core.shell:Creating prefix script '/root/oxbot/src/ros2_ws/install/local_setup.bash'
[6.444s] INFO:colcon.colcon_core.shell:Creating prefix chain script '/root/oxbot/src/ros2_ws/install/setup.bash'
[6.456s] INFO:colcon.colcon_core.shell:Creating prefix script '/root/oxbot/src/ros2_ws/install/local_setup.zsh'
[6.459s] INFO:colcon.colcon_core.shell:Creating prefix chain script '/root/oxbot/src/ros2_ws/install/setup.zsh'
