[0.194s] Invoking command in '/root/oxbot/src/ros2_ws/build/motion_control': CMAKE_PREFIX_PATH=/root/oxbot/src/ros2_ws/install/oxbot_interfaces:/root/oxbot/src/ros2_ws/install/oxbot_startup:/root/oxbot/src/ros2_ws/install/motion_control:/root/oxbot/src/ros2_ws/install/oxbot_config:/root/oxbot/src/ros2_ws/install/oxbot_bringup:/opt/ros/humble/install LD_LIBRARY_PATH=/root/oxbot/src/ros2_ws/install/oxbot_interfaces/lib:/opt/ros/humble/install/opt/rviz_ogre_vendor/lib:/opt/ros/humble/install/lib:/usr/local/cuda-10.2/targets/aarch64-linux/lib /usr/local/bin/cmake --build /root/oxbot/src/ros2_ws/build/motion_control -- -j4 -l4
[0.415s] -- Found ament_cmake: 1.3.5 (/opt/ros/humble/install/share/ament_cmake/cmake)
[1.668s] -- Found rclcpp: 16.0.5 (/opt/ros/humble/install/share/rclcpp/cmake)
[1.860s] -- Found rosidl_generator_c: 3.1.5 (/opt/ros/humble/install/share/rosidl_generator_c/cmake)
[1.880s] -- Found rosidl_adapter: 3.1.5 (/opt/ros/humble/install/share/rosidl_adapter/cmake)
[1.922s] -- Found rosidl_generator_cpp: 3.1.5 (/opt/ros/humble/install/share/rosidl_generator_cpp/cmake)
[2.006s] -- Using all available rosidl_typesupport_c: rosidl_typesupport_fastrtps_c;rosidl_typesupport_introspection_c
[2.123s] -- Using all available rosidl_typesupport_cpp: rosidl_typesupport_fastrtps_cpp;rosidl_typesupport_introspection_cpp
[2.522s] -- Found rmw_implementation_cmake: 6.1.1 (/opt/ros/humble/install/share/rmw_implementation_cmake/cmake)
[2.534s] -- Found rmw_cyclonedds_cpp: 1.3.4 (/opt/ros/humble/install/share/rmw_cyclonedds_cpp/cmake)
[2.731s] -- Using RMW implementation 'rmw_cyclonedds_cpp' as default
[3.756s] -- Found oxbot_interfaces: 0.0.0 (/root/oxbot/src/ros2_ws/install/oxbot_interfaces/share/oxbot_interfaces/cmake)
[3.888s] -- Found oxbot_config: 0.0.0 (/root/oxbot/src/ros2_ws/install/oxbot_config/share/oxbot_config/cmake)
[3.896s] -- Found ament_lint_auto: 0.12.7 (/opt/ros/humble/install/share/ament_lint_auto/cmake)
[4.439s] -- Added test 'cppcheck' to perform static code analysis on C / C++ code
[4.440s] -- Configured cppcheck include dirs: /root/oxbot/src/ros2_ws/src/motion_control/include/motion_control
[4.440s] -- Configured cppcheck exclude dirs and/or files: 
[4.443s] -- Added test 'lint_cmake' to check CMake code style
[4.449s] -- Added test 'uncrustify' to check C / C++ code style
[4.449s] -- Configured uncrustify additional arguments: 
[4.451s] -- Added test 'xmllint' to check XML markup files
[4.455s] -- Configuring done (4.1s)
[4.514s] -- Generating done (0.0s)
[4.522s] -- Build files have been written to: /root/oxbot/src/ros2_ws/build/motion_control
[4.623s] [ 75%] [32mBuilding CXX object CMakeFiles/motion_controller.dir/src/MotionControllerNode.cpp.o[0m
[4.623s] [ 75%] [32mBuilding CXX object CMakeFiles/motion_controller.dir/src/serial_communicator.cpp.o[0m
[4.624s] [ 75%] [32mBuilding CXX object CMakeFiles/motion_controller.dir/src/motion_controller.cpp.o[0m
[5.705s] In file included from [01m[K/root/oxbot/src/ros2_ws/src/motion_control/include/motion_control/MotionControllerNode.hpp:3:0[m[K,
[5.707s]                  from [01m[K/root/oxbot/src/ros2_ws/src/motion_control/src/motion_controller.cpp:2[m[K:
[5.707s] [01m[K/root/oxbot/src/ros2_ws/src/motion_control/include/motion_control/serial_communicator.hpp:25:10:[m[K [01;31m[Kfatal error: [m[Koxbot_config/oxbot_config.hpp: No such file or directory
[5.708s]  #include [01;31m[K"oxbot_config/oxbot_config.hpp"[m[K
[5.708s]           [01;31m[K^~~~~~~~~~~~~~~~~~~~~~~~~~~~~~~[m[K
[5.709s] compilation terminated.
[5.717s] In file included from [01m[K/root/oxbot/src/ros2_ws/src/motion_control/include/motion_control/MotionControllerNode.hpp:3:0[m[K,
[5.720s]                  from [01m[K/root/oxbot/src/ros2_ws/src/motion_control/src/MotionControllerNode.cpp:3[m[K:
[5.721s] [01m[K/root/oxbot/src/ros2_ws/src/motion_control/include/motion_control/serial_communicator.hpp:25:10:[m[K [01;31m[Kfatal error: [m[Koxbot_config/oxbot_config.hpp: No such file or directory
[5.722s]  #include [01;31m[K"oxbot_config/oxbot_config.hpp"[m[K
[5.722s]           [01;31m[K^~~~~~~~~~~~~~~~~~~~~~~~~~~~~~~[m[K
[5.724s] compilation terminated.
[5.725s] make[2]: *** [CMakeFiles/motion_controller.dir/src/motion_controller.cpp.o] Error 1
[5.725s] make[2]: *** Waiting for unfinished jobs....
[5.726s] CMakeFiles/motion_controller.dir/build.make:75: recipe for target 'CMakeFiles/motion_controller.dir/src/motion_controller.cpp.o' failed
[5.727s] In file included from [01m[K/root/oxbot/src/ros2_ws/src/motion_control/src/serial_communicator.cpp:9:0[m[K:
[5.727s] [01m[K/root/oxbot/src/ros2_ws/src/motion_control/include/motion_control/serial_communicator.hpp:25:10:[m[K [01;31m[Kfatal error: [m[Koxbot_config/oxbot_config.hpp: No such file or directory
[5.728s]  #include [01;31m[K"oxbot_config/oxbot_config.hpp"[m[K
[5.728s]           [01;31m[K^~~~~~~~~~~~~~~~~~~~~~~~~~~~~~~[m[K
[5.729s] compilation terminated.
[5.729s] CMakeFiles/motion_controller.dir/build.make:89: recipe for target 'CMakeFiles/motion_controller.dir/src/MotionControllerNode.cpp.o' failed
[5.730s] make[2]: *** [CMakeFiles/motion_controller.dir/src/MotionControllerNode.cpp.o] Error 1
[5.738s] CMakeFiles/motion_controller.dir/build.make:103: recipe for target 'CMakeFiles/motion_controller.dir/src/serial_communicator.cpp.o' failed
[5.739s] make[2]: *** [CMakeFiles/motion_controller.dir/src/serial_communicator.cpp.o] Error 1
[5.740s] make[1]: *** [CMakeFiles/motion_controller.dir/all] Error 2
[5.740s] CMakeFiles/Makefile2:136: recipe for target 'CMakeFiles/motion_controller.dir/all' failed
[5.741s] make: *** [all] Error 2
[5.742s] Makefile:145: recipe for target 'all' failed
[5.765s] Invoked command in '/root/oxbot/src/ros2_ws/build/motion_control' returned '2': CMAKE_PREFIX_PATH=/root/oxbot/src/ros2_ws/install/oxbot_interfaces:/root/oxbot/src/ros2_ws/install/oxbot_startup:/root/oxbot/src/ros2_ws/install/motion_control:/root/oxbot/src/ros2_ws/install/oxbot_config:/root/oxbot/src/ros2_ws/install/oxbot_bringup:/opt/ros/humble/install LD_LIBRARY_PATH=/root/oxbot/src/ros2_ws/install/oxbot_interfaces/lib:/opt/ros/humble/install/opt/rviz_ogre_vendor/lib:/opt/ros/humble/install/lib:/usr/local/cuda-10.2/targets/aarch64-linux/lib /usr/local/bin/cmake --build /root/oxbot/src/ros2_ws/build/motion_control -- -j4 -l4
