[ 25%] [32mBuilding CXX object CMakeFiles/motion_controller.dir/src/serial_communicator.cpp.o[0m
[ 50%] [32mBuilding CXX object CMakeFiles/motion_controller.dir/src/MotionControllerNode.cpp.o[0m
[ 75%] [32mBuilding CXX object CMakeFiles/motion_controller.dir/src/motion_controller.cpp.o[0m
In file included from [01m[K/root/oxbot/src/ros2_ws/src/motion_control/include/motion_control/MotionControllerNode.hpp:3:0[m[K,
                 from [01m[K/root/oxbot/src/ros2_ws/src/motion_control/src/motion_controller.cpp:2[m[K:
[01m[K/root/oxbot/src/ros2_ws/src/motion_control/include/motion_control/serial_communicator.hpp:25:10:[m[K [01;31m[Kfatal error: [m[Koxbot_config/oxbot_config.hpp: No such file or directory
 #include [01;31m[K"oxbot_config/oxbot_config.hpp"[m[K
          [01;31m[K^~~~~~~~~~~~~~~~~~~~~~~~~~~~~~~[m[K
compilation terminated.
In file included from [01m[K/root/oxbot/src/ros2_ws/src/motion_control/include/motion_control/MotionControllerNode.hpp:3:0[m[K,
                 from [01m[K/root/oxbot/src/ros2_ws/src/motion_control/src/MotionControllerNode.cpp:3[m[K:
[01m[K/root/oxbot/src/ros2_ws/src/motion_control/include/motion_control/serial_communicator.hpp:25:10:[m[K [01;31m[Kfatal error: [m[Koxbot_config/oxbot_config.hpp: No such file or directory
 #include [01;31m[K"oxbot_config/oxbot_config.hpp"[m[K
          [01;31m[K^~~~~~~~~~~~~~~~~~~~~~~~~~~~~~~[m[K
compilation terminated.
In file included from [01m[K/root/oxbot/src/ros2_ws/src/motion_control/src/serial_communicator.cpp:9:0[m[K:
[01m[K/root/oxbot/src/ros2_ws/src/motion_control/include/motion_control/serial_communicator.hpp:25:10:[m[K [01;31m[Kfatal error: [m[Koxbot_config/oxbot_config.hpp: No such file or directory
 #include [01;31m[K"oxbot_config/oxbot_config.hpp"[m[K
          [01;31m[K^~~~~~~~~~~~~~~~~~~~~~~~~~~~~~~[m[K
compilation terminated.
CMakeFiles/motion_controller.dir/build.make:75: recipe for target 'CMakeFiles/motion_controller.dir/src/motion_controller.cpp.o' failed
CMakeFiles/motion_controller.dir/build.make:103: recipe for target 'CMakeFiles/motion_controller.dir/src/serial_communicator.cpp.o' failed
CMakeFiles/motion_controller.dir/build.make:89: recipe for target 'CMakeFiles/motion_controller.dir/src/MotionControllerNode.cpp.o' failed
make[2]: *** [CMakeFiles/motion_controller.dir/src/motion_controller.cpp.o] Error 1
make[2]: *** Waiting for unfinished jobs....
make[2]: *** [CMakeFiles/motion_controller.dir/src/serial_communicator.cpp.o] Error 1
make[2]: *** [CMakeFiles/motion_controller.dir/src/MotionControllerNode.cpp.o] Error 1
CMakeFiles/Makefile2:136: recipe for target 'CMakeFiles/motion_controller.dir/all' failed
Makefile:145: recipe for target 'all' failed
make[1]: *** [CMakeFiles/motion_controller.dir/all] Error 2
make: *** [all] Error 2
