[0.182s] Invoking command in '/root/oxbot/src/ros2_ws/build/motion_control': CMAKE_PREFIX_PATH=/root/oxbot/src/ros2_ws/install/oxbot_interfaces:/root/oxbot/src/ros2_ws/install/oxbot_startup:/root/oxbot/src/ros2_ws/install/motion_control:/root/oxbot/src/ros2_ws/install/oxbot_config:/root/oxbot/src/ros2_ws/install/oxbot_bringup:/opt/ros/humble/install LD_LIBRARY_PATH=/root/oxbot/src/ros2_ws/install/oxbot_interfaces/lib:/opt/ros/humble/install/opt/rviz_ogre_vendor/lib:/opt/ros/humble/install/lib:/usr/local/cuda-10.2/targets/aarch64-linux/lib /usr/local/bin/cmake --build /root/oxbot/src/ros2_ws/build/motion_control -- -j4 -l4
[0.455s] [ 25%] [32mBuilding CXX object CMakeFiles/motion_controller.dir/src/serial_communicator.cpp.o[0m
[0.457s] [ 50%] [32mBuilding CXX object CMakeFiles/motion_controller.dir/src/MotionControllerNode.cpp.o[0m
[0.459s] [ 75%] [32mBuilding CXX object CMakeFiles/motion_controller.dir/src/motion_controller.cpp.o[0m
[1.594s] In file included from [01m[K/root/oxbot/src/ros2_ws/src/motion_control/include/motion_control/MotionControllerNode.hpp:3:0[m[K,
[1.595s]                  from [01m[K/root/oxbot/src/ros2_ws/src/motion_control/src/motion_controller.cpp:2[m[K:
[1.595s] [01m[K/root/oxbot/src/ros2_ws/src/motion_control/include/motion_control/serial_communicator.hpp:25:10:[m[K [01;31m[Kfatal error: [m[Koxbot_config/oxbot_config.hpp: No such file or directory
[1.596s]  #include [01;31m[K"oxbot_config/oxbot_config.hpp"[m[K
[1.596s]           [01;31m[K^~~~~~~~~~~~~~~~~~~~~~~~~~~~~~~[m[K
[1.605s] compilation terminated.
[1.750s] In file included from [01m[K/root/oxbot/src/ros2_ws/src/motion_control/include/motion_control/MotionControllerNode.hpp:3:0[m[K,
[1.751s]                  from [01m[K/root/oxbot/src/ros2_ws/src/motion_control/src/MotionControllerNode.cpp:3[m[K:
[1.752s] [01m[K/root/oxbot/src/ros2_ws/src/motion_control/include/motion_control/serial_communicator.hpp:25:10:[m[K [01;31m[Kfatal error: [m[Koxbot_config/oxbot_config.hpp: No such file or directory
[1.752s]  #include [01;31m[K"oxbot_config/oxbot_config.hpp"[m[K
[1.753s]           [01;31m[K^~~~~~~~~~~~~~~~~~~~~~~~~~~~~~~[m[K
[1.754s] compilation terminated.
[1.804s] In file included from [01m[K/root/oxbot/src/ros2_ws/src/motion_control/src/serial_communicator.cpp:9:0[m[K:
[1.807s] [01m[K/root/oxbot/src/ros2_ws/src/motion_control/include/motion_control/serial_communicator.hpp:25:10:[m[K [01;31m[Kfatal error: [m[Koxbot_config/oxbot_config.hpp: No such file or directory
[1.808s]  #include [01;31m[K"oxbot_config/oxbot_config.hpp"[m[K
[1.809s]           [01;31m[K^~~~~~~~~~~~~~~~~~~~~~~~~~~~~~~[m[K
[1.809s] compilation terminated.
[6.940s] CMakeFiles/motion_controller.dir/build.make:75: recipe for target 'CMakeFiles/motion_controller.dir/src/motion_controller.cpp.o' failed
[6.942s] CMakeFiles/motion_controller.dir/build.make:103: recipe for target 'CMakeFiles/motion_controller.dir/src/serial_communicator.cpp.o' failed
[6.943s] CMakeFiles/motion_controller.dir/build.make:89: recipe for target 'CMakeFiles/motion_controller.dir/src/MotionControllerNode.cpp.o' failed
[6.944s] make[2]: *** [CMakeFiles/motion_controller.dir/src/motion_controller.cpp.o] Error 1
[6.945s] make[2]: *** Waiting for unfinished jobs....
[6.946s] make[2]: *** [CMakeFiles/motion_controller.dir/src/serial_communicator.cpp.o] Error 1
[6.946s] make[2]: *** [CMakeFiles/motion_controller.dir/src/MotionControllerNode.cpp.o] Error 1
[6.947s] CMakeFiles/Makefile2:136: recipe for target 'CMakeFiles/motion_controller.dir/all' failed
[6.948s] Makefile:145: recipe for target 'all' failed
[6.954s] make[1]: *** [CMakeFiles/motion_controller.dir/all] Error 2
[6.955s] make: *** [all] Error 2
[6.974s] Invoked command in '/root/oxbot/src/ros2_ws/build/motion_control' returned '2': CMAKE_PREFIX_PATH=/root/oxbot/src/ros2_ws/install/oxbot_interfaces:/root/oxbot/src/ros2_ws/install/oxbot_startup:/root/oxbot/src/ros2_ws/install/motion_control:/root/oxbot/src/ros2_ws/install/oxbot_config:/root/oxbot/src/ros2_ws/install/oxbot_bringup:/opt/ros/humble/install LD_LIBRARY_PATH=/root/oxbot/src/ros2_ws/install/oxbot_interfaces/lib:/opt/ros/humble/install/opt/rviz_ogre_vendor/lib:/opt/ros/humble/install/lib:/usr/local/cuda-10.2/targets/aarch64-linux/lib /usr/local/bin/cmake --build /root/oxbot/src/ros2_ws/build/motion_control -- -j4 -l4
