[2.696s] DEBUG:colcon:Command line arguments: ['/usr/bin/colcon', 'build', '--packages-select', 'oxbot_interfaces']
[2.696s] DEBUG:colcon:Parsed command line arguments: Namespace(ament_cmake_args=None, base_paths=['.'], build_base='build', catkin_cmake_args=None, catkin_skip_building_tests=False, cmake_args=None, cmake_clean_cache=False, cmake_clean_first=False, cmake_force_configure=False, cmake_target=None, cmake_target_skip_unavailable=False, continue_on_error=False, event_handlers=None, executor='parallel', ignore_user_meta=False, install_base='install', log_base=None, log_level=None, main=<bound method BuildVerb.main of <colcon_core.verb.build.BuildVerb object at 0x7fa940ef60>>, merge_install=False, metas=['./colcon.meta'], packages_above=None, packages_above_and_dependencies=None, packages_above_depth=None, packages_end=None, packages_ignore=None, packages_ignore_regex=None, packages_select=['oxbot_interfaces'], packages_select_build_failed=False, packages_select_by_dep=None, packages_select_regex=None, packages_select_test_failures=False, packages_skip=None, packages_skip_build_finished=False, packages_skip_by_dep=None, packages_skip_regex=None, packages_skip_test_passed=False, packages_skip_up_to=None, packages_start=None, packages_up_to=None, packages_up_to_regex=None, parallel_workers=4, paths=None, symlink_install=False, test_result_base=None, verb_extension=<colcon_core.verb.build.BuildVerb object at 0x7fa940ef60>, verb_name='build', verb_parser=<colcon_defaults.argument_parser.defaults.DefaultArgumentsDecorator object at 0x7fa938d748>)
[2.879s] Level 1:colcon.colcon_core.package_discovery:discover_packages(colcon_meta) check parameters
[2.880s] Level 1:colcon.colcon_core.package_discovery:discover_packages(recursive) check parameters
[2.880s] Level 1:colcon.colcon_core.package_discovery:discover_packages(ignore) check parameters
[2.880s] Level 1:colcon.colcon_core.package_discovery:discover_packages(path) check parameters
[2.880s] Level 1:colcon.colcon_core.package_discovery:discover_packages(colcon_meta) discover
[2.882s] Level 1:colcon.colcon_core.package_discovery:discover_packages(recursive) discover
[2.882s] INFO:colcon.colcon_core.package_discovery:Crawling recursively for packages in '/root/oxbot/src/ros2_ws'
[2.882s] Level 1:colcon.colcon_core.package_identification:_identify(.) by extensions ['ignore', 'ignore_ament_install']
[2.883s] Level 1:colcon.colcon_core.package_identification:_identify(.) by extension 'ignore'
[2.883s] Level 1:colcon.colcon_core.package_identification:_identify(.) by extension 'ignore_ament_install'
[2.883s] Level 1:colcon.colcon_core.package_identification:_identify(.) by extensions ['colcon_pkg']
[2.884s] Level 1:colcon.colcon_core.package_identification:_identify(.) by extension 'colcon_pkg'
[2.884s] Level 1:colcon.colcon_core.package_identification:_identify(.) by extensions ['colcon_meta']
[2.884s] Level 1:colcon.colcon_core.package_identification:_identify(.) by extension 'colcon_meta'
[2.884s] Level 1:colcon.colcon_core.package_identification:_identify(.) by extensions ['ros']
[2.885s] Level 1:colcon.colcon_core.package_identification:_identify(.) by extension 'ros'
[3.066s] Level 1:colcon.colcon_core.package_identification:_identify(.) by extensions ['cmake', 'python']
[3.067s] Level 1:colcon.colcon_core.package_identification:_identify(.) by extension 'cmake'
[3.067s] Level 1:colcon.colcon_core.package_identification:_identify(.) by extension 'python'
[3.067s] Level 1:colcon.colcon_core.package_identification:_identify(.) by extensions ['python_setup_py']
[3.068s] Level 1:colcon.colcon_core.package_identification:_identify(.) by extension 'python_setup_py'
[3.068s] Level 1:colcon.colcon_core.package_identification:_identify(build) by extensions ['ignore', 'ignore_ament_install']
[3.069s] Level 1:colcon.colcon_core.package_identification:_identify(build) by extension 'ignore'
[3.069s] Level 1:colcon.colcon_core.package_identification:_identify(build) ignored
[3.071s] Level 1:colcon.colcon_core.package_identification:_identify(install) by extensions ['ignore', 'ignore_ament_install']
[3.071s] Level 1:colcon.colcon_core.package_identification:_identify(install) by extension 'ignore'
[3.071s] Level 1:colcon.colcon_core.package_identification:_identify(install) ignored
[3.072s] Level 1:colcon.colcon_core.package_identification:_identify(log) by extensions ['ignore', 'ignore_ament_install']
[3.072s] Level 1:colcon.colcon_core.package_identification:_identify(log) by extension 'ignore'
[3.073s] Level 1:colcon.colcon_core.package_identification:_identify(log) ignored
[3.073s] Level 1:colcon.colcon_core.package_identification:_identify(src) by extensions ['ignore', 'ignore_ament_install']
[3.073s] Level 1:colcon.colcon_core.package_identification:_identify(src) by extension 'ignore'
[3.074s] Level 1:colcon.colcon_core.package_identification:_identify(src) by extension 'ignore_ament_install'
[3.074s] Level 1:colcon.colcon_core.package_identification:_identify(src) by extensions ['colcon_pkg']
[3.074s] Level 1:colcon.colcon_core.package_identification:_identify(src) by extension 'colcon_pkg'
[3.074s] Level 1:colcon.colcon_core.package_identification:_identify(src) by extensions ['colcon_meta']
[3.074s] Level 1:colcon.colcon_core.package_identification:_identify(src) by extension 'colcon_meta'
[3.075s] Level 1:colcon.colcon_core.package_identification:_identify(src) by extensions ['ros']
[3.075s] Level 1:colcon.colcon_core.package_identification:_identify(src) by extension 'ros'
[3.075s] Level 1:colcon.colcon_core.package_identification:_identify(src) by extensions ['cmake', 'python']
[3.076s] Level 1:colcon.colcon_core.package_identification:_identify(src) by extension 'cmake'
[3.076s] Level 1:colcon.colcon_core.package_identification:_identify(src) by extension 'python'
[3.076s] Level 1:colcon.colcon_core.package_identification:_identify(src) by extensions ['python_setup_py']
[3.076s] Level 1:colcon.colcon_core.package_identification:_identify(src) by extension 'python_setup_py'
[3.077s] Level 1:colcon.colcon_core.package_identification:_identify(src/motion_control) by extensions ['ignore', 'ignore_ament_install']
[3.077s] Level 1:colcon.colcon_core.package_identification:_identify(src/motion_control) by extension 'ignore'
[3.077s] Level 1:colcon.colcon_core.package_identification:_identify(src/motion_control) by extension 'ignore_ament_install'
[3.078s] Level 1:colcon.colcon_core.package_identification:_identify(src/motion_control) by extensions ['colcon_pkg']
[3.078s] Level 1:colcon.colcon_core.package_identification:_identify(src/motion_control) by extension 'colcon_pkg'
[3.078s] Level 1:colcon.colcon_core.package_identification:_identify(src/motion_control) by extensions ['colcon_meta']
[3.078s] Level 1:colcon.colcon_core.package_identification:_identify(src/motion_control) by extension 'colcon_meta'
[3.079s] Level 1:colcon.colcon_core.package_identification:_identify(src/motion_control) by extensions ['ros']
[3.079s] Level 1:colcon.colcon_core.package_identification:_identify(src/motion_control) by extension 'ros'
[3.091s] DEBUG:colcon.colcon_core.package_identification:Package 'src/motion_control' with type 'ros.ament_cmake' and name 'motion_control'
[3.091s] Level 1:colcon.colcon_core.package_identification:_identify(src/oxbot_interfaces) by extensions ['ignore', 'ignore_ament_install']
[3.092s] Level 1:colcon.colcon_core.package_identification:_identify(src/oxbot_interfaces) by extension 'ignore'
[3.092s] Level 1:colcon.colcon_core.package_identification:_identify(src/oxbot_interfaces) by extension 'ignore_ament_install'
[3.093s] Level 1:colcon.colcon_core.package_identification:_identify(src/oxbot_interfaces) by extensions ['colcon_pkg']
[3.093s] Level 1:colcon.colcon_core.package_identification:_identify(src/oxbot_interfaces) by extension 'colcon_pkg'
[3.093s] Level 1:colcon.colcon_core.package_identification:_identify(src/oxbot_interfaces) by extensions ['colcon_meta']
[3.093s] Level 1:colcon.colcon_core.package_identification:_identify(src/oxbot_interfaces) by extension 'colcon_meta'
[3.093s] Level 1:colcon.colcon_core.package_identification:_identify(src/oxbot_interfaces) by extensions ['ros']
[3.094s] Level 1:colcon.colcon_core.package_identification:_identify(src/oxbot_interfaces) by extension 'ros'
[3.096s] DEBUG:colcon.colcon_core.package_identification:Package 'src/oxbot_interfaces' with type 'ros.ament_cmake' and name 'oxbot_interfaces'
[3.096s] Level 1:colcon.colcon_core.package_discovery:discover_packages(recursive) using defaults
[3.098s] Level 1:colcon.colcon_core.package_discovery:discover_packages(ignore) discover
[3.098s] Level 1:colcon.colcon_core.package_discovery:discover_packages(ignore) using defaults
[3.098s] Level 1:colcon.colcon_core.package_discovery:discover_packages(path) discover
[3.098s] Level 1:colcon.colcon_core.package_discovery:discover_packages(path) using defaults
[3.284s] INFO:colcon.colcon_core.package_selection:Skipping not selected package 'motion_control' in 'src/motion_control'
[3.302s] Level 5:colcon.colcon_core.verb:set package 'oxbot_interfaces' build argument 'cmake_args' from command line to 'None'
[3.302s] Level 5:colcon.colcon_core.verb:set package 'oxbot_interfaces' build argument 'cmake_target' from command line to 'None'
[3.302s] Level 5:colcon.colcon_core.verb:set package 'oxbot_interfaces' build argument 'cmake_target_skip_unavailable' from command line to 'False'
[3.302s] Level 5:colcon.colcon_core.verb:set package 'oxbot_interfaces' build argument 'cmake_clean_cache' from command line to 'False'
[3.302s] Level 5:colcon.colcon_core.verb:set package 'oxbot_interfaces' build argument 'cmake_clean_first' from command line to 'False'
[3.303s] Level 5:colcon.colcon_core.verb:set package 'oxbot_interfaces' build argument 'cmake_force_configure' from command line to 'False'
[3.303s] Level 5:colcon.colcon_core.verb:set package 'oxbot_interfaces' build argument 'ament_cmake_args' from command line to 'None'
[3.303s] Level 5:colcon.colcon_core.verb:set package 'oxbot_interfaces' build argument 'catkin_cmake_args' from command line to 'None'
[3.303s] Level 5:colcon.colcon_core.verb:set package 'oxbot_interfaces' build argument 'catkin_skip_building_tests' from command line to 'False'
[3.303s] DEBUG:colcon.colcon_core.verb:Building package 'oxbot_interfaces' with the following arguments: {'ament_cmake_args': None, 'build_base': '/root/oxbot/src/ros2_ws/build/oxbot_interfaces', 'catkin_cmake_args': None, 'catkin_skip_building_tests': False, 'cmake_args': None, 'cmake_clean_cache': False, 'cmake_clean_first': False, 'cmake_force_configure': False, 'cmake_target': None, 'cmake_target_skip_unavailable': False, 'install_base': '/root/oxbot/src/ros2_ws/install/oxbot_interfaces', 'merge_install': False, 'path': '/root/oxbot/src/ros2_ws/src/oxbot_interfaces', 'symlink_install': False, 'test_result_base': None}
[3.318s] INFO:colcon.colcon_core.executor:Executing jobs using 'parallel' executor
[3.398s] DEBUG:colcon.colcon_parallel_executor.executor.parallel:run_until_complete
[3.399s] INFO:colcon.colcon_ros.task.ament_cmake.build:Building ROS package in '/root/oxbot/src/ros2_ws/src/oxbot_interfaces' with build type 'ament_cmake'
[3.399s] INFO:colcon.colcon_cmake.task.cmake.build:Building CMake package in '/root/oxbot/src/ros2_ws/src/oxbot_interfaces'
[3.453s] INFO:colcon.colcon_core.plugin_system:Skipping extension 'colcon_core.shell.bat': Not used on non-Windows systems
[3.454s] INFO:colcon.colcon_core.shell:Skip shell extension 'powershell' for command environment: Not usable outside of PowerShell
[3.454s] DEBUG:colcon.colcon_core.shell:Skip shell extension 'dsv' for command environment
[3.560s] DEBUG:colcon.colcon_core.event_handler.log_command:Invoking command in '/root/oxbot/src/ros2_ws/build/oxbot_interfaces': /usr/local/bin/cmake --build /root/oxbot/src/ros2_ws/build/oxbot_interfaces -- -j4 -l4
[22.506s] DEBUG:colcon.colcon_core.event_handler.log_command:Invoked command in '/root/oxbot/src/ros2_ws/build/oxbot_interfaces' returned '0': /usr/local/bin/cmake --build /root/oxbot/src/ros2_ws/build/oxbot_interfaces -- -j4 -l4
[22.977s] DEBUG:colcon.colcon_core.event_handler.log_command:Invoking command in '/root/oxbot/src/ros2_ws/build/oxbot_interfaces': /usr/local/bin/cmake --install /root/oxbot/src/ros2_ws/build/oxbot_interfaces
[23.387s] Level 1:colcon.colcon_core.environment:create_environment_scripts_only(oxbot_interfaces)
[23.398s] DEBUG:colcon.colcon_core.event_handler.log_command:Invoked command in '/root/oxbot/src/ros2_ws/build/oxbot_interfaces' returned '0': /usr/local/bin/cmake --install /root/oxbot/src/ros2_ws/build/oxbot_interfaces
[23.454s] Level 1:colcon.colcon_core.environment:checking '/root/oxbot/src/ros2_ws/install/oxbot_interfaces' for CMake module files
[23.458s] Level 1:colcon.colcon_core.environment:checking '/root/oxbot/src/ros2_ws/install/oxbot_interfaces' for CMake config files
[23.461s] Level 1:colcon.colcon_core.shell:create_environment_hook('oxbot_interfaces', 'cmake_prefix_path')
[23.498s] INFO:colcon.colcon_core.shell:Creating environment hook '/root/oxbot/src/ros2_ws/install/oxbot_interfaces/share/oxbot_interfaces/hook/cmake_prefix_path.ps1'
[23.502s] INFO:colcon.colcon_core.shell:Creating environment descriptor '/root/oxbot/src/ros2_ws/install/oxbot_interfaces/share/oxbot_interfaces/hook/cmake_prefix_path.dsv'
[23.504s] INFO:colcon.colcon_core.shell:Creating environment hook '/root/oxbot/src/ros2_ws/install/oxbot_interfaces/share/oxbot_interfaces/hook/cmake_prefix_path.sh'
[23.510s] Level 1:colcon.colcon_core.environment:checking '/root/oxbot/src/ros2_ws/install/oxbot_interfaces/lib'
[23.511s] Level 1:colcon.colcon_core.shell:create_environment_hook('oxbot_interfaces', 'ld_library_path_lib')
[23.546s] INFO:colcon.colcon_core.shell:Creating environment hook '/root/oxbot/src/ros2_ws/install/oxbot_interfaces/share/oxbot_interfaces/hook/ld_library_path_lib.ps1'
[23.548s] INFO:colcon.colcon_core.shell:Creating environment descriptor '/root/oxbot/src/ros2_ws/install/oxbot_interfaces/share/oxbot_interfaces/hook/ld_library_path_lib.dsv'
[23.549s] INFO:colcon.colcon_core.shell:Creating environment hook '/root/oxbot/src/ros2_ws/install/oxbot_interfaces/share/oxbot_interfaces/hook/ld_library_path_lib.sh'
[23.551s] Level 1:colcon.colcon_core.environment:checking '/root/oxbot/src/ros2_ws/install/oxbot_interfaces/bin'
[23.551s] Level 1:colcon.colcon_core.environment:checking '/root/oxbot/src/ros2_ws/install/oxbot_interfaces/lib/pkgconfig/oxbot_interfaces.pc'
[23.552s] Level 1:colcon.colcon_core.environment:checking '/root/oxbot/src/ros2_ws/install/oxbot_interfaces/lib/python3.6/site-packages'
[23.552s] Level 1:colcon.colcon_core.shell:create_environment_hook('oxbot_interfaces', 'pythonpath')
[23.588s] INFO:colcon.colcon_core.shell:Creating environment hook '/root/oxbot/src/ros2_ws/install/oxbot_interfaces/share/oxbot_interfaces/hook/pythonpath.ps1'
[23.589s] INFO:colcon.colcon_core.shell:Creating environment descriptor '/root/oxbot/src/ros2_ws/install/oxbot_interfaces/share/oxbot_interfaces/hook/pythonpath.dsv'
[23.590s] INFO:colcon.colcon_core.shell:Creating environment hook '/root/oxbot/src/ros2_ws/install/oxbot_interfaces/share/oxbot_interfaces/hook/pythonpath.sh'
[23.592s] Level 1:colcon.colcon_core.environment:checking '/root/oxbot/src/ros2_ws/install/oxbot_interfaces/bin'
[23.634s] INFO:colcon.colcon_core.shell:Creating package script '/root/oxbot/src/ros2_ws/install/oxbot_interfaces/share/oxbot_interfaces/package.ps1'
[23.640s] INFO:colcon.colcon_core.shell:Creating package descriptor '/root/oxbot/src/ros2_ws/install/oxbot_interfaces/share/oxbot_interfaces/package.dsv'
[23.643s] INFO:colcon.colcon_core.shell:Creating package script '/root/oxbot/src/ros2_ws/install/oxbot_interfaces/share/oxbot_interfaces/package.sh'
[23.648s] INFO:colcon.colcon_core.shell:Creating package script '/root/oxbot/src/ros2_ws/install/oxbot_interfaces/share/oxbot_interfaces/package.bash'
[23.652s] INFO:colcon.colcon_core.shell:Creating package script '/root/oxbot/src/ros2_ws/install/oxbot_interfaces/share/oxbot_interfaces/package.zsh'
[23.656s] Level 1:colcon.colcon_core.environment:create_file_with_runtime_dependencies(/root/oxbot/src/ros2_ws/install/oxbot_interfaces/share/colcon-core/packages/oxbot_interfaces)
[23.994s] Level 1:colcon.colcon_core.environment:create_environment_scripts_only(oxbot_interfaces)
[24.046s] Level 1:colcon.colcon_core.environment:checking '/root/oxbot/src/ros2_ws/install/oxbot_interfaces' for CMake module files
[24.051s] Level 1:colcon.colcon_core.environment:checking '/root/oxbot/src/ros2_ws/install/oxbot_interfaces' for CMake config files
[24.054s] Level 1:colcon.colcon_core.shell:create_environment_hook('oxbot_interfaces', 'cmake_prefix_path')
[24.093s] INFO:colcon.colcon_core.shell:Creating environment hook '/root/oxbot/src/ros2_ws/install/oxbot_interfaces/share/oxbot_interfaces/hook/cmake_prefix_path.ps1'
[24.095s] INFO:colcon.colcon_core.shell:Creating environment descriptor '/root/oxbot/src/ros2_ws/install/oxbot_interfaces/share/oxbot_interfaces/hook/cmake_prefix_path.dsv'
[24.096s] INFO:colcon.colcon_core.shell:Creating environment hook '/root/oxbot/src/ros2_ws/install/oxbot_interfaces/share/oxbot_interfaces/hook/cmake_prefix_path.sh'
[24.099s] Level 1:colcon.colcon_core.environment:checking '/root/oxbot/src/ros2_ws/install/oxbot_interfaces/lib'
[24.100s] Level 1:colcon.colcon_core.shell:create_environment_hook('oxbot_interfaces', 'ld_library_path_lib')
[24.136s] INFO:colcon.colcon_core.shell:Creating environment hook '/root/oxbot/src/ros2_ws/install/oxbot_interfaces/share/oxbot_interfaces/hook/ld_library_path_lib.ps1'
[24.138s] INFO:colcon.colcon_core.shell:Creating environment descriptor '/root/oxbot/src/ros2_ws/install/oxbot_interfaces/share/oxbot_interfaces/hook/ld_library_path_lib.dsv'
[24.139s] INFO:colcon.colcon_core.shell:Creating environment hook '/root/oxbot/src/ros2_ws/install/oxbot_interfaces/share/oxbot_interfaces/hook/ld_library_path_lib.sh'
[24.141s] Level 1:colcon.colcon_core.environment:checking '/root/oxbot/src/ros2_ws/install/oxbot_interfaces/bin'
[24.141s] Level 1:colcon.colcon_core.environment:checking '/root/oxbot/src/ros2_ws/install/oxbot_interfaces/lib/pkgconfig/oxbot_interfaces.pc'
[24.142s] Level 1:colcon.colcon_core.environment:checking '/root/oxbot/src/ros2_ws/install/oxbot_interfaces/lib/python3.6/site-packages'
[24.142s] Level 1:colcon.colcon_core.shell:create_environment_hook('oxbot_interfaces', 'pythonpath')
[24.177s] INFO:colcon.colcon_core.shell:Creating environment hook '/root/oxbot/src/ros2_ws/install/oxbot_interfaces/share/oxbot_interfaces/hook/pythonpath.ps1'
[24.179s] INFO:colcon.colcon_core.shell:Creating environment descriptor '/root/oxbot/src/ros2_ws/install/oxbot_interfaces/share/oxbot_interfaces/hook/pythonpath.dsv'
[24.180s] INFO:colcon.colcon_core.shell:Creating environment hook '/root/oxbot/src/ros2_ws/install/oxbot_interfaces/share/oxbot_interfaces/hook/pythonpath.sh'
[24.182s] Level 1:colcon.colcon_core.environment:checking '/root/oxbot/src/ros2_ws/install/oxbot_interfaces/bin'
[24.218s] INFO:colcon.colcon_core.shell:Creating package script '/root/oxbot/src/ros2_ws/install/oxbot_interfaces/share/oxbot_interfaces/package.ps1'
[24.221s] INFO:colcon.colcon_core.shell:Creating package descriptor '/root/oxbot/src/ros2_ws/install/oxbot_interfaces/share/oxbot_interfaces/package.dsv'
[24.224s] INFO:colcon.colcon_core.shell:Creating package script '/root/oxbot/src/ros2_ws/install/oxbot_interfaces/share/oxbot_interfaces/package.sh'
[24.226s] INFO:colcon.colcon_core.shell:Creating package script '/root/oxbot/src/ros2_ws/install/oxbot_interfaces/share/oxbot_interfaces/package.bash'
[24.227s] INFO:colcon.colcon_core.shell:Creating package script '/root/oxbot/src/ros2_ws/install/oxbot_interfaces/share/oxbot_interfaces/package.zsh'
[24.229s] Level 1:colcon.colcon_core.environment:create_file_with_runtime_dependencies(/root/oxbot/src/ros2_ws/install/oxbot_interfaces/share/colcon-core/packages/oxbot_interfaces)
[24.233s] DEBUG:colcon.colcon_parallel_executor.executor.parallel:closing loop
[24.236s] DEBUG:colcon.colcon_parallel_executor.executor.parallel:loop closed
[24.237s] DEBUG:colcon.colcon_parallel_executor.executor.parallel:run_until_complete finished with '0'
[24.238s] DEBUG:colcon.colcon_core.event_reactor:joining thread
[24.262s] INFO:colcon.colcon_core.plugin_system:Skipping extension 'colcon_notification.desktop_notification.notify_send': Could not find 'notify-send'
[24.263s] INFO:colcon.colcon_core.plugin_system:Skipping extension 'colcon_notification.desktop_notification.terminal_notifier': Not used on non-Darwin systems
[24.263s] INFO:colcon.colcon_core.plugin_system:Skipping extension 'colcon_notification.desktop_notification.win32': Not used on non-Windows systems
[24.263s] INFO:colcon.colcon_notification.desktop_notification:Sending desktop notification using 'notify2'
[24.263s] DEBUG:colcon.colcon_notification.desktop_notification.notify2:Failed to initialize notify2: org.freedesktop.DBus.Error.NotSupported: Unable to autolaunch a dbus-daemon without a $DISPLAY for X11
[24.266s] DEBUG:colcon.colcon_core.event_reactor:joined thread
[24.310s] INFO:colcon.colcon_core.shell:Creating prefix script '/root/oxbot/src/ros2_ws/install/local_setup.ps1'
[24.315s] INFO:colcon.colcon_core.shell:Creating prefix util module '/root/oxbot/src/ros2_ws/install/_local_setup_util_ps1.py'
[24.324s] INFO:colcon.colcon_core.shell:Creating prefix chain script '/root/oxbot/src/ros2_ws/install/setup.ps1'
[24.337s] INFO:colcon.colcon_core.shell:Creating prefix script '/root/oxbot/src/ros2_ws/install/local_setup.sh'
[24.340s] INFO:colcon.colcon_core.shell:Creating prefix util module '/root/oxbot/src/ros2_ws/install/_local_setup_util_sh.py'
[24.342s] INFO:colcon.colcon_core.shell:Creating prefix chain script '/root/oxbot/src/ros2_ws/install/setup.sh'
[24.355s] INFO:colcon.colcon_core.shell:Creating prefix script '/root/oxbot/src/ros2_ws/install/local_setup.bash'
[24.357s] INFO:colcon.colcon_core.shell:Creating prefix chain script '/root/oxbot/src/ros2_ws/install/setup.bash'
[24.370s] INFO:colcon.colcon_core.shell:Creating prefix script '/root/oxbot/src/ros2_ws/install/local_setup.zsh'
[24.372s] INFO:colcon.colcon_core.shell:Creating prefix chain script '/root/oxbot/src/ros2_ws/install/setup.zsh'
