[0.108s] Invoking command in '/root/oxbot/src/ros2_ws/build/motion_control': AMENT_PREFIX_PATH=/root/oxbot/src/ros2_ws/install/oxbot_interfaces:${AMENT_PREFIX_PATH} CMAKE_PREFIX_PATH=/root/oxbot/src/ros2_ws/install/oxbot_interfaces:${CMAKE_PREFIX_PATH} LD_LIBRARY_PATH=/root/oxbot/src/ros2_ws/install/oxbot_interfaces/lib:/opt/ros/humble/install/opt/rviz_ogre_vendor/lib:/opt/ros/humble/install/lib:/usr/local/cuda-10.2/targets/aarch64-linux/lib PYTHONPATH=/root/oxbot/src/ros2_ws/install/oxbot_interfaces/lib/python3.6/site-packages:${PYTHONPATH} /usr/local/bin/cmake /root/oxbot/src/ros2_ws/src/motion_control -DCMAKE_INSTALL_PREFIX=/root/oxbot/src/ros2_ws/install/motion_control
[0.439s] -- The C compiler identification is GNU 7.5.0
[0.677s] -- The CXX compiler identification is GNU 7.5.0
[0.759s] -- Detecting C compiler ABI info
[0.989s] -- Detecting C compiler ABI info - done
[1.043s] -- Check for working C compiler: /usr/bin/cc - skipped
[1.044s] -- Detecting C compile features
[1.045s] -- Detecting C compile features - done
[1.091s] -- Detecting CXX compiler ABI info
[1.410s] -- Detecting CXX compiler ABI info - done
[1.469s] -- Check for working CXX compiler: /usr/bin/c++ - skipped
[1.472s] -- Detecting CXX compile features
[1.473s] -- Detecting CXX compile features - done
[1.490s] -- Found ament_cmake: 1.3.5 (/opt/ros/humble/install/share/ament_cmake/cmake)
[6.487s] -- Found Python3: /usr/bin/python3.6 (found version "3.6.9") found components: Interpreter 
[7.126s] -- Found rclcpp: 16.0.5 (/opt/ros/humble/install/share/rclcpp/cmake)
[7.397s] -- Found rosidl_generator_c: 3.1.5 (/opt/ros/humble/install/share/rosidl_generator_c/cmake)
[7.433s] -- Found rosidl_adapter: 3.1.5 (/opt/ros/humble/install/share/rosidl_adapter/cmake)
[7.490s] -- Found rosidl_generator_cpp: 3.1.5 (/opt/ros/humble/install/share/rosidl_generator_cpp/cmake)
[7.588s] -- Using all available rosidl_typesupport_c: rosidl_typesupport_fastrtps_c;rosidl_typesupport_introspection_c
[7.728s] -- Using all available rosidl_typesupport_cpp: rosidl_typesupport_fastrtps_cpp;rosidl_typesupport_introspection_cpp
[8.213s] -- Found rmw_implementation_cmake: 6.1.1 (/opt/ros/humble/install/share/rmw_implementation_cmake/cmake)
[8.230s] -- Found rmw_cyclonedds_cpp: 1.3.4 (/opt/ros/humble/install/share/rmw_cyclonedds_cpp/cmake)
[8.476s] -- Using RMW implementation 'rmw_cyclonedds_cpp' as default
[8.535s] -- Performing Test CMAKE_HAVE_LIBC_PTHREAD
[8.985s] -- Performing Test CMAKE_HAVE_LIBC_PTHREAD - Failed
[8.989s] -- Looking for pthread_create in pthreads
[9.232s] -- Looking for pthread_create in pthreads - not found
[9.243s] -- Looking for pthread_create in pthread
[9.481s] -- Looking for pthread_create in pthread - found
[9.490s] -- Found Threads: TRUE  
[10.577s] -- Found oxbot_interfaces: 0.0.0 (/root/oxbot/src/ros2_ws/install/oxbot_interfaces/share/oxbot_interfaces/cmake)
[10.756s] [31mCMake Error at CMakeLists.txt:15 (find_package):
[10.757s]   By not providing "Findoxbot_config.cmake" in CMAKE_MODULE_PATH this project
[10.757s]   has asked CMake to find a package configuration file provided by
[10.758s]   "oxbot_config", but CMake did not find one.
[10.758s] 
[10.759s]   Could not find a package configuration file provided by "oxbot_config" with
[10.759s]   any of the following names:
[10.760s] 
[10.760s]     oxbot_configConfig.cmake
[10.761s]     oxbot_config-config.cmake
[10.761s] 
[10.762s]   Add the installation prefix of "oxbot_config" to CMAKE_PREFIX_PATH or set
[10.762s]   "oxbot_config_DIR" to a directory containing one of the above files.  If
[10.763s]   "oxbot_config" provides a separate development package or SDK, be sure it
[10.763s]   has been installed.
[10.764s] 
[10.764s] [0m
[10.765s] -- Configuring incomplete, errors occurred!
[10.823s] Invoked command in '/root/oxbot/src/ros2_ws/build/motion_control' returned '1': AMENT_PREFIX_PATH=/root/oxbot/src/ros2_ws/install/oxbot_interfaces:${AMENT_PREFIX_PATH} CMAKE_PREFIX_PATH=/root/oxbot/src/ros2_ws/install/oxbot_interfaces:${CMAKE_PREFIX_PATH} LD_LIBRARY_PATH=/root/oxbot/src/ros2_ws/install/oxbot_interfaces/lib:/opt/ros/humble/install/opt/rviz_ogre_vendor/lib:/opt/ros/humble/install/lib:/usr/local/cuda-10.2/targets/aarch64-linux/lib PYTHONPATH=/root/oxbot/src/ros2_ws/install/oxbot_interfaces/lib/python3.6/site-packages:${PYTHONPATH} /usr/local/bin/cmake /root/oxbot/src/ros2_ws/src/motion_control -DCMAKE_INSTALL_PREFIX=/root/oxbot/src/ros2_ws/install/motion_control
