[0.171s] Invoking command in '/root/oxbot/src/ros2_ws/build/motion_control': AMENT_PREFIX_PATH=/root/oxbot/src/ros2_ws/install/oxbot_interfaces:${AMENT_PREFIX_PATH} CMAKE_PREFIX_PATH=/root/oxbot/src/ros2_ws/install/oxbot_interfaces:${CMAKE_PREFIX_PATH} LD_LIBRARY_PATH=/root/oxbot/src/ros2_ws/install/oxbot_interfaces/lib:/opt/ros/humble/install/opt/rviz_ogre_vendor/lib:/opt/ros/humble/install/lib:/usr/local/cuda-10.2/targets/aarch64-linux/lib PYTHONPATH=/root/oxbot/src/ros2_ws/install/oxbot_interfaces/lib/python3.6/site-packages:${PYTHONPATH} /usr/local/bin/cmake --build /root/oxbot/src/ros2_ws/build/motion_control -- -j4 -l4
[0.379s] -- Found ament_cmake: 1.3.5 (/opt/ros/humble/install/share/ament_cmake/cmake)
[1.660s] -- Found rclcpp: 16.0.5 (/opt/ros/humble/install/share/rclcpp/cmake)
[1.918s] -- Found rosidl_generator_c: 3.1.5 (/opt/ros/humble/install/share/rosidl_generator_c/cmake)
[1.941s] -- Found rosidl_adapter: 3.1.5 (/opt/ros/humble/install/share/rosidl_adapter/cmake)
[1.998s] -- Found rosidl_generator_cpp: 3.1.5 (/opt/ros/humble/install/share/rosidl_generator_cpp/cmake)
[2.102s] -- Using all available rosidl_typesupport_c: rosidl_typesupport_fastrtps_c;rosidl_typesupport_introspection_c
[2.251s] -- Using all available rosidl_typesupport_cpp: rosidl_typesupport_fastrtps_cpp;rosidl_typesupport_introspection_cpp
[2.755s] -- Found rmw_implementation_cmake: 6.1.1 (/opt/ros/humble/install/share/rmw_implementation_cmake/cmake)
[2.767s] -- Found rmw_cyclonedds_cpp: 1.3.4 (/opt/ros/humble/install/share/rmw_cyclonedds_cpp/cmake)
[3.037s] -- Using RMW implementation 'rmw_cyclonedds_cpp' as default
[4.163s] -- Found oxbot_interfaces: 0.0.0 (/root/oxbot/src/ros2_ws/install/oxbot_interfaces/share/oxbot_interfaces/cmake)
[4.314s] -- Found oxbot_config: 0.0.0 (/root/oxbot/src/ros2_ws/install/oxbot_config/share/oxbot_config/cmake)
[4.322s] -- Found ament_lint_auto: 0.12.7 (/opt/ros/humble/install/share/ament_lint_auto/cmake)
[4.908s] -- Added test 'cppcheck' to perform static code analysis on C / C++ code
[4.909s] -- Configured cppcheck include dirs: /root/oxbot/src/ros2_ws/src/motion_control/include/motion_control
[4.910s] -- Configured cppcheck exclude dirs and/or files: 
[4.916s] -- Added test 'lint_cmake' to check CMake code style
[4.923s] -- Added test 'uncrustify' to check C / C++ code style
[4.924s] -- Configured uncrustify additional arguments: 
[4.926s] -- Added test 'xmllint' to check XML markup files
[4.933s] -- Configuring done (4.6s)
[5.001s] -- Generating done (0.0s)
[5.008s] -- Build files have been written to: /root/oxbot/src/ros2_ws/build/motion_control
[5.132s] [ 20%] [32mBuilding CXX object CMakeFiles/motion_controller.dir/src/FeedbackFrame.cpp.o[0m
[5.601s] [01m[K/root/oxbot/src/ros2_ws/src/motion_control/src/FeedbackFrame.cpp:5:30:[m[K [01;31m[Kerror: [m[Kdefinition of implicitly-declared ‘[01m[KFeedbackFrame::FeedbackFrame()[m[K’
[5.602s]  FeedbackFrame::FeedbackFrame([01;31m[K)[m[K
[5.603s]                               [01;31m[K^[m[K
[5.639s] make[2]: *** [CMakeFiles/motion_controller.dir/src/FeedbackFrame.cpp.o] Error 1
[5.640s] CMakeFiles/motion_controller.dir/build.make:117: recipe for target 'CMakeFiles/motion_controller.dir/src/FeedbackFrame.cpp.o' failed
[5.640s] CMakeFiles/Makefile2:136: recipe for target 'CMakeFiles/motion_controller.dir/all' failed
[5.641s] make[1]: *** [CMakeFiles/motion_controller.dir/all] Error 2
[5.641s] make: *** [all] Error 2
[5.642s] Makefile:145: recipe for target 'all' failed
[5.665s] Invoked command in '/root/oxbot/src/ros2_ws/build/motion_control' returned '2': AMENT_PREFIX_PATH=/root/oxbot/src/ros2_ws/install/oxbot_interfaces:${AMENT_PREFIX_PATH} CMAKE_PREFIX_PATH=/root/oxbot/src/ros2_ws/install/oxbot_interfaces:${CMAKE_PREFIX_PATH} LD_LIBRARY_PATH=/root/oxbot/src/ros2_ws/install/oxbot_interfaces/lib:/opt/ros/humble/install/opt/rviz_ogre_vendor/lib:/opt/ros/humble/install/lib:/usr/local/cuda-10.2/targets/aarch64-linux/lib PYTHONPATH=/root/oxbot/src/ros2_ws/install/oxbot_interfaces/lib/python3.6/site-packages:${PYTHONPATH} /usr/local/bin/cmake --build /root/oxbot/src/ros2_ws/build/motion_control -- -j4 -l4
