-- Found ament_cmake: 1.3.5 (/opt/ros/humble/install/share/ament_cmake/cmake)
-- Found rclcpp: 16.0.5 (/opt/ros/humble/install/share/rclcpp/cmake)
-- Found rosidl_generator_c: 3.1.5 (/opt/ros/humble/install/share/rosidl_generator_c/cmake)
-- Found rosidl_adapter: 3.1.5 (/opt/ros/humble/install/share/rosidl_adapter/cmake)
-- Found rosidl_generator_cpp: 3.1.5 (/opt/ros/humble/install/share/rosidl_generator_cpp/cmake)
-- Using all available rosidl_typesupport_c: rosidl_typesupport_fastrtps_c;rosidl_typesupport_introspection_c
-- Using all available rosidl_typesupport_cpp: rosidl_typesupport_fastrtps_cpp;rosidl_typesupport_introspection_cpp
-- Found rmw_implementation_cmake: 6.1.1 (/opt/ros/humble/install/share/rmw_implementation_cmake/cmake)
-- Found rmw_cyclonedds_cpp: 1.3.4 (/opt/ros/humble/install/share/rmw_cyclonedds_cpp/cmake)
-- Using RMW implementation 'rmw_cyclonedds_cpp' as default
-- Found oxbot_interfaces: 0.0.0 (/root/oxbot/src/ros2_ws/install/oxbot_interfaces/share/oxbot_interfaces/cmake)
-- Found oxbot_config: 0.0.0 (/root/oxbot/src/ros2_ws/install/oxbot_config/share/oxbot_config/cmake)
-- Found ament_lint_auto: 0.12.7 (/opt/ros/humble/install/share/ament_lint_auto/cmake)
-- Added test 'cppcheck' to perform static code analysis on C / C++ code
-- Configured cppcheck include dirs: /root/oxbot/src/ros2_ws/src/motion_control/include/motion_control
-- Configured cppcheck exclude dirs and/or files: 
-- Added test 'lint_cmake' to check CMake code style
-- Added test 'uncrustify' to check C / C++ code style
-- Configured uncrustify additional arguments: 
-- Added test 'xmllint' to check XML markup files
-- Configuring done (4.4s)
-- Generating done (0.1s)
-- Build files have been written to: /root/oxbot/src/ros2_ws/build/motion_control
[ 25%] [32mBuilding CXX object CMakeFiles/motion_controller.dir/src/motion_controller.cpp.o[0m
[ 75%] [32mBuilding CXX object CMakeFiles/motion_controller.dir/src/MotionControllerNode.cpp.o[0m
[ 75%] [32mBuilding CXX object CMakeFiles/motion_controller.dir/src/SerialCommunicator.cpp.o[0m
[01m[K/root/oxbot/src/ros2_ws/src/motion_control/src/MotionControllerNode.cpp:5:10:[m[K [01;31m[Kfatal error: [m[Kmotion_control_config.hpp: No such file or directory
 #include [01;31m[K"motion_control_config.hpp"[m[K
          [01;31m[K^~~~~~~~~~~~~~~~~~~~~~~~~~~[m[K
compilation terminated.
CMakeFiles/motion_controller.dir/build.make:89: recipe for target 'CMakeFiles/motion_controller.dir/src/MotionControllerNode.cpp.o' failed
make[2]: *** [CMakeFiles/motion_controller.dir/src/MotionControllerNode.cpp.o] Error 1
make[2]: *** Waiting for unfinished jobs....
[01m[K/root/oxbot/src/ros2_ws/src/motion_control/src/motion_controller.cpp:[m[K In function ‘[01m[Kint main(int, char**)[m[K’:
[01m[K/root/oxbot/src/ros2_ws/src/motion_control/src/motion_controller.cpp:19:18:[m[K [01;31m[Kerror: [m[K‘[01m[Knode[m[K’ was not declared in this scope
     rclcpp::spin([01;31m[Knode[m[K);
                  [01;31m[K^~~~[m[K
[01m[K/root/oxbot/src/ros2_ws/src/motion_control/src/motion_controller.cpp:19:18:[m[K [01;36m[Knote: [m[Ksuggested alternative: ‘[01m[Kmodf[m[K’
     rclcpp::spin([01;36m[Knode[m[K);
                  [01;36m[K^~~~[m[K
                  [32m[Kmodf[m[K
[01m[K/root/oxbot/src/ros2_ws/src/motion_control/src/SerialCommunicator.cpp:[m[K In constructor ‘[01m[KSerialCommunicator::SerialCommunicator()[m[K’:
[01m[K/root/oxbot/src/ros2_ws/src/motion_control/src/SerialCommunicator.cpp:17:69:[m[K [01;31m[Kerror: [m[K‘[01m[KMC_FRONT_WHEELS_SERIAL_PATH[m[K’ was not declared in this scope
 SerialCommunicator::SerialCommunicator(): front_wheels_serial_path_([01;31m[KMC_FRONT_WHEELS_SERIAL_PATH[m[K), rear_wheels_serial_path_(MC_REAR_WHEELS_SERIAL_PATH), front_wheels_serial_fh_(0), rear_wheels_serial_fh_(0)
                                                                     [01;31m[K^~~~~~~~~~~~~~~~~~~~~~~~~~~[m[K
[01m[K/root/oxbot/src/ros2_ws/src/motion_control/src/SerialCommunicator.cpp:17:69:[m[K [01;36m[Knote: [m[Ksuggested alternative: ‘[01m[KFRONT_WHEELS_SERIAL_PATH[m[K’
 SerialCommunicator::SerialCommunicator(): front_wheels_serial_path_([01;36m[KMC_FRONT_WHEELS_SERIAL_PATH[m[K), rear_wheels_serial_path_(MC_REAR_WHEELS_SERIAL_PATH), front_wheels_serial_fh_(0), rear_wheels_serial_fh_(0)
                                                                     [01;36m[K^~~~~~~~~~~~~~~~~~~~~~~~~~~[m[K
                                                                     [32m[KFRONT_WHEELS_SERIAL_PATH[m[K
[01m[K/root/oxbot/src/ros2_ws/src/motion_control/src/SerialCommunicator.cpp:17:124:[m[K [01;31m[Kerror: [m[K‘[01m[KMC_REAR_WHEELS_SERIAL_PATH[m[K’ was not declared in this scope
 SerialCommunicator::SerialCommunicator(): front_wheels_serial_path_(MC_FRONT_WHEELS_SERIAL_PATH), rear_wheels_serial_path_([01;31m[KMC_REAR_WHEELS_SERIAL_PATH[m[K), front_wheels_serial_fh_(0), rear_wheels_serial_fh_(0)
                                                                                                                            [01;31m[K^~~~~~~~~~~~~~~~~~~~~~~~~~[m[K
[01m[K/root/oxbot/src/ros2_ws/src/motion_control/src/SerialCommunicator.cpp:17:124:[m[K [01;36m[Knote: [m[Ksuggested alternative: ‘[01m[KREAR_WHEELS_SERIAL_PATH[m[K’
 SerialCommunicator::SerialCommunicator(): front_wheels_serial_path_(MC_FRONT_WHEELS_SERIAL_PATH), rear_wheels_serial_path_([01;36m[KMC_REAR_WHEELS_SERIAL_PATH[m[K), front_wheels_serial_fh_(0), rear_wheels_serial_fh_(0)
                                                                                                                            [01;36m[K^~~~~~~~~~~~~~~~~~~~~~~~~~[m[K
                                                                                                                            [32m[KREAR_WHEELS_SERIAL_PATH[m[K
[01m[K/root/oxbot/src/ros2_ws/src/motion_control/src/SerialCommunicator.cpp:30:35:[m[K [01;35m[Kwarning: [m[Kconverting to non-pointer type ‘[01m[Kint[m[K’ from NULL [[01;35m[K-Wconversion-null[m[K]
         front_wheels_serial_fh_ = [01;35m[KNULL[m[K;
                                   [01;35m[K^~~~[m[K
[01m[K/root/oxbot/src/ros2_ws/src/motion_control/src/SerialCommunicator.cpp:35:35:[m[K [01;35m[Kwarning: [m[Kconverting to non-pointer type ‘[01m[Kint[m[K’ from NULL [[01;35m[K-Wconversion-null[m[K]
         front_wheels_serial_fh_ = [01;35m[KNULL[m[K;
                                   [01;35m[K^~~~[m[K
[01m[K/root/oxbot/src/ros2_ws/src/motion_control/src/SerialCommunicator.cpp:[m[K In member function ‘[01m[Kconst std::vector<unsigned char, std::allocator<unsigned char> > SerialCommunicator::sc_read()[m[K’:
[01m[K/root/oxbot/src/ros2_ws/src/motion_control/src/SerialCommunicator.cpp:95:29:[m[K [01;31m[Kerror: [m[K‘[01m[KMC_SERIAL_FEEDBACK_MESSAGE_SIZE[m[K’ was not declared in this scope
     unsigned char read_buf [[01;31m[KMC_SERIAL_FEEDBACK_MESSAGE_SIZE[m[K];
                             [01;31m[K^~~~~~~~~~~~~~~~~~~~~~~~~~~~~~~[m[K
[01m[K/root/oxbot/src/ros2_ws/src/motion_control/src/SerialCommunicator.cpp:95:29:[m[K [01;36m[Knote: [m[Ksuggested alternative: ‘[01m[KSERIAL_FEEDBACK_MESSAGE_SIZE[m[K’
     unsigned char read_buf [[01;36m[KMC_SERIAL_FEEDBACK_MESSAGE_SIZE[m[K];
                             [01;36m[K^~~~~~~~~~~~~~~~~~~~~~~~~~~~~~~[m[K
                             [32m[KSERIAL_FEEDBACK_MESSAGE_SIZE[m[K
[01m[K/root/oxbot/src/ros2_ws/src/motion_control/src/SerialCommunicator.cpp:98:63:[m[K [01;31m[Kerror: [m[K‘[01m[Kread_buf[m[K’ was not declared in this scope
         int bytes_read = read(this->front_wheels_serial_fh_, &[01;31m[Kread_buf[m[K, sizeof(read_buf));
                                                               [01;31m[K^~~~~~~~[m[K
[01m[K/root/oxbot/src/ros2_ws/src/motion_control/src/SerialCommunicator.cpp:98:63:[m[K [01;36m[Knote: [m[Ksuggested alternative: ‘[01m[Kser_buf[m[K’
         int bytes_read = read(this->front_wheels_serial_fh_, &[01;36m[Kread_buf[m[K, sizeof(read_buf));
                                                               [01;36m[K^~~~~~~~[m[K
                                                               [32m[Kser_buf[m[K
[01m[K/root/oxbot/src/ros2_ws/src/motion_control/src/SerialCommunicator.cpp:[m[K In member function ‘[01m[Kint SerialCommunicator::sc_write(std::vector<unsigned char, std::allocator<unsigned char> >)[m[K’:
[01m[K/root/oxbot/src/ros2_ws/src/motion_control/src/SerialCommunicator.cpp:112:61:[m[K [01;35m[Kwarning: [m[Kunused parameter ‘[01m[Kwrite_buf[m[K’ [[01;35m[K-Wunused-parameter[m[K]
 int SerialCommunicator::sc_write(std::vector<unsigned char> [01;35m[Kwrite_buf[m[K)
                                                             [01;35m[K^~~~~~~~~[m[K
CMakeFiles/motion_controller.dir/build.make:75: recipe for target 'CMakeFiles/motion_controller.dir/src/motion_controller.cpp.o' failed
make[2]: *** [CMakeFiles/motion_controller.dir/src/motion_controller.cpp.o] Error 1
CMakeFiles/motion_controller.dir/build.make:103: recipe for target 'CMakeFiles/motion_controller.dir/src/SerialCommunicator.cpp.o' failed
make[2]: *** [CMakeFiles/motion_controller.dir/src/SerialCommunicator.cpp.o] Error 1
CMakeFiles/Makefile2:136: recipe for target 'CMakeFiles/motion_controller.dir/all' failed
make[1]: *** [CMakeFiles/motion_controller.dir/all] Error 2
make: *** [all] Error 2
Makefile:145: recipe for target 'all' failed
