[0.167s] Invoking command in '/root/oxbot/src/ros2_ws/build/motion_control': AMENT_PREFIX_PATH=/root/oxbot/src/ros2_ws/install/oxbot_interfaces:${AMENT_PREFIX_PATH} CMAKE_PREFIX_PATH=/root/oxbot/src/ros2_ws/install/oxbot_interfaces:${CMAKE_PREFIX_PATH} LD_LIBRARY_PATH=/root/oxbot/src/ros2_ws/install/oxbot_interfaces/lib:/opt/ros/humble/install/opt/rviz_ogre_vendor/lib:/opt/ros/humble/install/lib:/usr/local/cuda-10.2/targets/aarch64-linux/lib PYTHONPATH=/root/oxbot/src/ros2_ws/install/oxbot_interfaces/lib/python3.6/site-packages:${PYTHONPATH} /usr/local/bin/cmake --build /root/oxbot/src/ros2_ws/build/motion_control -- -j4 -l4
[0.392s] -- Found ament_cmake: 1.3.5 (/opt/ros/humble/install/share/ament_cmake/cmake)
[1.702s] -- Found rclcpp: 16.0.5 (/opt/ros/humble/install/share/rclcpp/cmake)
[1.934s] -- Found rosidl_generator_c: 3.1.5 (/opt/ros/humble/install/share/rosidl_generator_c/cmake)
[1.955s] -- Found rosidl_adapter: 3.1.5 (/opt/ros/humble/install/share/rosidl_adapter/cmake)
[2.002s] -- Found rosidl_generator_cpp: 3.1.5 (/opt/ros/humble/install/share/rosidl_generator_cpp/cmake)
[2.096s] -- Using all available rosidl_typesupport_c: rosidl_typesupport_fastrtps_c;rosidl_typesupport_introspection_c
[2.244s] -- Using all available rosidl_typesupport_cpp: rosidl_typesupport_fastrtps_cpp;rosidl_typesupport_introspection_cpp
[2.683s] -- Found rmw_implementation_cmake: 6.1.1 (/opt/ros/humble/install/share/rmw_implementation_cmake/cmake)
[2.693s] -- Found rmw_cyclonedds_cpp: 1.3.4 (/opt/ros/humble/install/share/rmw_cyclonedds_cpp/cmake)
[2.914s] -- Using RMW implementation 'rmw_cyclonedds_cpp' as default
[3.995s] -- Found oxbot_interfaces: 0.0.0 (/root/oxbot/src/ros2_ws/install/oxbot_interfaces/share/oxbot_interfaces/cmake)
[4.122s] -- Found oxbot_config: 0.0.0 (/root/oxbot/src/ros2_ws/install/oxbot_config/share/oxbot_config/cmake)
[4.130s] -- Found ament_lint_auto: 0.12.7 (/opt/ros/humble/install/share/ament_lint_auto/cmake)
[4.728s] -- Added test 'cppcheck' to perform static code analysis on C / C++ code
[4.729s] -- Configured cppcheck include dirs: /root/oxbot/src/ros2_ws/src/motion_control/include/motion_control
[4.729s] -- Configured cppcheck exclude dirs and/or files: 
[4.735s] -- Added test 'lint_cmake' to check CMake code style
[4.742s] -- Added test 'uncrustify' to check C / C++ code style
[4.742s] -- Configured uncrustify additional arguments: 
[4.744s] -- Added test 'xmllint' to check XML markup files
[4.752s] -- Configuring done (4.4s)
[4.855s] -- Generating done (0.1s)
[4.863s] -- Build files have been written to: /root/oxbot/src/ros2_ws/build/motion_control
[4.973s] [ 25%] [32mBuilding CXX object CMakeFiles/motion_controller.dir/src/motion_controller.cpp.o[0m
[4.976s] [ 75%] [32mBuilding CXX object CMakeFiles/motion_controller.dir/src/MotionControllerNode.cpp.o[0m
[4.977s] [ 75%] [32mBuilding CXX object CMakeFiles/motion_controller.dir/src/SerialCommunicator.cpp.o[0m
[6.041s] [01m[K/root/oxbot/src/ros2_ws/src/motion_control/src/MotionControllerNode.cpp:5:10:[m[K [01;31m[Kfatal error: [m[Kmotion_control_config.hpp: No such file or directory
[6.042s]  #include [01;31m[K"motion_control_config.hpp"[m[K
[6.043s]           [01;31m[K^~~~~~~~~~~~~~~~~~~~~~~~~~~[m[K
[6.043s] compilation terminated.
[6.062s] CMakeFiles/motion_controller.dir/build.make:89: recipe for target 'CMakeFiles/motion_controller.dir/src/MotionControllerNode.cpp.o' failed
[6.062s] make[2]: *** [CMakeFiles/motion_controller.dir/src/MotionControllerNode.cpp.o] Error 1
[6.063s] make[2]: *** Waiting for unfinished jobs....
[17.251s] [01m[K/root/oxbot/src/ros2_ws/src/motion_control/src/motion_controller.cpp:[m[K In function ‘[01m[Kint main(int, char**)[m[K’:
[17.253s] [01m[K/root/oxbot/src/ros2_ws/src/motion_control/src/motion_controller.cpp:19:18:[m[K [01;31m[Kerror: [m[K‘[01m[Knode[m[K’ was not declared in this scope
[17.254s]      rclcpp::spin([01;31m[Knode[m[K);
[17.255s]                   [01;31m[K^~~~[m[K
[17.256s] [01m[K/root/oxbot/src/ros2_ws/src/motion_control/src/motion_controller.cpp:19:18:[m[K [01;36m[Knote: [m[Ksuggested alternative: ‘[01m[Kmodf[m[K’
[17.256s]      rclcpp::spin([01;36m[Knode[m[K);
[17.257s]                   [01;36m[K^~~~[m[K
[17.258s]                   [32m[Kmodf[m[K
[17.320s] [01m[K/root/oxbot/src/ros2_ws/src/motion_control/src/SerialCommunicator.cpp:[m[K In constructor ‘[01m[KSerialCommunicator::SerialCommunicator()[m[K’:
[17.321s] [01m[K/root/oxbot/src/ros2_ws/src/motion_control/src/SerialCommunicator.cpp:17:69:[m[K [01;31m[Kerror: [m[K‘[01m[KMC_FRONT_WHEELS_SERIAL_PATH[m[K’ was not declared in this scope
[17.321s]  SerialCommunicator::SerialCommunicator(): front_wheels_serial_path_([01;31m[KMC_FRONT_WHEELS_SERIAL_PATH[m[K), rear_wheels_serial_path_(MC_REAR_WHEELS_SERIAL_PATH), front_wheels_serial_fh_(0), rear_wheels_serial_fh_(0)
[17.322s]                                                                      [01;31m[K^~~~~~~~~~~~~~~~~~~~~~~~~~~[m[K
[17.355s] [01m[K/root/oxbot/src/ros2_ws/src/motion_control/src/SerialCommunicator.cpp:17:69:[m[K [01;36m[Knote: [m[Ksuggested alternative: ‘[01m[KFRONT_WHEELS_SERIAL_PATH[m[K’
[17.356s]  SerialCommunicator::SerialCommunicator(): front_wheels_serial_path_([01;36m[KMC_FRONT_WHEELS_SERIAL_PATH[m[K), rear_wheels_serial_path_(MC_REAR_WHEELS_SERIAL_PATH), front_wheels_serial_fh_(0), rear_wheels_serial_fh_(0)
[17.356s]                                                                      [01;36m[K^~~~~~~~~~~~~~~~~~~~~~~~~~~[m[K
[17.357s]                                                                      [32m[KFRONT_WHEELS_SERIAL_PATH[m[K
[17.357s] [01m[K/root/oxbot/src/ros2_ws/src/motion_control/src/SerialCommunicator.cpp:17:124:[m[K [01;31m[Kerror: [m[K‘[01m[KMC_REAR_WHEELS_SERIAL_PATH[m[K’ was not declared in this scope
[17.359s]  SerialCommunicator::SerialCommunicator(): front_wheels_serial_path_(MC_FRONT_WHEELS_SERIAL_PATH), rear_wheels_serial_path_([01;31m[KMC_REAR_WHEELS_SERIAL_PATH[m[K), front_wheels_serial_fh_(0), rear_wheels_serial_fh_(0)
[17.360s]                                                                                                                             [01;31m[K^~~~~~~~~~~~~~~~~~~~~~~~~~[m[K
[17.392s] [01m[K/root/oxbot/src/ros2_ws/src/motion_control/src/SerialCommunicator.cpp:17:124:[m[K [01;36m[Knote: [m[Ksuggested alternative: ‘[01m[KREAR_WHEELS_SERIAL_PATH[m[K’
[17.393s]  SerialCommunicator::SerialCommunicator(): front_wheels_serial_path_(MC_FRONT_WHEELS_SERIAL_PATH), rear_wheels_serial_path_([01;36m[KMC_REAR_WHEELS_SERIAL_PATH[m[K), front_wheels_serial_fh_(0), rear_wheels_serial_fh_(0)
[17.394s]                                                                                                                             [01;36m[K^~~~~~~~~~~~~~~~~~~~~~~~~~[m[K
[17.394s]                                                                                                                             [32m[KREAR_WHEELS_SERIAL_PATH[m[K
[17.395s] [01m[K/root/oxbot/src/ros2_ws/src/motion_control/src/SerialCommunicator.cpp:30:35:[m[K [01;35m[Kwarning: [m[Kconverting to non-pointer type ‘[01m[Kint[m[K’ from NULL [[01;35m[K-Wconversion-null[m[K]
[17.396s]          front_wheels_serial_fh_ = [01;35m[KNULL[m[K;
[17.396s]                                    [01;35m[K^~~~[m[K
[17.397s] [01m[K/root/oxbot/src/ros2_ws/src/motion_control/src/SerialCommunicator.cpp:35:35:[m[K [01;35m[Kwarning: [m[Kconverting to non-pointer type ‘[01m[Kint[m[K’ from NULL [[01;35m[K-Wconversion-null[m[K]
[17.398s]          front_wheels_serial_fh_ = [01;35m[KNULL[m[K;
[17.398s]                                    [01;35m[K^~~~[m[K
[17.413s] [01m[K/root/oxbot/src/ros2_ws/src/motion_control/src/SerialCommunicator.cpp:[m[K In member function ‘[01m[Kconst std::vector<unsigned char, std::allocator<unsigned char> > SerialCommunicator::sc_read()[m[K’:
[17.414s] [01m[K/root/oxbot/src/ros2_ws/src/motion_control/src/SerialCommunicator.cpp:95:29:[m[K [01;31m[Kerror: [m[K‘[01m[KMC_SERIAL_FEEDBACK_MESSAGE_SIZE[m[K’ was not declared in this scope
[17.415s]      unsigned char read_buf [[01;31m[KMC_SERIAL_FEEDBACK_MESSAGE_SIZE[m[K];
[17.415s]                              [01;31m[K^~~~~~~~~~~~~~~~~~~~~~~~~~~~~~~[m[K
[17.454s] [01m[K/root/oxbot/src/ros2_ws/src/motion_control/src/SerialCommunicator.cpp:95:29:[m[K [01;36m[Knote: [m[Ksuggested alternative: ‘[01m[KSERIAL_FEEDBACK_MESSAGE_SIZE[m[K’
[17.455s]      unsigned char read_buf [[01;36m[KMC_SERIAL_FEEDBACK_MESSAGE_SIZE[m[K];
[17.456s]                              [01;36m[K^~~~~~~~~~~~~~~~~~~~~~~~~~~~~~~[m[K
[17.456s]                              [32m[KSERIAL_FEEDBACK_MESSAGE_SIZE[m[K
[17.457s] [01m[K/root/oxbot/src/ros2_ws/src/motion_control/src/SerialCommunicator.cpp:98:63:[m[K [01;31m[Kerror: [m[K‘[01m[Kread_buf[m[K’ was not declared in this scope
[17.457s]          int bytes_read = read(this->front_wheels_serial_fh_, &[01;31m[Kread_buf[m[K, sizeof(read_buf));
[17.458s]                                                                [01;31m[K^~~~~~~~[m[K
[17.462s] [01m[K/root/oxbot/src/ros2_ws/src/motion_control/src/SerialCommunicator.cpp:98:63:[m[K [01;36m[Knote: [m[Ksuggested alternative: ‘[01m[Kser_buf[m[K’
[17.463s]          int bytes_read = read(this->front_wheels_serial_fh_, &[01;36m[Kread_buf[m[K, sizeof(read_buf));
[17.464s]                                                                [01;36m[K^~~~~~~~[m[K
[17.465s]                                                                [32m[Kser_buf[m[K
[17.466s] [01m[K/root/oxbot/src/ros2_ws/src/motion_control/src/SerialCommunicator.cpp:[m[K In member function ‘[01m[Kint SerialCommunicator::sc_write(std::vector<unsigned char, std::allocator<unsigned char> >)[m[K’:
[17.467s] [01m[K/root/oxbot/src/ros2_ws/src/motion_control/src/SerialCommunicator.cpp:112:61:[m[K [01;35m[Kwarning: [m[Kunused parameter ‘[01m[Kwrite_buf[m[K’ [[01;35m[K-Wunused-parameter[m[K]
[17.468s]  int SerialCommunicator::sc_write(std::vector<unsigned char> [01;35m[Kwrite_buf[m[K)
[17.468s]                                                              [01;35m[K^~~~~~~~~[m[K
[19.908s] CMakeFiles/motion_controller.dir/build.make:75: recipe for target 'CMakeFiles/motion_controller.dir/src/motion_controller.cpp.o' failed
[19.911s] make[2]: *** [CMakeFiles/motion_controller.dir/src/motion_controller.cpp.o] Error 1
[20.122s] CMakeFiles/motion_controller.dir/build.make:103: recipe for target 'CMakeFiles/motion_controller.dir/src/SerialCommunicator.cpp.o' failed
[20.123s] make[2]: *** [CMakeFiles/motion_controller.dir/src/SerialCommunicator.cpp.o] Error 1
[20.124s] CMakeFiles/Makefile2:136: recipe for target 'CMakeFiles/motion_controller.dir/all' failed
[20.125s] make[1]: *** [CMakeFiles/motion_controller.dir/all] Error 2
[20.125s] make: *** [all] Error 2
[20.126s] Makefile:145: recipe for target 'all' failed
[20.151s] Invoked command in '/root/oxbot/src/ros2_ws/build/motion_control' returned '2': AMENT_PREFIX_PATH=/root/oxbot/src/ros2_ws/install/oxbot_interfaces:${AMENT_PREFIX_PATH} CMAKE_PREFIX_PATH=/root/oxbot/src/ros2_ws/install/oxbot_interfaces:${CMAKE_PREFIX_PATH} LD_LIBRARY_PATH=/root/oxbot/src/ros2_ws/install/oxbot_interfaces/lib:/opt/ros/humble/install/opt/rviz_ogre_vendor/lib:/opt/ros/humble/install/lib:/usr/local/cuda-10.2/targets/aarch64-linux/lib PYTHONPATH=/root/oxbot/src/ros2_ws/install/oxbot_interfaces/lib/python3.6/site-packages:${PYTHONPATH} /usr/local/bin/cmake --build /root/oxbot/src/ros2_ws/build/motion_control -- -j4 -l4
