[0.237s] Invoking command in '/root/oxbot/src/ros2_ws/build/oxbot_config': /usr/local/bin/cmake --build /root/oxbot/src/ros2_ws/build/oxbot_config -- -j4 -l4
[0.554s] Invoked command in '/root/oxbot/src/ros2_ws/build/oxbot_config' returned '0': /usr/local/bin/cmake --build /root/oxbot/src/ros2_ws/build/oxbot_config -- -j4 -l4
[1.310s] Invoking command in '/root/oxbot/src/ros2_ws/build/oxbot_config': /usr/local/bin/cmake --install /root/oxbot/src/ros2_ws/build/oxbot_config
[1.712s] -- Install configuration: ""
[1.713s] -- Up-to-date: /root/oxbot/src/ros2_ws/install/oxbot_config/include/
[1.714s] -- Up-to-date: /root/oxbot/src/ros2_ws/install/oxbot_config/include//oxbot_config
[1.715s] -- Installing: /root/oxbot/src/ros2_ws/install/oxbot_config/include//oxbot_config/oxbot_config.hpp
[1.715s] -- Up-to-date: /root/oxbot/src/ros2_ws/install/oxbot_config/share/ament_index/resource_index/package_run_dependencies/oxbot_config
[1.716s] -- Up-to-date: /root/oxbot/src/ros2_ws/install/oxbot_config/share/ament_index/resource_index/parent_prefix_path/oxbot_config
[1.717s] -- Up-to-date: /root/oxbot/src/ros2_ws/install/oxbot_config/share/oxbot_config/environment/ament_prefix_path.sh
[1.717s] -- Up-to-date: /root/oxbot/src/ros2_ws/install/oxbot_config/share/oxbot_config/environment/ament_prefix_path.dsv
[1.718s] -- Up-to-date: /root/oxbot/src/ros2_ws/install/oxbot_config/share/oxbot_config/environment/path.sh
[1.719s] -- Up-to-date: /root/oxbot/src/ros2_ws/install/oxbot_config/share/oxbot_config/environment/path.dsv
[1.720s] -- Up-to-date: /root/oxbot/src/ros2_ws/install/oxbot_config/share/oxbot_config/local_setup.bash
[1.720s] -- Up-to-date: /root/oxbot/src/ros2_ws/install/oxbot_config/share/oxbot_config/local_setup.sh
[1.721s] -- Up-to-date: /root/oxbot/src/ros2_ws/install/oxbot_config/share/oxbot_config/local_setup.zsh
[1.722s] -- Up-to-date: /root/oxbot/src/ros2_ws/install/oxbot_config/share/oxbot_config/local_setup.dsv
[1.722s] -- Installing: /root/oxbot/src/ros2_ws/install/oxbot_config/share/oxbot_config/package.dsv
[1.723s] -- Up-to-date: /root/oxbot/src/ros2_ws/install/oxbot_config/share/ament_index/resource_index/packages/oxbot_config
[1.724s] -- Up-to-date: /root/oxbot/src/ros2_ws/install/oxbot_config/share/oxbot_config/cmake/oxbot_configConfig.cmake
[1.725s] -- Up-to-date: /root/oxbot/src/ros2_ws/install/oxbot_config/share/oxbot_config/cmake/oxbot_configConfig-version.cmake
[1.725s] -- Up-to-date: /root/oxbot/src/ros2_ws/install/oxbot_config/share/oxbot_config/package.xml
[1.960s] Invoked command in '/root/oxbot/src/ros2_ws/build/oxbot_config' returned '0': /usr/local/bin/cmake --install /root/oxbot/src/ros2_ws/build/oxbot_config
