[3.032s] DEBUG:colcon:Command line arguments: ['/usr/bin/colcon', 'build', '--packages-select', 'oxbot_testing']
[3.032s] DEBUG:colcon:Parsed command line arguments: Namespace(ament_cmake_args=None, base_paths=['.'], build_base='build', catkin_cmake_args=None, catkin_skip_building_tests=False, cmake_args=None, cmake_clean_cache=False, cmake_clean_first=False, cmake_force_configure=False, cmake_target=None, cmake_target_skip_unavailable=False, continue_on_error=False, event_handlers=None, executor='parallel', ignore_user_meta=False, install_base='install', log_base=None, log_level=None, main=<bound method BuildVerb.main of <colcon_core.verb.build.BuildVerb object at 0x7f8e565f60>>, merge_install=False, metas=['./colcon.meta'], packages_above=None, packages_above_and_dependencies=None, packages_above_depth=None, packages_end=None, packages_ignore=None, packages_ignore_regex=None, packages_select=['oxbot_testing'], packages_select_build_failed=False, packages_select_by_dep=None, packages_select_regex=None, packages_select_test_failures=False, packages_skip=None, packages_skip_build_finished=False, packages_skip_by_dep=None, packages_skip_regex=None, packages_skip_test_passed=False, packages_skip_up_to=None, packages_start=None, packages_up_to=None, packages_up_to_regex=None, parallel_workers=4, paths=None, symlink_install=False, test_result_base=None, verb_extension=<colcon_core.verb.build.BuildVerb object at 0x7f8e565f60>, verb_name='build', verb_parser=<colcon_defaults.argument_parser.defaults.DefaultArgumentsDecorator object at 0x7f8e3d9438>)
[3.240s] Level 1:colcon.colcon_core.package_discovery:discover_packages(colcon_meta) check parameters
[3.241s] Level 1:colcon.colcon_core.package_discovery:discover_packages(recursive) check parameters
[3.241s] Level 1:colcon.colcon_core.package_discovery:discover_packages(ignore) check parameters
[3.241s] Level 1:colcon.colcon_core.package_discovery:discover_packages(path) check parameters
[3.242s] Level 1:colcon.colcon_core.package_discovery:discover_packages(colcon_meta) discover
[3.243s] Level 1:colcon.colcon_core.package_discovery:discover_packages(recursive) discover
[3.244s] INFO:colcon.colcon_core.package_discovery:Crawling recursively for packages in '/root/oxbot/src/ros2_ws'
[3.244s] Level 1:colcon.colcon_core.package_identification:_identify(.) by extensions ['ignore', 'ignore_ament_install']
[3.245s] Level 1:colcon.colcon_core.package_identification:_identify(.) by extension 'ignore'
[3.245s] Level 1:colcon.colcon_core.package_identification:_identify(.) by extension 'ignore_ament_install'
[3.246s] Level 1:colcon.colcon_core.package_identification:_identify(.) by extensions ['colcon_pkg']
[3.246s] Level 1:colcon.colcon_core.package_identification:_identify(.) by extension 'colcon_pkg'
[3.246s] Level 1:colcon.colcon_core.package_identification:_identify(.) by extensions ['colcon_meta']
[3.246s] Level 1:colcon.colcon_core.package_identification:_identify(.) by extension 'colcon_meta'
[3.247s] Level 1:colcon.colcon_core.package_identification:_identify(.) by extensions ['ros']
[3.247s] Level 1:colcon.colcon_core.package_identification:_identify(.) by extension 'ros'
[3.452s] Level 1:colcon.colcon_core.package_identification:_identify(.) by extensions ['cmake', 'python']
[3.453s] Level 1:colcon.colcon_core.package_identification:_identify(.) by extension 'cmake'
[3.453s] Level 1:colcon.colcon_core.package_identification:_identify(.) by extension 'python'
[3.454s] Level 1:colcon.colcon_core.package_identification:_identify(.) by extensions ['python_setup_py']
[3.455s] Level 1:colcon.colcon_core.package_identification:_identify(.) by extension 'python_setup_py'
[3.456s] Level 1:colcon.colcon_core.package_identification:_identify(build) by extensions ['ignore', 'ignore_ament_install']
[3.456s] Level 1:colcon.colcon_core.package_identification:_identify(build) by extension 'ignore'
[3.457s] Level 1:colcon.colcon_core.package_identification:_identify(build) ignored
[3.460s] Level 1:colcon.colcon_core.package_identification:_identify(install) by extensions ['ignore', 'ignore_ament_install']
[3.461s] Level 1:colcon.colcon_core.package_identification:_identify(install) by extension 'ignore'
[3.461s] Level 1:colcon.colcon_core.package_identification:_identify(install) ignored
[3.462s] Level 1:colcon.colcon_core.package_identification:_identify(log) by extensions ['ignore', 'ignore_ament_install']
[3.463s] Level 1:colcon.colcon_core.package_identification:_identify(log) by extension 'ignore'
[3.464s] Level 1:colcon.colcon_core.package_identification:_identify(log) ignored
[3.465s] Level 1:colcon.colcon_core.package_identification:_identify(src) by extensions ['ignore', 'ignore_ament_install']
[3.466s] Level 1:colcon.colcon_core.package_identification:_identify(src) by extension 'ignore'
[3.466s] Level 1:colcon.colcon_core.package_identification:_identify(src) by extension 'ignore_ament_install'
[3.467s] Level 1:colcon.colcon_core.package_identification:_identify(src) by extensions ['colcon_pkg']
[3.468s] Level 1:colcon.colcon_core.package_identification:_identify(src) by extension 'colcon_pkg'
[3.468s] Level 1:colcon.colcon_core.package_identification:_identify(src) by extensions ['colcon_meta']
[3.469s] Level 1:colcon.colcon_core.package_identification:_identify(src) by extension 'colcon_meta'
[3.470s] Level 1:colcon.colcon_core.package_identification:_identify(src) by extensions ['ros']
[3.470s] Level 1:colcon.colcon_core.package_identification:_identify(src) by extension 'ros'
[3.471s] Level 1:colcon.colcon_core.package_identification:_identify(src) by extensions ['cmake', 'python']
[3.472s] Level 1:colcon.colcon_core.package_identification:_identify(src) by extension 'cmake'
[3.472s] Level 1:colcon.colcon_core.package_identification:_identify(src) by extension 'python'
[3.473s] Level 1:colcon.colcon_core.package_identification:_identify(src) by extensions ['python_setup_py']
[3.473s] Level 1:colcon.colcon_core.package_identification:_identify(src) by extension 'python_setup_py'
[3.474s] Level 1:colcon.colcon_core.package_identification:_identify(src/motion_control) by extensions ['ignore', 'ignore_ament_install']
[3.475s] Level 1:colcon.colcon_core.package_identification:_identify(src/motion_control) by extension 'ignore'
[3.476s] Level 1:colcon.colcon_core.package_identification:_identify(src/motion_control) by extension 'ignore_ament_install'
[3.477s] Level 1:colcon.colcon_core.package_identification:_identify(src/motion_control) by extensions ['colcon_pkg']
[3.477s] Level 1:colcon.colcon_core.package_identification:_identify(src/motion_control) by extension 'colcon_pkg'
[3.478s] Level 1:colcon.colcon_core.package_identification:_identify(src/motion_control) by extensions ['colcon_meta']
[3.478s] Level 1:colcon.colcon_core.package_identification:_identify(src/motion_control) by extension 'colcon_meta'
[3.479s] Level 1:colcon.colcon_core.package_identification:_identify(src/motion_control) by extensions ['ros']
[3.479s] Level 1:colcon.colcon_core.package_identification:_identify(src/motion_control) by extension 'ros'
[3.494s] DEBUG:colcon.colcon_core.package_identification:Package 'src/motion_control' with type 'ros.ament_cmake' and name 'motion_control'
[3.495s] Level 1:colcon.colcon_core.package_identification:_identify(src/oxbot_bringup) by extensions ['ignore', 'ignore_ament_install']
[3.496s] Level 1:colcon.colcon_core.package_identification:_identify(src/oxbot_bringup) by extension 'ignore'
[3.497s] Level 1:colcon.colcon_core.package_identification:_identify(src/oxbot_bringup) by extension 'ignore_ament_install'
[3.498s] Level 1:colcon.colcon_core.package_identification:_identify(src/oxbot_bringup) by extensions ['colcon_pkg']
[3.499s] Level 1:colcon.colcon_core.package_identification:_identify(src/oxbot_bringup) by extension 'colcon_pkg'
[3.499s] Level 1:colcon.colcon_core.package_identification:_identify(src/oxbot_bringup) by extensions ['colcon_meta']
[3.500s] Level 1:colcon.colcon_core.package_identification:_identify(src/oxbot_bringup) by extension 'colcon_meta'
[3.500s] Level 1:colcon.colcon_core.package_identification:_identify(src/oxbot_bringup) by extensions ['ros']
[3.501s] Level 1:colcon.colcon_core.package_identification:_identify(src/oxbot_bringup) by extension 'ros'
[3.504s] DEBUG:colcon.colcon_core.package_identification:Package 'src/oxbot_bringup' with type 'ros.ament_cmake' and name 'oxbot_bringup'
[3.505s] Level 1:colcon.colcon_core.package_identification:_identify(src/oxbot_config) by extensions ['ignore', 'ignore_ament_install']
[3.506s] Level 1:colcon.colcon_core.package_identification:_identify(src/oxbot_config) by extension 'ignore'
[3.506s] Level 1:colcon.colcon_core.package_identification:_identify(src/oxbot_config) by extension 'ignore_ament_install'
[3.506s] Level 1:colcon.colcon_core.package_identification:_identify(src/oxbot_config) by extensions ['colcon_pkg']
[3.507s] Level 1:colcon.colcon_core.package_identification:_identify(src/oxbot_config) by extension 'colcon_pkg'
[3.507s] Level 1:colcon.colcon_core.package_identification:_identify(src/oxbot_config) by extensions ['colcon_meta']
[3.507s] Level 1:colcon.colcon_core.package_identification:_identify(src/oxbot_config) by extension 'colcon_meta'
[3.508s] Level 1:colcon.colcon_core.package_identification:_identify(src/oxbot_config) by extensions ['ros']
[3.508s] Level 1:colcon.colcon_core.package_identification:_identify(src/oxbot_config) by extension 'ros'
[3.511s] DEBUG:colcon.colcon_core.package_identification:Package 'src/oxbot_config' with type 'ros.ament_cmake' and name 'oxbot_config'
[3.511s] Level 1:colcon.colcon_core.package_identification:_identify(src/oxbot_interfaces) by extensions ['ignore', 'ignore_ament_install']
[3.512s] Level 1:colcon.colcon_core.package_identification:_identify(src/oxbot_interfaces) by extension 'ignore'
[3.512s] Level 1:colcon.colcon_core.package_identification:_identify(src/oxbot_interfaces) by extension 'ignore_ament_install'
[3.513s] Level 1:colcon.colcon_core.package_identification:_identify(src/oxbot_interfaces) by extensions ['colcon_pkg']
[3.513s] Level 1:colcon.colcon_core.package_identification:_identify(src/oxbot_interfaces) by extension 'colcon_pkg'
[3.513s] Level 1:colcon.colcon_core.package_identification:_identify(src/oxbot_interfaces) by extensions ['colcon_meta']
[3.513s] Level 1:colcon.colcon_core.package_identification:_identify(src/oxbot_interfaces) by extension 'colcon_meta'
[3.514s] Level 1:colcon.colcon_core.package_identification:_identify(src/oxbot_interfaces) by extensions ['ros']
[3.514s] Level 1:colcon.colcon_core.package_identification:_identify(src/oxbot_interfaces) by extension 'ros'
[3.517s] DEBUG:colcon.colcon_core.package_identification:Package 'src/oxbot_interfaces' with type 'ros.ament_cmake' and name 'oxbot_interfaces'
[3.518s] Level 1:colcon.colcon_core.package_identification:_identify(src/oxbot_testing) by extensions ['ignore', 'ignore_ament_install']
[3.518s] Level 1:colcon.colcon_core.package_identification:_identify(src/oxbot_testing) by extension 'ignore'
[3.519s] Level 1:colcon.colcon_core.package_identification:_identify(src/oxbot_testing) by extension 'ignore_ament_install'
[3.519s] Level 1:colcon.colcon_core.package_identification:_identify(src/oxbot_testing) by extensions ['colcon_pkg']
[3.519s] Level 1:colcon.colcon_core.package_identification:_identify(src/oxbot_testing) by extension 'colcon_pkg'
[3.520s] Level 1:colcon.colcon_core.package_identification:_identify(src/oxbot_testing) by extensions ['colcon_meta']
[3.520s] Level 1:colcon.colcon_core.package_identification:_identify(src/oxbot_testing) by extension 'colcon_meta'
[3.520s] Level 1:colcon.colcon_core.package_identification:_identify(src/oxbot_testing) by extensions ['ros']
[3.521s] Level 1:colcon.colcon_core.package_identification:_identify(src/oxbot_testing) by extension 'ros'
[3.524s] DEBUG:colcon.colcon_core.package_identification:Package 'src/oxbot_testing' with type 'ros.ament_cmake' and name 'oxbot_testing'
[3.524s] Level 1:colcon.colcon_core.package_discovery:discover_packages(recursive) using defaults
[3.525s] Level 1:colcon.colcon_core.package_discovery:discover_packages(ignore) discover
[3.526s] Level 1:colcon.colcon_core.package_discovery:discover_packages(ignore) using defaults
[3.526s] Level 1:colcon.colcon_core.package_discovery:discover_packages(path) discover
[3.526s] Level 1:colcon.colcon_core.package_discovery:discover_packages(path) using defaults
[3.732s] INFO:colcon.colcon_core.package_selection:Skipping not selected package 'oxbot_bringup' in 'src/oxbot_bringup'
[3.732s] INFO:colcon.colcon_core.package_selection:Skipping not selected package 'oxbot_config' in 'src/oxbot_config'
[3.732s] INFO:colcon.colcon_core.package_selection:Skipping not selected package 'oxbot_interfaces' in 'src/oxbot_interfaces'
[3.733s] INFO:colcon.colcon_core.package_selection:Skipping not selected package 'motion_control' in 'src/motion_control'
[3.752s] Level 5:colcon.colcon_core.verb:set package 'oxbot_testing' build argument 'cmake_args' from command line to 'None'
[3.752s] Level 5:colcon.colcon_core.verb:set package 'oxbot_testing' build argument 'cmake_target' from command line to 'None'
[3.753s] Level 5:colcon.colcon_core.verb:set package 'oxbot_testing' build argument 'cmake_target_skip_unavailable' from command line to 'False'
[3.753s] Level 5:colcon.colcon_core.verb:set package 'oxbot_testing' build argument 'cmake_clean_cache' from command line to 'False'
[3.753s] Level 5:colcon.colcon_core.verb:set package 'oxbot_testing' build argument 'cmake_clean_first' from command line to 'False'
[3.753s] Level 5:colcon.colcon_core.verb:set package 'oxbot_testing' build argument 'cmake_force_configure' from command line to 'False'
[3.753s] Level 5:colcon.colcon_core.verb:set package 'oxbot_testing' build argument 'ament_cmake_args' from command line to 'None'
[3.754s] Level 5:colcon.colcon_core.verb:set package 'oxbot_testing' build argument 'catkin_cmake_args' from command line to 'None'
[3.754s] Level 5:colcon.colcon_core.verb:set package 'oxbot_testing' build argument 'catkin_skip_building_tests' from command line to 'False'
[3.754s] DEBUG:colcon.colcon_core.verb:Building package 'oxbot_testing' with the following arguments: {'ament_cmake_args': None, 'build_base': '/root/oxbot/src/ros2_ws/build/oxbot_testing', 'catkin_cmake_args': None, 'catkin_skip_building_tests': False, 'cmake_args': None, 'cmake_clean_cache': False, 'cmake_clean_first': False, 'cmake_force_configure': False, 'cmake_target': None, 'cmake_target_skip_unavailable': False, 'install_base': '/root/oxbot/src/ros2_ws/install/oxbot_testing', 'merge_install': False, 'path': '/root/oxbot/src/ros2_ws/src/oxbot_testing', 'symlink_install': False, 'test_result_base': None}
[3.771s] INFO:colcon.colcon_core.executor:Executing jobs using 'parallel' executor
[3.859s] DEBUG:colcon.colcon_parallel_executor.executor.parallel:run_until_complete
[3.861s] INFO:colcon.colcon_ros.task.ament_cmake.build:Building ROS package in '/root/oxbot/src/ros2_ws/src/oxbot_testing' with build type 'ament_cmake'
[3.862s] INFO:colcon.colcon_cmake.task.cmake.build:Building CMake package in '/root/oxbot/src/ros2_ws/src/oxbot_testing'
[3.925s] INFO:colcon.colcon_core.plugin_system:Skipping extension 'colcon_core.shell.bat': Not used on non-Windows systems
[3.927s] INFO:colcon.colcon_core.shell:Skip shell extension 'powershell' for command environment: Not usable outside of PowerShell
[3.927s] DEBUG:colcon.colcon_core.shell:Skip shell extension 'dsv' for command environment
[4.064s] DEBUG:colcon.colcon_core.event_handler.log_command:Invoking command in '/root/oxbot/src/ros2_ws/build/oxbot_testing': /usr/local/bin/cmake --build /root/oxbot/src/ros2_ws/build/oxbot_testing -- -j4 -l4
[44.681s] DEBUG:colcon.colcon_core.event_handler.log_command:Invoked command in '/root/oxbot/src/ros2_ws/build/oxbot_testing' returned '0': /usr/local/bin/cmake --build /root/oxbot/src/ros2_ws/build/oxbot_testing -- -j4 -l4
[45.143s] DEBUG:colcon.colcon_core.event_handler.log_command:Invoking command in '/root/oxbot/src/ros2_ws/build/oxbot_testing': /usr/local/bin/cmake --install /root/oxbot/src/ros2_ws/build/oxbot_testing
[45.360s] Level 1:colcon.colcon_core.environment:create_environment_scripts_only(oxbot_testing)
[45.372s] DEBUG:colcon.colcon_core.event_handler.log_command:Invoked command in '/root/oxbot/src/ros2_ws/build/oxbot_testing' returned '0': /usr/local/bin/cmake --install /root/oxbot/src/ros2_ws/build/oxbot_testing
[45.442s] Level 1:colcon.colcon_core.environment:checking '/root/oxbot/src/ros2_ws/install/oxbot_testing' for CMake module files
[45.446s] Level 1:colcon.colcon_core.environment:checking '/root/oxbot/src/ros2_ws/install/oxbot_testing' for CMake config files
[45.448s] Level 1:colcon.colcon_core.shell:create_environment_hook('oxbot_testing', 'cmake_prefix_path')
[45.492s] INFO:colcon.colcon_core.shell:Creating environment hook '/root/oxbot/src/ros2_ws/install/oxbot_testing/share/oxbot_testing/hook/cmake_prefix_path.ps1'
[45.496s] INFO:colcon.colcon_core.shell:Creating environment descriptor '/root/oxbot/src/ros2_ws/install/oxbot_testing/share/oxbot_testing/hook/cmake_prefix_path.dsv'
[45.498s] INFO:colcon.colcon_core.shell:Creating environment hook '/root/oxbot/src/ros2_ws/install/oxbot_testing/share/oxbot_testing/hook/cmake_prefix_path.sh'
[45.505s] Level 1:colcon.colcon_core.environment:checking '/root/oxbot/src/ros2_ws/install/oxbot_testing/lib'
[45.506s] Level 1:colcon.colcon_core.environment:checking '/root/oxbot/src/ros2_ws/install/oxbot_testing/bin'
[45.507s] Level 1:colcon.colcon_core.environment:checking '/root/oxbot/src/ros2_ws/install/oxbot_testing/lib/pkgconfig/oxbot_testing.pc'
[45.508s] Level 1:colcon.colcon_core.environment:checking '/root/oxbot/src/ros2_ws/install/oxbot_testing/lib/python3.6/site-packages'
[45.509s] Level 1:colcon.colcon_core.environment:checking '/root/oxbot/src/ros2_ws/install/oxbot_testing/bin'
[45.555s] INFO:colcon.colcon_core.shell:Creating package script '/root/oxbot/src/ros2_ws/install/oxbot_testing/share/oxbot_testing/package.ps1'
[45.560s] INFO:colcon.colcon_core.shell:Creating package descriptor '/root/oxbot/src/ros2_ws/install/oxbot_testing/share/oxbot_testing/package.dsv'
[45.563s] INFO:colcon.colcon_core.shell:Creating package script '/root/oxbot/src/ros2_ws/install/oxbot_testing/share/oxbot_testing/package.sh'
[45.569s] INFO:colcon.colcon_core.shell:Creating package script '/root/oxbot/src/ros2_ws/install/oxbot_testing/share/oxbot_testing/package.bash'
[45.574s] INFO:colcon.colcon_core.shell:Creating package script '/root/oxbot/src/ros2_ws/install/oxbot_testing/share/oxbot_testing/package.zsh'
[45.579s] Level 1:colcon.colcon_core.environment:create_file_with_runtime_dependencies(/root/oxbot/src/ros2_ws/install/oxbot_testing/share/colcon-core/packages/oxbot_testing)
[45.871s] Level 1:colcon.colcon_core.environment:create_environment_scripts_only(oxbot_testing)
[45.941s] Level 1:colcon.colcon_core.environment:checking '/root/oxbot/src/ros2_ws/install/oxbot_testing' for CMake module files
[45.944s] Level 1:colcon.colcon_core.environment:checking '/root/oxbot/src/ros2_ws/install/oxbot_testing' for CMake config files
[45.947s] Level 1:colcon.colcon_core.shell:create_environment_hook('oxbot_testing', 'cmake_prefix_path')
[45.986s] INFO:colcon.colcon_core.shell:Creating environment hook '/root/oxbot/src/ros2_ws/install/oxbot_testing/share/oxbot_testing/hook/cmake_prefix_path.ps1'
[45.990s] INFO:colcon.colcon_core.shell:Creating environment descriptor '/root/oxbot/src/ros2_ws/install/oxbot_testing/share/oxbot_testing/hook/cmake_prefix_path.dsv'
[45.992s] INFO:colcon.colcon_core.shell:Creating environment hook '/root/oxbot/src/ros2_ws/install/oxbot_testing/share/oxbot_testing/hook/cmake_prefix_path.sh'
[45.996s] Level 1:colcon.colcon_core.environment:checking '/root/oxbot/src/ros2_ws/install/oxbot_testing/lib'
[45.997s] Level 1:colcon.colcon_core.environment:checking '/root/oxbot/src/ros2_ws/install/oxbot_testing/bin'
[45.997s] Level 1:colcon.colcon_core.environment:checking '/root/oxbot/src/ros2_ws/install/oxbot_testing/lib/pkgconfig/oxbot_testing.pc'
[45.998s] Level 1:colcon.colcon_core.environment:checking '/root/oxbot/src/ros2_ws/install/oxbot_testing/lib/python3.6/site-packages'
[45.999s] Level 1:colcon.colcon_core.environment:checking '/root/oxbot/src/ros2_ws/install/oxbot_testing/bin'
[46.050s] INFO:colcon.colcon_core.shell:Creating package script '/root/oxbot/src/ros2_ws/install/oxbot_testing/share/oxbot_testing/package.ps1'
[46.053s] INFO:colcon.colcon_core.shell:Creating package descriptor '/root/oxbot/src/ros2_ws/install/oxbot_testing/share/oxbot_testing/package.dsv'
[46.055s] INFO:colcon.colcon_core.shell:Creating package script '/root/oxbot/src/ros2_ws/install/oxbot_testing/share/oxbot_testing/package.sh'
[46.058s] INFO:colcon.colcon_core.shell:Creating package script '/root/oxbot/src/ros2_ws/install/oxbot_testing/share/oxbot_testing/package.bash'
[46.061s] INFO:colcon.colcon_core.shell:Creating package script '/root/oxbot/src/ros2_ws/install/oxbot_testing/share/oxbot_testing/package.zsh'
[46.063s] Level 1:colcon.colcon_core.environment:create_file_with_runtime_dependencies(/root/oxbot/src/ros2_ws/install/oxbot_testing/share/colcon-core/packages/oxbot_testing)
[46.067s] DEBUG:colcon.colcon_parallel_executor.executor.parallel:closing loop
[46.071s] DEBUG:colcon.colcon_parallel_executor.executor.parallel:loop closed
[46.072s] DEBUG:colcon.colcon_parallel_executor.executor.parallel:run_until_complete finished with '0'
[46.072s] DEBUG:colcon.colcon_core.event_reactor:joining thread
[46.104s] INFO:colcon.colcon_core.plugin_system:Skipping extension 'colcon_notification.desktop_notification.notify_send': Could not find 'notify-send'
[46.105s] INFO:colcon.colcon_core.plugin_system:Skipping extension 'colcon_notification.desktop_notification.terminal_notifier': Not used on non-Darwin systems
[46.105s] INFO:colcon.colcon_core.plugin_system:Skipping extension 'colcon_notification.desktop_notification.win32': Not used on non-Windows systems
[46.106s] INFO:colcon.colcon_notification.desktop_notification:Sending desktop notification using 'notify2'
[46.111s] DEBUG:colcon.colcon_notification.desktop_notification.notify2:Failed to initialize notify2: org.freedesktop.DBus.Error.Spawn.ExecFailed: /usr/bin/dbus-launch terminated abnormally without any error message
[46.113s] DEBUG:colcon.colcon_core.event_reactor:joined thread
[46.156s] INFO:colcon.colcon_core.shell:Creating prefix script '/root/oxbot/src/ros2_ws/install/local_setup.ps1'
[46.164s] INFO:colcon.colcon_core.shell:Creating prefix util module '/root/oxbot/src/ros2_ws/install/_local_setup_util_ps1.py'
[46.175s] INFO:colcon.colcon_core.shell:Creating prefix chain script '/root/oxbot/src/ros2_ws/install/setup.ps1'
[46.191s] INFO:colcon.colcon_core.shell:Creating prefix script '/root/oxbot/src/ros2_ws/install/local_setup.sh'
[46.194s] INFO:colcon.colcon_core.shell:Creating prefix util module '/root/oxbot/src/ros2_ws/install/_local_setup_util_sh.py'
[46.197s] INFO:colcon.colcon_core.shell:Creating prefix chain script '/root/oxbot/src/ros2_ws/install/setup.sh'
[46.214s] INFO:colcon.colcon_core.shell:Creating prefix script '/root/oxbot/src/ros2_ws/install/local_setup.bash'
[46.217s] INFO:colcon.colcon_core.shell:Creating prefix chain script '/root/oxbot/src/ros2_ws/install/setup.bash'
[46.234s] INFO:colcon.colcon_core.shell:Creating prefix script '/root/oxbot/src/ros2_ws/install/local_setup.zsh'
[46.237s] INFO:colcon.colcon_core.shell:Creating prefix chain script '/root/oxbot/src/ros2_ws/install/setup.zsh'
