-- Found ament_cmake: 1.3.5 (/opt/ros/humble/install/share/ament_cmake/cmake)
-- Found rclcpp: 16.0.5 (/opt/ros/humble/install/share/rclcpp/cmake)
-- Found rosidl_generator_c: 3.1.5 (/opt/ros/humble/install/share/rosidl_generator_c/cmake)
-- Found rosidl_adapter: 3.1.5 (/opt/ros/humble/install/share/rosidl_adapter/cmake)
-- Found rosidl_generator_cpp: 3.1.5 (/opt/ros/humble/install/share/rosidl_generator_cpp/cmake)
-- Using all available rosidl_typesupport_c: rosidl_typesupport_fastrtps_c;rosidl_typesupport_introspection_c
-- Using all available rosidl_typesupport_cpp: rosidl_typesupport_fastrtps_cpp;rosidl_typesupport_introspection_cpp
-- Found rmw_implementation_cmake: 6.1.1 (/opt/ros/humble/install/share/rmw_implementation_cmake/cmake)
-- Found rmw_cyclonedds_cpp: 1.3.4 (/opt/ros/humble/install/share/rmw_cyclonedds_cpp/cmake)
-- Using RMW implementation 'rmw_cyclonedds_cpp' as default
-- Found oxbot_interfaces: 0.0.0 (/root/oxbot/src/ros2_ws/install/oxbot_interfaces/share/oxbot_interfaces/cmake)
-- Found oxbot_config: 0.0.0 (/root/oxbot/src/ros2_ws/install/oxbot_config/share/oxbot_config/cmake)
-- Found ament_lint_auto: 0.12.7 (/opt/ros/humble/install/share/ament_lint_auto/cmake)
-- Added test 'cppcheck' to perform static code analysis on C / C++ code
-- Configured cppcheck include dirs: /root/oxbot/src/ros2_ws/src/motion_control/include/motion_control
-- Configured cppcheck exclude dirs and/or files: 
-- Added test 'lint_cmake' to check CMake code style
-- Added test 'uncrustify' to check C / C++ code style
-- Configured uncrustify additional arguments: 
-- Added test 'xmllint' to check XML markup files
-- Configuring done (3.9s)
-- Generating done (0.0s)
-- Build files have been written to: /root/oxbot/src/ros2_ws/build/motion_control
[ 75%] [32mBuilding CXX object CMakeFiles/motion_controller.dir/src/MotionControllerNode.cpp.o[0m
[ 75%] [32mBuilding CXX object CMakeFiles/motion_controller.dir/src/motion_controller.cpp.o[0m
[ 75%] [32mBuilding CXX object CMakeFiles/motion_controller.dir/src/serial_communicator.cpp.o[0m
[100%] [32m[1mLinking CXX executable motion_controller[0m
CMakeFiles/motion_controller.dir/src/MotionControllerNode.cpp.o: In function `MotionControllerNode::MotionControllerNode()':
MotionControllerNode.cpp:(.text+0x54c): undefined reference to `SerialCommunicator::operator=(SerialCommunicator&&)'
MotionControllerNode.cpp:(.text+0x554): undefined reference to `SerialCommunicator::~SerialCommunicator()'
MotionControllerNode.cpp:(.text+0x68c): undefined reference to `SerialCommunicator::~SerialCommunicator()'
CMakeFiles/motion_controller.dir/src/MotionControllerNode.cpp.o: In function `MotionControllerNode::~MotionControllerNode()':
MotionControllerNode.cpp:(.text._ZN20MotionControllerNodeD2Ev[_ZN20MotionControllerNodeD5Ev]+0x3c): undefined reference to `SerialCommunicator::~SerialCommunicator()'
collect2: error: ld returned 1 exit status
CMakeFiles/motion_controller.dir/build.make:190: recipe for target 'motion_controller' failed
make[2]: *** [motion_controller] Error 1
make[1]: *** [CMakeFiles/motion_controller.dir/all] Error 2
CMakeFiles/Makefile2:136: recipe for target 'CMakeFiles/motion_controller.dir/all' failed
Makefile:145: recipe for target 'all' failed
make: *** [all] Error 2
