[0.179s] Invoking command in '/root/oxbot/src/ros2_ws/build/motion_control': CMAKE_PREFIX_PATH=/root/oxbot/src/ros2_ws/install/oxbot_interfaces:/root/oxbot/src/ros2_ws/install/oxbot_startup:/root/oxbot/src/ros2_ws/install/motion_control:/root/oxbot/src/ros2_ws/install/oxbot_config:/root/oxbot/src/ros2_ws/install/oxbot_bringup:/opt/ros/humble/install LD_LIBRARY_PATH=/root/oxbot/src/ros2_ws/install/oxbot_interfaces/lib:/opt/ros/humble/install/opt/rviz_ogre_vendor/lib:/opt/ros/humble/install/lib:/usr/local/cuda-10.2/targets/aarch64-linux/lib /usr/local/bin/cmake --build /root/oxbot/src/ros2_ws/build/motion_control -- -j4 -l4
[0.389s] -- Found ament_cmake: 1.3.5 (/opt/ros/humble/install/share/ament_cmake/cmake)
[1.627s] -- Found rclcpp: 16.0.5 (/opt/ros/humble/install/share/rclcpp/cmake)
[1.798s] -- Found rosidl_generator_c: 3.1.5 (/opt/ros/humble/install/share/rosidl_generator_c/cmake)
[1.815s] -- Found rosidl_adapter: 3.1.5 (/opt/ros/humble/install/share/rosidl_adapter/cmake)
[1.853s] -- Found rosidl_generator_cpp: 3.1.5 (/opt/ros/humble/install/share/rosidl_generator_cpp/cmake)
[1.926s] -- Using all available rosidl_typesupport_c: rosidl_typesupport_fastrtps_c;rosidl_typesupport_introspection_c
[2.030s] -- Using all available rosidl_typesupport_cpp: rosidl_typesupport_fastrtps_cpp;rosidl_typesupport_introspection_cpp
[2.402s] -- Found rmw_implementation_cmake: 6.1.1 (/opt/ros/humble/install/share/rmw_implementation_cmake/cmake)
[2.410s] -- Found rmw_cyclonedds_cpp: 1.3.4 (/opt/ros/humble/install/share/rmw_cyclonedds_cpp/cmake)
[2.595s] -- Using RMW implementation 'rmw_cyclonedds_cpp' as default
[3.583s] -- Found oxbot_interfaces: 0.0.0 (/root/oxbot/src/ros2_ws/install/oxbot_interfaces/share/oxbot_interfaces/cmake)
[3.694s] -- Found oxbot_config: 0.0.0 (/root/oxbot/src/ros2_ws/install/oxbot_config/share/oxbot_config/cmake)
[3.702s] -- Found ament_lint_auto: 0.12.7 (/opt/ros/humble/install/share/ament_lint_auto/cmake)
[4.234s] -- Added test 'cppcheck' to perform static code analysis on C / C++ code
[4.236s] -- Configured cppcheck include dirs: /root/oxbot/src/ros2_ws/src/motion_control/include/motion_control
[4.236s] -- Configured cppcheck exclude dirs and/or files: 
[4.239s] -- Added test 'lint_cmake' to check CMake code style
[4.244s] -- Added test 'uncrustify' to check C / C++ code style
[4.245s] -- Configured uncrustify additional arguments: 
[4.246s] -- Added test 'xmllint' to check XML markup files
[4.250s] -- Configuring done (3.9s)
[4.296s] -- Generating done (0.0s)
[4.303s] -- Build files have been written to: /root/oxbot/src/ros2_ws/build/motion_control
[4.401s] [ 75%] [32mBuilding CXX object CMakeFiles/motion_controller.dir/src/MotionControllerNode.cpp.o[0m
[4.401s] [ 75%] [32mBuilding CXX object CMakeFiles/motion_controller.dir/src/motion_controller.cpp.o[0m
[4.402s] [ 75%] [32mBuilding CXX object CMakeFiles/motion_controller.dir/src/serial_communicator.cpp.o[0m
[26.417s] [100%] [32m[1mLinking CXX executable motion_controller[0m
[27.529s] CMakeFiles/motion_controller.dir/src/MotionControllerNode.cpp.o: In function `MotionControllerNode::MotionControllerNode()':
[27.529s] MotionControllerNode.cpp:(.text+0x54c): undefined reference to `SerialCommunicator::operator=(SerialCommunicator&&)'
[27.530s] MotionControllerNode.cpp:(.text+0x554): undefined reference to `SerialCommunicator::~SerialCommunicator()'
[27.530s] MotionControllerNode.cpp:(.text+0x68c): undefined reference to `SerialCommunicator::~SerialCommunicator()'
[27.531s] CMakeFiles/motion_controller.dir/src/MotionControllerNode.cpp.o: In function `MotionControllerNode::~MotionControllerNode()':
[27.531s] MotionControllerNode.cpp:(.text._ZN20MotionControllerNodeD2Ev[_ZN20MotionControllerNodeD5Ev]+0x3c): undefined reference to `SerialCommunicator::~SerialCommunicator()'
[27.532s] collect2: error: ld returned 1 exit status
[27.536s] CMakeFiles/motion_controller.dir/build.make:190: recipe for target 'motion_controller' failed
[27.537s] make[2]: *** [motion_controller] Error 1
[27.538s] make[1]: *** [CMakeFiles/motion_controller.dir/all] Error 2
[27.538s] CMakeFiles/Makefile2:136: recipe for target 'CMakeFiles/motion_controller.dir/all' failed
[27.539s] Makefile:145: recipe for target 'all' failed
[27.539s] make: *** [all] Error 2
[27.566s] Invoked command in '/root/oxbot/src/ros2_ws/build/motion_control' returned '2': CMAKE_PREFIX_PATH=/root/oxbot/src/ros2_ws/install/oxbot_interfaces:/root/oxbot/src/ros2_ws/install/oxbot_startup:/root/oxbot/src/ros2_ws/install/motion_control:/root/oxbot/src/ros2_ws/install/oxbot_config:/root/oxbot/src/ros2_ws/install/oxbot_bringup:/opt/ros/humble/install LD_LIBRARY_PATH=/root/oxbot/src/ros2_ws/install/oxbot_interfaces/lib:/opt/ros/humble/install/opt/rviz_ogre_vendor/lib:/opt/ros/humble/install/lib:/usr/local/cuda-10.2/targets/aarch64-linux/lib /usr/local/bin/cmake --build /root/oxbot/src/ros2_ws/build/motion_control -- -j4 -l4
