[0.434s] Invoking command in '/root/oxbot/build/oxbot_config': /usr/local/bin/cmake /root/oxbot/src/ros2_ws/src/oxbot_config -DCMAKE_INSTALL_PREFIX=/root/oxbot/install/oxbot_config
[1.573s] -- The C compiler identification is GNU 7.5.0
[2.174s] -- The CXX compiler identification is GNU 7.5.0
[3.703s] -- Detecting C compiler ABI info
[7.194s] -- Detecting C compiler ABI info - done
[7.294s] -- Check for working C compiler: /usr/bin/cc - skipped
[7.350s] -- Detecting C compile features
[7.417s] -- Detecting C compile features - done
[8.883s] -- Detecting CXX compiler ABI info
[11.329s] -- Detecting CXX compiler ABI info - done
[11.419s] -- Check for working CXX compiler: /usr/bin/c++ - skipped
[11.426s] -- Detecting CXX compile features
[11.432s] -- Detecting CXX compile features - done
[11.464s] -- Found ament_cmake: 1.3.5 (/opt/ros/humble/install/share/ament_cmake/cmake)
[19.454s] -- Found Python3: /usr/bin/python3.6 (found version "3.6.9") found components: Interpreter 
[20.422s] -- Found rosidl_default_generators: 1.2.0 (/opt/ros/humble/install/share/rosidl_default_generators/cmake)
[20.480s] -- Using all available rosidl_typesupport_c: rosidl_typesupport_fastrtps_c;rosidl_typesupport_introspection_c
[21.291s] -- Found rosidl_adapter: 3.1.5 (/opt/ros/humble/install/share/rosidl_adapter/cmake)
[22.005s] -- Using all available rosidl_typesupport_cpp: rosidl_typesupport_fastrtps_cpp;rosidl_typesupport_introspection_cpp
[22.812s] -- Found ament_lint_auto: 0.12.7 (/opt/ros/humble/install/share/ament_lint_auto/cmake)
[23.882s] -- Added test 'cppcheck' to perform static code analysis on C / C++ code
[23.888s] -- Configured cppcheck include dirs: /root/oxbot/src/ros2_ws/src/oxbot_config/include
[23.890s] -- Configured cppcheck exclude dirs and/or files: 
[23.910s] -- Added test 'lint_cmake' to check CMake code style
[23.922s] -- Added test 'uncrustify' to check C / C++ code style
[23.923s] -- Configured uncrustify additional arguments: 
[23.947s] -- Added test 'xmllint' to check XML markup files
[23.991s] -- Configuring done (23.3s)
[24.025s] -- Generating done (0.0s)
[24.031s] -- Build files have been written to: /root/oxbot/build/oxbot_config
[24.096s] Invoked command in '/root/oxbot/build/oxbot_config' returned '0': /usr/local/bin/cmake /root/oxbot/src/ros2_ws/src/oxbot_config -DCMAKE_INSTALL_PREFIX=/root/oxbot/install/oxbot_config
[24.099s] Invoking command in '/root/oxbot/build/oxbot_config': /usr/local/bin/cmake --build /root/oxbot/build/oxbot_config -- -j4 -l4
[24.469s] Invoked command in '/root/oxbot/build/oxbot_config' returned '0': /usr/local/bin/cmake --build /root/oxbot/build/oxbot_config -- -j4 -l4
[25.007s] Invoking command in '/root/oxbot/build/oxbot_config': /usr/local/bin/cmake --install /root/oxbot/build/oxbot_config
[25.232s] -- Install configuration: ""
[25.232s] -- Installing: /root/oxbot/install/oxbot_config/include/
[25.234s] -- Installing: /root/oxbot/install/oxbot_config/include//oxbot_config
[25.235s] -- Installing: /root/oxbot/install/oxbot_config/include//oxbot_config/oxbot_config.hpp
[25.241s] -- Installing: /root/oxbot/install/oxbot_config/share/ament_index/resource_index/package_run_dependencies/oxbot_config
[25.242s] -- Installing: /root/oxbot/install/oxbot_config/share/ament_index/resource_index/parent_prefix_path/oxbot_config
[25.243s] -- Installing: /root/oxbot/install/oxbot_config/share/oxbot_config/environment/ament_prefix_path.sh
[25.246s] -- Installing: /root/oxbot/install/oxbot_config/share/oxbot_config/environment/ament_prefix_path.dsv
[25.248s] -- Installing: /root/oxbot/install/oxbot_config/share/oxbot_config/environment/path.sh
[25.249s] -- Installing: /root/oxbot/install/oxbot_config/share/oxbot_config/environment/path.dsv
[25.250s] -- Installing: /root/oxbot/install/oxbot_config/share/oxbot_config/local_setup.bash
[25.250s] -- Installing: /root/oxbot/install/oxbot_config/share/oxbot_config/local_setup.sh
[25.251s] -- Installing: /root/oxbot/install/oxbot_config/share/oxbot_config/local_setup.zsh
[25.254s] -- Installing: /root/oxbot/install/oxbot_config/share/oxbot_config/local_setup.dsv
[25.255s] -- Installing: /root/oxbot/install/oxbot_config/share/oxbot_config/package.dsv
[25.255s] -- Installing: /root/oxbot/install/oxbot_config/share/ament_index/resource_index/packages/oxbot_config
[25.256s] -- Installing: /root/oxbot/install/oxbot_config/share/oxbot_config/cmake/oxbot_configConfig.cmake
[25.257s] -- Installing: /root/oxbot/install/oxbot_config/share/oxbot_config/cmake/oxbot_configConfig-version.cmake
[25.258s] -- Installing: /root/oxbot/install/oxbot_config/share/oxbot_config/package.xml
[25.300s] Invoked command in '/root/oxbot/build/oxbot_config' returned '0': /usr/local/bin/cmake --install /root/oxbot/build/oxbot_config
