[0.465s] Invoking command in '/root/oxbot/src/ros2_ws/build/oxbot_interfaces': /usr/local/bin/cmake --build /root/oxbot/src/ros2_ws/build/oxbot_interfaces -- -j4 -l4
[0.776s] [  0%] Built target ament_cmake_python_copy_oxbot_interfaces
[0.804s] [  1%] Built target oxbot_interfaces__cpp
[0.816s] [ 12%] Built target oxbot_interfaces__rosidl_generator_c
[0.906s] [ 23%] Built target oxbot_interfaces__rosidl_typesupport_fastrtps_cpp
[1.043s] [ 34%] Built target oxbot_interfaces__rosidl_typesupport_introspection_cpp
[1.115s] [ 47%] Built target oxbot_interfaces__rosidl_typesupport_cpp
[1.123s] [ 56%] Built target oxbot_interfaces__rosidl_typesupport_fastrtps_c
[1.227s] [ 67%] Built target oxbot_interfaces__rosidl_typesupport_c
[1.251s] [ 78%] Built target oxbot_interfaces__rosidl_typesupport_introspection_c
[1.343s] [ 78%] Built target oxbot_interfaces
[1.424s] [ 80%] Built target oxbot_interfaces__py
[1.483s] [ 89%] Built target oxbot_interfaces__rosidl_generator_py
[1.573s] [ 92%] Built target oxbot_interfaces__rosidl_typesupport_fastrtps_c__pyext
[1.596s] [ 96%] Built target oxbot_interfaces__rosidl_typesupport_introspection_c__pyext
[1.645s] [100%] Built target oxbot_interfaces__rosidl_typesupport_c__pyext
[2.845s] running egg_info
[2.845s] writing oxbot_interfaces.egg-info/PKG-INFO
[2.848s] writing dependency_links to oxbot_interfaces.egg-info/dependency_links.txt
[2.848s] writing top-level names to oxbot_interfaces.egg-info/top_level.txt
[2.865s] reading manifest file 'oxbot_interfaces.egg-info/SOURCES.txt'
[2.866s] writing manifest file 'oxbot_interfaces.egg-info/SOURCES.txt'
[3.024s] [100%] Built target ament_cmake_python_build_oxbot_interfaces_egg
[3.241s] Invoked command in '/root/oxbot/src/ros2_ws/build/oxbot_interfaces' returned '0': /usr/local/bin/cmake --build /root/oxbot/src/ros2_ws/build/oxbot_interfaces -- -j4 -l4
[3.928s] Invoking command in '/root/oxbot/src/ros2_ws/build/oxbot_interfaces': /usr/local/bin/cmake --install /root/oxbot/src/ros2_ws/build/oxbot_interfaces
[4.103s] -- Install configuration: ""
[4.105s] -- Up-to-date: /root/oxbot/src/ros2_ws/install/oxbot_interfaces/share/ament_index/resource_index/rosidl_interfaces/oxbot_interfaces
[4.114s] -- Up-to-date: /root/oxbot/src/ros2_ws/install/oxbot_interfaces/include/oxbot_interfaces/oxbot_interfaces
[4.118s] -- Up-to-date: /root/oxbot/src/ros2_ws/install/oxbot_interfaces/include/oxbot_interfaces/oxbot_interfaces/srv
[4.121s] -- Up-to-date: /root/oxbot/src/ros2_ws/install/oxbot_interfaces/include/oxbot_interfaces/oxbot_interfaces/srv/compute_rectangle_area.h
[4.127s] -- Up-to-date: /root/oxbot/src/ros2_ws/install/oxbot_interfaces/include/oxbot_interfaces/oxbot_interfaces/srv/detail
[4.131s] -- Up-to-date: /root/oxbot/src/ros2_ws/install/oxbot_interfaces/include/oxbot_interfaces/oxbot_interfaces/srv/detail/compute_rectangle_area__type_support.h
[4.133s] -- Up-to-date: /root/oxbot/src/ros2_ws/install/oxbot_interfaces/include/oxbot_interfaces/oxbot_interfaces/srv/detail/compute_rectangle_area__functions.h
[4.137s] -- Up-to-date: /root/oxbot/src/ros2_ws/install/oxbot_interfaces/include/oxbot_interfaces/oxbot_interfaces/srv/detail/compute_rectangle_area__struct.h
[4.142s] -- Up-to-date: /root/oxbot/src/ros2_ws/install/oxbot_interfaces/include/oxbot_interfaces/oxbot_interfaces/srv/detail/compute_rectangle_area__functions.c
[4.142s] -- Up-to-date: /root/oxbot/src/ros2_ws/install/oxbot_interfaces/include/oxbot_interfaces/oxbot_interfaces/msg
[4.143s] -- Up-to-date: /root/oxbot/src/ros2_ws/install/oxbot_interfaces/include/oxbot_interfaces/oxbot_interfaces/msg/hoverboard_feedback.h
[4.144s] -- Up-to-date: /root/oxbot/src/ros2_ws/install/oxbot_interfaces/include/oxbot_interfaces/oxbot_interfaces/msg/hoverboard_command.h
[4.144s] -- Up-to-date: /root/oxbot/src/ros2_ws/install/oxbot_interfaces/include/oxbot_interfaces/oxbot_interfaces/msg/motion_control_output.h
[4.145s] -- Up-to-date: /root/oxbot/src/ros2_ws/install/oxbot_interfaces/include/oxbot_interfaces/oxbot_interfaces/msg/detail
[4.146s] -- Up-to-date: /root/oxbot/src/ros2_ws/install/oxbot_interfaces/include/oxbot_interfaces/oxbot_interfaces/msg/detail/hoverboard_feedback__type_support.h
[4.146s] -- Up-to-date: /root/oxbot/src/ros2_ws/install/oxbot_interfaces/include/oxbot_interfaces/oxbot_interfaces/msg/detail/hoverboard_feedback__functions.h
[4.147s] -- Up-to-date: /root/oxbot/src/ros2_ws/install/oxbot_interfaces/include/oxbot_interfaces/oxbot_interfaces/msg/detail/motion_control_output__functions.c
[4.148s] -- Up-to-date: /root/oxbot/src/ros2_ws/install/oxbot_interfaces/include/oxbot_interfaces/oxbot_interfaces/msg/detail/hoverboard_command__struct.h
[4.148s] -- Up-to-date: /root/oxbot/src/ros2_ws/install/oxbot_interfaces/include/oxbot_interfaces/oxbot_interfaces/msg/detail/hoverboard_feedback__struct.h
[4.149s] -- Up-to-date: /root/oxbot/src/ros2_ws/install/oxbot_interfaces/include/oxbot_interfaces/oxbot_interfaces/msg/detail/hoverboard_command__functions.h
[4.149s] -- Up-to-date: /root/oxbot/src/ros2_ws/install/oxbot_interfaces/include/oxbot_interfaces/oxbot_interfaces/msg/detail/motion_control_output__functions.h
[4.176s] -- Up-to-date: /root/oxbot/src/ros2_ws/install/oxbot_interfaces/include/oxbot_interfaces/oxbot_interfaces/msg/detail/motion_control_output__struct.h
[4.177s] -- Up-to-date: /root/oxbot/src/ros2_ws/install/oxbot_interfaces/include/oxbot_interfaces/oxbot_interfaces/msg/detail/hoverboard_feedback__functions.c
[4.178s] -- Up-to-date: /root/oxbot/src/ros2_ws/install/oxbot_interfaces/include/oxbot_interfaces/oxbot_interfaces/msg/detail/motion_control_output__type_support.h
[4.178s] -- Up-to-date: /root/oxbot/src/ros2_ws/install/oxbot_interfaces/include/oxbot_interfaces/oxbot_interfaces/msg/detail/hoverboard_command__type_support.h
[4.179s] -- Up-to-date: /root/oxbot/src/ros2_ws/install/oxbot_interfaces/include/oxbot_interfaces/oxbot_interfaces/msg/detail/hoverboard_command__functions.c
[4.179s] -- Up-to-date: /root/oxbot/src/ros2_ws/install/oxbot_interfaces/include/oxbot_interfaces/oxbot_interfaces/msg/rosidl_generator_c__visibility_control.h
[4.180s] -- Up-to-date: /root/oxbot/src/ros2_ws/install/oxbot_interfaces/share/oxbot_interfaces/environment/library_path.sh
[4.181s] -- Up-to-date: /root/oxbot/src/ros2_ws/install/oxbot_interfaces/share/oxbot_interfaces/environment/library_path.dsv
[4.181s] -- Up-to-date: /root/oxbot/src/ros2_ws/install/oxbot_interfaces/lib/liboxbot_interfaces__rosidl_generator_c.so
[4.182s] -- Up-to-date: /root/oxbot/src/ros2_ws/install/oxbot_interfaces/include/oxbot_interfaces/oxbot_interfaces
[4.182s] -- Up-to-date: /root/oxbot/src/ros2_ws/install/oxbot_interfaces/include/oxbot_interfaces/oxbot_interfaces/srv
[4.183s] -- Up-to-date: /root/oxbot/src/ros2_ws/install/oxbot_interfaces/include/oxbot_interfaces/oxbot_interfaces/srv/detail
[4.184s] -- Up-to-date: /root/oxbot/src/ros2_ws/install/oxbot_interfaces/include/oxbot_interfaces/oxbot_interfaces/srv/detail/compute_rectangle_area__rosidl_typesupport_fastrtps_c.h
[4.184s] -- Up-to-date: /root/oxbot/src/ros2_ws/install/oxbot_interfaces/include/oxbot_interfaces/oxbot_interfaces/msg
[4.185s] -- Up-to-date: /root/oxbot/src/ros2_ws/install/oxbot_interfaces/include/oxbot_interfaces/oxbot_interfaces/msg/rosidl_typesupport_fastrtps_c__visibility_control.h
[4.185s] -- Up-to-date: /root/oxbot/src/ros2_ws/install/oxbot_interfaces/include/oxbot_interfaces/oxbot_interfaces/msg/detail
[4.202s] -- Up-to-date: /root/oxbot/src/ros2_ws/install/oxbot_interfaces/include/oxbot_interfaces/oxbot_interfaces/msg/detail/hoverboard_command__rosidl_typesupport_fastrtps_c.h
[4.203s] -- Up-to-date: /root/oxbot/src/ros2_ws/install/oxbot_interfaces/include/oxbot_interfaces/oxbot_interfaces/msg/detail/hoverboard_feedback__rosidl_typesupport_fastrtps_c.h
[4.204s] -- Up-to-date: /root/oxbot/src/ros2_ws/install/oxbot_interfaces/include/oxbot_interfaces/oxbot_interfaces/msg/detail/motion_control_output__rosidl_typesupport_fastrtps_c.h
[4.204s] -- Up-to-date: /root/oxbot/src/ros2_ws/install/oxbot_interfaces/lib/liboxbot_interfaces__rosidl_typesupport_fastrtps_c.so
[4.205s] -- Up-to-date: /root/oxbot/src/ros2_ws/install/oxbot_interfaces/include/oxbot_interfaces/oxbot_interfaces
[4.205s] -- Up-to-date: /root/oxbot/src/ros2_ws/install/oxbot_interfaces/include/oxbot_interfaces/oxbot_interfaces/srv
[4.206s] -- Up-to-date: /root/oxbot/src/ros2_ws/install/oxbot_interfaces/include/oxbot_interfaces/oxbot_interfaces/srv/detail
[4.223s] -- Up-to-date: /root/oxbot/src/ros2_ws/install/oxbot_interfaces/include/oxbot_interfaces/oxbot_interfaces/srv/detail/compute_rectangle_area__rosidl_typesupport_introspection_c.h
[4.223s] -- Up-to-date: /root/oxbot/src/ros2_ws/install/oxbot_interfaces/include/oxbot_interfaces/oxbot_interfaces/srv/detail/compute_rectangle_area__type_support.c
[4.224s] -- Up-to-date: /root/oxbot/src/ros2_ws/install/oxbot_interfaces/include/oxbot_interfaces/oxbot_interfaces/msg
[4.225s] -- Up-to-date: /root/oxbot/src/ros2_ws/install/oxbot_interfaces/include/oxbot_interfaces/oxbot_interfaces/msg/detail
[4.225s] -- Up-to-date: /root/oxbot/src/ros2_ws/install/oxbot_interfaces/include/oxbot_interfaces/oxbot_interfaces/msg/detail/motion_control_output__type_support.c
[4.226s] -- Up-to-date: /root/oxbot/src/ros2_ws/install/oxbot_interfaces/include/oxbot_interfaces/oxbot_interfaces/msg/detail/hoverboard_feedback__type_support.c
[4.226s] -- Up-to-date: /root/oxbot/src/ros2_ws/install/oxbot_interfaces/include/oxbot_interfaces/oxbot_interfaces/msg/detail/hoverboard_command__rosidl_typesupport_introspection_c.h
[4.229s] -- Up-to-date: /root/oxbot/src/ros2_ws/install/oxbot_interfaces/include/oxbot_interfaces/oxbot_interfaces/msg/detail/hoverboard_command__type_support.c
[4.231s] -- Up-to-date: /root/oxbot/src/ros2_ws/install/oxbot_interfaces/include/oxbot_interfaces/oxbot_interfaces/msg/detail/hoverboard_feedback__rosidl_typesupport_introspection_c.h
[4.232s] -- Up-to-date: /root/oxbot/src/ros2_ws/install/oxbot_interfaces/include/oxbot_interfaces/oxbot_interfaces/msg/detail/motion_control_output__rosidl_typesupport_introspection_c.h
[4.232s] -- Up-to-date: /root/oxbot/src/ros2_ws/install/oxbot_interfaces/include/oxbot_interfaces/oxbot_interfaces/msg/rosidl_typesupport_introspection_c__visibility_control.h
[4.233s] -- Up-to-date: /root/oxbot/src/ros2_ws/install/oxbot_interfaces/lib/liboxbot_interfaces__rosidl_typesupport_introspection_c.so
[4.250s] -- Up-to-date: /root/oxbot/src/ros2_ws/install/oxbot_interfaces/lib/liboxbot_interfaces__rosidl_typesupport_c.so
[4.251s] -- Up-to-date: /root/oxbot/src/ros2_ws/install/oxbot_interfaces/include/oxbot_interfaces/oxbot_interfaces
[4.251s] -- Up-to-date: /root/oxbot/src/ros2_ws/install/oxbot_interfaces/include/oxbot_interfaces/oxbot_interfaces/srv
[4.252s] -- Up-to-date: /root/oxbot/src/ros2_ws/install/oxbot_interfaces/include/oxbot_interfaces/oxbot_interfaces/srv/compute_rectangle_area.hpp
[4.252s] -- Up-to-date: /root/oxbot/src/ros2_ws/install/oxbot_interfaces/include/oxbot_interfaces/oxbot_interfaces/srv/detail
[4.253s] -- Up-to-date: /root/oxbot/src/ros2_ws/install/oxbot_interfaces/include/oxbot_interfaces/oxbot_interfaces/srv/detail/compute_rectangle_area__struct.hpp
[4.253s] -- Up-to-date: /root/oxbot/src/ros2_ws/install/oxbot_interfaces/include/oxbot_interfaces/oxbot_interfaces/srv/detail/compute_rectangle_area__traits.hpp
[4.254s] -- Up-to-date: /root/oxbot/src/ros2_ws/install/oxbot_interfaces/include/oxbot_interfaces/oxbot_interfaces/srv/detail/compute_rectangle_area__builder.hpp
[4.255s] -- Up-to-date: /root/oxbot/src/ros2_ws/install/oxbot_interfaces/include/oxbot_interfaces/oxbot_interfaces/msg
[4.256s] -- Up-to-date: /root/oxbot/src/ros2_ws/install/oxbot_interfaces/include/oxbot_interfaces/oxbot_interfaces/msg/motion_control_output.hpp
[4.256s] -- Up-to-date: /root/oxbot/src/ros2_ws/install/oxbot_interfaces/include/oxbot_interfaces/oxbot_interfaces/msg/hoverboard_command.hpp
[4.257s] -- Up-to-date: /root/oxbot/src/ros2_ws/install/oxbot_interfaces/include/oxbot_interfaces/oxbot_interfaces/msg/hoverboard_feedback.hpp
[4.257s] -- Up-to-date: /root/oxbot/src/ros2_ws/install/oxbot_interfaces/include/oxbot_interfaces/oxbot_interfaces/msg/detail
[4.258s] -- Up-to-date: /root/oxbot/src/ros2_ws/install/oxbot_interfaces/include/oxbot_interfaces/oxbot_interfaces/msg/detail/hoverboard_command__traits.hpp
[4.259s] -- Up-to-date: /root/oxbot/src/ros2_ws/install/oxbot_interfaces/include/oxbot_interfaces/oxbot_interfaces/msg/detail/hoverboard_feedback__builder.hpp
[4.260s] -- Up-to-date: /root/oxbot/src/ros2_ws/install/oxbot_interfaces/include/oxbot_interfaces/oxbot_interfaces/msg/detail/motion_control_output__struct.hpp
[4.260s] -- Up-to-date: /root/oxbot/src/ros2_ws/install/oxbot_interfaces/include/oxbot_interfaces/oxbot_interfaces/msg/detail/hoverboard_feedback__struct.hpp
[4.261s] -- Up-to-date: /root/oxbot/src/ros2_ws/install/oxbot_interfaces/include/oxbot_interfaces/oxbot_interfaces/msg/detail/motion_control_output__traits.hpp
[4.274s] -- Up-to-date: /root/oxbot/src/ros2_ws/install/oxbot_interfaces/include/oxbot_interfaces/oxbot_interfaces/msg/detail/hoverboard_command__struct.hpp
[4.275s] -- Up-to-date: /root/oxbot/src/ros2_ws/install/oxbot_interfaces/include/oxbot_interfaces/oxbot_interfaces/msg/detail/motion_control_output__builder.hpp
[4.275s] -- Up-to-date: /root/oxbot/src/ros2_ws/install/oxbot_interfaces/include/oxbot_interfaces/oxbot_interfaces/msg/detail/hoverboard_command__builder.hpp
[4.276s] -- Up-to-date: /root/oxbot/src/ros2_ws/install/oxbot_interfaces/include/oxbot_interfaces/oxbot_interfaces/msg/detail/hoverboard_feedback__traits.hpp
[4.276s] -- Up-to-date: /root/oxbot/src/ros2_ws/install/oxbot_interfaces/include/oxbot_interfaces/oxbot_interfaces
[4.277s] -- Up-to-date: /root/oxbot/src/ros2_ws/install/oxbot_interfaces/include/oxbot_interfaces/oxbot_interfaces/srv
[4.277s] -- Up-to-date: /root/oxbot/src/ros2_ws/install/oxbot_interfaces/include/oxbot_interfaces/oxbot_interfaces/srv/detail
[4.278s] -- Up-to-date: /root/oxbot/src/ros2_ws/install/oxbot_interfaces/include/oxbot_interfaces/oxbot_interfaces/srv/detail/compute_rectangle_area__rosidl_typesupport_fastrtps_cpp.hpp
[4.279s] -- Up-to-date: /root/oxbot/src/ros2_ws/install/oxbot_interfaces/include/oxbot_interfaces/oxbot_interfaces/srv/detail/dds_fastrtps
[4.279s] -- Up-to-date: /root/oxbot/src/ros2_ws/install/oxbot_interfaces/include/oxbot_interfaces/oxbot_interfaces/msg
[4.280s] -- Up-to-date: /root/oxbot/src/ros2_ws/install/oxbot_interfaces/include/oxbot_interfaces/oxbot_interfaces/msg/rosidl_typesupport_fastrtps_cpp__visibility_control.h
[4.281s] -- Up-to-date: /root/oxbot/src/ros2_ws/install/oxbot_interfaces/include/oxbot_interfaces/oxbot_interfaces/msg/detail
[4.281s] -- Up-to-date: /root/oxbot/src/ros2_ws/install/oxbot_interfaces/include/oxbot_interfaces/oxbot_interfaces/msg/detail/hoverboard_feedback__rosidl_typesupport_fastrtps_cpp.hpp
[4.282s] -- Up-to-date: /root/oxbot/src/ros2_ws/install/oxbot_interfaces/include/oxbot_interfaces/oxbot_interfaces/msg/detail/motion_control_output__rosidl_typesupport_fastrtps_cpp.hpp
[4.282s] -- Up-to-date: /root/oxbot/src/ros2_ws/install/oxbot_interfaces/include/oxbot_interfaces/oxbot_interfaces/msg/detail/hoverboard_command__rosidl_typesupport_fastrtps_cpp.hpp
[4.283s] -- Up-to-date: /root/oxbot/src/ros2_ws/install/oxbot_interfaces/include/oxbot_interfaces/oxbot_interfaces/msg/detail/dds_fastrtps
[4.284s] -- Up-to-date: /root/oxbot/src/ros2_ws/install/oxbot_interfaces/lib/liboxbot_interfaces__rosidl_typesupport_fastrtps_cpp.so
[4.284s] -- Up-to-date: /root/oxbot/src/ros2_ws/install/oxbot_interfaces/include/oxbot_interfaces/oxbot_interfaces
[4.285s] -- Up-to-date: /root/oxbot/src/ros2_ws/install/oxbot_interfaces/include/oxbot_interfaces/oxbot_interfaces/srv
[4.285s] -- Up-to-date: /root/oxbot/src/ros2_ws/install/oxbot_interfaces/include/oxbot_interfaces/oxbot_interfaces/srv/detail
[4.298s] -- Up-to-date: /root/oxbot/src/ros2_ws/install/oxbot_interfaces/include/oxbot_interfaces/oxbot_interfaces/srv/detail/compute_rectangle_area__rosidl_typesupport_introspection_cpp.hpp
[4.299s] -- Up-to-date: /root/oxbot/src/ros2_ws/install/oxbot_interfaces/include/oxbot_interfaces/oxbot_interfaces/srv/detail/compute_rectangle_area__type_support.cpp
[4.299s] -- Up-to-date: /root/oxbot/src/ros2_ws/install/oxbot_interfaces/include/oxbot_interfaces/oxbot_interfaces/msg
[4.300s] -- Up-to-date: /root/oxbot/src/ros2_ws/install/oxbot_interfaces/include/oxbot_interfaces/oxbot_interfaces/msg/detail
[4.300s] -- Up-to-date: /root/oxbot/src/ros2_ws/install/oxbot_interfaces/include/oxbot_interfaces/oxbot_interfaces/msg/detail/hoverboard_feedback__type_support.cpp
[4.301s] -- Up-to-date: /root/oxbot/src/ros2_ws/install/oxbot_interfaces/include/oxbot_interfaces/oxbot_interfaces/msg/detail/hoverboard_command__type_support.cpp
[4.301s] -- Up-to-date: /root/oxbot/src/ros2_ws/install/oxbot_interfaces/include/oxbot_interfaces/oxbot_interfaces/msg/detail/motion_control_output__rosidl_typesupport_introspection_cpp.hpp
[4.302s] -- Up-to-date: /root/oxbot/src/ros2_ws/install/oxbot_interfaces/include/oxbot_interfaces/oxbot_interfaces/msg/detail/hoverboard_command__rosidl_typesupport_introspection_cpp.hpp
[4.303s] -- Up-to-date: /root/oxbot/src/ros2_ws/install/oxbot_interfaces/include/oxbot_interfaces/oxbot_interfaces/msg/detail/hoverboard_feedback__rosidl_typesupport_introspection_cpp.hpp
[4.303s] -- Up-to-date: /root/oxbot/src/ros2_ws/install/oxbot_interfaces/include/oxbot_interfaces/oxbot_interfaces/msg/detail/motion_control_output__type_support.cpp
[4.304s] -- Up-to-date: /root/oxbot/src/ros2_ws/install/oxbot_interfaces/lib/liboxbot_interfaces__rosidl_typesupport_introspection_cpp.so
[4.304s] -- Up-to-date: /root/oxbot/src/ros2_ws/install/oxbot_interfaces/lib/liboxbot_interfaces__rosidl_typesupport_cpp.so
[4.305s] -- Up-to-date: /root/oxbot/src/ros2_ws/install/oxbot_interfaces/share/oxbot_interfaces/environment/pythonpath.sh
[4.305s] -- Up-to-date: /root/oxbot/src/ros2_ws/install/oxbot_interfaces/share/oxbot_interfaces/environment/pythonpath.dsv
[4.306s] -- Up-to-date: /root/oxbot/src/ros2_ws/install/oxbot_interfaces/lib/python3.6/site-packages/oxbot_interfaces-0.0.0-py3.6.egg-info
[4.306s] -- Installing: /root/oxbot/src/ros2_ws/install/oxbot_interfaces/lib/python3.6/site-packages/oxbot_interfaces-0.0.0-py3.6.egg-info/SOURCES.txt
[4.308s] -- Installing: /root/oxbot/src/ros2_ws/install/oxbot_interfaces/lib/python3.6/site-packages/oxbot_interfaces-0.0.0-py3.6.egg-info/dependency_links.txt
[4.308s] -- Installing: /root/oxbot/src/ros2_ws/install/oxbot_interfaces/lib/python3.6/site-packages/oxbot_interfaces-0.0.0-py3.6.egg-info/top_level.txt
[4.309s] -- Installing: /root/oxbot/src/ros2_ws/install/oxbot_interfaces/lib/python3.6/site-packages/oxbot_interfaces-0.0.0-py3.6.egg-info/PKG-INFO
[4.309s] -- Up-to-date: /root/oxbot/src/ros2_ws/install/oxbot_interfaces/lib/python3.6/site-packages/oxbot_interfaces
[4.315s] -- Up-to-date: /root/oxbot/src/ros2_ws/install/oxbot_interfaces/lib/python3.6/site-packages/oxbot_interfaces/srv
[4.317s] -- Up-to-date: /root/oxbot/src/ros2_ws/install/oxbot_interfaces/lib/python3.6/site-packages/oxbot_interfaces/srv/__init__.py
[4.317s] -- Up-to-date: /root/oxbot/src/ros2_ws/install/oxbot_interfaces/lib/python3.6/site-packages/oxbot_interfaces/srv/_compute_rectangle_area_s.c
[4.318s] -- Up-to-date: /root/oxbot/src/ros2_ws/install/oxbot_interfaces/lib/python3.6/site-packages/oxbot_interfaces/srv/_compute_rectangle_area.py
[4.319s] -- Up-to-date: /root/oxbot/src/ros2_ws/install/oxbot_interfaces/lib/python3.6/site-packages/oxbot_interfaces/__init__.py
[4.320s] -- Up-to-date: /root/oxbot/src/ros2_ws/install/oxbot_interfaces/lib/python3.6/site-packages/oxbot_interfaces/oxbot_interfaces_s__rosidl_typesupport_c.cpython-36m-aarch64-linux-gnu.so
[4.320s] -- Up-to-date: /root/oxbot/src/ros2_ws/install/oxbot_interfaces/lib/python3.6/site-packages/oxbot_interfaces/oxbot_interfaces_s__rosidl_typesupport_introspection_c.cpython-36m-aarch64-linux-gnu.so
[4.321s] -- Up-to-date: /root/oxbot/src/ros2_ws/install/oxbot_interfaces/lib/python3.6/site-packages/oxbot_interfaces/msg
[4.321s] -- Up-to-date: /root/oxbot/src/ros2_ws/install/oxbot_interfaces/lib/python3.6/site-packages/oxbot_interfaces/msg/_hoverboard_feedback.py
[4.322s] -- Up-to-date: /root/oxbot/src/ros2_ws/install/oxbot_interfaces/lib/python3.6/site-packages/oxbot_interfaces/msg/_hoverboard_feedback_s.c
[4.323s] -- Up-to-date: /root/oxbot/src/ros2_ws/install/oxbot_interfaces/lib/python3.6/site-packages/oxbot_interfaces/msg/__init__.py
[4.324s] -- Up-to-date: /root/oxbot/src/ros2_ws/install/oxbot_interfaces/lib/python3.6/site-packages/oxbot_interfaces/msg/_hoverboard_command_s.c
[4.324s] -- Up-to-date: /root/oxbot/src/ros2_ws/install/oxbot_interfaces/lib/python3.6/site-packages/oxbot_interfaces/msg/_motion_control_output.py
[4.325s] -- Up-to-date: /root/oxbot/src/ros2_ws/install/oxbot_interfaces/lib/python3.6/site-packages/oxbot_interfaces/msg/_motion_control_output_s.c
[4.338s] -- Up-to-date: /root/oxbot/src/ros2_ws/install/oxbot_interfaces/lib/python3.6/site-packages/oxbot_interfaces/msg/_hoverboard_command.py
[4.339s] -- Up-to-date: /root/oxbot/src/ros2_ws/install/oxbot_interfaces/lib/python3.6/site-packages/oxbot_interfaces/oxbot_interfaces_s__rosidl_typesupport_fastrtps_c.cpython-36m-aarch64-linux-gnu.so
[4.341s] -- Up-to-date: /root/oxbot/src/ros2_ws/install/oxbot_interfaces/lib/python3.6/site-packages/oxbot_interfaces/liboxbot_interfaces__rosidl_generator_py.so
[4.342s] -- Up-to-date: /root/oxbot/src/ros2_ws/install/oxbot_interfaces/lib/python3.6/site-packages/oxbot_interfaces/_oxbot_interfaces_s.ep.rosidl_typesupport_introspection_c.c
[4.342s] -- Up-to-date: /root/oxbot/src/ros2_ws/install/oxbot_interfaces/lib/python3.6/site-packages/oxbot_interfaces/_oxbot_interfaces_s.ep.rosidl_typesupport_c.c
[4.343s] -- Up-to-date: /root/oxbot/src/ros2_ws/install/oxbot_interfaces/lib/python3.6/site-packages/oxbot_interfaces/_oxbot_interfaces_s.ep.rosidl_typesupport_fastrtps_c.c
[4.344s] Listing '/root/oxbot/src/ros2_ws/install/oxbot_interfaces/lib/python3.6/site-packages/oxbot_interfaces'...
[4.345s] Listing '/root/oxbot/src/ros2_ws/install/oxbot_interfaces/lib/python3.6/site-packages/oxbot_interfaces/msg'...
[4.346s] Listing '/root/oxbot/src/ros2_ws/install/oxbot_interfaces/lib/python3.6/site-packages/oxbot_interfaces/srv'...
[4.346s] -- Up-to-date: /root/oxbot/src/ros2_ws/install/oxbot_interfaces/lib/python3.6/site-packages/oxbot_interfaces/oxbot_interfaces_s__rosidl_typesupport_fastrtps_c.cpython-36m-aarch64-linux-gnu.so
[4.347s] -- Up-to-date: /root/oxbot/src/ros2_ws/install/oxbot_interfaces/lib/python3.6/site-packages/oxbot_interfaces/oxbot_interfaces_s__rosidl_typesupport_introspection_c.cpython-36m-aarch64-linux-gnu.so
[4.347s] -- Up-to-date: /root/oxbot/src/ros2_ws/install/oxbot_interfaces/lib/python3.6/site-packages/oxbot_interfaces/oxbot_interfaces_s__rosidl_typesupport_c.cpython-36m-aarch64-linux-gnu.so
[4.348s] -- Up-to-date: /root/oxbot/src/ros2_ws/install/oxbot_interfaces/lib/liboxbot_interfaces__rosidl_generator_py.so
[4.348s] -- Up-to-date: /root/oxbot/src/ros2_ws/install/oxbot_interfaces/share/oxbot_interfaces/msg/HoverboardFeedback.idl
[4.349s] -- Up-to-date: /root/oxbot/src/ros2_ws/install/oxbot_interfaces/share/oxbot_interfaces/msg/HoverboardCommand.idl
[4.349s] -- Up-to-date: /root/oxbot/src/ros2_ws/install/oxbot_interfaces/share/oxbot_interfaces/msg/MotionControlOutput.idl
[4.361s] -- Up-to-date: /root/oxbot/src/ros2_ws/install/oxbot_interfaces/share/oxbot_interfaces/srv/ComputeRectangleArea.idl
[4.363s] -- Up-to-date: /root/oxbot/src/ros2_ws/install/oxbot_interfaces/share/oxbot_interfaces/msg/HoverboardFeedback.msg
[4.364s] -- Up-to-date: /root/oxbot/src/ros2_ws/install/oxbot_interfaces/share/oxbot_interfaces/msg/HoverboardCommand.msg
[4.366s] -- Up-to-date: /root/oxbot/src/ros2_ws/install/oxbot_interfaces/share/oxbot_interfaces/msg/MotionControlOutput.msg
[4.369s] -- Up-to-date: /root/oxbot/src/ros2_ws/install/oxbot_interfaces/share/oxbot_interfaces/srv/ComputeRectangleArea.srv
[4.371s] -- Up-to-date: /root/oxbot/src/ros2_ws/install/oxbot_interfaces/share/oxbot_interfaces/srv/ComputeRectangleArea_Request.msg
[4.373s] -- Up-to-date: /root/oxbot/src/ros2_ws/install/oxbot_interfaces/share/oxbot_interfaces/srv/ComputeRectangleArea_Response.msg
[4.375s] -- Up-to-date: /root/oxbot/src/ros2_ws/install/oxbot_interfaces/share/ament_index/resource_index/package_run_dependencies/oxbot_interfaces
[4.377s] -- Up-to-date: /root/oxbot/src/ros2_ws/install/oxbot_interfaces/share/ament_index/resource_index/parent_prefix_path/oxbot_interfaces
[4.377s] -- Up-to-date: /root/oxbot/src/ros2_ws/install/oxbot_interfaces/share/oxbot_interfaces/environment/ament_prefix_path.sh
[4.378s] -- Up-to-date: /root/oxbot/src/ros2_ws/install/oxbot_interfaces/share/oxbot_interfaces/environment/ament_prefix_path.dsv
[4.378s] -- Up-to-date: /root/oxbot/src/ros2_ws/install/oxbot_interfaces/share/oxbot_interfaces/environment/path.sh
[4.379s] -- Up-to-date: /root/oxbot/src/ros2_ws/install/oxbot_interfaces/share/oxbot_interfaces/environment/path.dsv
[4.379s] -- Up-to-date: /root/oxbot/src/ros2_ws/install/oxbot_interfaces/share/oxbot_interfaces/local_setup.bash
[4.380s] -- Up-to-date: /root/oxbot/src/ros2_ws/install/oxbot_interfaces/share/oxbot_interfaces/local_setup.sh
[4.380s] -- Up-to-date: /root/oxbot/src/ros2_ws/install/oxbot_interfaces/share/oxbot_interfaces/local_setup.zsh
[4.381s] -- Up-to-date: /root/oxbot/src/ros2_ws/install/oxbot_interfaces/share/oxbot_interfaces/local_setup.dsv
[4.381s] -- Installing: /root/oxbot/src/ros2_ws/install/oxbot_interfaces/share/oxbot_interfaces/package.dsv
[4.382s] -- Up-to-date: /root/oxbot/src/ros2_ws/install/oxbot_interfaces/share/ament_index/resource_index/packages/oxbot_interfaces
[4.383s] -- Up-to-date: /root/oxbot/src/ros2_ws/install/oxbot_interfaces/share/oxbot_interfaces/cmake/export_oxbot_interfaces__rosidl_generator_cExport.cmake
[4.383s] -- Up-to-date: /root/oxbot/src/ros2_ws/install/oxbot_interfaces/share/oxbot_interfaces/cmake/export_oxbot_interfaces__rosidl_generator_cExport-noconfig.cmake
[4.384s] -- Up-to-date: /root/oxbot/src/ros2_ws/install/oxbot_interfaces/share/oxbot_interfaces/cmake/export_oxbot_interfaces__rosidl_typesupport_fastrtps_cExport.cmake
[4.384s] -- Up-to-date: /root/oxbot/src/ros2_ws/install/oxbot_interfaces/share/oxbot_interfaces/cmake/export_oxbot_interfaces__rosidl_typesupport_fastrtps_cExport-noconfig.cmake
[4.385s] -- Up-to-date: /root/oxbot/src/ros2_ws/install/oxbot_interfaces/share/oxbot_interfaces/cmake/oxbot_interfaces__rosidl_typesupport_introspection_cExport.cmake
[4.385s] -- Up-to-date: /root/oxbot/src/ros2_ws/install/oxbot_interfaces/share/oxbot_interfaces/cmake/oxbot_interfaces__rosidl_typesupport_introspection_cExport-noconfig.cmake
[4.391s] -- Up-to-date: /root/oxbot/src/ros2_ws/install/oxbot_interfaces/share/oxbot_interfaces/cmake/oxbot_interfaces__rosidl_typesupport_cExport.cmake
[4.391s] -- Up-to-date: /root/oxbot/src/ros2_ws/install/oxbot_interfaces/share/oxbot_interfaces/cmake/oxbot_interfaces__rosidl_typesupport_cExport-noconfig.cmake
[4.392s] -- Up-to-date: /root/oxbot/src/ros2_ws/install/oxbot_interfaces/share/oxbot_interfaces/cmake/export_oxbot_interfaces__rosidl_generator_cppExport.cmake
[4.393s] -- Up-to-date: /root/oxbot/src/ros2_ws/install/oxbot_interfaces/share/oxbot_interfaces/cmake/export_oxbot_interfaces__rosidl_typesupport_fastrtps_cppExport.cmake
[4.393s] -- Up-to-date: /root/oxbot/src/ros2_ws/install/oxbot_interfaces/share/oxbot_interfaces/cmake/export_oxbot_interfaces__rosidl_typesupport_fastrtps_cppExport-noconfig.cmake
[4.394s] -- Up-to-date: /root/oxbot/src/ros2_ws/install/oxbot_interfaces/share/oxbot_interfaces/cmake/oxbot_interfaces__rosidl_typesupport_introspection_cppExport.cmake
[4.395s] -- Up-to-date: /root/oxbot/src/ros2_ws/install/oxbot_interfaces/share/oxbot_interfaces/cmake/oxbot_interfaces__rosidl_typesupport_introspection_cppExport-noconfig.cmake
[4.395s] -- Up-to-date: /root/oxbot/src/ros2_ws/install/oxbot_interfaces/share/oxbot_interfaces/cmake/oxbot_interfaces__rosidl_typesupport_cppExport.cmake
[4.396s] -- Up-to-date: /root/oxbot/src/ros2_ws/install/oxbot_interfaces/share/oxbot_interfaces/cmake/oxbot_interfaces__rosidl_typesupport_cppExport-noconfig.cmake
[4.397s] -- Up-to-date: /root/oxbot/src/ros2_ws/install/oxbot_interfaces/share/oxbot_interfaces/cmake/export_oxbot_interfaces__rosidl_generator_pyExport.cmake
[4.397s] -- Up-to-date: /root/oxbot/src/ros2_ws/install/oxbot_interfaces/share/oxbot_interfaces/cmake/export_oxbot_interfaces__rosidl_generator_pyExport-noconfig.cmake
[4.398s] -- Up-to-date: /root/oxbot/src/ros2_ws/install/oxbot_interfaces/share/oxbot_interfaces/cmake/rosidl_cmake-extras.cmake
[4.399s] -- Up-to-date: /root/oxbot/src/ros2_ws/install/oxbot_interfaces/share/oxbot_interfaces/cmake/ament_cmake_export_include_directories-extras.cmake
[4.400s] -- Up-to-date: /root/oxbot/src/ros2_ws/install/oxbot_interfaces/share/oxbot_interfaces/cmake/ament_cmake_export_libraries-extras.cmake
[4.400s] -- Up-to-date: /root/oxbot/src/ros2_ws/install/oxbot_interfaces/share/oxbot_interfaces/cmake/ament_cmake_export_targets-extras.cmake
[4.401s] -- Up-to-date: /root/oxbot/src/ros2_ws/install/oxbot_interfaces/share/oxbot_interfaces/cmake/rosidl_cmake_export_typesupport_targets-extras.cmake
[4.402s] -- Up-to-date: /root/oxbot/src/ros2_ws/install/oxbot_interfaces/share/oxbot_interfaces/cmake/ament_cmake_export_dependencies-extras.cmake
[4.402s] -- Up-to-date: /root/oxbot/src/ros2_ws/install/oxbot_interfaces/share/oxbot_interfaces/cmake/rosidl_cmake_export_typesupport_libraries-extras.cmake
[4.403s] -- Up-to-date: /root/oxbot/src/ros2_ws/install/oxbot_interfaces/share/oxbot_interfaces/cmake/oxbot_interfacesConfig.cmake
[4.407s] -- Up-to-date: /root/oxbot/src/ros2_ws/install/oxbot_interfaces/share/oxbot_interfaces/cmake/oxbot_interfacesConfig-version.cmake
[4.409s] -- Up-to-date: /root/oxbot/src/ros2_ws/install/oxbot_interfaces/share/oxbot_interfaces/package.xml
[4.433s] Invoked command in '/root/oxbot/src/ros2_ws/build/oxbot_interfaces' returned '0': /usr/local/bin/cmake --install /root/oxbot/src/ros2_ws/build/oxbot_interfaces
