[0.229s] Invoking command in '/root/oxbot/src/ros2_ws/build/oxbot_config': /usr/local/bin/cmake --build /root/oxbot/src/ros2_ws/build/oxbot_config -- -j4 -l4
[0.510s] Invoked command in '/root/oxbot/src/ros2_ws/build/oxbot_config' returned '0': /usr/local/bin/cmake --build /root/oxbot/src/ros2_ws/build/oxbot_config -- -j4 -l4
[1.255s] Invoking command in '/root/oxbot/src/ros2_ws/build/oxbot_config': /usr/local/bin/cmake --install /root/oxbot/src/ros2_ws/build/oxbot_config
[1.484s] -- Install configuration: ""
[1.499s] -- Up-to-date: /root/oxbot/src/ros2_ws/install/oxbot_config/include/
[1.500s] -- Up-to-date: /root/oxbot/src/ros2_ws/install/oxbot_config/include//oxbot_config
[1.500s] -- Installing: /root/oxbot/src/ros2_ws/install/oxbot_config/include//oxbot_config/oxbot_config.hpp
[1.502s] -- Up-to-date: /root/oxbot/src/ros2_ws/install/oxbot_config/share/ament_index/resource_index/package_run_dependencies/oxbot_config
[1.507s] -- Up-to-date: /root/oxbot/src/ros2_ws/install/oxbot_config/share/ament_index/resource_index/parent_prefix_path/oxbot_config
[1.508s] -- Up-to-date: /root/oxbot/src/ros2_ws/install/oxbot_config/share/oxbot_config/environment/ament_prefix_path.sh
[1.519s] -- Up-to-date: /root/oxbot/src/ros2_ws/install/oxbot_config/share/oxbot_config/environment/ament_prefix_path.dsv
[1.520s] -- Up-to-date: /root/oxbot/src/ros2_ws/install/oxbot_config/share/oxbot_config/environment/path.sh
[1.521s] -- Up-to-date: /root/oxbot/src/ros2_ws/install/oxbot_config/share/oxbot_config/environment/path.dsv
[1.522s] -- Up-to-date: /root/oxbot/src/ros2_ws/install/oxbot_config/share/oxbot_config/local_setup.bash
[1.522s] -- Up-to-date: /root/oxbot/src/ros2_ws/install/oxbot_config/share/oxbot_config/local_setup.sh
[1.523s] -- Up-to-date: /root/oxbot/src/ros2_ws/install/oxbot_config/share/oxbot_config/local_setup.zsh
[1.543s] -- Up-to-date: /root/oxbot/src/ros2_ws/install/oxbot_config/share/oxbot_config/local_setup.dsv
[1.543s] -- Installing: /root/oxbot/src/ros2_ws/install/oxbot_config/share/oxbot_config/package.dsv
[1.544s] -- Up-to-date: /root/oxbot/src/ros2_ws/install/oxbot_config/share/ament_index/resource_index/packages/oxbot_config
[1.545s] -- Up-to-date: /root/oxbot/src/ros2_ws/install/oxbot_config/share/oxbot_config/cmake/oxbot_configConfig.cmake
[1.545s] -- Up-to-date: /root/oxbot/src/ros2_ws/install/oxbot_config/share/oxbot_config/cmake/oxbot_configConfig-version.cmake
[1.546s] -- Up-to-date: /root/oxbot/src/ros2_ws/install/oxbot_config/share/oxbot_config/package.xml
[1.547s] Invoked command in '/root/oxbot/src/ros2_ws/build/oxbot_config' returned '0': /usr/local/bin/cmake --install /root/oxbot/src/ros2_ws/build/oxbot_config
