[ 50%] [32mBuilding CXX object CMakeFiles/motion_controller.dir/src/motion_controller.cpp.o[0m
In file included from [01m[K/root/oxbot/src/ros2_ws/src/motion_control/src/motion_controller.cpp:2:0[m[K:
[01m[K/root/oxbot/src/ros2_ws/src/motion_control/src/./ros2node_motion_controller.cpp:9:6:[m[K [01;35m[Kwarning: [m[Kextra ‘[01m[K;[m[K’ [[01;35m[K-Wpedantic[m[K]
     }[01;35m[K;[m[K
      [01;35m[K^[m[K
[01m[K/root/oxbot/src/ros2_ws/src/motion_control/src/./ros2node_motion_controller.cpp:24:6:[m[K [01;35m[Kwarning: [m[Kextra ‘[01m[K;[m[K’ [[01;35m[K-Wpedantic[m[K]
     }[01;35m[K;[m[K
      [01;35m[K^[m[K
[100%] [32m[1mLinking CXX executable motion_controller[0m
[100%] Built target motion_controller
-- Install configuration: ""
-- Installing: /root/oxbot/src/ros2_ws/install/motion_control/lib/motion_control/motion_controller
-- Set runtime path of "/root/oxbot/src/ros2_ws/install/motion_control/lib/motion_control/motion_controller" to ""
-- Up-to-date: /root/oxbot/src/ros2_ws/install/motion_control/share/ament_index/resource_index/package_run_dependencies/motion_control
-- Up-to-date: /root/oxbot/src/ros2_ws/install/motion_control/share/ament_index/resource_index/parent_prefix_path/motion_control
-- Up-to-date: /root/oxbot/src/ros2_ws/install/motion_control/share/motion_control/environment/ament_prefix_path.sh
-- Up-to-date: /root/oxbot/src/ros2_ws/install/motion_control/share/motion_control/environment/ament_prefix_path.dsv
-- Up-to-date: /root/oxbot/src/ros2_ws/install/motion_control/share/motion_control/environment/path.sh
-- Up-to-date: /root/oxbot/src/ros2_ws/install/motion_control/share/motion_control/environment/path.dsv
-- Up-to-date: /root/oxbot/src/ros2_ws/install/motion_control/share/motion_control/local_setup.bash
-- Up-to-date: /root/oxbot/src/ros2_ws/install/motion_control/share/motion_control/local_setup.sh
-- Up-to-date: /root/oxbot/src/ros2_ws/install/motion_control/share/motion_control/local_setup.zsh
-- Up-to-date: /root/oxbot/src/ros2_ws/install/motion_control/share/motion_control/local_setup.dsv
-- Installing: /root/oxbot/src/ros2_ws/install/motion_control/share/motion_control/package.dsv
-- Up-to-date: /root/oxbot/src/ros2_ws/install/motion_control/share/ament_index/resource_index/packages/motion_control
-- Up-to-date: /root/oxbot/src/ros2_ws/install/motion_control/share/motion_control/cmake/motion_controlConfig.cmake
-- Up-to-date: /root/oxbot/src/ros2_ws/install/motion_control/share/motion_control/cmake/motion_controlConfig-version.cmake
-- Up-to-date: /root/oxbot/src/ros2_ws/install/motion_control/share/motion_control/package.xml
