[0.169s] Invoking command in '/root/oxbot/src/ros2_ws/build/motion_control': AMENT_PREFIX_PATH=/root/oxbot/src/ros2_ws/install/oxbot_interfaces:${AMENT_PREFIX_PATH} CMAKE_PREFIX_PATH=/root/oxbot/src/ros2_ws/install/oxbot_interfaces:${CMAKE_PREFIX_PATH} LD_LIBRARY_PATH=/root/oxbot/src/ros2_ws/install/oxbot_interfaces/lib:/opt/ros/humble/install/opt/rviz_ogre_vendor/lib:/opt/ros/humble/install/lib:/usr/local/cuda-10.2/targets/aarch64-linux/lib PYTHONPATH=/root/oxbot/src/ros2_ws/install/oxbot_interfaces/lib/python3.6/site-packages:${PYTHONPATH} /usr/local/bin/cmake --build /root/oxbot/src/ros2_ws/build/motion_control -- -j4 -l4
[0.381s] -- Found ament_cmake: 1.3.5 (/opt/ros/humble/install/share/ament_cmake/cmake)
[1.620s] -- Found rclcpp: 16.0.5 (/opt/ros/humble/install/share/rclcpp/cmake)
[1.793s] -- Found rosidl_generator_c: 3.1.5 (/opt/ros/humble/install/share/rosidl_generator_c/cmake)
[1.809s] -- Found rosidl_adapter: 3.1.5 (/opt/ros/humble/install/share/rosidl_adapter/cmake)
[1.845s] -- Found rosidl_generator_cpp: 3.1.5 (/opt/ros/humble/install/share/rosidl_generator_cpp/cmake)
[1.916s] -- Using all available rosidl_typesupport_c: rosidl_typesupport_fastrtps_c;rosidl_typesupport_introspection_c
[2.019s] -- Using all available rosidl_typesupport_cpp: rosidl_typesupport_fastrtps_cpp;rosidl_typesupport_introspection_cpp
[2.399s] -- Found rmw_implementation_cmake: 6.1.1 (/opt/ros/humble/install/share/rmw_implementation_cmake/cmake)
[2.407s] -- Found rmw_cyclonedds_cpp: 1.3.4 (/opt/ros/humble/install/share/rmw_cyclonedds_cpp/cmake)
[2.592s] -- Using RMW implementation 'rmw_cyclonedds_cpp' as default
[3.582s] -- Found oxbot_interfaces: 0.0.0 (/root/oxbot/src/ros2_ws/install/oxbot_interfaces/share/oxbot_interfaces/cmake)
[3.705s] -- Found oxbot_config: 0.0.0 (/root/oxbot/src/ros2_ws/install/oxbot_config/share/oxbot_config/cmake)
[3.712s] -- Found ament_lint_auto: 0.12.7 (/opt/ros/humble/install/share/ament_lint_auto/cmake)
[4.279s] -- Added test 'cppcheck' to perform static code analysis on C / C++ code
[4.281s] -- Configured cppcheck include dirs: /root/oxbot/src/ros2_ws/src/motion_control/include/motion_control
[4.282s] -- Configured cppcheck exclude dirs and/or files: 
[4.284s] -- Added test 'lint_cmake' to check CMake code style
[4.290s] -- Added test 'uncrustify' to check C / C++ code style
[4.291s] -- Configured uncrustify additional arguments: 
[4.292s] -- Added test 'xmllint' to check XML markup files
[4.296s] -- Configuring done (3.9s)
[4.385s] -- Generating done (0.1s)
[4.393s] -- Build files have been written to: /root/oxbot/src/ros2_ws/build/motion_control
[4.514s] [ 50%] [32mBuilding CXX object CMakeFiles/motion_controller.dir/src/MotionControllerNode.cpp.o[0m
[4.516s] [ 50%] [32mBuilding CXX object CMakeFiles/motion_controller.dir/src/motion_controller.cpp.o[0m
[4.524s] [ 75%] [32mBuilding CXX object CMakeFiles/motion_controller.dir/src/SerialCommunicator.cpp.o[0m
[18.277s] [01m[K/root/oxbot/src/ros2_ws/src/motion_control/src/SerialCommunicator.cpp:[m[K In constructor ‘[01m[KSerialCommunicator::SerialCommunicator()[m[K’:
[18.278s] [01m[K/root/oxbot/src/ros2_ws/src/motion_control/src/SerialCommunicator.cpp:17:69:[m[K [01;31m[Kerror: [m[K‘[01m[KMC_FRONT_WHEELS_SERIAL_PATH[m[K’ was not declared in this scope
[18.279s]  SerialCommunicator::SerialCommunicator(): front_wheels_serial_path_([01;31m[KMC_FRONT_WHEELS_SERIAL_PATH[m[K), rear_wheels_serial_path_(MC_REAR_WHEELS_SERIAL_PATH), front_wheels_serial_fh_(0), rear_wheels_serial_fh_(0)
[18.279s]                                                                      [01;31m[K^~~~~~~~~~~~~~~~~~~~~~~~~~~[m[K
[18.313s] [01m[K/root/oxbot/src/ros2_ws/src/motion_control/src/SerialCommunicator.cpp:17:69:[m[K [01;36m[Knote: [m[Ksuggested alternative: ‘[01m[KFRONT_WHEELS_SERIAL_PATH[m[K’
[18.313s]  SerialCommunicator::SerialCommunicator(): front_wheels_serial_path_([01;36m[KMC_FRONT_WHEELS_SERIAL_PATH[m[K), rear_wheels_serial_path_(MC_REAR_WHEELS_SERIAL_PATH), front_wheels_serial_fh_(0), rear_wheels_serial_fh_(0)
[18.314s]                                                                      [01;36m[K^~~~~~~~~~~~~~~~~~~~~~~~~~~[m[K
[18.315s]                                                                      [32m[KFRONT_WHEELS_SERIAL_PATH[m[K
[18.315s] [01m[K/root/oxbot/src/ros2_ws/src/motion_control/src/SerialCommunicator.cpp:17:124:[m[K [01;31m[Kerror: [m[K‘[01m[KMC_REAR_WHEELS_SERIAL_PATH[m[K’ was not declared in this scope
[18.316s]  SerialCommunicator::SerialCommunicator(): front_wheels_serial_path_(MC_FRONT_WHEELS_SERIAL_PATH), rear_wheels_serial_path_([01;31m[KMC_REAR_WHEELS_SERIAL_PATH[m[K), front_wheels_serial_fh_(0), rear_wheels_serial_fh_(0)
[18.316s]                                                                                                                             [01;31m[K^~~~~~~~~~~~~~~~~~~~~~~~~~[m[K
[18.349s] [01m[K/root/oxbot/src/ros2_ws/src/motion_control/src/SerialCommunicator.cpp:17:124:[m[K [01;36m[Knote: [m[Ksuggested alternative: ‘[01m[KREAR_WHEELS_SERIAL_PATH[m[K’
[18.350s]  SerialCommunicator::SerialCommunicator(): front_wheels_serial_path_(MC_FRONT_WHEELS_SERIAL_PATH), rear_wheels_serial_path_([01;36m[KMC_REAR_WHEELS_SERIAL_PATH[m[K), front_wheels_serial_fh_(0), rear_wheels_serial_fh_(0)
[18.351s]                                                                                                                             [01;36m[K^~~~~~~~~~~~~~~~~~~~~~~~~~[m[K
[18.352s]                                                                                                                             [32m[KREAR_WHEELS_SERIAL_PATH[m[K
[18.353s] [01m[K/root/oxbot/src/ros2_ws/src/motion_control/src/SerialCommunicator.cpp:30:35:[m[K [01;35m[Kwarning: [m[Kconverting to non-pointer type ‘[01m[Kint[m[K’ from NULL [[01;35m[K-Wconversion-null[m[K]
[18.353s]          front_wheels_serial_fh_ = [01;35m[KNULL[m[K;
[18.354s]                                    [01;35m[K^~~~[m[K
[18.355s] [01m[K/root/oxbot/src/ros2_ws/src/motion_control/src/SerialCommunicator.cpp:35:35:[m[K [01;35m[Kwarning: [m[Kconverting to non-pointer type ‘[01m[Kint[m[K’ from NULL [[01;35m[K-Wconversion-null[m[K]
[18.355s]          front_wheels_serial_fh_ = [01;35m[KNULL[m[K;
[18.356s]                                    [01;35m[K^~~~[m[K
[18.370s] [01m[K/root/oxbot/src/ros2_ws/src/motion_control/src/SerialCommunicator.cpp:[m[K In member function ‘[01m[Kconst std::vector<unsigned char, std::allocator<unsigned char> > SerialCommunicator::sc_read()[m[K’:
[18.371s] [01m[K/root/oxbot/src/ros2_ws/src/motion_control/src/SerialCommunicator.cpp:95:29:[m[K [01;31m[Kerror: [m[K‘[01m[KMC_SERIAL_FEEDBACK_MESSAGE_SIZE[m[K’ was not declared in this scope
[18.371s]      unsigned char read_buf [[01;31m[KMC_SERIAL_FEEDBACK_MESSAGE_SIZE[m[K];
[18.372s]                              [01;31m[K^~~~~~~~~~~~~~~~~~~~~~~~~~~~~~~[m[K
[18.394s] [01m[K/root/oxbot/src/ros2_ws/src/motion_control/src/MotionControllerNode.cpp:[m[K In constructor ‘[01m[KMotionControllerNode::MotionControllerNode()[m[K’:
[18.395s] [01m[K/root/oxbot/src/ros2_ws/src/motion_control/src/MotionControllerNode.cpp:13:63:[m[K [01;31m[Kerror: [m[K‘[01m[KMC_OUTPUT_FREQUENCY[m[K’ was not declared in this scope
[18.395s]      int feedback_timer_period_micros    = int(1000000* (1.0 / [01;31m[KMC_OUTPUT_FREQUENCY[m[K));
[18.396s]                                                                [01;31m[K^~~~~~~~~~~~~~~~~~~[m[K
[18.411s] [01m[K/root/oxbot/src/ros2_ws/src/motion_control/src/SerialCommunicator.cpp:95:29:[m[K [01;36m[Knote: [m[Ksuggested alternative: ‘[01m[KSERIAL_FEEDBACK_MESSAGE_SIZE[m[K’
[18.412s]      unsigned char read_buf [[01;36m[KMC_SERIAL_FEEDBACK_MESSAGE_SIZE[m[K];
[18.412s]                              [01;36m[K^~~~~~~~~~~~~~~~~~~~~~~~~~~~~~~[m[K
[18.413s]                              [32m[KSERIAL_FEEDBACK_MESSAGE_SIZE[m[K
[18.414s] [01m[K/root/oxbot/src/ros2_ws/src/motion_control/src/SerialCommunicator.cpp:98:63:[m[K [01;31m[Kerror: [m[K‘[01m[Kread_buf[m[K’ was not declared in this scope
[18.414s]          int bytes_read = read(this->front_wheels_serial_fh_, &[01;31m[Kread_buf[m[K, sizeof(read_buf));
[18.415s]                                                                [01;31m[K^~~~~~~~[m[K
[18.419s] [01m[K/root/oxbot/src/ros2_ws/src/motion_control/src/SerialCommunicator.cpp:98:63:[m[K [01;36m[Knote: [m[Ksuggested alternative: ‘[01m[Kser_buf[m[K’
[18.420s]          int bytes_read = read(this->front_wheels_serial_fh_, &[01;36m[Kread_buf[m[K, sizeof(read_buf));
[18.421s]                                                                [01;36m[K^~~~~~~~[m[K
[18.421s]                                                                [32m[Kser_buf[m[K
[18.422s] [01m[K/root/oxbot/src/ros2_ws/src/motion_control/src/MotionControllerNode.cpp:13:63:[m[K [01;36m[Knote: [m[Ksuggested alternative: ‘[01m[KOUTPUT_FREQUENCY[m[K’
[18.423s]      int feedback_timer_period_micros    = int(1000000* (1.0 / [01;36m[KMC_OUTPUT_FREQUENCY[m[K));
[18.424s]                                                                [01;36m[K^~~~~~~~~~~~~~~~~~~[m[K
[18.424s]                                                                [32m[KOUTPUT_FREQUENCY[m[K
[18.425s] [01m[K/root/oxbot/src/ros2_ws/src/motion_control/src/SerialCommunicator.cpp:[m[K In member function ‘[01m[Kint SerialCommunicator::sc_write(std::vector<unsigned char, std::allocator<unsigned char> >)[m[K’:
[18.426s] [01m[K/root/oxbot/src/ros2_ws/src/motion_control/src/SerialCommunicator.cpp:112:61:[m[K [01;35m[Kwarning: [m[Kunused parameter ‘[01m[Kwrite_buf[m[K’ [[01;35m[K-Wunused-parameter[m[K]
[18.426s]  int SerialCommunicator::sc_write(std::vector<unsigned char> [01;35m[Kwrite_buf[m[K)
[18.427s]                                                              [01;35m[K^~~~~~~~~[m[K
[18.548s] [01m[K/root/oxbot/src/ros2_ws/src/motion_control/src/MotionControllerNode.cpp:23:43:[m[K [01;31m[Kerror: [m[K‘[01m[KMC_FRONT_WHEELS_SERIAL_PATH[m[K’ was not declared in this scope
[18.549s]          serial_comm_ = SerialCommunicator([01;31m[KMC_FRONT_WHEELS_SERIAL_PATH[m[K, MC_REAR_WHEELS_SERIAL_PATH);
[18.549s]                                            [01;31m[K^~~~~~~~~~~~~~~~~~~~~~~~~~~[m[K
[18.582s] [01m[K/root/oxbot/src/ros2_ws/src/motion_control/src/MotionControllerNode.cpp:23:43:[m[K [01;36m[Knote: [m[Ksuggested alternative: ‘[01m[KFRONT_WHEELS_SERIAL_PATH[m[K’
[18.583s]          serial_comm_ = SerialCommunicator([01;36m[KMC_FRONT_WHEELS_SERIAL_PATH[m[K, MC_REAR_WHEELS_SERIAL_PATH);
[18.584s]                                            [01;36m[K^~~~~~~~~~~~~~~~~~~~~~~~~~~[m[K
[18.584s]                                            [32m[KFRONT_WHEELS_SERIAL_PATH[m[K
[18.585s] [01m[K/root/oxbot/src/ros2_ws/src/motion_control/src/MotionControllerNode.cpp:23:72:[m[K [01;31m[Kerror: [m[K‘[01m[KMC_REAR_WHEELS_SERIAL_PATH[m[K’ was not declared in this scope
[18.586s]          serial_comm_ = SerialCommunicator(MC_FRONT_WHEELS_SERIAL_PATH, [01;31m[KMC_REAR_WHEELS_SERIAL_PATH[m[K);
[18.586s]                                                                         [01;31m[K^~~~~~~~~~~~~~~~~~~~~~~~~~[m[K
[18.619s] [01m[K/root/oxbot/src/ros2_ws/src/motion_control/src/MotionControllerNode.cpp:23:72:[m[K [01;36m[Knote: [m[Ksuggested alternative: ‘[01m[KREAR_WHEELS_SERIAL_PATH[m[K’
[18.620s]          serial_comm_ = SerialCommunicator(MC_FRONT_WHEELS_SERIAL_PATH, [01;36m[KMC_REAR_WHEELS_SERIAL_PATH[m[K);
[18.621s]                                                                         [01;36m[K^~~~~~~~~~~~~~~~~~~~~~~~~~[m[K
[18.621s]                                                                         [32m[KREAR_WHEELS_SERIAL_PATH[m[K
[18.622s] [01m[K/root/oxbot/src/ros2_ws/src/motion_control/src/MotionControllerNode.cpp:24:26:[m[K [01;31m[Kerror: [m[K‘[01m[Kint SerialCommunicator::front_wheels_serial_fh_[m[K’ is private within this context
[18.623s]          if (serial_comm_.[01;31m[Kfront_wheels_serial_fh_[m[K == NULL)
[18.623s]                           [01;31m[K^~~~~~~~~~~~~~~~~~~~~~~[m[K
[18.625s] In file included from [01m[K/root/oxbot/src/ros2_ws/src/motion_control/include/motion_control/MotionControllerNode.hpp:3:0[m[K,
[18.625s]                  from [01m[K/root/oxbot/src/ros2_ws/src/motion_control/src/MotionControllerNode.cpp:3[m[K:
[18.626s] [01m[K/root/oxbot/src/ros2_ws/src/motion_control/include/motion_control/SerialCommunicator.hpp:47:9:[m[K [01;36m[Knote: [m[Kdeclared private here
[18.627s]      int [01;36m[Kfront_wheels_serial_fh_[m[K;
[18.628s]          [01;36m[K^~~~~~~~~~~~~~~~~~~~~~~[m[K
[18.628s] [01m[K/root/oxbot/src/ros2_ws/src/motion_control/src/MotionControllerNode.cpp:24:53:[m[K [01;35m[Kwarning: [m[KNULL used in arithmetic [[01;35m[K-Wpointer-arith[m[K]
[18.629s]          if (serial_comm_.front_wheels_serial_fh_ == [01;35m[KNULL[m[K)
[18.635s]                                                      [01;35m[K^~~~[m[K
[21.178s] CMakeFiles/motion_controller.dir/build.make:103: recipe for target 'CMakeFiles/motion_controller.dir/src/SerialCommunicator.cpp.o' failed
[21.179s] make[2]: *** [CMakeFiles/motion_controller.dir/src/SerialCommunicator.cpp.o] Error 1
[21.179s] make[2]: *** Waiting for unfinished jobs....
[23.105s] CMakeFiles/motion_controller.dir/build.make:89: recipe for target 'CMakeFiles/motion_controller.dir/src/MotionControllerNode.cpp.o' failed
[23.106s] make[2]: *** [CMakeFiles/motion_controller.dir/src/MotionControllerNode.cpp.o] Error 1
[23.107s] make[1]: *** [CMakeFiles/motion_controller.dir/all] Error 2
[23.107s] make: *** [all] Error 2
[23.108s] CMakeFiles/Makefile2:136: recipe for target 'CMakeFiles/motion_controller.dir/all' failed
[23.108s] Makefile:145: recipe for target 'all' failed
[23.153s] Invoked command in '/root/oxbot/src/ros2_ws/build/motion_control' returned '2': AMENT_PREFIX_PATH=/root/oxbot/src/ros2_ws/install/oxbot_interfaces:${AMENT_PREFIX_PATH} CMAKE_PREFIX_PATH=/root/oxbot/src/ros2_ws/install/oxbot_interfaces:${CMAKE_PREFIX_PATH} LD_LIBRARY_PATH=/root/oxbot/src/ros2_ws/install/oxbot_interfaces/lib:/opt/ros/humble/install/opt/rviz_ogre_vendor/lib:/opt/ros/humble/install/lib:/usr/local/cuda-10.2/targets/aarch64-linux/lib PYTHONPATH=/root/oxbot/src/ros2_ws/install/oxbot_interfaces/lib/python3.6/site-packages:${PYTHONPATH} /usr/local/bin/cmake --build /root/oxbot/src/ros2_ws/build/motion_control -- -j4 -l4
