[0.128s] Invoking command in '/root/oxbot/src/ros2_ws/build/motion_control': AMENT_PREFIX_PATH=/root/oxbot/src/ros2_ws/install/oxbot_interfaces CMAKE_PREFIX_PATH=/root/oxbot/src/ros2_ws/install/oxbot_interfaces LD_LIBRARY_PATH=/root/oxbot/src/ros2_ws/install/oxbot_interfaces/lib:/usr/local/cuda-10.2/targets/aarch64-linux/lib PYTHONPATH=/root/oxbot/src/ros2_ws/install/oxbot_interfaces/lib/python3.6/site-packages /usr/local/bin/cmake /root/oxbot/src/ros2_ws/src/motion_control -DCMAKE_INSTALL_PREFIX=/root/oxbot/src/ros2_ws/install/motion_control
[0.827s] -- The C compiler identification is GNU 7.5.0
[1.297s] -- The CXX compiler identification is GNU 7.5.0
[1.383s] -- Detecting C compiler ABI info
[1.603s] -- Detecting C compiler ABI info - done
[1.654s] -- Check for working C compiler: /usr/bin/cc - skipped
[1.658s] -- Detecting C compile features
[1.660s] -- Detecting C compile features - done
[1.703s] -- Detecting CXX compiler ABI info
[1.937s] -- Detecting CXX compiler ABI info - done
[1.989s] -- Check for working CXX compiler: /usr/bin/c++ - skipped
[1.990s] -- Detecting CXX compile features
[1.992s] -- Detecting CXX compile features - done
[2.062s] [31mCMake Error at CMakeLists.txt:9 (find_package):
[2.063s]   By not providing "Findament_cmake.cmake" in CMAKE_MODULE_PATH this project
[2.064s]   has asked CMake to find a package configuration file provided by
[2.064s]   "ament_cmake", but CMake did not find one.
[2.065s] 
[2.065s]   Could not find a package configuration file provided by "ament_cmake" with
[2.066s]   any of the following names:
[2.066s] 
[2.067s]     ament_cmakeConfig.cmake
[2.067s]     ament_cmake-config.cmake
[2.068s] 
[2.068s]   Add the installation prefix of "ament_cmake" to CMAKE_PREFIX_PATH or set
[2.069s]   "ament_cmake_DIR" to a directory containing one of the above files.  If
[2.069s]   "ament_cmake" provides a separate development package or SDK, be sure it
[2.070s]   has been installed.
[2.070s] 
[2.071s] [0m
[2.071s] -- Configuring incomplete, errors occurred!
[2.094s] Invoked command in '/root/oxbot/src/ros2_ws/build/motion_control' returned '1': AMENT_PREFIX_PATH=/root/oxbot/src/ros2_ws/install/oxbot_interfaces CMAKE_PREFIX_PATH=/root/oxbot/src/ros2_ws/install/oxbot_interfaces LD_LIBRARY_PATH=/root/oxbot/src/ros2_ws/install/oxbot_interfaces/lib:/usr/local/cuda-10.2/targets/aarch64-linux/lib PYTHONPATH=/root/oxbot/src/ros2_ws/install/oxbot_interfaces/lib/python3.6/site-packages /usr/local/bin/cmake /root/oxbot/src/ros2_ws/src/motion_control -DCMAKE_INSTALL_PREFIX=/root/oxbot/src/ros2_ws/install/motion_control
