[0.224s] Invoking command in '/root/oxbot/src/ros2_ws/build/oxbot_config': /usr/local/bin/cmake --build /root/oxbot/src/ros2_ws/build/oxbot_config -- -j4 -l4
[0.592s] Invoked command in '/root/oxbot/src/ros2_ws/build/oxbot_config' returned '0': /usr/local/bin/cmake --build /root/oxbot/src/ros2_ws/build/oxbot_config -- -j4 -l4
[1.212s] Invoking command in '/root/oxbot/src/ros2_ws/build/oxbot_config': /usr/local/bin/cmake --install /root/oxbot/src/ros2_ws/build/oxbot_config
[1.543s] -- Install configuration: ""
[1.544s] -- Up-to-date: /root/oxbot/src/ros2_ws/install/oxbot_config/include/
[1.545s] -- Up-to-date: /root/oxbot/src/ros2_ws/install/oxbot_config/include//oxbot_config
[1.545s] -- Installing: /root/oxbot/src/ros2_ws/install/oxbot_config/include//oxbot_config/oxbot_config.hpp
[1.548s] -- Up-to-date: /root/oxbot/src/ros2_ws/install/oxbot_config/share/ament_index/resource_index/package_run_dependencies/oxbot_config
[1.550s] -- Up-to-date: /root/oxbot/src/ros2_ws/install/oxbot_config/share/ament_index/resource_index/parent_prefix_path/oxbot_config
[1.550s] -- Up-to-date: /root/oxbot/src/ros2_ws/install/oxbot_config/share/oxbot_config/environment/ament_prefix_path.sh
[1.551s] -- Up-to-date: /root/oxbot/src/ros2_ws/install/oxbot_config/share/oxbot_config/environment/ament_prefix_path.dsv
[1.551s] -- Up-to-date: /root/oxbot/src/ros2_ws/install/oxbot_config/share/oxbot_config/environment/path.sh
[1.552s] -- Up-to-date: /root/oxbot/src/ros2_ws/install/oxbot_config/share/oxbot_config/environment/path.dsv
[1.552s] -- Up-to-date: /root/oxbot/src/ros2_ws/install/oxbot_config/share/oxbot_config/local_setup.bash
[1.553s] -- Up-to-date: /root/oxbot/src/ros2_ws/install/oxbot_config/share/oxbot_config/local_setup.sh
[1.560s] -- Up-to-date: /root/oxbot/src/ros2_ws/install/oxbot_config/share/oxbot_config/local_setup.zsh
[1.560s] -- Up-to-date: /root/oxbot/src/ros2_ws/install/oxbot_config/share/oxbot_config/local_setup.dsv
[1.561s] -- Installing: /root/oxbot/src/ros2_ws/install/oxbot_config/share/oxbot_config/package.dsv
[1.562s] -- Up-to-date: /root/oxbot/src/ros2_ws/install/oxbot_config/share/ament_index/resource_index/packages/oxbot_config
[1.563s] -- Up-to-date: /root/oxbot/src/ros2_ws/install/oxbot_config/share/oxbot_config/cmake/oxbot_configConfig.cmake
[1.563s] -- Up-to-date: /root/oxbot/src/ros2_ws/install/oxbot_config/share/oxbot_config/cmake/oxbot_configConfig-version.cmake
[1.564s] -- Up-to-date: /root/oxbot/src/ros2_ws/install/oxbot_config/share/oxbot_config/package.xml
[1.793s] Invoked command in '/root/oxbot/src/ros2_ws/build/oxbot_config' returned '0': /usr/local/bin/cmake --install /root/oxbot/src/ros2_ws/build/oxbot_config
