[0.191s] Invoking command in '/root/oxbot/src/ros2_ws/build/motion_control': AMENT_PREFIX_PATH=/root/oxbot/src/ros2_ws/install/oxbot_interfaces:${AMENT_PREFIX_PATH} CMAKE_PREFIX_PATH=/root/oxbot/src/ros2_ws/install/oxbot_interfaces:${CMAKE_PREFIX_PATH} LD_LIBRARY_PATH=/root/oxbot/src/ros2_ws/install/oxbot_interfaces/lib:/opt/ros/humble/install/opt/rviz_ogre_vendor/lib:/opt/ros/humble/install/lib:/usr/local/cuda-10.2/targets/aarch64-linux/lib PYTHONPATH=/root/oxbot/src/ros2_ws/install/oxbot_interfaces/lib/python3.6/site-packages:${PYTHONPATH} /usr/local/bin/cmake --build /root/oxbot/src/ros2_ws/build/motion_control -- -j4 -l4
[0.539s] [ 50%] [32mBuilding CXX object CMakeFiles/motion_controller.dir/src/SerialCommunicator.cpp.o[0m
[0.540s] [ 50%] [32mBuilding CXX object CMakeFiles/motion_controller.dir/src/MotionControllerNode.cpp.o[0m
[5.250s] CMakeFiles/motion_controller.dir/build.make:89: recipe for target 'CMakeFiles/motion_controller.dir/src/MotionControllerNode.cpp.o' failed
[5.254s] Traceback (most recent call last):
[5.255s]   File "/usr/local/bin/cmake", line 8, in <module>
[5.270s]     sys.exit(cmake())
[5.273s]   File "/usr/local/lib/python3.6/dist-packages/cmake/__init__.py", line 43, in cmake
[5.274s] make[2]: *** [CMakeFiles/motion_controller.dir/src/MotionControllerNode.cpp.o] Interrupt
[5.275s] CMakeFiles/motion_controller.dir/build.make:103: recipe for target 'CMakeFiles/motion_controller.dir/src/SerialCommunicator.cpp.o' failed
[5.275s] make[2]: *** [CMakeFiles/motion_controller.dir/src/SerialCommunicator.cpp.o] Interrupt
[5.291s] CMakeFiles/Makefile2:136: recipe for target 'CMakeFiles/motion_controller.dir/all' failed
[5.294s] Makefile:145: recipe for target 'all' failed
[5.294s] make[1]: *** [CMakeFiles/motion_controller.dir/all] Interrupt
[5.295s] make: *** [all] Interrupt
[5.296s]     raise SystemExit(_program('cmake', sys.argv[1:]))
[5.297s]   File "/usr/local/lib/python3.6/dist-packages/cmake/__init__.py", line 39, in _program
[5.298s]     return subprocess.call([os.path.join(CMAKE_BIN_DIR, name)] + args, close_fds=False)
[5.298s]   File "/usr/lib/python3.6/subprocess.py", line 289, in call
[5.299s]     return p.wait(timeout=timeout)
[5.300s]   File "/usr/lib/python3.6/subprocess.py", line 1477, in wait
[5.300s]     (pid, sts) = self._try_wait(0)
[5.301s]   File "/usr/lib/python3.6/subprocess.py", line 1424, in _try_wait
[5.302s]     (pid, sts) = os.waitpid(self.pid, wait_flags)
[5.302s] KeyboardInterrupt
[5.320s] Invoked command in '/root/oxbot/src/ros2_ws/build/motion_control' returned '1': AMENT_PREFIX_PATH=/root/oxbot/src/ros2_ws/install/oxbot_interfaces:${AMENT_PREFIX_PATH} CMAKE_PREFIX_PATH=/root/oxbot/src/ros2_ws/install/oxbot_interfaces:${CMAKE_PREFIX_PATH} LD_LIBRARY_PATH=/root/oxbot/src/ros2_ws/install/oxbot_interfaces/lib:/opt/ros/humble/install/opt/rviz_ogre_vendor/lib:/opt/ros/humble/install/lib:/usr/local/cuda-10.2/targets/aarch64-linux/lib PYTHONPATH=/root/oxbot/src/ros2_ws/install/oxbot_interfaces/lib/python3.6/site-packages:${PYTHONPATH} /usr/local/bin/cmake --build /root/oxbot/src/ros2_ws/build/motion_control -- -j4 -l4
