[0.232s] Invoking command in '/root/oxbot/src/ros2_ws/build/motion_control': CMAKE_PREFIX_PATH=/root/oxbot/src/ros2_ws/install/oxbot_interfaces:/root/oxbot/src/ros2_ws/install/oxbot_startup:/root/oxbot/src/ros2_ws/install/motion_control:/root/oxbot/src/ros2_ws/install/oxbot_config:/root/oxbot/src/ros2_ws/install/oxbot_bringup:/opt/ros/humble/install LD_LIBRARY_PATH=/root/oxbot/src/ros2_ws/install/oxbot_interfaces/lib:/opt/ros/humble/install/opt/rviz_ogre_vendor/lib:/opt/ros/humble/install/lib:/usr/local/cuda-10.2/targets/aarch64-linux/lib /usr/local/bin/cmake --build /root/oxbot/src/ros2_ws/build/motion_control -- -j4 -l4
[0.524s] [ 25%] [32mBuilding CXX object CMakeFiles/motion_controller.dir/src/motion_controller.cpp.o[0m
[0.537s] [ 50%] [32mBuilding CXX object CMakeFiles/motion_controller.dir/src/MotionControllerNode.cpp.o[0m
[0.542s] [ 75%] [32mBuilding CXX object CMakeFiles/motion_controller.dir/src/serial_communicator.cpp.o[0m
[1.646s] In file included from [01m[K/root/oxbot/src/ros2_ws/src/motion_control/include/motion_control/MotionControllerNode.hpp:3:0[m[K,
[1.647s]                  from [01m[K/root/oxbot/src/ros2_ws/src/motion_control/src/MotionControllerNode.cpp:3[m[K:
[1.647s] [01m[K/root/oxbot/src/ros2_ws/src/motion_control/include/motion_control/serial_communicator.hpp:25:10:[m[K [01;31m[Kfatal error: [m[Koxbot_config/oxbot_config.hpp: No such file or directory
[1.648s]  #include [01;31m[K"oxbot_config/oxbot_config.hpp"[m[K
[1.649s]           [01;31m[K^~~~~~~~~~~~~~~~~~~~~~~~~~~~~~~[m[K
[1.649s] compilation terminated.
[1.659s] CMakeFiles/motion_controller.dir/build.make:89: recipe for target 'CMakeFiles/motion_controller.dir/src/MotionControllerNode.cpp.o' failed
[1.660s] make[2]: *** [CMakeFiles/motion_controller.dir/src/MotionControllerNode.cpp.o] Error 1
[1.661s] make[2]: *** Waiting for unfinished jobs....
[1.662s] In file included from [01m[K/root/oxbot/src/ros2_ws/src/motion_control/src/serial_communicator.cpp:9:0[m[K:
[1.662s] [01m[K/root/oxbot/src/ros2_ws/src/motion_control/include/motion_control/serial_communicator.hpp:25:10:[m[K [01;31m[Kfatal error: [m[Koxbot_config/oxbot_config.hpp: No such file or directory
[1.663s]  #include [01;31m[K"oxbot_config/oxbot_config.hpp"[m[K
[1.664s]           [01;31m[K^~~~~~~~~~~~~~~~~~~~~~~~~~~~~~~[m[K
[1.664s] compilation terminated.
[1.674s] CMakeFiles/motion_controller.dir/build.make:103: recipe for target 'CMakeFiles/motion_controller.dir/src/serial_communicator.cpp.o' failed
[1.674s] make[2]: *** [CMakeFiles/motion_controller.dir/src/serial_communicator.cpp.o] Error 1
[1.691s] In file included from [01m[K/root/oxbot/src/ros2_ws/src/motion_control/include/motion_control/MotionControllerNode.hpp:3:0[m[K,
[1.692s]                  from [01m[K/root/oxbot/src/ros2_ws/src/motion_control/src/motion_controller.cpp:2[m[K:
[1.692s] [01m[K/root/oxbot/src/ros2_ws/src/motion_control/include/motion_control/serial_communicator.hpp:25:10:[m[K [01;31m[Kfatal error: [m[Koxbot_config/oxbot_config.hpp: No such file or directory
[1.693s]  #include [01;31m[K"oxbot_config/oxbot_config.hpp"[m[K
[1.693s]           [01;31m[K^~~~~~~~~~~~~~~~~~~~~~~~~~~~~~~[m[K
[1.694s] compilation terminated.
[1.704s] make[2]: *** [CMakeFiles/motion_controller.dir/src/motion_controller.cpp.o] Error 1
[1.705s] CMakeFiles/motion_controller.dir/build.make:75: recipe for target 'CMakeFiles/motion_controller.dir/src/motion_controller.cpp.o' failed
[1.708s] CMakeFiles/Makefile2:136: recipe for target 'CMakeFiles/motion_controller.dir/all' failed
[1.709s] make[1]: *** [CMakeFiles/motion_controller.dir/all] Error 2
[1.710s] make: *** [all] Error 2
[1.711s] Makefile:145: recipe for target 'all' failed
[1.736s] Invoked command in '/root/oxbot/src/ros2_ws/build/motion_control' returned '2': CMAKE_PREFIX_PATH=/root/oxbot/src/ros2_ws/install/oxbot_interfaces:/root/oxbot/src/ros2_ws/install/oxbot_startup:/root/oxbot/src/ros2_ws/install/motion_control:/root/oxbot/src/ros2_ws/install/oxbot_config:/root/oxbot/src/ros2_ws/install/oxbot_bringup:/opt/ros/humble/install LD_LIBRARY_PATH=/root/oxbot/src/ros2_ws/install/oxbot_interfaces/lib:/opt/ros/humble/install/opt/rviz_ogre_vendor/lib:/opt/ros/humble/install/lib:/usr/local/cuda-10.2/targets/aarch64-linux/lib /usr/local/bin/cmake --build /root/oxbot/src/ros2_ws/build/motion_control -- -j4 -l4
