[8.155s] DEBUG:colcon:Command line arguments: ['/usr/bin/colcon', 'build', '--packages-select', 'oxbot_testing']
[8.155s] DEBUG:colcon:Parsed command line arguments: Namespace(ament_cmake_args=None, base_paths=['.'], build_base='build', catkin_cmake_args=None, catkin_skip_building_tests=False, cmake_args=None, cmake_clean_cache=False, cmake_clean_first=False, cmake_force_configure=False, cmake_target=None, cmake_target_skip_unavailable=False, continue_on_error=False, event_handlers=None, executor='parallel', ignore_user_meta=False, install_base='install', log_base=None, log_level=None, main=<bound method BuildVerb.main of <colcon_core.verb.build.BuildVerb object at 0x7fae603630>>, merge_install=False, metas=['./colcon.meta'], packages_above=None, packages_above_and_dependencies=None, packages_above_depth=None, packages_end=None, packages_ignore=None, packages_ignore_regex=None, packages_select=['oxbot_testing'], packages_select_build_failed=False, packages_select_by_dep=None, packages_select_regex=None, packages_select_test_failures=False, packages_skip=None, packages_skip_build_finished=False, packages_skip_by_dep=None, packages_skip_regex=None, packages_skip_test_passed=False, packages_skip_up_to=None, packages_start=None, packages_up_to=None, packages_up_to_regex=None, parallel_workers=4, paths=None, symlink_install=False, test_result_base=None, verb_extension=<colcon_core.verb.build.BuildVerb object at 0x7fae603630>, verb_name='build', verb_parser=<colcon_defaults.argument_parser.defaults.DefaultArgumentsDecorator object at 0x7fae39b3c8>)
[8.352s] Level 1:colcon.colcon_core.package_discovery:discover_packages(colcon_meta) check parameters
[8.353s] Level 1:colcon.colcon_core.package_discovery:discover_packages(recursive) check parameters
[8.353s] Level 1:colcon.colcon_core.package_discovery:discover_packages(ignore) check parameters
[8.353s] Level 1:colcon.colcon_core.package_discovery:discover_packages(path) check parameters
[8.353s] Level 1:colcon.colcon_core.package_discovery:discover_packages(colcon_meta) discover
[8.355s] Level 1:colcon.colcon_core.package_discovery:discover_packages(recursive) discover
[8.355s] INFO:colcon.colcon_core.package_discovery:Crawling recursively for packages in '/root/oxbot/src/ros2_ws'
[8.356s] Level 1:colcon.colcon_core.package_identification:_identify(.) by extensions ['ignore', 'ignore_ament_install']
[8.356s] Level 1:colcon.colcon_core.package_identification:_identify(.) by extension 'ignore'
[8.357s] Level 1:colcon.colcon_core.package_identification:_identify(.) by extension 'ignore_ament_install'
[8.357s] Level 1:colcon.colcon_core.package_identification:_identify(.) by extensions ['colcon_pkg']
[8.357s] Level 1:colcon.colcon_core.package_identification:_identify(.) by extension 'colcon_pkg'
[8.357s] Level 1:colcon.colcon_core.package_identification:_identify(.) by extensions ['colcon_meta']
[8.358s] Level 1:colcon.colcon_core.package_identification:_identify(.) by extension 'colcon_meta'
[8.358s] Level 1:colcon.colcon_core.package_identification:_identify(.) by extensions ['ros']
[8.358s] Level 1:colcon.colcon_core.package_identification:_identify(.) by extension 'ros'
[8.555s] Level 1:colcon.colcon_core.package_identification:_identify(.) by extensions ['cmake', 'python']
[8.555s] Level 1:colcon.colcon_core.package_identification:_identify(.) by extension 'cmake'
[8.555s] Level 1:colcon.colcon_core.package_identification:_identify(.) by extension 'python'
[8.556s] Level 1:colcon.colcon_core.package_identification:_identify(.) by extensions ['python_setup_py']
[8.556s] Level 1:colcon.colcon_core.package_identification:_identify(.) by extension 'python_setup_py'
[8.557s] Level 1:colcon.colcon_core.package_identification:_identify(build) by extensions ['ignore', 'ignore_ament_install']
[8.557s] Level 1:colcon.colcon_core.package_identification:_identify(build) by extension 'ignore'
[8.558s] Level 1:colcon.colcon_core.package_identification:_identify(build) ignored
[8.559s] Level 1:colcon.colcon_core.package_identification:_identify(install) by extensions ['ignore', 'ignore_ament_install']
[8.560s] Level 1:colcon.colcon_core.package_identification:_identify(install) by extension 'ignore'
[8.560s] Level 1:colcon.colcon_core.package_identification:_identify(install) ignored
[8.561s] Level 1:colcon.colcon_core.package_identification:_identify(log) by extensions ['ignore', 'ignore_ament_install']
[8.562s] Level 1:colcon.colcon_core.package_identification:_identify(log) by extension 'ignore'
[8.562s] Level 1:colcon.colcon_core.package_identification:_identify(log) ignored
[8.562s] Level 1:colcon.colcon_core.package_identification:_identify(src) by extensions ['ignore', 'ignore_ament_install']
[8.563s] Level 1:colcon.colcon_core.package_identification:_identify(src) by extension 'ignore'
[8.563s] Level 1:colcon.colcon_core.package_identification:_identify(src) by extension 'ignore_ament_install'
[8.563s] Level 1:colcon.colcon_core.package_identification:_identify(src) by extensions ['colcon_pkg']
[8.564s] Level 1:colcon.colcon_core.package_identification:_identify(src) by extension 'colcon_pkg'
[8.564s] Level 1:colcon.colcon_core.package_identification:_identify(src) by extensions ['colcon_meta']
[8.564s] Level 1:colcon.colcon_core.package_identification:_identify(src) by extension 'colcon_meta'
[8.564s] Level 1:colcon.colcon_core.package_identification:_identify(src) by extensions ['ros']
[8.564s] Level 1:colcon.colcon_core.package_identification:_identify(src) by extension 'ros'
[8.565s] Level 1:colcon.colcon_core.package_identification:_identify(src) by extensions ['cmake', 'python']
[8.565s] Level 1:colcon.colcon_core.package_identification:_identify(src) by extension 'cmake'
[8.565s] Level 1:colcon.colcon_core.package_identification:_identify(src) by extension 'python'
[8.566s] Level 1:colcon.colcon_core.package_identification:_identify(src) by extensions ['python_setup_py']
[8.566s] Level 1:colcon.colcon_core.package_identification:_identify(src) by extension 'python_setup_py'
[8.566s] Level 1:colcon.colcon_core.package_identification:_identify(src/motion_control) by extensions ['ignore', 'ignore_ament_install']
[8.567s] Level 1:colcon.colcon_core.package_identification:_identify(src/motion_control) by extension 'ignore'
[8.567s] Level 1:colcon.colcon_core.package_identification:_identify(src/motion_control) by extension 'ignore_ament_install'
[8.568s] Level 1:colcon.colcon_core.package_identification:_identify(src/motion_control) by extensions ['colcon_pkg']
[8.568s] Level 1:colcon.colcon_core.package_identification:_identify(src/motion_control) by extension 'colcon_pkg'
[8.568s] Level 1:colcon.colcon_core.package_identification:_identify(src/motion_control) by extensions ['colcon_meta']
[8.568s] Level 1:colcon.colcon_core.package_identification:_identify(src/motion_control) by extension 'colcon_meta'
[8.569s] Level 1:colcon.colcon_core.package_identification:_identify(src/motion_control) by extensions ['ros']
[8.569s] Level 1:colcon.colcon_core.package_identification:_identify(src/motion_control) by extension 'ros'
[8.586s] DEBUG:colcon.colcon_core.package_identification:Package 'src/motion_control' with type 'ros.ament_cmake' and name 'motion_control'
[8.587s] Level 1:colcon.colcon_core.package_identification:_identify(src/oxbot_bringup) by extensions ['ignore', 'ignore_ament_install']
[8.587s] Level 1:colcon.colcon_core.package_identification:_identify(src/oxbot_bringup) by extension 'ignore'
[8.588s] Level 1:colcon.colcon_core.package_identification:_identify(src/oxbot_bringup) by extension 'ignore_ament_install'
[8.588s] Level 1:colcon.colcon_core.package_identification:_identify(src/oxbot_bringup) by extensions ['colcon_pkg']
[8.588s] Level 1:colcon.colcon_core.package_identification:_identify(src/oxbot_bringup) by extension 'colcon_pkg'
[8.589s] Level 1:colcon.colcon_core.package_identification:_identify(src/oxbot_bringup) by extensions ['colcon_meta']
[8.589s] Level 1:colcon.colcon_core.package_identification:_identify(src/oxbot_bringup) by extension 'colcon_meta'
[8.589s] Level 1:colcon.colcon_core.package_identification:_identify(src/oxbot_bringup) by extensions ['ros']
[8.589s] Level 1:colcon.colcon_core.package_identification:_identify(src/oxbot_bringup) by extension 'ros'
[8.595s] DEBUG:colcon.colcon_core.package_identification:Package 'src/oxbot_bringup' with type 'ros.ament_cmake' and name 'oxbot_bringup'
[8.595s] Level 1:colcon.colcon_core.package_identification:_identify(src/oxbot_config) by extensions ['ignore', 'ignore_ament_install']
[8.596s] Level 1:colcon.colcon_core.package_identification:_identify(src/oxbot_config) by extension 'ignore'
[8.596s] Level 1:colcon.colcon_core.package_identification:_identify(src/oxbot_config) by extension 'ignore_ament_install'
[8.597s] Level 1:colcon.colcon_core.package_identification:_identify(src/oxbot_config) by extensions ['colcon_pkg']
[8.597s] Level 1:colcon.colcon_core.package_identification:_identify(src/oxbot_config) by extension 'colcon_pkg'
[8.597s] Level 1:colcon.colcon_core.package_identification:_identify(src/oxbot_config) by extensions ['colcon_meta']
[8.597s] Level 1:colcon.colcon_core.package_identification:_identify(src/oxbot_config) by extension 'colcon_meta'
[8.598s] Level 1:colcon.colcon_core.package_identification:_identify(src/oxbot_config) by extensions ['ros']
[8.598s] Level 1:colcon.colcon_core.package_identification:_identify(src/oxbot_config) by extension 'ros'
[8.601s] DEBUG:colcon.colcon_core.package_identification:Package 'src/oxbot_config' with type 'ros.ament_cmake' and name 'oxbot_config'
[8.601s] Level 1:colcon.colcon_core.package_identification:_identify(src/oxbot_interfaces) by extensions ['ignore', 'ignore_ament_install']
[8.602s] Level 1:colcon.colcon_core.package_identification:_identify(src/oxbot_interfaces) by extension 'ignore'
[8.602s] Level 1:colcon.colcon_core.package_identification:_identify(src/oxbot_interfaces) by extension 'ignore_ament_install'
[8.603s] Level 1:colcon.colcon_core.package_identification:_identify(src/oxbot_interfaces) by extensions ['colcon_pkg']
[8.603s] Level 1:colcon.colcon_core.package_identification:_identify(src/oxbot_interfaces) by extension 'colcon_pkg'
[8.603s] Level 1:colcon.colcon_core.package_identification:_identify(src/oxbot_interfaces) by extensions ['colcon_meta']
[8.603s] Level 1:colcon.colcon_core.package_identification:_identify(src/oxbot_interfaces) by extension 'colcon_meta'
[8.604s] Level 1:colcon.colcon_core.package_identification:_identify(src/oxbot_interfaces) by extensions ['ros']
[8.604s] Level 1:colcon.colcon_core.package_identification:_identify(src/oxbot_interfaces) by extension 'ros'
[8.607s] DEBUG:colcon.colcon_core.package_identification:Package 'src/oxbot_interfaces' with type 'ros.ament_cmake' and name 'oxbot_interfaces'
[8.608s] Level 1:colcon.colcon_core.package_identification:_identify(src/oxbot_testing) by extensions ['ignore', 'ignore_ament_install']
[8.608s] Level 1:colcon.colcon_core.package_identification:_identify(src/oxbot_testing) by extension 'ignore'
[8.608s] Level 1:colcon.colcon_core.package_identification:_identify(src/oxbot_testing) by extension 'ignore_ament_install'
[8.609s] Level 1:colcon.colcon_core.package_identification:_identify(src/oxbot_testing) by extensions ['colcon_pkg']
[8.609s] Level 1:colcon.colcon_core.package_identification:_identify(src/oxbot_testing) by extension 'colcon_pkg'
[8.609s] Level 1:colcon.colcon_core.package_identification:_identify(src/oxbot_testing) by extensions ['colcon_meta']
[8.609s] Level 1:colcon.colcon_core.package_identification:_identify(src/oxbot_testing) by extension 'colcon_meta'
[8.610s] Level 1:colcon.colcon_core.package_identification:_identify(src/oxbot_testing) by extensions ['ros']
[8.610s] Level 1:colcon.colcon_core.package_identification:_identify(src/oxbot_testing) by extension 'ros'
[8.615s] DEBUG:colcon.colcon_core.package_identification:Package 'src/oxbot_testing' with type 'ros.ament_cmake' and name 'oxbot_testing'
[8.616s] Level 1:colcon.colcon_core.package_discovery:discover_packages(recursive) using defaults
[8.617s] Level 1:colcon.colcon_core.package_discovery:discover_packages(ignore) discover
[8.617s] Level 1:colcon.colcon_core.package_discovery:discover_packages(ignore) using defaults
[8.617s] Level 1:colcon.colcon_core.package_discovery:discover_packages(path) discover
[8.618s] Level 1:colcon.colcon_core.package_discovery:discover_packages(path) using defaults
[8.822s] INFO:colcon.colcon_core.package_selection:Skipping not selected package 'oxbot_bringup' in 'src/oxbot_bringup'
[8.822s] INFO:colcon.colcon_core.package_selection:Skipping not selected package 'oxbot_config' in 'src/oxbot_config'
[8.822s] INFO:colcon.colcon_core.package_selection:Skipping not selected package 'oxbot_interfaces' in 'src/oxbot_interfaces'
[8.823s] INFO:colcon.colcon_core.package_selection:Skipping not selected package 'motion_control' in 'src/motion_control'
[8.841s] Level 5:colcon.colcon_core.verb:set package 'oxbot_testing' build argument 'cmake_args' from command line to 'None'
[8.841s] Level 5:colcon.colcon_core.verb:set package 'oxbot_testing' build argument 'cmake_target' from command line to 'None'
[8.841s] Level 5:colcon.colcon_core.verb:set package 'oxbot_testing' build argument 'cmake_target_skip_unavailable' from command line to 'False'
[8.841s] Level 5:colcon.colcon_core.verb:set package 'oxbot_testing' build argument 'cmake_clean_cache' from command line to 'False'
[8.842s] Level 5:colcon.colcon_core.verb:set package 'oxbot_testing' build argument 'cmake_clean_first' from command line to 'False'
[8.842s] Level 5:colcon.colcon_core.verb:set package 'oxbot_testing' build argument 'cmake_force_configure' from command line to 'False'
[8.842s] Level 5:colcon.colcon_core.verb:set package 'oxbot_testing' build argument 'ament_cmake_args' from command line to 'None'
[8.842s] Level 5:colcon.colcon_core.verb:set package 'oxbot_testing' build argument 'catkin_cmake_args' from command line to 'None'
[8.842s] Level 5:colcon.colcon_core.verb:set package 'oxbot_testing' build argument 'catkin_skip_building_tests' from command line to 'False'
[8.843s] DEBUG:colcon.colcon_core.verb:Building package 'oxbot_testing' with the following arguments: {'ament_cmake_args': None, 'build_base': '/root/oxbot/src/ros2_ws/build/oxbot_testing', 'catkin_cmake_args': None, 'catkin_skip_building_tests': False, 'cmake_args': None, 'cmake_clean_cache': False, 'cmake_clean_first': False, 'cmake_force_configure': False, 'cmake_target': None, 'cmake_target_skip_unavailable': False, 'install_base': '/root/oxbot/src/ros2_ws/install/oxbot_testing', 'merge_install': False, 'path': '/root/oxbot/src/ros2_ws/src/oxbot_testing', 'symlink_install': False, 'test_result_base': None}
[8.858s] INFO:colcon.colcon_core.executor:Executing jobs using 'parallel' executor
[8.942s] DEBUG:colcon.colcon_parallel_executor.executor.parallel:run_until_complete
[8.943s] INFO:colcon.colcon_ros.task.ament_cmake.build:Building ROS package in '/root/oxbot/src/ros2_ws/src/oxbot_testing' with build type 'ament_cmake'
[8.944s] INFO:colcon.colcon_cmake.task.cmake.build:Building CMake package in '/root/oxbot/src/ros2_ws/src/oxbot_testing'
[8.999s] INFO:colcon.colcon_core.plugin_system:Skipping extension 'colcon_core.shell.bat': Not used on non-Windows systems
[9.001s] INFO:colcon.colcon_core.shell:Skip shell extension 'powershell' for command environment: Not usable outside of PowerShell
[9.001s] DEBUG:colcon.colcon_core.shell:Skip shell extension 'dsv' for command environment
[9.147s] DEBUG:colcon.colcon_core.event_handler.log_command:Invoking command in '/root/oxbot/src/ros2_ws/build/oxbot_testing': /usr/local/bin/cmake --build /root/oxbot/src/ros2_ws/build/oxbot_testing -- -j4 -l4
[49.526s] DEBUG:colcon.colcon_core.event_handler.log_command:Invoked command in '/root/oxbot/src/ros2_ws/build/oxbot_testing' returned '0': /usr/local/bin/cmake --build /root/oxbot/src/ros2_ws/build/oxbot_testing -- -j4 -l4
[49.972s] DEBUG:colcon.colcon_core.event_handler.log_command:Invoking command in '/root/oxbot/src/ros2_ws/build/oxbot_testing': /usr/local/bin/cmake --install /root/oxbot/src/ros2_ws/build/oxbot_testing
[50.189s] Level 1:colcon.colcon_core.environment:create_environment_scripts_only(oxbot_testing)
[50.191s] DEBUG:colcon.colcon_core.event_handler.log_command:Invoked command in '/root/oxbot/src/ros2_ws/build/oxbot_testing' returned '0': /usr/local/bin/cmake --install /root/oxbot/src/ros2_ws/build/oxbot_testing
[50.273s] Level 1:colcon.colcon_core.environment:checking '/root/oxbot/src/ros2_ws/install/oxbot_testing' for CMake module files
[50.277s] Level 1:colcon.colcon_core.environment:checking '/root/oxbot/src/ros2_ws/install/oxbot_testing' for CMake config files
[50.279s] Level 1:colcon.colcon_core.shell:create_environment_hook('oxbot_testing', 'cmake_prefix_path')
[50.318s] INFO:colcon.colcon_core.shell:Creating environment hook '/root/oxbot/src/ros2_ws/install/oxbot_testing/share/oxbot_testing/hook/cmake_prefix_path.ps1'
[50.322s] INFO:colcon.colcon_core.shell:Creating environment descriptor '/root/oxbot/src/ros2_ws/install/oxbot_testing/share/oxbot_testing/hook/cmake_prefix_path.dsv'
[50.325s] INFO:colcon.colcon_core.shell:Creating environment hook '/root/oxbot/src/ros2_ws/install/oxbot_testing/share/oxbot_testing/hook/cmake_prefix_path.sh'
[50.331s] Level 1:colcon.colcon_core.environment:checking '/root/oxbot/src/ros2_ws/install/oxbot_testing/lib'
[50.332s] Level 1:colcon.colcon_core.environment:checking '/root/oxbot/src/ros2_ws/install/oxbot_testing/bin'
[50.332s] Level 1:colcon.colcon_core.environment:checking '/root/oxbot/src/ros2_ws/install/oxbot_testing/lib/pkgconfig/oxbot_testing.pc'
[50.333s] Level 1:colcon.colcon_core.environment:checking '/root/oxbot/src/ros2_ws/install/oxbot_testing/lib/python3.6/site-packages'
[50.334s] Level 1:colcon.colcon_core.environment:checking '/root/oxbot/src/ros2_ws/install/oxbot_testing/bin'
[50.374s] INFO:colcon.colcon_core.shell:Creating package script '/root/oxbot/src/ros2_ws/install/oxbot_testing/share/oxbot_testing/package.ps1'
[50.379s] INFO:colcon.colcon_core.shell:Creating package descriptor '/root/oxbot/src/ros2_ws/install/oxbot_testing/share/oxbot_testing/package.dsv'
[50.382s] INFO:colcon.colcon_core.shell:Creating package script '/root/oxbot/src/ros2_ws/install/oxbot_testing/share/oxbot_testing/package.sh'
[50.387s] INFO:colcon.colcon_core.shell:Creating package script '/root/oxbot/src/ros2_ws/install/oxbot_testing/share/oxbot_testing/package.bash'
[50.392s] INFO:colcon.colcon_core.shell:Creating package script '/root/oxbot/src/ros2_ws/install/oxbot_testing/share/oxbot_testing/package.zsh'
[50.396s] Level 1:colcon.colcon_core.environment:create_file_with_runtime_dependencies(/root/oxbot/src/ros2_ws/install/oxbot_testing/share/colcon-core/packages/oxbot_testing)
[50.702s] Level 1:colcon.colcon_core.environment:create_environment_scripts_only(oxbot_testing)
[50.759s] Level 1:colcon.colcon_core.environment:checking '/root/oxbot/src/ros2_ws/install/oxbot_testing' for CMake module files
[50.762s] Level 1:colcon.colcon_core.environment:checking '/root/oxbot/src/ros2_ws/install/oxbot_testing' for CMake config files
[50.764s] Level 1:colcon.colcon_core.shell:create_environment_hook('oxbot_testing', 'cmake_prefix_path')
[50.806s] INFO:colcon.colcon_core.shell:Creating environment hook '/root/oxbot/src/ros2_ws/install/oxbot_testing/share/oxbot_testing/hook/cmake_prefix_path.ps1'
[50.809s] INFO:colcon.colcon_core.shell:Creating environment descriptor '/root/oxbot/src/ros2_ws/install/oxbot_testing/share/oxbot_testing/hook/cmake_prefix_path.dsv'
[50.810s] INFO:colcon.colcon_core.shell:Creating environment hook '/root/oxbot/src/ros2_ws/install/oxbot_testing/share/oxbot_testing/hook/cmake_prefix_path.sh'
[50.814s] Level 1:colcon.colcon_core.environment:checking '/root/oxbot/src/ros2_ws/install/oxbot_testing/lib'
[50.815s] Level 1:colcon.colcon_core.environment:checking '/root/oxbot/src/ros2_ws/install/oxbot_testing/bin'
[50.816s] Level 1:colcon.colcon_core.environment:checking '/root/oxbot/src/ros2_ws/install/oxbot_testing/lib/pkgconfig/oxbot_testing.pc'
[50.817s] Level 1:colcon.colcon_core.environment:checking '/root/oxbot/src/ros2_ws/install/oxbot_testing/lib/python3.6/site-packages'
[50.818s] Level 1:colcon.colcon_core.environment:checking '/root/oxbot/src/ros2_ws/install/oxbot_testing/bin'
[50.861s] INFO:colcon.colcon_core.shell:Creating package script '/root/oxbot/src/ros2_ws/install/oxbot_testing/share/oxbot_testing/package.ps1'
[50.864s] INFO:colcon.colcon_core.shell:Creating package descriptor '/root/oxbot/src/ros2_ws/install/oxbot_testing/share/oxbot_testing/package.dsv'
[50.867s] INFO:colcon.colcon_core.shell:Creating package script '/root/oxbot/src/ros2_ws/install/oxbot_testing/share/oxbot_testing/package.sh'
[50.869s] INFO:colcon.colcon_core.shell:Creating package script '/root/oxbot/src/ros2_ws/install/oxbot_testing/share/oxbot_testing/package.bash'
[50.871s] INFO:colcon.colcon_core.shell:Creating package script '/root/oxbot/src/ros2_ws/install/oxbot_testing/share/oxbot_testing/package.zsh'
[50.873s] Level 1:colcon.colcon_core.environment:create_file_with_runtime_dependencies(/root/oxbot/src/ros2_ws/install/oxbot_testing/share/colcon-core/packages/oxbot_testing)
[50.875s] DEBUG:colcon.colcon_parallel_executor.executor.parallel:closing loop
[50.877s] DEBUG:colcon.colcon_parallel_executor.executor.parallel:loop closed
[50.878s] DEBUG:colcon.colcon_parallel_executor.executor.parallel:run_until_complete finished with '0'
[50.878s] DEBUG:colcon.colcon_core.event_reactor:joining thread
[50.933s] INFO:colcon.colcon_core.plugin_system:Skipping extension 'colcon_notification.desktop_notification.notify_send': Could not find 'notify-send'
[50.934s] INFO:colcon.colcon_core.plugin_system:Skipping extension 'colcon_notification.desktop_notification.terminal_notifier': Not used on non-Darwin systems
[50.934s] INFO:colcon.colcon_core.plugin_system:Skipping extension 'colcon_notification.desktop_notification.win32': Not used on non-Windows systems
[50.935s] INFO:colcon.colcon_notification.desktop_notification:Sending desktop notification using 'notify2'
[50.941s] DEBUG:colcon.colcon_notification.desktop_notification.notify2:Failed to initialize notify2: org.freedesktop.DBus.Error.Spawn.ExecFailed: /usr/bin/dbus-launch terminated abnormally without any error message
[50.942s] DEBUG:colcon.colcon_core.event_reactor:joined thread
[50.986s] INFO:colcon.colcon_core.shell:Creating prefix script '/root/oxbot/src/ros2_ws/install/local_setup.ps1'
[50.993s] INFO:colcon.colcon_core.shell:Creating prefix util module '/root/oxbot/src/ros2_ws/install/_local_setup_util_ps1.py'
[51.003s] INFO:colcon.colcon_core.shell:Creating prefix chain script '/root/oxbot/src/ros2_ws/install/setup.ps1'
[51.020s] INFO:colcon.colcon_core.shell:Creating prefix script '/root/oxbot/src/ros2_ws/install/local_setup.sh'
[51.023s] INFO:colcon.colcon_core.shell:Creating prefix util module '/root/oxbot/src/ros2_ws/install/_local_setup_util_sh.py'
[51.026s] INFO:colcon.colcon_core.shell:Creating prefix chain script '/root/oxbot/src/ros2_ws/install/setup.sh'
[51.041s] INFO:colcon.colcon_core.shell:Creating prefix script '/root/oxbot/src/ros2_ws/install/local_setup.bash'
[51.044s] INFO:colcon.colcon_core.shell:Creating prefix chain script '/root/oxbot/src/ros2_ws/install/setup.bash'
[51.058s] INFO:colcon.colcon_core.shell:Creating prefix script '/root/oxbot/src/ros2_ws/install/local_setup.zsh'
[51.061s] INFO:colcon.colcon_core.shell:Creating prefix chain script '/root/oxbot/src/ros2_ws/install/setup.zsh'
