[2.782s] DEBUG:colcon:Command line arguments: ['/usr/bin/colcon', 'build', '--packages-select', 'oxbot_bringup', '--symlink-install']
[2.782s] DEBUG:colcon:Parsed command line arguments: Namespace(ament_cmake_args=None, base_paths=['.'], build_base='build', catkin_cmake_args=None, catkin_skip_building_tests=False, cmake_args=None, cmake_clean_cache=False, cmake_clean_first=False, cmake_force_configure=False, cmake_target=None, cmake_target_skip_unavailable=False, continue_on_error=False, event_handlers=None, executor='parallel', ignore_user_meta=False, install_base='install', log_base=None, log_level=None, main=<bound method BuildVerb.main of <colcon_core.verb.build.BuildVerb object at 0x7f82c4f780>>, merge_install=False, metas=['./colcon.meta'], packages_above=None, packages_above_and_dependencies=None, packages_above_depth=None, packages_end=None, packages_ignore=None, packages_ignore_regex=None, packages_select=['oxbot_bringup'], packages_select_build_failed=False, packages_select_by_dep=None, packages_select_regex=None, packages_select_test_failures=False, packages_skip=None, packages_skip_build_finished=False, packages_skip_by_dep=None, packages_skip_regex=None, packages_skip_test_passed=False, packages_skip_up_to=None, packages_start=None, packages_up_to=None, packages_up_to_regex=None, parallel_workers=4, paths=None, symlink_install=True, test_result_base=None, verb_extension=<colcon_core.verb.build.BuildVerb object at 0x7f82c4f780>, verb_name='build', verb_parser=<colcon_defaults.argument_parser.defaults.DefaultArgumentsDecorator object at 0x7f82a3e0b8>)
[2.975s] Level 1:colcon.colcon_core.package_discovery:discover_packages(colcon_meta) check parameters
[2.975s] Level 1:colcon.colcon_core.package_discovery:discover_packages(recursive) check parameters
[2.976s] Level 1:colcon.colcon_core.package_discovery:discover_packages(ignore) check parameters
[2.976s] Level 1:colcon.colcon_core.package_discovery:discover_packages(path) check parameters
[2.976s] Level 1:colcon.colcon_core.package_discovery:discover_packages(colcon_meta) discover
[2.977s] Level 1:colcon.colcon_core.package_discovery:discover_packages(recursive) discover
[2.978s] INFO:colcon.colcon_core.package_discovery:Crawling recursively for packages in '/root/oxbot/src/ros2_ws'
[2.978s] Level 1:colcon.colcon_core.package_identification:_identify(.) by extensions ['ignore', 'ignore_ament_install']
[2.978s] Level 1:colcon.colcon_core.package_identification:_identify(.) by extension 'ignore'
[2.979s] Level 1:colcon.colcon_core.package_identification:_identify(.) by extension 'ignore_ament_install'
[2.979s] Level 1:colcon.colcon_core.package_identification:_identify(.) by extensions ['colcon_pkg']
[2.979s] Level 1:colcon.colcon_core.package_identification:_identify(.) by extension 'colcon_pkg'
[2.980s] Level 1:colcon.colcon_core.package_identification:_identify(.) by extensions ['colcon_meta']
[2.980s] Level 1:colcon.colcon_core.package_identification:_identify(.) by extension 'colcon_meta'
[2.980s] Level 1:colcon.colcon_core.package_identification:_identify(.) by extensions ['ros']
[2.980s] Level 1:colcon.colcon_core.package_identification:_identify(.) by extension 'ros'
[3.165s] Level 1:colcon.colcon_core.package_identification:_identify(.) by extensions ['cmake', 'python']
[3.166s] Level 1:colcon.colcon_core.package_identification:_identify(.) by extension 'cmake'
[3.166s] Level 1:colcon.colcon_core.package_identification:_identify(.) by extension 'python'
[3.166s] Level 1:colcon.colcon_core.package_identification:_identify(.) by extensions ['python_setup_py']
[3.166s] Level 1:colcon.colcon_core.package_identification:_identify(.) by extension 'python_setup_py'
[3.167s] Level 1:colcon.colcon_core.package_identification:_identify(build) by extensions ['ignore', 'ignore_ament_install']
[3.168s] Level 1:colcon.colcon_core.package_identification:_identify(build) by extension 'ignore'
[3.168s] Level 1:colcon.colcon_core.package_identification:_identify(build) ignored
[3.170s] Level 1:colcon.colcon_core.package_identification:_identify(install) by extensions ['ignore', 'ignore_ament_install']
[3.170s] Level 1:colcon.colcon_core.package_identification:_identify(install) by extension 'ignore'
[3.170s] Level 1:colcon.colcon_core.package_identification:_identify(install) ignored
[3.171s] Level 1:colcon.colcon_core.package_identification:_identify(log) by extensions ['ignore', 'ignore_ament_install']
[3.172s] Level 1:colcon.colcon_core.package_identification:_identify(log) by extension 'ignore'
[3.172s] Level 1:colcon.colcon_core.package_identification:_identify(log) ignored
[3.172s] Level 1:colcon.colcon_core.package_identification:_identify(src) by extensions ['ignore', 'ignore_ament_install']
[3.173s] Level 1:colcon.colcon_core.package_identification:_identify(src) by extension 'ignore'
[3.173s] Level 1:colcon.colcon_core.package_identification:_identify(src) by extension 'ignore_ament_install'
[3.173s] Level 1:colcon.colcon_core.package_identification:_identify(src) by extensions ['colcon_pkg']
[3.174s] Level 1:colcon.colcon_core.package_identification:_identify(src) by extension 'colcon_pkg'
[3.174s] Level 1:colcon.colcon_core.package_identification:_identify(src) by extensions ['colcon_meta']
[3.174s] Level 1:colcon.colcon_core.package_identification:_identify(src) by extension 'colcon_meta'
[3.174s] Level 1:colcon.colcon_core.package_identification:_identify(src) by extensions ['ros']
[3.175s] Level 1:colcon.colcon_core.package_identification:_identify(src) by extension 'ros'
[3.175s] Level 1:colcon.colcon_core.package_identification:_identify(src) by extensions ['cmake', 'python']
[3.175s] Level 1:colcon.colcon_core.package_identification:_identify(src) by extension 'cmake'
[3.176s] Level 1:colcon.colcon_core.package_identification:_identify(src) by extension 'python'
[3.176s] Level 1:colcon.colcon_core.package_identification:_identify(src) by extensions ['python_setup_py']
[3.176s] Level 1:colcon.colcon_core.package_identification:_identify(src) by extension 'python_setup_py'
[3.176s] Level 1:colcon.colcon_core.package_identification:_identify(src/motion_control) by extensions ['ignore', 'ignore_ament_install']
[3.177s] Level 1:colcon.colcon_core.package_identification:_identify(src/motion_control) by extension 'ignore'
[3.177s] Level 1:colcon.colcon_core.package_identification:_identify(src/motion_control) by extension 'ignore_ament_install'
[3.178s] Level 1:colcon.colcon_core.package_identification:_identify(src/motion_control) by extensions ['colcon_pkg']
[3.178s] Level 1:colcon.colcon_core.package_identification:_identify(src/motion_control) by extension 'colcon_pkg'
[3.178s] Level 1:colcon.colcon_core.package_identification:_identify(src/motion_control) by extensions ['colcon_meta']
[3.178s] Level 1:colcon.colcon_core.package_identification:_identify(src/motion_control) by extension 'colcon_meta'
[3.178s] Level 1:colcon.colcon_core.package_identification:_identify(src/motion_control) by extensions ['ros']
[3.179s] Level 1:colcon.colcon_core.package_identification:_identify(src/motion_control) by extension 'ros'
[3.191s] DEBUG:colcon.colcon_core.package_identification:Package 'src/motion_control' with type 'ros.ament_cmake' and name 'motion_control'
[3.192s] Level 1:colcon.colcon_core.package_identification:_identify(src/oxbot_bringup) by extensions ['ignore', 'ignore_ament_install']
[3.193s] Level 1:colcon.colcon_core.package_identification:_identify(src/oxbot_bringup) by extension 'ignore'
[3.193s] Level 1:colcon.colcon_core.package_identification:_identify(src/oxbot_bringup) by extension 'ignore_ament_install'
[3.193s] Level 1:colcon.colcon_core.package_identification:_identify(src/oxbot_bringup) by extensions ['colcon_pkg']
[3.193s] Level 1:colcon.colcon_core.package_identification:_identify(src/oxbot_bringup) by extension 'colcon_pkg'
[3.194s] Level 1:colcon.colcon_core.package_identification:_identify(src/oxbot_bringup) by extensions ['colcon_meta']
[3.194s] Level 1:colcon.colcon_core.package_identification:_identify(src/oxbot_bringup) by extension 'colcon_meta'
[3.194s] Level 1:colcon.colcon_core.package_identification:_identify(src/oxbot_bringup) by extensions ['ros']
[3.194s] Level 1:colcon.colcon_core.package_identification:_identify(src/oxbot_bringup) by extension 'ros'
[3.197s] DEBUG:colcon.colcon_core.package_identification:Package 'src/oxbot_bringup' with type 'ros.ament_cmake' and name 'oxbot_bringup'
[3.197s] Level 1:colcon.colcon_core.package_identification:_identify(src/oxbot_interfaces) by extensions ['ignore', 'ignore_ament_install']
[3.198s] Level 1:colcon.colcon_core.package_identification:_identify(src/oxbot_interfaces) by extension 'ignore'
[3.198s] Level 1:colcon.colcon_core.package_identification:_identify(src/oxbot_interfaces) by extension 'ignore_ament_install'
[3.198s] Level 1:colcon.colcon_core.package_identification:_identify(src/oxbot_interfaces) by extensions ['colcon_pkg']
[3.199s] Level 1:colcon.colcon_core.package_identification:_identify(src/oxbot_interfaces) by extension 'colcon_pkg'
[3.199s] Level 1:colcon.colcon_core.package_identification:_identify(src/oxbot_interfaces) by extensions ['colcon_meta']
[3.199s] Level 1:colcon.colcon_core.package_identification:_identify(src/oxbot_interfaces) by extension 'colcon_meta'
[3.199s] Level 1:colcon.colcon_core.package_identification:_identify(src/oxbot_interfaces) by extensions ['ros']
[3.200s] Level 1:colcon.colcon_core.package_identification:_identify(src/oxbot_interfaces) by extension 'ros'
[3.202s] DEBUG:colcon.colcon_core.package_identification:Package 'src/oxbot_interfaces' with type 'ros.ament_cmake' and name 'oxbot_interfaces'
[3.202s] Level 1:colcon.colcon_core.package_discovery:discover_packages(recursive) using defaults
[3.203s] Level 1:colcon.colcon_core.package_discovery:discover_packages(ignore) discover
[3.204s] Level 1:colcon.colcon_core.package_discovery:discover_packages(ignore) using defaults
[3.204s] Level 1:colcon.colcon_core.package_discovery:discover_packages(path) discover
[3.204s] Level 1:colcon.colcon_core.package_discovery:discover_packages(path) using defaults
[3.398s] INFO:colcon.colcon_core.package_selection:Skipping not selected package 'oxbot_interfaces' in 'src/oxbot_interfaces'
[3.398s] INFO:colcon.colcon_core.package_selection:Skipping not selected package 'motion_control' in 'src/motion_control'
[3.418s] Level 5:colcon.colcon_core.verb:set package 'oxbot_bringup' build argument 'cmake_args' from command line to 'None'
[3.418s] Level 5:colcon.colcon_core.verb:set package 'oxbot_bringup' build argument 'cmake_target' from command line to 'None'
[3.418s] Level 5:colcon.colcon_core.verb:set package 'oxbot_bringup' build argument 'cmake_target_skip_unavailable' from command line to 'False'
[3.419s] Level 5:colcon.colcon_core.verb:set package 'oxbot_bringup' build argument 'cmake_clean_cache' from command line to 'False'
[3.419s] Level 5:colcon.colcon_core.verb:set package 'oxbot_bringup' build argument 'cmake_clean_first' from command line to 'False'
[3.419s] Level 5:colcon.colcon_core.verb:set package 'oxbot_bringup' build argument 'cmake_force_configure' from command line to 'False'
[3.419s] Level 5:colcon.colcon_core.verb:set package 'oxbot_bringup' build argument 'ament_cmake_args' from command line to 'None'
[3.419s] Level 5:colcon.colcon_core.verb:set package 'oxbot_bringup' build argument 'catkin_cmake_args' from command line to 'None'
[3.419s] Level 5:colcon.colcon_core.verb:set package 'oxbot_bringup' build argument 'catkin_skip_building_tests' from command line to 'False'
[3.420s] DEBUG:colcon.colcon_core.verb:Building package 'oxbot_bringup' with the following arguments: {'ament_cmake_args': None, 'build_base': '/root/oxbot/src/ros2_ws/build/oxbot_bringup', 'catkin_cmake_args': None, 'catkin_skip_building_tests': False, 'cmake_args': None, 'cmake_clean_cache': False, 'cmake_clean_first': False, 'cmake_force_configure': False, 'cmake_target': None, 'cmake_target_skip_unavailable': False, 'install_base': '/root/oxbot/src/ros2_ws/install/oxbot_bringup', 'merge_install': False, 'path': '/root/oxbot/src/ros2_ws/src/oxbot_bringup', 'symlink_install': True, 'test_result_base': None}
[3.436s] INFO:colcon.colcon_core.executor:Executing jobs using 'parallel' executor
[3.524s] DEBUG:colcon.colcon_parallel_executor.executor.parallel:run_until_complete
[3.525s] INFO:colcon.colcon_ros.task.ament_cmake.build:Building ROS package in '/root/oxbot/src/ros2_ws/src/oxbot_bringup' with build type 'ament_cmake'
[3.525s] INFO:colcon.colcon_cmake.task.cmake.build:Building CMake package in '/root/oxbot/src/ros2_ws/src/oxbot_bringup'
[3.585s] INFO:colcon.colcon_core.plugin_system:Skipping extension 'colcon_core.shell.bat': Not used on non-Windows systems
[3.586s] INFO:colcon.colcon_core.shell:Skip shell extension 'powershell' for command environment: Not usable outside of PowerShell
[3.587s] DEBUG:colcon.colcon_core.shell:Skip shell extension 'dsv' for command environment
[3.701s] DEBUG:colcon.colcon_core.event_handler.log_command:Invoking command in '/root/oxbot/src/ros2_ws/build/oxbot_bringup': /usr/local/bin/cmake /root/oxbot/src/ros2_ws/src/oxbot_bringup -DAMENT_CMAKE_SYMLINK_INSTALL=1 -DCMAKE_INSTALL_PREFIX=/root/oxbot/src/ros2_ws/install/oxbot_bringup
[10.734s] DEBUG:colcon.colcon_core.event_handler.log_command:Invoked command in '/root/oxbot/src/ros2_ws/build/oxbot_bringup' returned '0': /usr/local/bin/cmake /root/oxbot/src/ros2_ws/src/oxbot_bringup -DAMENT_CMAKE_SYMLINK_INSTALL=1 -DCMAKE_INSTALL_PREFIX=/root/oxbot/src/ros2_ws/install/oxbot_bringup
[10.744s] DEBUG:colcon.colcon_core.event_handler.log_command:Invoking command in '/root/oxbot/src/ros2_ws/build/oxbot_bringup': /usr/local/bin/cmake --build /root/oxbot/src/ros2_ws/build/oxbot_bringup -- -j4 -l4
[10.954s] DEBUG:colcon.colcon_core.event_handler.log_command:Invoked command in '/root/oxbot/src/ros2_ws/build/oxbot_bringup' returned '0': /usr/local/bin/cmake --build /root/oxbot/src/ros2_ws/build/oxbot_bringup -- -j4 -l4
[11.350s] DEBUG:colcon.colcon_core.event_handler.log_command:Invoking command in '/root/oxbot/src/ros2_ws/build/oxbot_bringup': /usr/local/bin/cmake --install /root/oxbot/src/ros2_ws/build/oxbot_bringup
[11.662s] Level 1:colcon.colcon_core.environment:create_environment_scripts_only(oxbot_bringup)
[11.674s] DEBUG:colcon.colcon_core.event_handler.log_command:Invoked command in '/root/oxbot/src/ros2_ws/build/oxbot_bringup' returned '0': /usr/local/bin/cmake --install /root/oxbot/src/ros2_ws/build/oxbot_bringup
[11.734s] Level 1:colcon.colcon_core.environment:checking '/root/oxbot/src/ros2_ws/install/oxbot_bringup' for CMake module files
[11.737s] Level 1:colcon.colcon_core.environment:checking '/root/oxbot/src/ros2_ws/install/oxbot_bringup' for CMake config files
[11.739s] Level 1:colcon.colcon_core.shell:create_environment_hook('oxbot_bringup', 'cmake_prefix_path')
[11.776s] INFO:colcon.colcon_core.shell:Creating environment hook '/root/oxbot/src/ros2_ws/install/oxbot_bringup/share/oxbot_bringup/hook/cmake_prefix_path.ps1'
[11.779s] INFO:colcon.colcon_core.shell:Creating environment descriptor '/root/oxbot/src/ros2_ws/install/oxbot_bringup/share/oxbot_bringup/hook/cmake_prefix_path.dsv'
[11.782s] INFO:colcon.colcon_core.shell:Creating environment hook '/root/oxbot/src/ros2_ws/install/oxbot_bringup/share/oxbot_bringup/hook/cmake_prefix_path.sh'
[11.788s] Level 1:colcon.colcon_core.environment:checking '/root/oxbot/src/ros2_ws/install/oxbot_bringup/bin'
[11.789s] Level 1:colcon.colcon_core.environment:checking '/root/oxbot/src/ros2_ws/install/oxbot_bringup/lib/pkgconfig/oxbot_bringup.pc'
[11.790s] Level 1:colcon.colcon_core.environment:checking '/root/oxbot/src/ros2_ws/install/oxbot_bringup/lib/python3.6/site-packages'
[11.791s] Level 1:colcon.colcon_core.environment:checking '/root/oxbot/src/ros2_ws/install/oxbot_bringup/bin'
[11.837s] INFO:colcon.colcon_core.shell:Creating package script '/root/oxbot/src/ros2_ws/install/oxbot_bringup/share/oxbot_bringup/package.ps1'
[11.842s] INFO:colcon.colcon_core.shell:Creating package descriptor '/root/oxbot/src/ros2_ws/install/oxbot_bringup/share/oxbot_bringup/package.dsv'
[11.846s] INFO:colcon.colcon_core.shell:Creating package script '/root/oxbot/src/ros2_ws/install/oxbot_bringup/share/oxbot_bringup/package.sh'
[11.851s] INFO:colcon.colcon_core.shell:Creating package script '/root/oxbot/src/ros2_ws/install/oxbot_bringup/share/oxbot_bringup/package.bash'
[11.856s] INFO:colcon.colcon_core.shell:Creating package script '/root/oxbot/src/ros2_ws/install/oxbot_bringup/share/oxbot_bringup/package.zsh'
[11.861s] Level 1:colcon.colcon_core.environment:create_file_with_runtime_dependencies(/root/oxbot/src/ros2_ws/install/oxbot_bringup/share/colcon-core/packages/oxbot_bringup)
[12.117s] Level 1:colcon.colcon_core.environment:create_environment_scripts_only(oxbot_bringup)
[12.175s] Level 1:colcon.colcon_core.environment:checking '/root/oxbot/src/ros2_ws/install/oxbot_bringup' for CMake module files
[12.179s] Level 1:colcon.colcon_core.environment:checking '/root/oxbot/src/ros2_ws/install/oxbot_bringup' for CMake config files
[12.181s] Level 1:colcon.colcon_core.shell:create_environment_hook('oxbot_bringup', 'cmake_prefix_path')
[12.218s] INFO:colcon.colcon_core.shell:Creating environment hook '/root/oxbot/src/ros2_ws/install/oxbot_bringup/share/oxbot_bringup/hook/cmake_prefix_path.ps1'
[12.220s] INFO:colcon.colcon_core.shell:Creating environment descriptor '/root/oxbot/src/ros2_ws/install/oxbot_bringup/share/oxbot_bringup/hook/cmake_prefix_path.dsv'
[12.222s] INFO:colcon.colcon_core.shell:Creating environment hook '/root/oxbot/src/ros2_ws/install/oxbot_bringup/share/oxbot_bringup/hook/cmake_prefix_path.sh'
[12.227s] Level 1:colcon.colcon_core.environment:checking '/root/oxbot/src/ros2_ws/install/oxbot_bringup/bin'
[12.227s] Level 1:colcon.colcon_core.environment:checking '/root/oxbot/src/ros2_ws/install/oxbot_bringup/lib/pkgconfig/oxbot_bringup.pc'
[12.228s] Level 1:colcon.colcon_core.environment:checking '/root/oxbot/src/ros2_ws/install/oxbot_bringup/lib/python3.6/site-packages'
[12.229s] Level 1:colcon.colcon_core.environment:checking '/root/oxbot/src/ros2_ws/install/oxbot_bringup/bin'
[12.268s] INFO:colcon.colcon_core.shell:Creating package script '/root/oxbot/src/ros2_ws/install/oxbot_bringup/share/oxbot_bringup/package.ps1'
[12.271s] INFO:colcon.colcon_core.shell:Creating package descriptor '/root/oxbot/src/ros2_ws/install/oxbot_bringup/share/oxbot_bringup/package.dsv'
[12.274s] INFO:colcon.colcon_core.shell:Creating package script '/root/oxbot/src/ros2_ws/install/oxbot_bringup/share/oxbot_bringup/package.sh'
[12.276s] INFO:colcon.colcon_core.shell:Creating package script '/root/oxbot/src/ros2_ws/install/oxbot_bringup/share/oxbot_bringup/package.bash'
[12.278s] INFO:colcon.colcon_core.shell:Creating package script '/root/oxbot/src/ros2_ws/install/oxbot_bringup/share/oxbot_bringup/package.zsh'
[12.280s] Level 1:colcon.colcon_core.environment:create_file_with_runtime_dependencies(/root/oxbot/src/ros2_ws/install/oxbot_bringup/share/colcon-core/packages/oxbot_bringup)
[12.281s] DEBUG:colcon.colcon_parallel_executor.executor.parallel:closing loop
[12.284s] DEBUG:colcon.colcon_parallel_executor.executor.parallel:loop closed
[12.285s] DEBUG:colcon.colcon_parallel_executor.executor.parallel:run_until_complete finished with '0'
[12.285s] DEBUG:colcon.colcon_core.event_reactor:joining thread
[12.313s] INFO:colcon.colcon_core.plugin_system:Skipping extension 'colcon_notification.desktop_notification.notify_send': Could not find 'notify-send'
[12.314s] INFO:colcon.colcon_core.plugin_system:Skipping extension 'colcon_notification.desktop_notification.terminal_notifier': Not used on non-Darwin systems
[12.314s] INFO:colcon.colcon_core.plugin_system:Skipping extension 'colcon_notification.desktop_notification.win32': Not used on non-Windows systems
[12.314s] INFO:colcon.colcon_notification.desktop_notification:Sending desktop notification using 'notify2'
[12.320s] DEBUG:colcon.colcon_notification.desktop_notification.notify2:Failed to initialize notify2: org.freedesktop.DBus.Error.Spawn.ExecFailed: /usr/bin/dbus-launch terminated abnormally without any error message
[12.321s] DEBUG:colcon.colcon_core.event_reactor:joined thread
[12.359s] INFO:colcon.colcon_core.shell:Creating prefix script '/root/oxbot/src/ros2_ws/install/local_setup.ps1'
[12.364s] INFO:colcon.colcon_core.shell:Creating prefix util module '/root/oxbot/src/ros2_ws/install/_local_setup_util_ps1.py'
[12.375s] INFO:colcon.colcon_core.shell:Creating prefix chain script '/root/oxbot/src/ros2_ws/install/setup.ps1'
[12.388s] INFO:colcon.colcon_core.shell:Creating prefix script '/root/oxbot/src/ros2_ws/install/local_setup.sh'
[12.391s] INFO:colcon.colcon_core.shell:Creating prefix util module '/root/oxbot/src/ros2_ws/install/_local_setup_util_sh.py'
[12.393s] INFO:colcon.colcon_core.shell:Creating prefix chain script '/root/oxbot/src/ros2_ws/install/setup.sh'
[12.408s] INFO:colcon.colcon_core.shell:Creating prefix script '/root/oxbot/src/ros2_ws/install/local_setup.bash'
[12.410s] INFO:colcon.colcon_core.shell:Creating prefix chain script '/root/oxbot/src/ros2_ws/install/setup.bash'
[12.424s] INFO:colcon.colcon_core.shell:Creating prefix script '/root/oxbot/src/ros2_ws/install/local_setup.zsh'
[12.427s] INFO:colcon.colcon_core.shell:Creating prefix chain script '/root/oxbot/src/ros2_ws/install/setup.zsh'
