[0.165s] Invoking command in '/root/oxbot/src/ros2_ws/build/oxbot_interfaces': /usr/local/bin/cmake --build /root/oxbot/src/ros2_ws/build/oxbot_interfaces -- -j4 -l4
[0.386s] -- Found ament_cmake: 1.3.5 (/opt/ros/humble/install/share/ament_cmake/cmake)
[1.672s] -- Found rosidl_default_generators: 1.2.0 (/opt/ros/humble/install/share/rosidl_default_generators/cmake)
[1.683s] -- Using all available rosidl_typesupport_c: rosidl_typesupport_fastrtps_c;rosidl_typesupport_introspection_c
[1.708s] -- Found rosidl_adapter: 3.1.5 (/opt/ros/humble/install/share/rosidl_adapter/cmake)
[1.945s] -- Using all available rosidl_typesupport_cpp: rosidl_typesupport_fastrtps_cpp;rosidl_typesupport_introspection_cpp
[4.448s] -- Found ament_cmake_ros: 0.10.0 (/opt/ros/humble/install/share/ament_cmake_ros/cmake)
[6.457s] -- Using all available rosidl_typesupport_c: rosidl_typesupport_fastrtps_c;rosidl_typesupport_introspection_c
[9.096s] -- Using all available rosidl_typesupport_cpp: rosidl_typesupport_fastrtps_cpp;rosidl_typesupport_introspection_cpp
[9.109s] [33mCMake Warning (dev) at /opt/ros/humble/install/share/rosidl_generator_py/cmake/rosidl_generator_py_generate_interfaces.cmake:20 (find_package):
[9.109s]   Policy CMP0148 is not set: The FindPythonInterp and FindPythonLibs modules
[9.110s]   are removed.  Run "cmake --help-policy CMP0148" for policy details.  Use
[9.110s]   the cmake_policy command to set the policy and suppress this warning.
[9.111s] 
[9.111s] Call Stack (most recent call first):
[9.112s]   /opt/ros/humble/install/share/ament_cmake_core/cmake/core/ament_execute_extensions.cmake:48 (include)
[9.112s]   /opt/ros/humble/install/share/rosidl_cmake/cmake/rosidl_generate_interfaces.cmake:286 (ament_execute_extensions)
[9.113s]   CMakeLists.txt:15 (rosidl_generate_interfaces)
[9.113s] This warning is for project developers.  Use -Wno-dev to suppress it.
[9.114s] [0m
[9.230s] -- Found python_cmake_module: 0.10.0 (/opt/ros/humble/install/share/python_cmake_module/cmake)
[9.234s] [33mCMake Warning (dev) at /opt/ros/humble/install/share/python_cmake_module/cmake/Modules/FindPythonExtra.cmake:52 (find_package):
[9.235s]   Policy CMP0148 is not set: The FindPythonInterp and FindPythonLibs modules
[9.236s]   are removed.  Run "cmake --help-policy CMP0148" for policy details.  Use
[9.236s]   the cmake_policy command to set the policy and suppress this warning.
[9.236s] 
[9.237s] Call Stack (most recent call first):
[9.237s]   /opt/ros/humble/install/share/rosidl_generator_py/cmake/rosidl_generator_py_generate_interfaces.cmake:23 (find_package)
[9.238s]   /opt/ros/humble/install/share/ament_cmake_core/cmake/core/ament_execute_extensions.cmake:48 (include)
[9.239s]   /opt/ros/humble/install/share/rosidl_cmake/cmake/rosidl_generate_interfaces.cmake:286 (ament_execute_extensions)
[9.239s]   CMakeLists.txt:15 (rosidl_generate_interfaces)
[9.239s] This warning is for project developers.  Use -Wno-dev to suppress it.
[9.240s] [0m
[9.340s] [33mCMake Warning (dev) at /opt/ros/humble/install/share/python_cmake_module/cmake/Modules/FindPythonExtra.cmake:140 (find_package):
[9.341s]   Policy CMP0148 is not set: The FindPythonInterp and FindPythonLibs modules
[9.341s]   are removed.  Run "cmake --help-policy CMP0148" for policy details.  Use
[9.342s]   the cmake_policy command to set the policy and suppress this warning.
[9.342s] 
[9.343s] Call Stack (most recent call first):
[9.343s]   /opt/ros/humble/install/share/rosidl_generator_py/cmake/rosidl_generator_py_generate_interfaces.cmake:23 (find_package)
[9.344s]   /opt/ros/humble/install/share/ament_cmake_core/cmake/core/ament_execute_extensions.cmake:48 (include)
[9.344s]   /opt/ros/humble/install/share/rosidl_cmake/cmake/rosidl_generate_interfaces.cmake:286 (ament_execute_extensions)
[9.345s]   CMakeLists.txt:15 (rosidl_generate_interfaces)
[9.345s] This warning is for project developers.  Use -Wno-dev to suppress it.
[9.346s] [0m
[9.354s] -- Using PYTHON_EXECUTABLE: /usr/bin/python3.6
[9.354s] -- Using PYTHON_INCLUDE_DIRS: /usr/include/python3.6m
[9.355s] -- Using PYTHON_LIBRARIES: /usr/lib/aarch64-linux-gnu/libpython3.6m.so
[10.426s] -- Using numpy include directory: /usr/local/lib/python3.6/dist-packages/numpy/core/include
[10.457s] -- Found ament_lint_auto: 0.12.7 (/opt/ros/humble/install/share/ament_lint_auto/cmake)
[10.536s] -- Added test 'lint_cmake' to check CMake code style
[10.543s] -- Added test 'xmllint' to check XML markup files
[10.559s] -- Configuring done (10.2s)
[10.788s] -- Generating done (0.2s)
[10.801s] -- Build files have been written to: /root/oxbot/src/ros2_ws/build/oxbot_interfaces
[10.850s] [  2%] [34m[1mGenerating C code for ROS interfaces[0m
[10.887s] [  4%] [34m[1mGenerating C++ code for ROS interfaces[0m
[10.925s] [  4%] Built target ament_cmake_python_copy_oxbot_interfaces
[12.978s] running egg_info
[12.982s] writing oxbot_interfaces.egg-info/PKG-INFO
[12.986s] writing dependency_links to oxbot_interfaces.egg-info/dependency_links.txt
[12.990s] writing top-level names to oxbot_interfaces.egg-info/top_level.txt
[13.043s] reading manifest file 'oxbot_interfaces.egg-info/SOURCES.txt'
[13.051s] writing manifest file 'oxbot_interfaces.egg-info/SOURCES.txt'
[13.212s] [  4%] Built target ament_cmake_python_build_oxbot_interfaces_egg
[13.990s] [  4%] Built target oxbot_interfaces__cpp
[14.008s] [  6%] [34m[1mGenerating C++ type support for eProsima Fast-RTPS[0m
[14.011s] [  8%] [34m[1mGenerating C++ type support dispatch for ROS interfaces[0m
[14.039s] [ 10%] [34m[1mGenerating C++ introspection for ROS interfaces[0m
[14.836s] [ 12%] [32mBuilding C object CMakeFiles/oxbot_interfaces__rosidl_generator_c.dir/rosidl_generator_c/oxbot_interfaces/msg/detail/hoverboard_feedback__functions.c.o[0m
[15.355s] [ 14%] [32mBuilding C object CMakeFiles/oxbot_interfaces__rosidl_generator_c.dir/rosidl_generator_c/oxbot_interfaces/msg/detail/hoverboard_command__functions.c.o[0m
[15.635s] [ 17%] [32mBuilding C object CMakeFiles/oxbot_interfaces__rosidl_generator_c.dir/rosidl_generator_c/oxbot_interfaces/srv/detail/compute_rectangle_area__functions.c.o[0m
[15.999s] [ 19%] [32m[1mLinking C shared library liboxbot_interfaces__rosidl_generator_c.so[0m
[16.265s] [ 19%] Built target oxbot_interfaces__rosidl_generator_c
[16.294s] [ 21%] [34m[1mGenerating C type support for eProsima Fast-RTPS[0m
[16.414s] [ 23%] [32mBuilding CXX object CMakeFiles/oxbot_interfaces__rosidl_typesupport_cpp.dir/rosidl_typesupport_cpp/oxbot_interfaces/msg/hoverboard_feedback__type_support.cpp.o[0m
[17.025s] [ 25%] [32mBuilding CXX object CMakeFiles/oxbot_interfaces__rosidl_typesupport_introspection_cpp.dir/rosidl_typesupport_introspection_cpp/oxbot_interfaces/msg/detail/hoverboard_feedback__type_support.cpp.o[0m
[17.833s] [ 27%] [32mBuilding CXX object CMakeFiles/oxbot_interfaces__rosidl_typesupport_fastrtps_cpp.dir/rosidl_typesupport_fastrtps_cpp/oxbot_interfaces/msg/detail/dds_fastrtps/hoverboard_feedback__type_support.cpp.o[0m
[18.035s] [ 29%] [32mBuilding CXX object CMakeFiles/oxbot_interfaces__rosidl_typesupport_cpp.dir/rosidl_typesupport_cpp/oxbot_interfaces/msg/hoverboard_command__type_support.cpp.o[0m
[18.319s] [ 31%] [32mBuilding CXX object CMakeFiles/oxbot_interfaces__rosidl_typesupport_introspection_cpp.dir/rosidl_typesupport_introspection_cpp/oxbot_interfaces/msg/detail/hoverboard_command__type_support.cpp.o[0m
[19.713s] [ 34%] [32mBuilding CXX object CMakeFiles/oxbot_interfaces__rosidl_typesupport_fastrtps_c.dir/rosidl_typesupport_fastrtps_c/oxbot_interfaces/msg/detail/hoverboard_feedback__type_support_c.cpp.o[0m
[19.739s] [ 36%] [32mBuilding CXX object CMakeFiles/oxbot_interfaces__rosidl_typesupport_cpp.dir/rosidl_typesupport_cpp/oxbot_interfaces/srv/compute_rectangle_area__type_support.cpp.o[0m
[19.770s] [ 38%] [32mBuilding CXX object CMakeFiles/oxbot_interfaces__rosidl_typesupport_fastrtps_cpp.dir/rosidl_typesupport_fastrtps_cpp/oxbot_interfaces/msg/detail/dds_fastrtps/hoverboard_command__type_support.cpp.o[0m
[19.962s] [ 40%] [32mBuilding CXX object CMakeFiles/oxbot_interfaces__rosidl_typesupport_introspection_cpp.dir/rosidl_typesupport_introspection_cpp/oxbot_interfaces/srv/detail/compute_rectangle_area__type_support.cpp.o[0m
[21.186s] [ 42%] [32m[1mLinking CXX shared library liboxbot_interfaces__rosidl_typesupport_cpp.so[0m
[21.424s] [ 44%] [32m[1mLinking CXX shared library liboxbot_interfaces__rosidl_typesupport_introspection_cpp.so[0m
[21.450s] [ 44%] Built target oxbot_interfaces__rosidl_typesupport_cpp
[21.455s] [ 46%] [32mBuilding CXX object CMakeFiles/oxbot_interfaces__rosidl_typesupport_fastrtps_cpp.dir/rosidl_typesupport_fastrtps_cpp/oxbot_interfaces/srv/detail/dds_fastrtps/compute_rectangle_area__type_support.cpp.o[0m
[21.473s] [ 48%] [34m[1mGenerating C introspection for ROS interfaces[0m
[21.559s] [ 48%] Built target oxbot_interfaces__rosidl_typesupport_introspection_cpp
[21.609s] [ 51%] [34m[1mGenerating C type support dispatch for ROS interfaces[0m
[21.634s] [ 53%] [32mBuilding CXX object CMakeFiles/oxbot_interfaces__rosidl_typesupport_fastrtps_c.dir/rosidl_typesupport_fastrtps_c/oxbot_interfaces/msg/detail/hoverboard_command__type_support_c.cpp.o[0m
[23.399s] [ 55%] [32mBuilding CXX object CMakeFiles/oxbot_interfaces__rosidl_typesupport_fastrtps_c.dir/rosidl_typesupport_fastrtps_c/oxbot_interfaces/srv/detail/compute_rectangle_area__type_support_c.cpp.o[0m
[23.547s] [ 57%] [32m[1mLinking CXX shared library liboxbot_interfaces__rosidl_typesupport_fastrtps_cpp.so[0m
[23.977s] [ 57%] Built target oxbot_interfaces__rosidl_typesupport_fastrtps_cpp
[24.283s] [ 59%] [32mBuilding CXX object CMakeFiles/oxbot_interfaces__rosidl_typesupport_c.dir/rosidl_typesupport_c/oxbot_interfaces/msg/hoverboard_feedback__type_support.cpp.o[0m
[24.288s] [ 61%] [32mBuilding CXX object CMakeFiles/oxbot_interfaces__rosidl_typesupport_c.dir/rosidl_typesupport_c/oxbot_interfaces/msg/hoverboard_command__type_support.cpp.o[0m
[24.348s] [ 63%] [32mBuilding C object CMakeFiles/oxbot_interfaces__rosidl_typesupport_introspection_c.dir/rosidl_typesupport_introspection_c/oxbot_interfaces/msg/detail/hoverboard_feedback__type_support.c.o[0m
[24.385s] [ 65%] [32mBuilding CXX object CMakeFiles/oxbot_interfaces__rosidl_typesupport_c.dir/rosidl_typesupport_c/oxbot_interfaces/srv/compute_rectangle_area__type_support.cpp.o[0m
[24.395s] [ 68%] [32mBuilding C object CMakeFiles/oxbot_interfaces__rosidl_typesupport_introspection_c.dir/rosidl_typesupport_introspection_c/oxbot_interfaces/msg/detail/hoverboard_command__type_support.c.o[0m
[24.488s] [ 70%] [32mBuilding C object CMakeFiles/oxbot_interfaces__rosidl_typesupport_introspection_c.dir/rosidl_typesupport_introspection_c/oxbot_interfaces/srv/detail/compute_rectangle_area__type_support.c.o[0m
[24.498s] [ 72%] [32m[1mLinking CXX shared library liboxbot_interfaces__rosidl_typesupport_c.so[0m
[24.591s] [ 72%] Built target oxbot_interfaces__rosidl_typesupport_c
[24.610s] [ 74%] [32m[1mLinking C shared library liboxbot_interfaces__rosidl_typesupport_introspection_c.so[0m
[24.666s] [ 74%] Built target oxbot_interfaces__rosidl_typesupport_introspection_c
[24.902s] [ 76%] [32m[1mLinking CXX shared library liboxbot_interfaces__rosidl_typesupport_fastrtps_c.so[0m
[25.112s] [ 76%] Built target oxbot_interfaces__rosidl_typesupport_fastrtps_c
[25.143s] [ 76%] Built target oxbot_interfaces
[25.178s] [ 78%] [34m[1mGenerating Python code for ROS interfaces[0m
[29.312s] [ 78%] Built target oxbot_interfaces__py
[29.363s] [ 82%] [32mBuilding C object CMakeFiles/oxbot_interfaces__rosidl_generator_py.dir/rosidl_generator_py/oxbot_interfaces/msg/_hoverboard_feedback_s.c.o[0m
[29.366s] [ 85%] [32mBuilding C object CMakeFiles/oxbot_interfaces__rosidl_generator_py.dir/rosidl_generator_py/oxbot_interfaces/srv/_compute_rectangle_area_s.c.o[0m
[29.367s] [ 85%] [32mBuilding C object CMakeFiles/oxbot_interfaces__rosidl_generator_py.dir/rosidl_generator_py/oxbot_interfaces/msg/_hoverboard_command_s.c.o[0m
[29.747s] [ 87%] [32m[1mLinking C shared library rosidl_generator_py/oxbot_interfaces/liboxbot_interfaces__rosidl_generator_py.so[0m
[29.839s] [ 87%] Built target oxbot_interfaces__rosidl_generator_py
[29.885s] [ 89%] [32mBuilding C object CMakeFiles/oxbot_interfaces__rosidl_typesupport_c__pyext.dir/rosidl_generator_py/oxbot_interfaces/_oxbot_interfaces_s.ep.rosidl_typesupport_c.c.o[0m
[29.905s] [ 91%] [32mBuilding C object CMakeFiles/oxbot_interfaces__rosidl_typesupport_introspection_c__pyext.dir/rosidl_generator_py/oxbot_interfaces/_oxbot_interfaces_s.ep.rosidl_typesupport_introspection_c.c.o[0m
[29.908s] [ 93%] [32mBuilding C object CMakeFiles/oxbot_interfaces__rosidl_typesupport_fastrtps_c__pyext.dir/rosidl_generator_py/oxbot_interfaces/_oxbot_interfaces_s.ep.rosidl_typesupport_fastrtps_c.c.o[0m
[30.384s] [ 95%] [32m[1mLinking C shared library rosidl_generator_py/oxbot_interfaces/oxbot_interfaces_s__rosidl_typesupport_c.cpython-36m-aarch64-linux-gnu.so[0m
[30.401s] [ 97%] [32m[1mLinking C shared library rosidl_generator_py/oxbot_interfaces/oxbot_interfaces_s__rosidl_typesupport_introspection_c.cpython-36m-aarch64-linux-gnu.so[0m
[30.483s] [ 97%] Built target oxbot_interfaces__rosidl_typesupport_c__pyext
[30.547s] [100%] Built target oxbot_interfaces__rosidl_typesupport_introspection_c__pyext
[30.548s] [100%] [32m[1mLinking C shared library rosidl_generator_py/oxbot_interfaces/oxbot_interfaces_s__rosidl_typesupport_fastrtps_c.cpython-36m-aarch64-linux-gnu.so[0m
[30.594s] [100%] Built target oxbot_interfaces__rosidl_typesupport_fastrtps_c__pyext
[30.642s] Invoked command in '/root/oxbot/src/ros2_ws/build/oxbot_interfaces' returned '0': /usr/local/bin/cmake --build /root/oxbot/src/ros2_ws/build/oxbot_interfaces -- -j4 -l4
[31.310s] Invoking command in '/root/oxbot/src/ros2_ws/build/oxbot_interfaces': /usr/local/bin/cmake --install /root/oxbot/src/ros2_ws/build/oxbot_interfaces
[31.461s] -- Install configuration: ""
[31.462s] -- Installing: /root/oxbot/src/ros2_ws/install/oxbot_interfaces/share/ament_index/resource_index/rosidl_interfaces/oxbot_interfaces
[31.463s] -- Up-to-date: /root/oxbot/src/ros2_ws/install/oxbot_interfaces/include/oxbot_interfaces/oxbot_interfaces
[31.463s] -- Up-to-date: /root/oxbot/src/ros2_ws/install/oxbot_interfaces/include/oxbot_interfaces/oxbot_interfaces/srv
[31.464s] -- Installing: /root/oxbot/src/ros2_ws/install/oxbot_interfaces/include/oxbot_interfaces/oxbot_interfaces/srv/compute_rectangle_area.h
[31.465s] -- Up-to-date: /root/oxbot/src/ros2_ws/install/oxbot_interfaces/include/oxbot_interfaces/oxbot_interfaces/srv/detail
[31.466s] -- Installing: /root/oxbot/src/ros2_ws/install/oxbot_interfaces/include/oxbot_interfaces/oxbot_interfaces/srv/detail/compute_rectangle_area__type_support.h
[31.467s] -- Installing: /root/oxbot/src/ros2_ws/install/oxbot_interfaces/include/oxbot_interfaces/oxbot_interfaces/srv/detail/compute_rectangle_area__functions.h
[31.468s] -- Installing: /root/oxbot/src/ros2_ws/install/oxbot_interfaces/include/oxbot_interfaces/oxbot_interfaces/srv/detail/compute_rectangle_area__struct.h
[31.468s] -- Installing: /root/oxbot/src/ros2_ws/install/oxbot_interfaces/include/oxbot_interfaces/oxbot_interfaces/srv/detail/compute_rectangle_area__functions.c
[31.469s] -- Up-to-date: /root/oxbot/src/ros2_ws/install/oxbot_interfaces/include/oxbot_interfaces/oxbot_interfaces/msg
[31.470s] -- Installing: /root/oxbot/src/ros2_ws/install/oxbot_interfaces/include/oxbot_interfaces/oxbot_interfaces/msg/hoverboard_feedback.h
[31.471s] -- Installing: /root/oxbot/src/ros2_ws/install/oxbot_interfaces/include/oxbot_interfaces/oxbot_interfaces/msg/hoverboard_command.h
[31.472s] -- Up-to-date: /root/oxbot/src/ros2_ws/install/oxbot_interfaces/include/oxbot_interfaces/oxbot_interfaces/msg/detail
[31.472s] -- Installing: /root/oxbot/src/ros2_ws/install/oxbot_interfaces/include/oxbot_interfaces/oxbot_interfaces/msg/detail/hoverboard_feedback__type_support.h
[31.473s] -- Installing: /root/oxbot/src/ros2_ws/install/oxbot_interfaces/include/oxbot_interfaces/oxbot_interfaces/msg/detail/hoverboard_feedback__functions.h
[31.474s] -- Installing: /root/oxbot/src/ros2_ws/install/oxbot_interfaces/include/oxbot_interfaces/oxbot_interfaces/msg/detail/hoverboard_command__struct.h
[31.474s] -- Installing: /root/oxbot/src/ros2_ws/install/oxbot_interfaces/include/oxbot_interfaces/oxbot_interfaces/msg/detail/hoverboard_feedback__struct.h
[31.475s] -- Installing: /root/oxbot/src/ros2_ws/install/oxbot_interfaces/include/oxbot_interfaces/oxbot_interfaces/msg/detail/hoverboard_command__functions.h
[31.475s] -- Installing: /root/oxbot/src/ros2_ws/install/oxbot_interfaces/include/oxbot_interfaces/oxbot_interfaces/msg/detail/hoverboard_feedback__functions.c
[31.476s] -- Installing: /root/oxbot/src/ros2_ws/install/oxbot_interfaces/include/oxbot_interfaces/oxbot_interfaces/msg/detail/hoverboard_command__type_support.h
[31.476s] -- Installing: /root/oxbot/src/ros2_ws/install/oxbot_interfaces/include/oxbot_interfaces/oxbot_interfaces/msg/detail/hoverboard_command__functions.c
[31.478s] -- Up-to-date: /root/oxbot/src/ros2_ws/install/oxbot_interfaces/include/oxbot_interfaces/oxbot_interfaces/msg/rosidl_generator_c__visibility_control.h
[31.481s] -- Up-to-date: /root/oxbot/src/ros2_ws/install/oxbot_interfaces/share/oxbot_interfaces/environment/library_path.sh
[31.482s] -- Installing: /root/oxbot/src/ros2_ws/install/oxbot_interfaces/share/oxbot_interfaces/environment/library_path.dsv
[31.483s] -- Installing: /root/oxbot/src/ros2_ws/install/oxbot_interfaces/lib/liboxbot_interfaces__rosidl_generator_c.so
[31.484s] -- Set runtime path of "/root/oxbot/src/ros2_ws/install/oxbot_interfaces/lib/liboxbot_interfaces__rosidl_generator_c.so" to ""
[31.484s] -- Up-to-date: /root/oxbot/src/ros2_ws/install/oxbot_interfaces/include/oxbot_interfaces/oxbot_interfaces
[31.485s] -- Up-to-date: /root/oxbot/src/ros2_ws/install/oxbot_interfaces/include/oxbot_interfaces/oxbot_interfaces/srv
[31.489s] -- Up-to-date: /root/oxbot/src/ros2_ws/install/oxbot_interfaces/include/oxbot_interfaces/oxbot_interfaces/srv/detail
[31.491s] -- Installing: /root/oxbot/src/ros2_ws/install/oxbot_interfaces/include/oxbot_interfaces/oxbot_interfaces/srv/detail/compute_rectangle_area__rosidl_typesupport_fastrtps_c.h
[31.492s] -- Up-to-date: /root/oxbot/src/ros2_ws/install/oxbot_interfaces/include/oxbot_interfaces/oxbot_interfaces/msg
[31.493s] -- Up-to-date: /root/oxbot/src/ros2_ws/install/oxbot_interfaces/include/oxbot_interfaces/oxbot_interfaces/msg/rosidl_typesupport_fastrtps_c__visibility_control.h
[31.494s] -- Up-to-date: /root/oxbot/src/ros2_ws/install/oxbot_interfaces/include/oxbot_interfaces/oxbot_interfaces/msg/detail
[31.495s] -- Installing: /root/oxbot/src/ros2_ws/install/oxbot_interfaces/include/oxbot_interfaces/oxbot_interfaces/msg/detail/hoverboard_command__rosidl_typesupport_fastrtps_c.h
[31.496s] -- Installing: /root/oxbot/src/ros2_ws/install/oxbot_interfaces/include/oxbot_interfaces/oxbot_interfaces/msg/detail/hoverboard_feedback__rosidl_typesupport_fastrtps_c.h
[31.496s] -- Installing: /root/oxbot/src/ros2_ws/install/oxbot_interfaces/lib/liboxbot_interfaces__rosidl_typesupport_fastrtps_c.so
[31.497s] -- Set runtime path of "/root/oxbot/src/ros2_ws/install/oxbot_interfaces/lib/liboxbot_interfaces__rosidl_typesupport_fastrtps_c.so" to ""
[31.497s] -- Up-to-date: /root/oxbot/src/ros2_ws/install/oxbot_interfaces/include/oxbot_interfaces/oxbot_interfaces
[31.498s] -- Up-to-date: /root/oxbot/src/ros2_ws/install/oxbot_interfaces/include/oxbot_interfaces/oxbot_interfaces/srv
[31.498s] -- Up-to-date: /root/oxbot/src/ros2_ws/install/oxbot_interfaces/include/oxbot_interfaces/oxbot_interfaces/srv/detail
[31.499s] -- Installing: /root/oxbot/src/ros2_ws/install/oxbot_interfaces/include/oxbot_interfaces/oxbot_interfaces/srv/detail/compute_rectangle_area__rosidl_typesupport_introspection_c.h
[31.500s] -- Installing: /root/oxbot/src/ros2_ws/install/oxbot_interfaces/include/oxbot_interfaces/oxbot_interfaces/srv/detail/compute_rectangle_area__type_support.c
[31.500s] -- Up-to-date: /root/oxbot/src/ros2_ws/install/oxbot_interfaces/include/oxbot_interfaces/oxbot_interfaces/msg
[31.501s] -- Up-to-date: /root/oxbot/src/ros2_ws/install/oxbot_interfaces/include/oxbot_interfaces/oxbot_interfaces/msg/detail
[31.502s] -- Installing: /root/oxbot/src/ros2_ws/install/oxbot_interfaces/include/oxbot_interfaces/oxbot_interfaces/msg/detail/hoverboard_feedback__type_support.c
[31.504s] -- Installing: /root/oxbot/src/ros2_ws/install/oxbot_interfaces/include/oxbot_interfaces/oxbot_interfaces/msg/detail/hoverboard_command__rosidl_typesupport_introspection_c.h
[31.505s] -- Installing: /root/oxbot/src/ros2_ws/install/oxbot_interfaces/include/oxbot_interfaces/oxbot_interfaces/msg/detail/hoverboard_command__type_support.c
[31.505s] -- Installing: /root/oxbot/src/ros2_ws/install/oxbot_interfaces/include/oxbot_interfaces/oxbot_interfaces/msg/detail/hoverboard_feedback__rosidl_typesupport_introspection_c.h
[31.506s] -- Up-to-date: /root/oxbot/src/ros2_ws/install/oxbot_interfaces/include/oxbot_interfaces/oxbot_interfaces/msg/rosidl_typesupport_introspection_c__visibility_control.h
[31.507s] -- Installing: /root/oxbot/src/ros2_ws/install/oxbot_interfaces/lib/liboxbot_interfaces__rosidl_typesupport_introspection_c.so
[31.508s] -- Set runtime path of "/root/oxbot/src/ros2_ws/install/oxbot_interfaces/lib/liboxbot_interfaces__rosidl_typesupport_introspection_c.so" to ""
[31.509s] -- Installing: /root/oxbot/src/ros2_ws/install/oxbot_interfaces/lib/liboxbot_interfaces__rosidl_typesupport_c.so
[31.509s] -- Set runtime path of "/root/oxbot/src/ros2_ws/install/oxbot_interfaces/lib/liboxbot_interfaces__rosidl_typesupport_c.so" to ""
[31.510s] -- Up-to-date: /root/oxbot/src/ros2_ws/install/oxbot_interfaces/include/oxbot_interfaces/oxbot_interfaces
[31.511s] -- Up-to-date: /root/oxbot/src/ros2_ws/install/oxbot_interfaces/include/oxbot_interfaces/oxbot_interfaces/srv
[31.512s] -- Installing: /root/oxbot/src/ros2_ws/install/oxbot_interfaces/include/oxbot_interfaces/oxbot_interfaces/srv/compute_rectangle_area.hpp
[31.512s] -- Up-to-date: /root/oxbot/src/ros2_ws/install/oxbot_interfaces/include/oxbot_interfaces/oxbot_interfaces/srv/detail
[31.513s] -- Installing: /root/oxbot/src/ros2_ws/install/oxbot_interfaces/include/oxbot_interfaces/oxbot_interfaces/srv/detail/compute_rectangle_area__struct.hpp
[31.514s] -- Installing: /root/oxbot/src/ros2_ws/install/oxbot_interfaces/include/oxbot_interfaces/oxbot_interfaces/srv/detail/compute_rectangle_area__traits.hpp
[31.515s] -- Installing: /root/oxbot/src/ros2_ws/install/oxbot_interfaces/include/oxbot_interfaces/oxbot_interfaces/srv/detail/compute_rectangle_area__builder.hpp
[31.516s] -- Up-to-date: /root/oxbot/src/ros2_ws/install/oxbot_interfaces/include/oxbot_interfaces/oxbot_interfaces/msg
[31.517s] -- Installing: /root/oxbot/src/ros2_ws/install/oxbot_interfaces/include/oxbot_interfaces/oxbot_interfaces/msg/hoverboard_command.hpp
[31.517s] -- Installing: /root/oxbot/src/ros2_ws/install/oxbot_interfaces/include/oxbot_interfaces/oxbot_interfaces/msg/hoverboard_feedback.hpp
[31.518s] -- Up-to-date: /root/oxbot/src/ros2_ws/install/oxbot_interfaces/include/oxbot_interfaces/oxbot_interfaces/msg/detail
[31.518s] -- Installing: /root/oxbot/src/ros2_ws/install/oxbot_interfaces/include/oxbot_interfaces/oxbot_interfaces/msg/detail/hoverboard_command__traits.hpp
[31.519s] -- Installing: /root/oxbot/src/ros2_ws/install/oxbot_interfaces/include/oxbot_interfaces/oxbot_interfaces/msg/detail/hoverboard_feedback__builder.hpp
[31.519s] -- Installing: /root/oxbot/src/ros2_ws/install/oxbot_interfaces/include/oxbot_interfaces/oxbot_interfaces/msg/detail/hoverboard_feedback__struct.hpp
[31.520s] -- Installing: /root/oxbot/src/ros2_ws/install/oxbot_interfaces/include/oxbot_interfaces/oxbot_interfaces/msg/detail/hoverboard_command__struct.hpp
[31.521s] -- Installing: /root/oxbot/src/ros2_ws/install/oxbot_interfaces/include/oxbot_interfaces/oxbot_interfaces/msg/detail/hoverboard_command__builder.hpp
[31.521s] -- Installing: /root/oxbot/src/ros2_ws/install/oxbot_interfaces/include/oxbot_interfaces/oxbot_interfaces/msg/detail/hoverboard_feedback__traits.hpp
[31.522s] -- Up-to-date: /root/oxbot/src/ros2_ws/install/oxbot_interfaces/include/oxbot_interfaces/oxbot_interfaces
[31.523s] -- Up-to-date: /root/oxbot/src/ros2_ws/install/oxbot_interfaces/include/oxbot_interfaces/oxbot_interfaces/srv
[31.524s] -- Up-to-date: /root/oxbot/src/ros2_ws/install/oxbot_interfaces/include/oxbot_interfaces/oxbot_interfaces/srv/detail
[31.525s] -- Installing: /root/oxbot/src/ros2_ws/install/oxbot_interfaces/include/oxbot_interfaces/oxbot_interfaces/srv/detail/compute_rectangle_area__rosidl_typesupport_fastrtps_cpp.hpp
[31.526s] -- Up-to-date: /root/oxbot/src/ros2_ws/install/oxbot_interfaces/include/oxbot_interfaces/oxbot_interfaces/srv/detail/dds_fastrtps
[31.526s] -- Up-to-date: /root/oxbot/src/ros2_ws/install/oxbot_interfaces/include/oxbot_interfaces/oxbot_interfaces/msg
[31.527s] -- Up-to-date: /root/oxbot/src/ros2_ws/install/oxbot_interfaces/include/oxbot_interfaces/oxbot_interfaces/msg/rosidl_typesupport_fastrtps_cpp__visibility_control.h
[31.528s] -- Up-to-date: /root/oxbot/src/ros2_ws/install/oxbot_interfaces/include/oxbot_interfaces/oxbot_interfaces/msg/detail
[31.530s] -- Installing: /root/oxbot/src/ros2_ws/install/oxbot_interfaces/include/oxbot_interfaces/oxbot_interfaces/msg/detail/hoverboard_feedback__rosidl_typesupport_fastrtps_cpp.hpp
[31.531s] -- Installing: /root/oxbot/src/ros2_ws/install/oxbot_interfaces/include/oxbot_interfaces/oxbot_interfaces/msg/detail/hoverboard_command__rosidl_typesupport_fastrtps_cpp.hpp
[31.532s] -- Up-to-date: /root/oxbot/src/ros2_ws/install/oxbot_interfaces/include/oxbot_interfaces/oxbot_interfaces/msg/detail/dds_fastrtps
[31.533s] -- Installing: /root/oxbot/src/ros2_ws/install/oxbot_interfaces/lib/liboxbot_interfaces__rosidl_typesupport_fastrtps_cpp.so
[31.534s] -- Set runtime path of "/root/oxbot/src/ros2_ws/install/oxbot_interfaces/lib/liboxbot_interfaces__rosidl_typesupport_fastrtps_cpp.so" to ""
[31.535s] -- Up-to-date: /root/oxbot/src/ros2_ws/install/oxbot_interfaces/include/oxbot_interfaces/oxbot_interfaces
[31.536s] -- Up-to-date: /root/oxbot/src/ros2_ws/install/oxbot_interfaces/include/oxbot_interfaces/oxbot_interfaces/srv
[31.536s] -- Up-to-date: /root/oxbot/src/ros2_ws/install/oxbot_interfaces/include/oxbot_interfaces/oxbot_interfaces/srv/detail
[31.537s] -- Installing: /root/oxbot/src/ros2_ws/install/oxbot_interfaces/include/oxbot_interfaces/oxbot_interfaces/srv/detail/compute_rectangle_area__rosidl_typesupport_introspection_cpp.hpp
[31.538s] -- Installing: /root/oxbot/src/ros2_ws/install/oxbot_interfaces/include/oxbot_interfaces/oxbot_interfaces/srv/detail/compute_rectangle_area__type_support.cpp
[31.538s] -- Up-to-date: /root/oxbot/src/ros2_ws/install/oxbot_interfaces/include/oxbot_interfaces/oxbot_interfaces/msg
[31.539s] -- Up-to-date: /root/oxbot/src/ros2_ws/install/oxbot_interfaces/include/oxbot_interfaces/oxbot_interfaces/msg/detail
[31.540s] -- Installing: /root/oxbot/src/ros2_ws/install/oxbot_interfaces/include/oxbot_interfaces/oxbot_interfaces/msg/detail/hoverboard_feedback__type_support.cpp
[31.540s] -- Installing: /root/oxbot/src/ros2_ws/install/oxbot_interfaces/include/oxbot_interfaces/oxbot_interfaces/msg/detail/hoverboard_command__type_support.cpp
[31.541s] -- Installing: /root/oxbot/src/ros2_ws/install/oxbot_interfaces/include/oxbot_interfaces/oxbot_interfaces/msg/detail/hoverboard_command__rosidl_typesupport_introspection_cpp.hpp
[31.542s] -- Installing: /root/oxbot/src/ros2_ws/install/oxbot_interfaces/include/oxbot_interfaces/oxbot_interfaces/msg/detail/hoverboard_feedback__rosidl_typesupport_introspection_cpp.hpp
[31.543s] -- Installing: /root/oxbot/src/ros2_ws/install/oxbot_interfaces/lib/liboxbot_interfaces__rosidl_typesupport_introspection_cpp.so
[31.543s] -- Set runtime path of "/root/oxbot/src/ros2_ws/install/oxbot_interfaces/lib/liboxbot_interfaces__rosidl_typesupport_introspection_cpp.so" to ""
[31.544s] -- Installing: /root/oxbot/src/ros2_ws/install/oxbot_interfaces/lib/liboxbot_interfaces__rosidl_typesupport_cpp.so
[31.545s] -- Set runtime path of "/root/oxbot/src/ros2_ws/install/oxbot_interfaces/lib/liboxbot_interfaces__rosidl_typesupport_cpp.so" to ""
[31.545s] -- Up-to-date: /root/oxbot/src/ros2_ws/install/oxbot_interfaces/share/oxbot_interfaces/environment/pythonpath.sh
[31.546s] -- Installing: /root/oxbot/src/ros2_ws/install/oxbot_interfaces/share/oxbot_interfaces/environment/pythonpath.dsv
[31.547s] -- Up-to-date: /root/oxbot/src/ros2_ws/install/oxbot_interfaces/lib/python3.6/site-packages/oxbot_interfaces-0.0.0-py3.6.egg-info
[31.548s] -- Installing: /root/oxbot/src/ros2_ws/install/oxbot_interfaces/lib/python3.6/site-packages/oxbot_interfaces-0.0.0-py3.6.egg-info/SOURCES.txt
[31.548s] -- Installing: /root/oxbot/src/ros2_ws/install/oxbot_interfaces/lib/python3.6/site-packages/oxbot_interfaces-0.0.0-py3.6.egg-info/dependency_links.txt
[31.549s] -- Installing: /root/oxbot/src/ros2_ws/install/oxbot_interfaces/lib/python3.6/site-packages/oxbot_interfaces-0.0.0-py3.6.egg-info/top_level.txt
[31.550s] -- Installing: /root/oxbot/src/ros2_ws/install/oxbot_interfaces/lib/python3.6/site-packages/oxbot_interfaces-0.0.0-py3.6.egg-info/PKG-INFO
[31.551s] -- Up-to-date: /root/oxbot/src/ros2_ws/install/oxbot_interfaces/lib/python3.6/site-packages/oxbot_interfaces
[31.551s] -- Up-to-date: /root/oxbot/src/ros2_ws/install/oxbot_interfaces/lib/python3.6/site-packages/oxbot_interfaces/srv
[31.553s] -- Installing: /root/oxbot/src/ros2_ws/install/oxbot_interfaces/lib/python3.6/site-packages/oxbot_interfaces/srv/__init__.py
[31.554s] -- Installing: /root/oxbot/src/ros2_ws/install/oxbot_interfaces/lib/python3.6/site-packages/oxbot_interfaces/srv/_compute_rectangle_area_s.c
[31.555s] -- Installing: /root/oxbot/src/ros2_ws/install/oxbot_interfaces/lib/python3.6/site-packages/oxbot_interfaces/srv/_compute_rectangle_area.py
[31.555s] -- Installing: /root/oxbot/src/ros2_ws/install/oxbot_interfaces/lib/python3.6/site-packages/oxbot_interfaces/__init__.py
[31.556s] -- Installing: /root/oxbot/src/ros2_ws/install/oxbot_interfaces/lib/python3.6/site-packages/oxbot_interfaces/oxbot_interfaces_s__rosidl_typesupport_c.cpython-36m-aarch64-linux-gnu.so
[31.556s] -- Installing: /root/oxbot/src/ros2_ws/install/oxbot_interfaces/lib/python3.6/site-packages/oxbot_interfaces/oxbot_interfaces_s__rosidl_typesupport_introspection_c.cpython-36m-aarch64-linux-gnu.so
[31.557s] -- Up-to-date: /root/oxbot/src/ros2_ws/install/oxbot_interfaces/lib/python3.6/site-packages/oxbot_interfaces/msg
[31.558s] -- Installing: /root/oxbot/src/ros2_ws/install/oxbot_interfaces/lib/python3.6/site-packages/oxbot_interfaces/msg/_hoverboard_feedback.py
[31.559s] -- Installing: /root/oxbot/src/ros2_ws/install/oxbot_interfaces/lib/python3.6/site-packages/oxbot_interfaces/msg/_hoverboard_feedback_s.c
[31.561s] -- Installing: /root/oxbot/src/ros2_ws/install/oxbot_interfaces/lib/python3.6/site-packages/oxbot_interfaces/msg/__init__.py
[31.561s] -- Installing: /root/oxbot/src/ros2_ws/install/oxbot_interfaces/lib/python3.6/site-packages/oxbot_interfaces/msg/_hoverboard_command_s.c
[31.562s] -- Installing: /root/oxbot/src/ros2_ws/install/oxbot_interfaces/lib/python3.6/site-packages/oxbot_interfaces/msg/_hoverboard_command.py
[31.562s] -- Installing: /root/oxbot/src/ros2_ws/install/oxbot_interfaces/lib/python3.6/site-packages/oxbot_interfaces/oxbot_interfaces_s__rosidl_typesupport_fastrtps_c.cpython-36m-aarch64-linux-gnu.so
[31.563s] -- Installing: /root/oxbot/src/ros2_ws/install/oxbot_interfaces/lib/python3.6/site-packages/oxbot_interfaces/liboxbot_interfaces__rosidl_generator_py.so
[31.564s] -- Installing: /root/oxbot/src/ros2_ws/install/oxbot_interfaces/lib/python3.6/site-packages/oxbot_interfaces/_oxbot_interfaces_s.ep.rosidl_typesupport_introspection_c.c
[31.564s] -- Installing: /root/oxbot/src/ros2_ws/install/oxbot_interfaces/lib/python3.6/site-packages/oxbot_interfaces/_oxbot_interfaces_s.ep.rosidl_typesupport_c.c
[31.565s] -- Installing: /root/oxbot/src/ros2_ws/install/oxbot_interfaces/lib/python3.6/site-packages/oxbot_interfaces/_oxbot_interfaces_s.ep.rosidl_typesupport_fastrtps_c.c
[31.782s] Listing '/root/oxbot/src/ros2_ws/install/oxbot_interfaces/lib/python3.6/site-packages/oxbot_interfaces'...
[31.783s] Compiling '/root/oxbot/src/ros2_ws/install/oxbot_interfaces/lib/python3.6/site-packages/oxbot_interfaces/__init__.py'...
[31.784s] Listing '/root/oxbot/src/ros2_ws/install/oxbot_interfaces/lib/python3.6/site-packages/oxbot_interfaces/msg'...
[31.785s] Compiling '/root/oxbot/src/ros2_ws/install/oxbot_interfaces/lib/python3.6/site-packages/oxbot_interfaces/msg/__init__.py'...
[31.785s] Compiling '/root/oxbot/src/ros2_ws/install/oxbot_interfaces/lib/python3.6/site-packages/oxbot_interfaces/msg/_hoverboard_command.py'...
[31.786s] Compiling '/root/oxbot/src/ros2_ws/install/oxbot_interfaces/lib/python3.6/site-packages/oxbot_interfaces/msg/_hoverboard_feedback.py'...
[31.787s] Listing '/root/oxbot/src/ros2_ws/install/oxbot_interfaces/lib/python3.6/site-packages/oxbot_interfaces/srv'...
[31.787s] Compiling '/root/oxbot/src/ros2_ws/install/oxbot_interfaces/lib/python3.6/site-packages/oxbot_interfaces/srv/__init__.py'...
[31.788s] Compiling '/root/oxbot/src/ros2_ws/install/oxbot_interfaces/lib/python3.6/site-packages/oxbot_interfaces/srv/_compute_rectangle_area.py'...
[31.808s] -- Installing: /root/oxbot/src/ros2_ws/install/oxbot_interfaces/lib/python3.6/site-packages/oxbot_interfaces/oxbot_interfaces_s__rosidl_typesupport_fastrtps_c.cpython-36m-aarch64-linux-gnu.so
[31.810s] -- Set runtime path of "/root/oxbot/src/ros2_ws/install/oxbot_interfaces/lib/python3.6/site-packages/oxbot_interfaces/oxbot_interfaces_s__rosidl_typesupport_fastrtps_c.cpython-36m-aarch64-linux-gnu.so" to ""
[31.811s] -- Installing: /root/oxbot/src/ros2_ws/install/oxbot_interfaces/lib/python3.6/site-packages/oxbot_interfaces/oxbot_interfaces_s__rosidl_typesupport_introspection_c.cpython-36m-aarch64-linux-gnu.so
[31.813s] -- Set runtime path of "/root/oxbot/src/ros2_ws/install/oxbot_interfaces/lib/python3.6/site-packages/oxbot_interfaces/oxbot_interfaces_s__rosidl_typesupport_introspection_c.cpython-36m-aarch64-linux-gnu.so" to ""
[31.813s] -- Installing: /root/oxbot/src/ros2_ws/install/oxbot_interfaces/lib/python3.6/site-packages/oxbot_interfaces/oxbot_interfaces_s__rosidl_typesupport_c.cpython-36m-aarch64-linux-gnu.so
[31.815s] -- Set runtime path of "/root/oxbot/src/ros2_ws/install/oxbot_interfaces/lib/python3.6/site-packages/oxbot_interfaces/oxbot_interfaces_s__rosidl_typesupport_c.cpython-36m-aarch64-linux-gnu.so" to ""
[31.820s] -- Installing: /root/oxbot/src/ros2_ws/install/oxbot_interfaces/lib/liboxbot_interfaces__rosidl_generator_py.so
[31.822s] -- Set runtime path of "/root/oxbot/src/ros2_ws/install/oxbot_interfaces/lib/liboxbot_interfaces__rosidl_generator_py.so" to ""
[31.824s] -- Up-to-date: /root/oxbot/src/ros2_ws/install/oxbot_interfaces/share/oxbot_interfaces/msg/HoverboardFeedback.idl
[31.824s] -- Installing: /root/oxbot/src/ros2_ws/install/oxbot_interfaces/share/oxbot_interfaces/msg/HoverboardCommand.idl
[31.825s] -- Up-to-date: /root/oxbot/src/ros2_ws/install/oxbot_interfaces/share/oxbot_interfaces/srv/ComputeRectangleArea.idl
[31.825s] -- Up-to-date: /root/oxbot/src/ros2_ws/install/oxbot_interfaces/share/oxbot_interfaces/msg/HoverboardFeedback.msg
[31.827s] -- Installing: /root/oxbot/src/ros2_ws/install/oxbot_interfaces/share/oxbot_interfaces/msg/HoverboardCommand.msg
[31.827s] -- Up-to-date: /root/oxbot/src/ros2_ws/install/oxbot_interfaces/share/oxbot_interfaces/srv/ComputeRectangleArea.srv
[31.828s] -- Up-to-date: /root/oxbot/src/ros2_ws/install/oxbot_interfaces/share/oxbot_interfaces/srv/ComputeRectangleArea_Request.msg
[31.829s] -- Up-to-date: /root/oxbot/src/ros2_ws/install/oxbot_interfaces/share/oxbot_interfaces/srv/ComputeRectangleArea_Response.msg
[31.830s] -- Up-to-date: /root/oxbot/src/ros2_ws/install/oxbot_interfaces/share/ament_index/resource_index/package_run_dependencies/oxbot_interfaces
[31.831s] -- Up-to-date: /root/oxbot/src/ros2_ws/install/oxbot_interfaces/share/ament_index/resource_index/parent_prefix_path/oxbot_interfaces
[31.831s] -- Up-to-date: /root/oxbot/src/ros2_ws/install/oxbot_interfaces/share/oxbot_interfaces/environment/ament_prefix_path.sh
[31.832s] -- Installing: /root/oxbot/src/ros2_ws/install/oxbot_interfaces/share/oxbot_interfaces/environment/ament_prefix_path.dsv
[31.833s] -- Up-to-date: /root/oxbot/src/ros2_ws/install/oxbot_interfaces/share/oxbot_interfaces/environment/path.sh
[31.834s] -- Installing: /root/oxbot/src/ros2_ws/install/oxbot_interfaces/share/oxbot_interfaces/environment/path.dsv
[31.834s] -- Up-to-date: /root/oxbot/src/ros2_ws/install/oxbot_interfaces/share/oxbot_interfaces/local_setup.bash
[31.835s] -- Up-to-date: /root/oxbot/src/ros2_ws/install/oxbot_interfaces/share/oxbot_interfaces/local_setup.sh
[31.836s] -- Up-to-date: /root/oxbot/src/ros2_ws/install/oxbot_interfaces/share/oxbot_interfaces/local_setup.zsh
[31.836s] -- Installing: /root/oxbot/src/ros2_ws/install/oxbot_interfaces/share/oxbot_interfaces/local_setup.dsv
[31.837s] -- Installing: /root/oxbot/src/ros2_ws/install/oxbot_interfaces/share/oxbot_interfaces/package.dsv
[31.838s] -- Up-to-date: /root/oxbot/src/ros2_ws/install/oxbot_interfaces/share/ament_index/resource_index/packages/oxbot_interfaces
[31.840s] -- Up-to-date: /root/oxbot/src/ros2_ws/install/oxbot_interfaces/share/oxbot_interfaces/cmake/export_oxbot_interfaces__rosidl_generator_cExport.cmake
[31.841s] -- Up-to-date: /root/oxbot/src/ros2_ws/install/oxbot_interfaces/share/oxbot_interfaces/cmake/export_oxbot_interfaces__rosidl_generator_cExport-noconfig.cmake
[31.842s] -- Up-to-date: /root/oxbot/src/ros2_ws/install/oxbot_interfaces/share/oxbot_interfaces/cmake/export_oxbot_interfaces__rosidl_typesupport_fastrtps_cExport.cmake
[31.843s] -- Up-to-date: /root/oxbot/src/ros2_ws/install/oxbot_interfaces/share/oxbot_interfaces/cmake/export_oxbot_interfaces__rosidl_typesupport_fastrtps_cExport-noconfig.cmake
[31.844s] -- Up-to-date: /root/oxbot/src/ros2_ws/install/oxbot_interfaces/share/oxbot_interfaces/cmake/oxbot_interfaces__rosidl_typesupport_introspection_cExport.cmake
[31.845s] -- Up-to-date: /root/oxbot/src/ros2_ws/install/oxbot_interfaces/share/oxbot_interfaces/cmake/oxbot_interfaces__rosidl_typesupport_introspection_cExport-noconfig.cmake
[31.846s] -- Up-to-date: /root/oxbot/src/ros2_ws/install/oxbot_interfaces/share/oxbot_interfaces/cmake/oxbot_interfaces__rosidl_typesupport_cExport.cmake
[31.847s] -- Up-to-date: /root/oxbot/src/ros2_ws/install/oxbot_interfaces/share/oxbot_interfaces/cmake/oxbot_interfaces__rosidl_typesupport_cExport-noconfig.cmake
[31.848s] -- Up-to-date: /root/oxbot/src/ros2_ws/install/oxbot_interfaces/share/oxbot_interfaces/cmake/export_oxbot_interfaces__rosidl_generator_cppExport.cmake
[31.849s] -- Up-to-date: /root/oxbot/src/ros2_ws/install/oxbot_interfaces/share/oxbot_interfaces/cmake/export_oxbot_interfaces__rosidl_typesupport_fastrtps_cppExport.cmake
[31.849s] -- Up-to-date: /root/oxbot/src/ros2_ws/install/oxbot_interfaces/share/oxbot_interfaces/cmake/export_oxbot_interfaces__rosidl_typesupport_fastrtps_cppExport-noconfig.cmake
[31.851s] -- Up-to-date: /root/oxbot/src/ros2_ws/install/oxbot_interfaces/share/oxbot_interfaces/cmake/oxbot_interfaces__rosidl_typesupport_introspection_cppExport.cmake
[31.851s] -- Up-to-date: /root/oxbot/src/ros2_ws/install/oxbot_interfaces/share/oxbot_interfaces/cmake/oxbot_interfaces__rosidl_typesupport_introspection_cppExport-noconfig.cmake
[31.852s] -- Up-to-date: /root/oxbot/src/ros2_ws/install/oxbot_interfaces/share/oxbot_interfaces/cmake/oxbot_interfaces__rosidl_typesupport_cppExport.cmake
[31.853s] -- Up-to-date: /root/oxbot/src/ros2_ws/install/oxbot_interfaces/share/oxbot_interfaces/cmake/oxbot_interfaces__rosidl_typesupport_cppExport-noconfig.cmake
[31.856s] -- Up-to-date: /root/oxbot/src/ros2_ws/install/oxbot_interfaces/share/oxbot_interfaces/cmake/export_oxbot_interfaces__rosidl_generator_pyExport.cmake
[31.857s] -- Up-to-date: /root/oxbot/src/ros2_ws/install/oxbot_interfaces/share/oxbot_interfaces/cmake/export_oxbot_interfaces__rosidl_generator_pyExport-noconfig.cmake
[31.858s] -- Installing: /root/oxbot/src/ros2_ws/install/oxbot_interfaces/share/oxbot_interfaces/cmake/rosidl_cmake-extras.cmake
[31.859s] -- Up-to-date: /root/oxbot/src/ros2_ws/install/oxbot_interfaces/share/oxbot_interfaces/cmake/ament_cmake_export_include_directories-extras.cmake
[31.861s] -- Up-to-date: /root/oxbot/src/ros2_ws/install/oxbot_interfaces/share/oxbot_interfaces/cmake/ament_cmake_export_libraries-extras.cmake
[31.862s] -- Up-to-date: /root/oxbot/src/ros2_ws/install/oxbot_interfaces/share/oxbot_interfaces/cmake/ament_cmake_export_targets-extras.cmake
[31.863s] -- Up-to-date: /root/oxbot/src/ros2_ws/install/oxbot_interfaces/share/oxbot_interfaces/cmake/rosidl_cmake_export_typesupport_targets-extras.cmake
[31.864s] -- Up-to-date: /root/oxbot/src/ros2_ws/install/oxbot_interfaces/share/oxbot_interfaces/cmake/ament_cmake_export_dependencies-extras.cmake
[31.864s] -- Up-to-date: /root/oxbot/src/ros2_ws/install/oxbot_interfaces/share/oxbot_interfaces/cmake/rosidl_cmake_export_typesupport_libraries-extras.cmake
[31.865s] -- Up-to-date: /root/oxbot/src/ros2_ws/install/oxbot_interfaces/share/oxbot_interfaces/cmake/oxbot_interfacesConfig.cmake
[31.866s] -- Up-to-date: /root/oxbot/src/ros2_ws/install/oxbot_interfaces/share/oxbot_interfaces/cmake/oxbot_interfacesConfig-version.cmake
[31.867s] -- Up-to-date: /root/oxbot/src/ros2_ws/install/oxbot_interfaces/share/oxbot_interfaces/package.xml
[31.891s] Invoked command in '/root/oxbot/src/ros2_ws/build/oxbot_interfaces' returned '0': /usr/local/bin/cmake --install /root/oxbot/src/ros2_ws/build/oxbot_interfaces
